<?xml version="1.0" encoding="UTF-8"?>
<testsuites name="01_Categories" time="7.072" tests="5" failures="0" errors="0">
   <testsuite name="01_Categories" tests="5" failures="0" errors="0" time="7.072" skipped="0" timestamp="2022-05-10 23:44:01" hostname="salsa - SALSABILA" id="Test Suites/REST_API/01_Categories">
      <properties>
         <property name="deviceName" value=""/>
         <property name="devicePlatform" value=""/>
         <property name="logFolder" value="F:\\1. UNNES\\6. Semester 6\\2 - MSIB\\final-project-qe-alta4\\final-project-qe-alta\\Reports\\20220510_234336\\REST_API\\01_Categories\\20220510_234337"/>
         <property name="logFiles" value="F:\\1. UNNES\\6. Semester 6\\2 - MSIB\\final-project-qe-alta4\\final-project-qe-alta\\Reports\\20220510_234336\\REST_API\\01_Categories\\20220510_234337\\execution0.log"/>
         <property name="attachments" value=""/>
         <property name="hostName" value="salsa - SALSABILA"/>
         <property name="hostAddress" value="192.168.106.173"/>
         <property name="os" value="Windows 10 64bit"/>
         <property name="katalonVersion" value="8.2.5.208"/>
      </properties>
      <testcase name="Test Cases/REST_API/01_Categories/TC01_GetAllCategories" time="3.094" classname="Test Cases/REST_API/01_Categories/TC01_GetAllCategories" status="PASSED">
         <system-out><![CDATA[2022-05-10 23:44:01 - [TEST_CASE][PASSED] - Test Cases/REST_API/01_Categories/TC01_GetAllCategories: Test Cases/REST_API/01_Categories/TC01_GetAllCategories

2022-05-10 23:44:02 - [TEST_STEP][PASSED] - Response = sendRequest(findTestObject("REST_API/01_Categories/GetAllCategories")): Send request successfully

2022-05-10 23:44:04 - [MESSAGE][INFO] - HAR: F:\1. UNNES\6. Semester 6\2 - MSIB\final-project-qe-alta4\final-project-qe-alta\Reports\20220510_234336\REST_API\01_Categories\20220510_234337\requests\main\0.har

2022-05-10 23:44:04 - [MESSAGE][PASSED] - Send request successfully

2022-05-10 23:44:04 - [TEST_STEP][PASSED] - verifyResponseStatusCode(Response, 200): Verify response status code successfully

2022-05-10 23:44:04 - [MESSAGE][PASSED] - Verify response status code successfully

2022-05-10 23:44:04 - [TEST_STEP][PASSED] - verifyElementPropertyValue(Response, "data[0].ID", 1): Verify element property value successfully

2022-05-10 23:44:05 - [MESSAGE][PASSED] - Verify element property value successfully]]></system-out>
         <system-err><![CDATA[]]></system-err>
      </testcase>
      <testcase name="Test Cases/REST_API/01_Categories/TC02_CreateCategory" time="0.974" classname="Test Cases/REST_API/01_Categories/TC02_CreateCategory" status="PASSED">
         <system-out><![CDATA[2022-05-10 23:44:05 - [TEST_CASE][PASSED] - Test Cases/REST_API/01_Categories/TC02_CreateCategory: Test Cases/REST_API/01_Categories/TC02_CreateCategory

2022-05-10 23:44:05 - [TEST_STEP][PASSED] - Response = sendRequest(findTestObject("REST_API/01_Categories/CreateCategory")): Send request successfully

2022-05-10 23:44:06 - [MESSAGE][INFO] - HAR: F:\1. UNNES\6. Semester 6\2 - MSIB\final-project-qe-alta4\final-project-qe-alta\Reports\20220510_234336\REST_API\01_Categories\20220510_234337\requests\main\1.har

2022-05-10 23:44:06 - [MESSAGE][PASSED] - Send request successfully

2022-05-10 23:44:06 - [TEST_STEP][PASSED] - verifyResponseStatusCode(Response, 200): Verify response status code successfully

2022-05-10 23:44:06 - [MESSAGE][PASSED] - Verify response status code successfully

2022-05-10 23:44:06 - [TEST_STEP][PASSED] - verifyElementPropertyValue(Response, "data.Name", "health"): Verify element property value successfully

2022-05-10 23:44:06 - [MESSAGE][PASSED] - Verify element property value successfully]]></system-out>
         <system-err><![CDATA[]]></system-err>
      </testcase>
      <testcase name="Test Cases/REST_API/01_Categories/TC03_CreateCategoryInvalidName" time="0.985" classname="Test Cases/REST_API/01_Categories/TC03_CreateCategoryInvalidName" status="PASSED">
         <system-out><![CDATA[2022-05-10 23:44:06 - [TEST_CASE][PASSED] - Test Cases/REST_API/01_Categories/TC03_CreateCategoryInvalidName: Test Cases/REST_API/01_Categories/TC03_CreateCategoryInvalidName

2022-05-10 23:44:06 - [TEST_STEP][PASSED] - Response = sendRequest(findTestObject("REST_API/01_Categories/CreateCategory_InvalidName")): Send request successfully

2022-05-10 23:44:07 - [MESSAGE][INFO] - HAR: F:\1. UNNES\6. Semester 6\2 - MSIB\final-project-qe-alta4\final-project-qe-alta\Reports\20220510_234336\REST_API\01_Categories\20220510_234337\requests\main\2.har

2022-05-10 23:44:07 - [MESSAGE][PASSED] - Send request successfully

2022-05-10 23:44:07 - [TEST_STEP][PASSED] - verifyResponseStatusCode(Response, 400): Verify response status code successfully

2022-05-10 23:44:07 - [MESSAGE][PASSED] - Verify response status code successfully

2022-05-10 23:44:07 - [TEST_STEP][PASSED] - verifyElementPropertyValue(Response, "error", "invalid character 'h' looking for beginning of value"): Verify element property value successfully

2022-05-10 23:44:07 - [MESSAGE][PASSED] - Verify element property value successfully]]></system-out>
         <system-err><![CDATA[]]></system-err>
      </testcase>
      <testcase name="Test Cases/REST_API/01_Categories/TC04_CreateCategoryEmptyName" time="0.804" classname="Test Cases/REST_API/01_Categories/TC04_CreateCategoryEmptyName" status="PASSED">
         <system-out><![CDATA[2022-05-10 23:44:07 - [TEST_CASE][PASSED] - Test Cases/REST_API/01_Categories/TC04_CreateCategoryEmptyName: Test Cases/REST_API/01_Categories/TC04_CreateCategoryEmptyName

2022-05-10 23:44:07 - [TEST_STEP][PASSED] - Response = sendRequest(findTestObject("REST_API/01_Categories/CreateCategory_EmptyName")): Send request successfully

2022-05-10 23:44:07 - [MESSAGE][INFO] - HAR: F:\1. UNNES\6. Semester 6\2 - MSIB\final-project-qe-alta4\final-project-qe-alta\Reports\20220510_234336\REST_API\01_Categories\20220510_234337\requests\main\3.har

2022-05-10 23:44:07 - [MESSAGE][PASSED] - Send request successfully

2022-05-10 23:44:07 - [TEST_STEP][PASSED] - verifyResponseStatusCode(Response, 500): Verify response status code successfully

2022-05-10 23:44:07 - [MESSAGE][PASSED] - Verify response status code successfully

2022-05-10 23:44:07 - [TEST_STEP][PASSED] - verifyElementPropertyValue(Response, "error", "ERROR: new row for relation "categories" violates check constraint "categories_name_check" (SQLSTATE 23514)"): Verify element property value successfully

2022-05-10 23:44:07 - [MESSAGE][PASSED] - Verify element property value successfully]]></system-out>
         <system-err><![CDATA[]]></system-err>
      </testcase>
      <testcase name="Test Cases/REST_API/01_Categories/TC05_CreateCategory_EmptyData" time="0.75" classname="Test Cases/REST_API/01_Categories/TC05_CreateCategory_EmptyData" status="PASSED">
         <system-out><![CDATA[2022-05-10 23:44:07 - [TEST_CASE][PASSED] - Test Cases/REST_API/01_Categories/TC05_CreateCategory_EmptyData: Test Cases/REST_API/01_Categories/TC05_CreateCategory_EmptyData

2022-05-10 23:44:08 - [TEST_STEP][PASSED] - Response = sendRequest(findTestObject("REST_API/01_Categories/CreateCategory_EmptyData")): Send request successfully

2022-05-10 23:44:08 - [MESSAGE][INFO] - HAR: F:\1. UNNES\6. Semester 6\2 - MSIB\final-project-qe-alta4\final-project-qe-alta\Reports\20220510_234336\REST_API\01_Categories\20220510_234337\requests\main\4.har

2022-05-10 23:44:08 - [MESSAGE][PASSED] - Send request successfully

2022-05-10 23:44:08 - [TEST_STEP][PASSED] - verifyResponseStatusCode(Response, 400): Verify response status code successfully

2022-05-10 23:44:08 - [MESSAGE][PASSED] - Verify response status code successfully

2022-05-10 23:44:08 - [TEST_STEP][PASSED] - verifyElementPropertyValue(Response, "error", "EOF"): Verify element property value successfully

2022-05-10 23:44:08 - [MESSAGE][PASSED] - Verify element property value successfully]]></system-out>
         <system-err><![CDATA[]]></system-err>
      </testcase>
      <system-out><![CDATA[2022-05-10 23:44:01 - [TEST_SUITE][PASSED] - 01_Categories: Test Cases/REST_API/01_Categories/TC05_CreateCategory_EmptyData]]></system-out>
      <system-err><![CDATA[]]></system-err>
   </testsuite>
</testsuites>
