<?xml version="1.0" encoding="UTF-8"?>
<testsuites name="MOBILE" time="499.667" tests="3" failures="1" errors="0">
   <testsuite name="MOBILE" tests="3" failures="1" errors="0" time="499.667" skipped="0" timestamp="2022-05-17 11:38:05" hostname="salsa - SALSABILA" id="Test Suites/MOBILE/MOBILE">
      <properties>
         <property name="deviceName" value="Xiaomi M2003J15SC (Android 11)"/>
         <property name="devicePlatform" value=""/>
         <property name="logFolder" value="F:\\1. UNNES\\6. Semester 6\\2 - MSIB\\final-project-qe-alta4\\final-project-qe-alta\\Reports\\20220517_113801\\MOBILE\\MOBILE\\20220517_113801"/>
         <property name="logFiles" value="F:\\1. UNNES\\6. Semester 6\\2 - MSIB\\final-project-qe-alta4\\final-project-qe-alta\\Reports\\20220517_113801\\MOBILE\\MOBILE\\20220517_113801\\appium.log, F:\\1. UNNES\\6. Semester 6\\2 - MSIB\\final-project-qe-alta4\\final-project-qe-alta\\Reports\\20220517_113801\\MOBILE\\MOBILE\\20220517_113801\\execution0.log"/>
         <property name="attachments" value="F:\\1. UNNES\\6. Semester 6\\2 - MSIB\\final-project-qe-alta4\\final-project-qe-alta\\Reports\\20220517_113801\\MOBILE\\MOBILE\\20220517_113801\\1652762782077.png"/>
         <property name="hostName" value="salsa - SALSABILA"/>
         <property name="os" value="Windows 10 64bit"/>
         <property name="appiumServerStatus" value="{&quot;value&quot;:{&quot;build&quot;:{&quot;version&quot;:&quot;1.22.3&quot;}},&quot;sessionId&quot;:null,&quot;status&quot;:0}"/>
         <property name="katalonVersion" value="8.2.5.208"/>
         <property name="deviceOS" value="Android"/>
         <property name="appiumVersion" value="1.22.3"/>
         <property name="deviceModel" value="M2003J15SC"/>
         <property name="hostAddress" value="192.168.200.173"/>
         <property name="deviceManufacturer" value="Xiaomi"/>
         <property name="deviceId" value="aeebca410407"/>
         <property name="deviceName" value="Xiaomi M2003J15SC (Android 11)"/>
         <property name="deviceOSVersion" value="11"/>
      </properties>
      <testcase name="Test Cases/MOBILE/Auth/Register" time="252.097" classname="Test Cases/MOBILE/Auth/Register" status="PASSED">
         <system-out><![CDATA[2022-05-17 11:38:05 - [TEST_CASE][PASSED] - Test Cases/MOBILE/Auth/Register: Test Cases/MOBILE/Auth/Register

2022-05-17 11:38:06 - [TEST_STEP][PASSED] - for ([i = 1, i <= 7, (i++)]): Close app successfully

2022-05-17 11:38:06 - [TEST_STEP][PASSED] - startExistingApplication("com.example.frontend_mobile"): Starting app with application ID: 'com.example.frontend_mobile'

2022-05-17 11:38:09 - [MESSAGE][INFO] - Appium server started on port 52,718

2022-05-17 11:38:23 - [MESSAGE][PASSED] - Starting app with application ID: 'com.example.frontend_mobile'

2022-05-17 11:38:23 - [TEST_STEP][PASSED] - delay(5, CONTINUE_ON_FAILURE): Delayed 5 second(s)

2022-05-17 11:38:28 - [MESSAGE][PASSED] - Delayed 5 second(s)

2022-05-17 11:38:28 - [TEST_STEP][PASSED] - tap(findTestObject("MOBILE/Auth/Register/android.widget.Button - Login 2"), 0): Tapped on element 'Object Repository/MOBILE/Auth/Register/android.widget.Button - Login 2'

2022-05-17 11:38:29 - [MESSAGE][WARNING] - Timeout '0' is invalid. Using default page load timeout: '30'

2022-05-17 11:38:31 - [MESSAGE][PASSED] - Tapped on element 'Object Repository/MOBILE/Auth/Register/android.widget.Button - Login 2'

2022-05-17 11:38:31 - [TEST_STEP][PASSED] - tap(findTestObject("MOBILE/Auth/Register/android.widget.Button - Register a"), 0): Tapped on element 'Object Repository/MOBILE/Auth/Register/android.widget.Button - Register a'

2022-05-17 11:38:31 - [MESSAGE][WARNING] - Timeout '0' is invalid. Using default page load timeout: '30'

2022-05-17 11:38:31 - [MESSAGE][PASSED] - Tapped on element 'Object Repository/MOBILE/Auth/Register/android.widget.Button - Register a'

2022-05-17 11:38:31 - [TEST_STEP][PASSED] - tap(findTestObject("MOBILE/Auth/Register/android.widget.EditText - Fullname"), 0): Tapped on element 'Object Repository/MOBILE/Auth/Register/android.widget.EditText - Fullname'

2022-05-17 11:38:31 - [MESSAGE][WARNING] - Timeout '0' is invalid. Using default page load timeout: '30'

2022-05-17 11:38:33 - [MESSAGE][PASSED] - Tapped on element 'Object Repository/MOBILE/Auth/Register/android.widget.EditText - Fullname'

2022-05-17 11:38:33 - [TEST_STEP][PASSED] - if (findTestData("WEB/Register").getValue(1, i) != ""): null

2022-05-17 11:38:34 - [TEST_STEP][PASSED] - else: Element 'Object Repository/MOBILE/Auth/Register/android.widget.EditText - Fullname' text is cleared

2022-05-17 11:38:34 - [TEST_STEP][PASSED] - clearText(findTestObject("MOBILE/Auth/Register/android.widget.EditText - Fullname"), 0): Element 'Object Repository/MOBILE/Auth/Register/android.widget.EditText - Fullname' text is cleared

2022-05-17 11:38:34 - [MESSAGE][WARNING] - Timeout '0' is invalid. Using default page load timeout: '30'

2022-05-17 11:38:35 - [MESSAGE][PASSED] - Element 'Object Repository/MOBILE/Auth/Register/android.widget.EditText - Fullname' text is cleared

2022-05-17 11:38:35 - [TEST_STEP][PASSED] - tap(findTestObject("MOBILE/Auth/Register/android.widget.EditText - Email"), 0): Tapped on element 'Object Repository/MOBILE/Auth/Register/android.widget.EditText - Email'

2022-05-17 11:38:35 - [MESSAGE][WARNING] - Timeout '0' is invalid. Using default page load timeout: '30'

2022-05-17 11:38:37 - [MESSAGE][PASSED] - Tapped on element 'Object Repository/MOBILE/Auth/Register/android.widget.EditText - Email'

2022-05-17 11:38:37 - [TEST_STEP][PASSED] - if (findTestData("WEB/Register").getValue(2, i) != ""): null

2022-05-17 11:38:37 - [TEST_STEP][PASSED] - else: Element 'Object Repository/MOBILE/Auth/Register/android.widget.EditText - Email' text is cleared

2022-05-17 11:38:37 - [TEST_STEP][PASSED] - clearText(findTestObject("MOBILE/Auth/Register/android.widget.EditText - Email"), 0): Element 'Object Repository/MOBILE/Auth/Register/android.widget.EditText - Email' text is cleared

2022-05-17 11:38:37 - [MESSAGE][WARNING] - Timeout '0' is invalid. Using default page load timeout: '30'

2022-05-17 11:38:38 - [MESSAGE][PASSED] - Element 'Object Repository/MOBILE/Auth/Register/android.widget.EditText - Email' text is cleared

2022-05-17 11:38:38 - [TEST_STEP][PASSED] - tap(findTestObject("MOBILE/Auth/Register/android.widget.EditText - Password"), 0): Tapped on element 'Object Repository/MOBILE/Auth/Register/android.widget.EditText - Password'

2022-05-17 11:38:38 - [MESSAGE][WARNING] - Timeout '0' is invalid. Using default page load timeout: '30'

2022-05-17 11:38:39 - [MESSAGE][PASSED] - Tapped on element 'Object Repository/MOBILE/Auth/Register/android.widget.EditText - Password'

2022-05-17 11:38:39 - [TEST_STEP][PASSED] - if (findTestData("WEB/Register").getValue(3, i) != ""): null

2022-05-17 11:38:39 - [TEST_STEP][PASSED] - else: Element 'Object Repository/MOBILE/Auth/Register/android.widget.EditText - Password' text is cleared

2022-05-17 11:38:39 - [TEST_STEP][PASSED] - clearText(findTestObject("MOBILE/Auth/Register/android.widget.EditText - Password"), 0): Element 'Object Repository/MOBILE/Auth/Register/android.widget.EditText - Password' text is cleared

2022-05-17 11:38:39 - [MESSAGE][WARNING] - Timeout '0' is invalid. Using default page load timeout: '30'

2022-05-17 11:38:41 - [MESSAGE][PASSED] - Element 'Object Repository/MOBILE/Auth/Register/android.widget.EditText - Password' text is cleared

2022-05-17 11:38:41 - [TEST_STEP][PASSED] - pressBack(): Press back button successfully

2022-05-17 11:38:41 - [MESSAGE][PASSED] - Press back button successfully

2022-05-17 11:38:41 - [TEST_STEP][PASSED] - tap(findTestObject("MOBILE/Auth/Register/android.widget.Button - Register button"), 1): Tapped on element 'Object Repository/MOBILE/Auth/Register/android.widget.Button - Register button'

2022-05-17 11:38:43 - [MESSAGE][PASSED] - Tapped on element 'Object Repository/MOBILE/Auth/Register/android.widget.Button - Register button'

2022-05-17 11:38:43 - [TEST_STEP][PASSED] - delay(3, CONTINUE_ON_FAILURE): Delayed 3 second(s)

2022-05-17 11:38:46 - [MESSAGE][PASSED] - Delayed 3 second(s)

2022-05-17 11:38:46 - [TEST_STEP][PASSED] - if (findTestData("WEB/Register").getValue(4, i) == "negative"): Element 'Object Repository/MOBILE/Auth/Register/android.widget.Button - Register button' is exist

2022-05-17 11:38:46 - [TEST_STEP][PASSED] - verifyElementExist(findTestObject("MOBILE/Auth/Register/android.widget.Button - Register button"), 0, CONTINUE_ON_FAILURE): Element 'Object Repository/MOBILE/Auth/Register/android.widget.Button - Register button' is exist

2022-05-17 11:38:46 - [MESSAGE][WARNING] - Timeout '0' is invalid. Using default page load timeout: '30'

2022-05-17 11:38:47 - [MESSAGE][PASSED] - Element 'Object Repository/MOBILE/Auth/Register/android.widget.Button - Register button' is exist

2022-05-17 11:38:47 - [TEST_STEP][PASSED] - pressBack(): Press back button successfully

2022-05-17 11:38:47 - [MESSAGE][PASSED] - Press back button successfully

2022-05-17 11:38:47 - [TEST_STEP][PASSED] - closeApplication(): Close app successfully

2022-05-17 11:38:47 - [MESSAGE][PASSED] - Close app successfully

2022-05-17 11:38:47 - [TEST_STEP][PASSED] - startExistingApplication("com.example.frontend_mobile"): Starting app with application ID: 'com.example.frontend_mobile'

2022-05-17 11:38:49 - [MESSAGE][INFO] - Appium server started on port 52,912

2022-05-17 11:39:01 - [MESSAGE][PASSED] - Starting app with application ID: 'com.example.frontend_mobile'

2022-05-17 11:39:01 - [TEST_STEP][PASSED] - delay(5, CONTINUE_ON_FAILURE): Delayed 5 second(s)

2022-05-17 11:39:06 - [MESSAGE][PASSED] - Delayed 5 second(s)

2022-05-17 11:39:06 - [TEST_STEP][PASSED] - tap(findTestObject("MOBILE/Auth/Register/android.widget.Button - Login 2"), 0): Tapped on element 'Object Repository/MOBILE/Auth/Register/android.widget.Button - Login 2'

2022-05-17 11:39:06 - [MESSAGE][WARNING] - Timeout '0' is invalid. Using default page load timeout: '30'

2022-05-17 11:39:07 - [MESSAGE][PASSED] - Tapped on element 'Object Repository/MOBILE/Auth/Register/android.widget.Button - Login 2'

2022-05-17 11:39:07 - [TEST_STEP][PASSED] - tap(findTestObject("MOBILE/Auth/Register/android.widget.Button - Register a"), 0): Tapped on element 'Object Repository/MOBILE/Auth/Register/android.widget.Button - Register a'

2022-05-17 11:39:07 - [MESSAGE][WARNING] - Timeout '0' is invalid. Using default page load timeout: '30'

2022-05-17 11:39:09 - [MESSAGE][PASSED] - Tapped on element 'Object Repository/MOBILE/Auth/Register/android.widget.Button - Register a'

2022-05-17 11:39:09 - [TEST_STEP][PASSED] - tap(findTestObject("MOBILE/Auth/Register/android.widget.EditText - Fullname"), 0): Tapped on element 'Object Repository/MOBILE/Auth/Register/android.widget.EditText - Fullname'

2022-05-17 11:39:09 - [MESSAGE][WARNING] - Timeout '0' is invalid. Using default page load timeout: '30'

2022-05-17 11:39:09 - [MESSAGE][PASSED] - Tapped on element 'Object Repository/MOBILE/Auth/Register/android.widget.EditText - Fullname'

2022-05-17 11:39:09 - [TEST_STEP][PASSED] - if (findTestData("WEB/Register").getValue(1, i) != ""): null

2022-05-17 11:39:09 - [TEST_STEP][PASSED] - else: Element 'Object Repository/MOBILE/Auth/Register/android.widget.EditText - Fullname' text is cleared

2022-05-17 11:39:09 - [TEST_STEP][PASSED] - clearText(findTestObject("MOBILE/Auth/Register/android.widget.EditText - Fullname"), 0): Element 'Object Repository/MOBILE/Auth/Register/android.widget.EditText - Fullname' text is cleared

2022-05-17 11:39:09 - [MESSAGE][WARNING] - Timeout '0' is invalid. Using default page load timeout: '30'

2022-05-17 11:39:10 - [MESSAGE][PASSED] - Element 'Object Repository/MOBILE/Auth/Register/android.widget.EditText - Fullname' text is cleared

2022-05-17 11:39:10 - [TEST_STEP][PASSED] - tap(findTestObject("MOBILE/Auth/Register/android.widget.EditText - Email"), 0): Tapped on element 'Object Repository/MOBILE/Auth/Register/android.widget.EditText - Email'

2022-05-17 11:39:11 - [MESSAGE][WARNING] - Timeout '0' is invalid. Using default page load timeout: '30'

2022-05-17 11:39:12 - [MESSAGE][PASSED] - Tapped on element 'Object Repository/MOBILE/Auth/Register/android.widget.EditText - Email'

2022-05-17 11:39:12 - [TEST_STEP][PASSED] - if (findTestData("WEB/Register").getValue(2, i) != ""): Text 'salsabila1@gmail.com' has been set to element 'Object Repository/MOBILE/Auth/Register/android.widget.EditText - Email'

2022-05-17 11:39:12 - [TEST_STEP][PASSED] - setText(findTestObject("MOBILE/Auth/Register/android.widget.EditText - Email"), findTestData("WEB/Register").getValue(2, i), 0): Text 'salsabila1@gmail.com' has been set to element 'Object Repository/MOBILE/Auth/Register/android.widget.EditText - Email'

2022-05-17 11:39:12 - [MESSAGE][WARNING] - Timeout '0' is invalid. Using default page load timeout: '30'

2022-05-17 11:39:13 - [MESSAGE][PASSED] - Text 'salsabila1@gmail.com' has been set to element 'Object Repository/MOBILE/Auth/Register/android.widget.EditText - Email'

2022-05-17 11:39:13 - [TEST_STEP][PASSED] - tap(findTestObject("MOBILE/Auth/Register/android.widget.EditText - Password"), 0): Tapped on element 'Object Repository/MOBILE/Auth/Register/android.widget.EditText - Password'

2022-05-17 11:39:13 - [MESSAGE][WARNING] - Timeout '0' is invalid. Using default page load timeout: '30'

2022-05-17 11:39:14 - [MESSAGE][PASSED] - Tapped on element 'Object Repository/MOBILE/Auth/Register/android.widget.EditText - Password'

2022-05-17 11:39:14 - [TEST_STEP][PASSED] - if (findTestData("WEB/Register").getValue(3, i) != ""): Text 'salsabila' has been set to element 'Object Repository/MOBILE/Auth/Register/android.widget.EditText - Password'

2022-05-17 11:39:14 - [TEST_STEP][PASSED] - setText(findTestObject("MOBILE/Auth/Register/android.widget.EditText - Password"), findTestData("WEB/Register").getValue(3, i), 0): Text 'salsabila' has been set to element 'Object Repository/MOBILE/Auth/Register/android.widget.EditText - Password'

2022-05-17 11:39:14 - [MESSAGE][WARNING] - Timeout '0' is invalid. Using default page load timeout: '30'

2022-05-17 11:39:15 - [MESSAGE][PASSED] - Text 'salsabila' has been set to element 'Object Repository/MOBILE/Auth/Register/android.widget.EditText - Password'

2022-05-17 11:39:15 - [TEST_STEP][PASSED] - pressBack(): Press back button successfully

2022-05-17 11:39:16 - [MESSAGE][PASSED] - Press back button successfully

2022-05-17 11:39:16 - [TEST_STEP][PASSED] - tap(findTestObject("MOBILE/Auth/Register/android.widget.Button - Register button"), 1): Tapped on element 'Object Repository/MOBILE/Auth/Register/android.widget.Button - Register button'

2022-05-17 11:39:17 - [MESSAGE][PASSED] - Tapped on element 'Object Repository/MOBILE/Auth/Register/android.widget.Button - Register button'

2022-05-17 11:39:17 - [TEST_STEP][PASSED] - delay(3, CONTINUE_ON_FAILURE): Delayed 3 second(s)

2022-05-17 11:39:20 - [MESSAGE][PASSED] - Delayed 3 second(s)

2022-05-17 11:39:20 - [TEST_STEP][PASSED] - if (findTestData("WEB/Register").getValue(4, i) == "negative"): Element 'Object Repository/MOBILE/Auth/Register/android.widget.Button - Register button' is exist

2022-05-17 11:39:21 - [TEST_STEP][PASSED] - verifyElementExist(findTestObject("MOBILE/Auth/Register/android.widget.Button - Register button"), 0, CONTINUE_ON_FAILURE): Element 'Object Repository/MOBILE/Auth/Register/android.widget.Button - Register button' is exist

2022-05-17 11:39:21 - [MESSAGE][WARNING] - Timeout '0' is invalid. Using default page load timeout: '30'

2022-05-17 11:39:21 - [MESSAGE][PASSED] - Element 'Object Repository/MOBILE/Auth/Register/android.widget.Button - Register button' is exist

2022-05-17 11:39:21 - [TEST_STEP][PASSED] - pressBack(): Press back button successfully

2022-05-17 11:39:21 - [MESSAGE][PASSED] - Press back button successfully

2022-05-17 11:39:21 - [TEST_STEP][PASSED] - closeApplication(): Close app successfully

2022-05-17 11:39:22 - [MESSAGE][PASSED] - Close app successfully

2022-05-17 11:39:22 - [TEST_STEP][PASSED] - startExistingApplication("com.example.frontend_mobile"): Starting app with application ID: 'com.example.frontend_mobile'

2022-05-17 11:39:23 - [MESSAGE][INFO] - Appium server started on port 53,101

2022-05-17 11:39:35 - [MESSAGE][PASSED] - Starting app with application ID: 'com.example.frontend_mobile'

2022-05-17 11:39:35 - [TEST_STEP][PASSED] - delay(5, CONTINUE_ON_FAILURE): Delayed 5 second(s)

2022-05-17 11:39:40 - [MESSAGE][PASSED] - Delayed 5 second(s)

2022-05-17 11:39:40 - [TEST_STEP][PASSED] - tap(findTestObject("MOBILE/Auth/Register/android.widget.Button - Login 2"), 0): Tapped on element 'Object Repository/MOBILE/Auth/Register/android.widget.Button - Login 2'

2022-05-17 11:39:40 - [MESSAGE][WARNING] - Timeout '0' is invalid. Using default page load timeout: '30'

2022-05-17 11:39:41 - [MESSAGE][PASSED] - Tapped on element 'Object Repository/MOBILE/Auth/Register/android.widget.Button - Login 2'

2022-05-17 11:39:41 - [TEST_STEP][PASSED] - tap(findTestObject("MOBILE/Auth/Register/android.widget.Button - Register a"), 0): Tapped on element 'Object Repository/MOBILE/Auth/Register/android.widget.Button - Register a'

2022-05-17 11:39:41 - [MESSAGE][WARNING] - Timeout '0' is invalid. Using default page load timeout: '30'

2022-05-17 11:39:42 - [MESSAGE][PASSED] - Tapped on element 'Object Repository/MOBILE/Auth/Register/android.widget.Button - Register a'

2022-05-17 11:39:42 - [TEST_STEP][PASSED] - tap(findTestObject("MOBILE/Auth/Register/android.widget.EditText - Fullname"), 0): Tapped on element 'Object Repository/MOBILE/Auth/Register/android.widget.EditText - Fullname'

2022-05-17 11:39:42 - [MESSAGE][WARNING] - Timeout '0' is invalid. Using default page load timeout: '30'

2022-05-17 11:39:43 - [MESSAGE][PASSED] - Tapped on element 'Object Repository/MOBILE/Auth/Register/android.widget.EditText - Fullname'

2022-05-17 11:39:43 - [TEST_STEP][PASSED] - if (findTestData("WEB/Register").getValue(1, i) != ""): Text 'Salsabila' has been set to element 'Object Repository/MOBILE/Auth/Register/android.widget.EditText - Fullname'

2022-05-17 11:39:43 - [TEST_STEP][PASSED] - setText(findTestObject("MOBILE/Auth/Register/android.widget.EditText - Fullname"), findTestData("WEB/Register").getValue(1, i), 0): Text 'Salsabila' has been set to element 'Object Repository/MOBILE/Auth/Register/android.widget.EditText - Fullname'

2022-05-17 11:39:43 - [MESSAGE][WARNING] - Timeout '0' is invalid. Using default page load timeout: '30'

2022-05-17 11:39:45 - [MESSAGE][PASSED] - Text 'Salsabila' has been set to element 'Object Repository/MOBILE/Auth/Register/android.widget.EditText - Fullname'

2022-05-17 11:39:45 - [TEST_STEP][PASSED] - tap(findTestObject("MOBILE/Auth/Register/android.widget.EditText - Email"), 0): Tapped on element 'Object Repository/MOBILE/Auth/Register/android.widget.EditText - Email'

2022-05-17 11:39:45 - [MESSAGE][WARNING] - Timeout '0' is invalid. Using default page load timeout: '30'

2022-05-17 11:39:46 - [MESSAGE][PASSED] - Tapped on element 'Object Repository/MOBILE/Auth/Register/android.widget.EditText - Email'

2022-05-17 11:39:46 - [TEST_STEP][PASSED] - if (findTestData("WEB/Register").getValue(2, i) != ""): null

2022-05-17 11:39:46 - [TEST_STEP][PASSED] - else: Element 'Object Repository/MOBILE/Auth/Register/android.widget.EditText - Email' text is cleared

2022-05-17 11:39:46 - [TEST_STEP][PASSED] - clearText(findTestObject("MOBILE/Auth/Register/android.widget.EditText - Email"), 0): Element 'Object Repository/MOBILE/Auth/Register/android.widget.EditText - Email' text is cleared

2022-05-17 11:39:46 - [MESSAGE][WARNING] - Timeout '0' is invalid. Using default page load timeout: '30'

2022-05-17 11:39:47 - [MESSAGE][PASSED] - Element 'Object Repository/MOBILE/Auth/Register/android.widget.EditText - Email' text is cleared

2022-05-17 11:39:47 - [TEST_STEP][PASSED] - tap(findTestObject("MOBILE/Auth/Register/android.widget.EditText - Password"), 0): Tapped on element 'Object Repository/MOBILE/Auth/Register/android.widget.EditText - Password'

2022-05-17 11:39:47 - [MESSAGE][WARNING] - Timeout '0' is invalid. Using default page load timeout: '30'

2022-05-17 11:39:49 - [MESSAGE][PASSED] - Tapped on element 'Object Repository/MOBILE/Auth/Register/android.widget.EditText - Password'

2022-05-17 11:39:49 - [TEST_STEP][PASSED] - if (findTestData("WEB/Register").getValue(3, i) != ""): Text 'salsabila' has been set to element 'Object Repository/MOBILE/Auth/Register/android.widget.EditText - Password'

2022-05-17 11:39:49 - [TEST_STEP][PASSED] - setText(findTestObject("MOBILE/Auth/Register/android.widget.EditText - Password"), findTestData("WEB/Register").getValue(3, i), 0): Text 'salsabila' has been set to element 'Object Repository/MOBILE/Auth/Register/android.widget.EditText - Password'

2022-05-17 11:39:49 - [MESSAGE][WARNING] - Timeout '0' is invalid. Using default page load timeout: '30'

2022-05-17 11:39:50 - [MESSAGE][PASSED] - Text 'salsabila' has been set to element 'Object Repository/MOBILE/Auth/Register/android.widget.EditText - Password'

2022-05-17 11:39:50 - [TEST_STEP][PASSED] - pressBack(): Press back button successfully

2022-05-17 11:39:50 - [MESSAGE][PASSED] - Press back button successfully

2022-05-17 11:39:50 - [TEST_STEP][PASSED] - tap(findTestObject("MOBILE/Auth/Register/android.widget.Button - Register button"), 1): Tapped on element 'Object Repository/MOBILE/Auth/Register/android.widget.Button - Register button'

2022-05-17 11:39:52 - [MESSAGE][PASSED] - Tapped on element 'Object Repository/MOBILE/Auth/Register/android.widget.Button - Register button'

2022-05-17 11:39:52 - [TEST_STEP][PASSED] - delay(3, CONTINUE_ON_FAILURE): Delayed 3 second(s)

2022-05-17 11:39:55 - [MESSAGE][PASSED] - Delayed 3 second(s)

2022-05-17 11:39:55 - [TEST_STEP][PASSED] - if (findTestData("WEB/Register").getValue(4, i) == "negative"): Element 'Object Repository/MOBILE/Auth/Register/android.widget.Button - Register button' is exist

2022-05-17 11:39:55 - [TEST_STEP][PASSED] - verifyElementExist(findTestObject("MOBILE/Auth/Register/android.widget.Button - Register button"), 0, CONTINUE_ON_FAILURE): Element 'Object Repository/MOBILE/Auth/Register/android.widget.Button - Register button' is exist

2022-05-17 11:39:55 - [MESSAGE][WARNING] - Timeout '0' is invalid. Using default page load timeout: '30'

2022-05-17 11:39:55 - [MESSAGE][PASSED] - Element 'Object Repository/MOBILE/Auth/Register/android.widget.Button - Register button' is exist

2022-05-17 11:39:55 - [TEST_STEP][PASSED] - pressBack(): Press back button successfully

2022-05-17 11:39:55 - [MESSAGE][PASSED] - Press back button successfully

2022-05-17 11:39:55 - [TEST_STEP][PASSED] - closeApplication(): Close app successfully

2022-05-17 11:39:56 - [MESSAGE][PASSED] - Close app successfully

2022-05-17 11:39:56 - [TEST_STEP][PASSED] - startExistingApplication("com.example.frontend_mobile"): Starting app with application ID: 'com.example.frontend_mobile'

2022-05-17 11:39:58 - [MESSAGE][INFO] - Appium server started on port 53,290

2022-05-17 11:40:09 - [MESSAGE][PASSED] - Starting app with application ID: 'com.example.frontend_mobile'

2022-05-17 11:40:09 - [TEST_STEP][PASSED] - delay(5, CONTINUE_ON_FAILURE): Delayed 5 second(s)

2022-05-17 11:40:14 - [MESSAGE][PASSED] - Delayed 5 second(s)

2022-05-17 11:40:14 - [TEST_STEP][PASSED] - tap(findTestObject("MOBILE/Auth/Register/android.widget.Button - Login 2"), 0): Tapped on element 'Object Repository/MOBILE/Auth/Register/android.widget.Button - Login 2'

2022-05-17 11:40:14 - [MESSAGE][WARNING] - Timeout '0' is invalid. Using default page load timeout: '30'

2022-05-17 11:40:16 - [MESSAGE][PASSED] - Tapped on element 'Object Repository/MOBILE/Auth/Register/android.widget.Button - Login 2'

2022-05-17 11:40:16 - [TEST_STEP][PASSED] - tap(findTestObject("MOBILE/Auth/Register/android.widget.Button - Register a"), 0): Tapped on element 'Object Repository/MOBILE/Auth/Register/android.widget.Button - Register a'

2022-05-17 11:40:16 - [MESSAGE][WARNING] - Timeout '0' is invalid. Using default page load timeout: '30'

2022-05-17 11:40:17 - [MESSAGE][PASSED] - Tapped on element 'Object Repository/MOBILE/Auth/Register/android.widget.Button - Register a'

2022-05-17 11:40:17 - [TEST_STEP][PASSED] - tap(findTestObject("MOBILE/Auth/Register/android.widget.EditText - Fullname"), 0): Tapped on element 'Object Repository/MOBILE/Auth/Register/android.widget.EditText - Fullname'

2022-05-17 11:40:17 - [MESSAGE][WARNING] - Timeout '0' is invalid. Using default page load timeout: '30'

2022-05-17 11:40:18 - [MESSAGE][PASSED] - Tapped on element 'Object Repository/MOBILE/Auth/Register/android.widget.EditText - Fullname'

2022-05-17 11:40:18 - [TEST_STEP][PASSED] - if (findTestData("WEB/Register").getValue(1, i) != ""): Text 'Salsabila' has been set to element 'Object Repository/MOBILE/Auth/Register/android.widget.EditText - Fullname'

2022-05-17 11:40:18 - [TEST_STEP][PASSED] - setText(findTestObject("MOBILE/Auth/Register/android.widget.EditText - Fullname"), findTestData("WEB/Register").getValue(1, i), 0): Text 'Salsabila' has been set to element 'Object Repository/MOBILE/Auth/Register/android.widget.EditText - Fullname'

2022-05-17 11:40:18 - [MESSAGE][WARNING] - Timeout '0' is invalid. Using default page load timeout: '30'

2022-05-17 11:40:20 - [MESSAGE][PASSED] - Text 'Salsabila' has been set to element 'Object Repository/MOBILE/Auth/Register/android.widget.EditText - Fullname'

2022-05-17 11:40:20 - [TEST_STEP][PASSED] - tap(findTestObject("MOBILE/Auth/Register/android.widget.EditText - Email"), 0): Tapped on element 'Object Repository/MOBILE/Auth/Register/android.widget.EditText - Email'

2022-05-17 11:40:20 - [MESSAGE][WARNING] - Timeout '0' is invalid. Using default page load timeout: '30'

2022-05-17 11:40:21 - [MESSAGE][PASSED] - Tapped on element 'Object Repository/MOBILE/Auth/Register/android.widget.EditText - Email'

2022-05-17 11:40:21 - [TEST_STEP][PASSED] - if (findTestData("WEB/Register").getValue(2, i) != ""): Text 'salsabila1@gmail.com' has been set to element 'Object Repository/MOBILE/Auth/Register/android.widget.EditText - Email'

2022-05-17 11:40:21 - [TEST_STEP][PASSED] - setText(findTestObject("MOBILE/Auth/Register/android.widget.EditText - Email"), findTestData("WEB/Register").getValue(2, i), 0): Text 'salsabila1@gmail.com' has been set to element 'Object Repository/MOBILE/Auth/Register/android.widget.EditText - Email'

2022-05-17 11:40:22 - [MESSAGE][WARNING] - Timeout '0' is invalid. Using default page load timeout: '30'

2022-05-17 11:40:22 - [MESSAGE][PASSED] - Text 'salsabila1@gmail.com' has been set to element 'Object Repository/MOBILE/Auth/Register/android.widget.EditText - Email'

2022-05-17 11:40:22 - [TEST_STEP][PASSED] - tap(findTestObject("MOBILE/Auth/Register/android.widget.EditText - Password"), 0): Tapped on element 'Object Repository/MOBILE/Auth/Register/android.widget.EditText - Password'

2022-05-17 11:40:23 - [MESSAGE][WARNING] - Timeout '0' is invalid. Using default page load timeout: '30'

2022-05-17 11:40:23 - [MESSAGE][PASSED] - Tapped on element 'Object Repository/MOBILE/Auth/Register/android.widget.EditText - Password'

2022-05-17 11:40:23 - [TEST_STEP][PASSED] - if (findTestData("WEB/Register").getValue(3, i) != ""): null

2022-05-17 11:40:24 - [TEST_STEP][PASSED] - else: Element 'Object Repository/MOBILE/Auth/Register/android.widget.EditText - Password' text is cleared

2022-05-17 11:40:24 - [TEST_STEP][PASSED] - clearText(findTestObject("MOBILE/Auth/Register/android.widget.EditText - Password"), 0): Element 'Object Repository/MOBILE/Auth/Register/android.widget.EditText - Password' text is cleared

2022-05-17 11:40:24 - [MESSAGE][WARNING] - Timeout '0' is invalid. Using default page load timeout: '30'

2022-05-17 11:40:25 - [MESSAGE][PASSED] - Element 'Object Repository/MOBILE/Auth/Register/android.widget.EditText - Password' text is cleared

2022-05-17 11:40:25 - [TEST_STEP][PASSED] - pressBack(): Press back button successfully

2022-05-17 11:40:25 - [MESSAGE][PASSED] - Press back button successfully

2022-05-17 11:40:25 - [TEST_STEP][PASSED] - tap(findTestObject("MOBILE/Auth/Register/android.widget.Button - Register button"), 1): Tapped on element 'Object Repository/MOBILE/Auth/Register/android.widget.Button - Register button'

2022-05-17 11:40:26 - [MESSAGE][PASSED] - Tapped on element 'Object Repository/MOBILE/Auth/Register/android.widget.Button - Register button'

2022-05-17 11:40:26 - [TEST_STEP][PASSED] - delay(3, CONTINUE_ON_FAILURE): Delayed 3 second(s)

2022-05-17 11:40:29 - [MESSAGE][PASSED] - Delayed 3 second(s)

2022-05-17 11:40:29 - [TEST_STEP][PASSED] - if (findTestData("WEB/Register").getValue(4, i) == "negative"): Element 'Object Repository/MOBILE/Auth/Register/android.widget.Button - Register button' is exist

2022-05-17 11:40:29 - [TEST_STEP][PASSED] - verifyElementExist(findTestObject("MOBILE/Auth/Register/android.widget.Button - Register button"), 0, CONTINUE_ON_FAILURE): Element 'Object Repository/MOBILE/Auth/Register/android.widget.Button - Register button' is exist

2022-05-17 11:40:29 - [MESSAGE][WARNING] - Timeout '0' is invalid. Using default page load timeout: '30'

2022-05-17 11:40:30 - [MESSAGE][PASSED] - Element 'Object Repository/MOBILE/Auth/Register/android.widget.Button - Register button' is exist

2022-05-17 11:40:30 - [TEST_STEP][PASSED] - pressBack(): Press back button successfully

2022-05-17 11:40:30 - [MESSAGE][PASSED] - Press back button successfully

2022-05-17 11:40:30 - [TEST_STEP][PASSED] - closeApplication(): Close app successfully

2022-05-17 11:40:30 - [MESSAGE][PASSED] - Close app successfully

2022-05-17 11:40:30 - [TEST_STEP][PASSED] - startExistingApplication("com.example.frontend_mobile"): Starting app with application ID: 'com.example.frontend_mobile'

2022-05-17 11:40:32 - [MESSAGE][INFO] - Appium server started on port 53,479

2022-05-17 11:40:43 - [MESSAGE][PASSED] - Starting app with application ID: 'com.example.frontend_mobile'

2022-05-17 11:40:43 - [TEST_STEP][PASSED] - delay(5, CONTINUE_ON_FAILURE): Delayed 5 second(s)

2022-05-17 11:40:48 - [MESSAGE][PASSED] - Delayed 5 second(s)

2022-05-17 11:40:48 - [TEST_STEP][PASSED] - tap(findTestObject("MOBILE/Auth/Register/android.widget.Button - Login 2"), 0): Tapped on element 'Object Repository/MOBILE/Auth/Register/android.widget.Button - Login 2'

2022-05-17 11:40:48 - [MESSAGE][WARNING] - Timeout '0' is invalid. Using default page load timeout: '30'

2022-05-17 11:40:50 - [MESSAGE][PASSED] - Tapped on element 'Object Repository/MOBILE/Auth/Register/android.widget.Button - Login 2'

2022-05-17 11:40:50 - [TEST_STEP][PASSED] - tap(findTestObject("MOBILE/Auth/Register/android.widget.Button - Register a"), 0): Tapped on element 'Object Repository/MOBILE/Auth/Register/android.widget.Button - Register a'

2022-05-17 11:40:50 - [MESSAGE][WARNING] - Timeout '0' is invalid. Using default page load timeout: '30'

2022-05-17 11:40:51 - [MESSAGE][PASSED] - Tapped on element 'Object Repository/MOBILE/Auth/Register/android.widget.Button - Register a'

2022-05-17 11:40:51 - [TEST_STEP][PASSED] - tap(findTestObject("MOBILE/Auth/Register/android.widget.EditText - Fullname"), 0): Tapped on element 'Object Repository/MOBILE/Auth/Register/android.widget.EditText - Fullname'

2022-05-17 11:40:51 - [MESSAGE][WARNING] - Timeout '0' is invalid. Using default page load timeout: '30'

2022-05-17 11:40:53 - [MESSAGE][PASSED] - Tapped on element 'Object Repository/MOBILE/Auth/Register/android.widget.EditText - Fullname'

2022-05-17 11:40:53 - [TEST_STEP][PASSED] - if (findTestData("WEB/Register").getValue(1, i) != ""): Text 'Salsabila' has been set to element 'Object Repository/MOBILE/Auth/Register/android.widget.EditText - Fullname'

2022-05-17 11:40:53 - [TEST_STEP][PASSED] - setText(findTestObject("MOBILE/Auth/Register/android.widget.EditText - Fullname"), findTestData("WEB/Register").getValue(1, i), 0): Text 'Salsabila' has been set to element 'Object Repository/MOBILE/Auth/Register/android.widget.EditText - Fullname'

2022-05-17 11:40:53 - [MESSAGE][WARNING] - Timeout '0' is invalid. Using default page load timeout: '30'

2022-05-17 11:40:54 - [MESSAGE][PASSED] - Text 'Salsabila' has been set to element 'Object Repository/MOBILE/Auth/Register/android.widget.EditText - Fullname'

2022-05-17 11:40:54 - [TEST_STEP][PASSED] - tap(findTestObject("MOBILE/Auth/Register/android.widget.EditText - Email"), 0): Tapped on element 'Object Repository/MOBILE/Auth/Register/android.widget.EditText - Email'

2022-05-17 11:40:54 - [MESSAGE][WARNING] - Timeout '0' is invalid. Using default page load timeout: '30'

2022-05-17 11:40:55 - [MESSAGE][PASSED] - Tapped on element 'Object Repository/MOBILE/Auth/Register/android.widget.EditText - Email'

2022-05-17 11:40:55 - [TEST_STEP][PASSED] - if (findTestData("WEB/Register").getValue(2, i) != ""): Text 'salsa@gmail.com' has been set to element 'Object Repository/MOBILE/Auth/Register/android.widget.EditText - Email'

2022-05-17 11:40:55 - [TEST_STEP][PASSED] - setText(findTestObject("MOBILE/Auth/Register/android.widget.EditText - Email"), findTestData("WEB/Register").getValue(2, i), 0): Text 'salsa@gmail.com' has been set to element 'Object Repository/MOBILE/Auth/Register/android.widget.EditText - Email'

2022-05-17 11:40:55 - [MESSAGE][WARNING] - Timeout '0' is invalid. Using default page load timeout: '30'

2022-05-17 11:40:57 - [MESSAGE][PASSED] - Text 'salsa@gmail.com' has been set to element 'Object Repository/MOBILE/Auth/Register/android.widget.EditText - Email'

2022-05-17 11:40:57 - [TEST_STEP][PASSED] - tap(findTestObject("MOBILE/Auth/Register/android.widget.EditText - Password"), 0): Tapped on element 'Object Repository/MOBILE/Auth/Register/android.widget.EditText - Password'

2022-05-17 11:40:57 - [MESSAGE][WARNING] - Timeout '0' is invalid. Using default page load timeout: '30'

2022-05-17 11:40:58 - [MESSAGE][PASSED] - Tapped on element 'Object Repository/MOBILE/Auth/Register/android.widget.EditText - Password'

2022-05-17 11:40:58 - [TEST_STEP][PASSED] - if (findTestData("WEB/Register").getValue(3, i) != ""): Text 'salsa' has been set to element 'Object Repository/MOBILE/Auth/Register/android.widget.EditText - Password'

2022-05-17 11:40:58 - [TEST_STEP][PASSED] - setText(findTestObject("MOBILE/Auth/Register/android.widget.EditText - Password"), findTestData("WEB/Register").getValue(3, i), 0): Text 'salsa' has been set to element 'Object Repository/MOBILE/Auth/Register/android.widget.EditText - Password'

2022-05-17 11:40:58 - [MESSAGE][WARNING] - Timeout '0' is invalid. Using default page load timeout: '30'

2022-05-17 11:40:59 - [MESSAGE][PASSED] - Text 'salsa' has been set to element 'Object Repository/MOBILE/Auth/Register/android.widget.EditText - Password'

2022-05-17 11:40:59 - [TEST_STEP][PASSED] - pressBack(): Press back button successfully

2022-05-17 11:41:00 - [MESSAGE][PASSED] - Press back button successfully

2022-05-17 11:41:00 - [TEST_STEP][PASSED] - tap(findTestObject("MOBILE/Auth/Register/android.widget.Button - Register button"), 1): Tapped on element 'Object Repository/MOBILE/Auth/Register/android.widget.Button - Register button'

2022-05-17 11:41:02 - [MESSAGE][PASSED] - Tapped on element 'Object Repository/MOBILE/Auth/Register/android.widget.Button - Register button'

2022-05-17 11:41:02 - [TEST_STEP][PASSED] - delay(3, CONTINUE_ON_FAILURE): Delayed 3 second(s)

2022-05-17 11:41:05 - [MESSAGE][PASSED] - Delayed 3 second(s)

2022-05-17 11:41:05 - [TEST_STEP][PASSED] - if (findTestData("WEB/Register").getValue(4, i) == "negative"): Element 'Object Repository/MOBILE/Auth/Register/android.widget.Button - Register button' is exist

2022-05-17 11:41:05 - [TEST_STEP][PASSED] - verifyElementExist(findTestObject("MOBILE/Auth/Register/android.widget.Button - Register button"), 0, CONTINUE_ON_FAILURE): Element 'Object Repository/MOBILE/Auth/Register/android.widget.Button - Register button' is exist

2022-05-17 11:41:05 - [MESSAGE][WARNING] - Timeout '0' is invalid. Using default page load timeout: '30'

2022-05-17 11:41:05 - [MESSAGE][PASSED] - Element 'Object Repository/MOBILE/Auth/Register/android.widget.Button - Register button' is exist

2022-05-17 11:41:05 - [TEST_STEP][PASSED] - pressBack(): Press back button successfully

2022-05-17 11:41:06 - [MESSAGE][PASSED] - Press back button successfully

2022-05-17 11:41:06 - [TEST_STEP][PASSED] - closeApplication(): Close app successfully

2022-05-17 11:41:06 - [MESSAGE][PASSED] - Close app successfully

2022-05-17 11:41:06 - [TEST_STEP][PASSED] - startExistingApplication("com.example.frontend_mobile"): Starting app with application ID: 'com.example.frontend_mobile'

2022-05-17 11:41:08 - [MESSAGE][INFO] - Appium server started on port 53,670

2022-05-17 11:41:19 - [MESSAGE][PASSED] - Starting app with application ID: 'com.example.frontend_mobile'

2022-05-17 11:41:19 - [TEST_STEP][PASSED] - delay(5, CONTINUE_ON_FAILURE): Delayed 5 second(s)

2022-05-17 11:41:24 - [MESSAGE][PASSED] - Delayed 5 second(s)

2022-05-17 11:41:24 - [TEST_STEP][PASSED] - tap(findTestObject("MOBILE/Auth/Register/android.widget.Button - Login 2"), 0): Tapped on element 'Object Repository/MOBILE/Auth/Register/android.widget.Button - Login 2'

2022-05-17 11:41:24 - [MESSAGE][WARNING] - Timeout '0' is invalid. Using default page load timeout: '30'

2022-05-17 11:41:26 - [MESSAGE][PASSED] - Tapped on element 'Object Repository/MOBILE/Auth/Register/android.widget.Button - Login 2'

2022-05-17 11:41:26 - [TEST_STEP][PASSED] - tap(findTestObject("MOBILE/Auth/Register/android.widget.Button - Register a"), 0): Tapped on element 'Object Repository/MOBILE/Auth/Register/android.widget.Button - Register a'

2022-05-17 11:41:26 - [MESSAGE][WARNING] - Timeout '0' is invalid. Using default page load timeout: '30'

2022-05-17 11:41:27 - [MESSAGE][PASSED] - Tapped on element 'Object Repository/MOBILE/Auth/Register/android.widget.Button - Register a'

2022-05-17 11:41:27 - [TEST_STEP][PASSED] - tap(findTestObject("MOBILE/Auth/Register/android.widget.EditText - Fullname"), 0): Tapped on element 'Object Repository/MOBILE/Auth/Register/android.widget.EditText - Fullname'

2022-05-17 11:41:27 - [MESSAGE][WARNING] - Timeout '0' is invalid. Using default page load timeout: '30'

2022-05-17 11:41:29 - [MESSAGE][PASSED] - Tapped on element 'Object Repository/MOBILE/Auth/Register/android.widget.EditText - Fullname'

2022-05-17 11:41:29 - [TEST_STEP][PASSED] - if (findTestData("WEB/Register").getValue(1, i) != ""): Text 'Salsabila' has been set to element 'Object Repository/MOBILE/Auth/Register/android.widget.EditText - Fullname'

2022-05-17 11:41:29 - [TEST_STEP][PASSED] - setText(findTestObject("MOBILE/Auth/Register/android.widget.EditText - Fullname"), findTestData("WEB/Register").getValue(1, i), 0): Text 'Salsabila' has been set to element 'Object Repository/MOBILE/Auth/Register/android.widget.EditText - Fullname'

2022-05-17 11:41:29 - [MESSAGE][WARNING] - Timeout '0' is invalid. Using default page load timeout: '30'

2022-05-17 11:41:30 - [MESSAGE][PASSED] - Text 'Salsabila' has been set to element 'Object Repository/MOBILE/Auth/Register/android.widget.EditText - Fullname'

2022-05-17 11:41:30 - [TEST_STEP][PASSED] - tap(findTestObject("MOBILE/Auth/Register/android.widget.EditText - Email"), 0): Tapped on element 'Object Repository/MOBILE/Auth/Register/android.widget.EditText - Email'

2022-05-17 11:41:30 - [MESSAGE][WARNING] - Timeout '0' is invalid. Using default page load timeout: '30'

2022-05-17 11:41:31 - [MESSAGE][PASSED] - Tapped on element 'Object Repository/MOBILE/Auth/Register/android.widget.EditText - Email'

2022-05-17 11:41:31 - [TEST_STEP][PASSED] - if (findTestData("WEB/Register").getValue(2, i) != ""): Text 'halosalsa32' has been set to element 'Object Repository/MOBILE/Auth/Register/android.widget.EditText - Email'

2022-05-17 11:41:31 - [TEST_STEP][PASSED] - setText(findTestObject("MOBILE/Auth/Register/android.widget.EditText - Email"), findTestData("WEB/Register").getValue(2, i), 0): Text 'halosalsa32' has been set to element 'Object Repository/MOBILE/Auth/Register/android.widget.EditText - Email'

2022-05-17 11:41:31 - [MESSAGE][WARNING] - Timeout '0' is invalid. Using default page load timeout: '30'

2022-05-17 11:41:33 - [MESSAGE][PASSED] - Text 'halosalsa32' has been set to element 'Object Repository/MOBILE/Auth/Register/android.widget.EditText - Email'

2022-05-17 11:41:33 - [TEST_STEP][PASSED] - tap(findTestObject("MOBILE/Auth/Register/android.widget.EditText - Password"), 0): Tapped on element 'Object Repository/MOBILE/Auth/Register/android.widget.EditText - Password'

2022-05-17 11:41:33 - [MESSAGE][WARNING] - Timeout '0' is invalid. Using default page load timeout: '30'

2022-05-17 11:41:34 - [MESSAGE][PASSED] - Tapped on element 'Object Repository/MOBILE/Auth/Register/android.widget.EditText - Password'

2022-05-17 11:41:34 - [TEST_STEP][PASSED] - if (findTestData("WEB/Register").getValue(3, i) != ""): Text 'salsabila' has been set to element 'Object Repository/MOBILE/Auth/Register/android.widget.EditText - Password'

2022-05-17 11:41:34 - [TEST_STEP][PASSED] - setText(findTestObject("MOBILE/Auth/Register/android.widget.EditText - Password"), findTestData("WEB/Register").getValue(3, i), 0): Text 'salsabila' has been set to element 'Object Repository/MOBILE/Auth/Register/android.widget.EditText - Password'

2022-05-17 11:41:34 - [MESSAGE][WARNING] - Timeout '0' is invalid. Using default page load timeout: '30'

2022-05-17 11:41:36 - [MESSAGE][PASSED] - Text 'salsabila' has been set to element 'Object Repository/MOBILE/Auth/Register/android.widget.EditText - Password'

2022-05-17 11:41:36 - [TEST_STEP][PASSED] - pressBack(): Press back button successfully

2022-05-17 11:41:37 - [MESSAGE][PASSED] - Press back button successfully

2022-05-17 11:41:37 - [TEST_STEP][PASSED] - tap(findTestObject("MOBILE/Auth/Register/android.widget.Button - Register button"), 1): Tapped on element 'Object Repository/MOBILE/Auth/Register/android.widget.Button - Register button'

2022-05-17 11:41:39 - [MESSAGE][PASSED] - Tapped on element 'Object Repository/MOBILE/Auth/Register/android.widget.Button - Register button'

2022-05-17 11:41:39 - [TEST_STEP][PASSED] - delay(3, CONTINUE_ON_FAILURE): Delayed 3 second(s)

2022-05-17 11:41:42 - [MESSAGE][PASSED] - Delayed 3 second(s)

2022-05-17 11:41:42 - [TEST_STEP][PASSED] - if (findTestData("WEB/Register").getValue(4, i) == "negative"): Element 'Object Repository/MOBILE/Auth/Register/android.widget.Button - Register button' is exist

2022-05-17 11:41:42 - [TEST_STEP][PASSED] - verifyElementExist(findTestObject("MOBILE/Auth/Register/android.widget.Button - Register button"), 0, CONTINUE_ON_FAILURE): Element 'Object Repository/MOBILE/Auth/Register/android.widget.Button - Register button' is exist

2022-05-17 11:41:42 - [MESSAGE][WARNING] - Timeout '0' is invalid. Using default page load timeout: '30'

2022-05-17 11:41:42 - [MESSAGE][PASSED] - Element 'Object Repository/MOBILE/Auth/Register/android.widget.Button - Register button' is exist

2022-05-17 11:41:42 - [TEST_STEP][PASSED] - pressBack(): Press back button successfully

2022-05-17 11:41:42 - [MESSAGE][PASSED] - Press back button successfully

2022-05-17 11:41:42 - [TEST_STEP][PASSED] - closeApplication(): Close app successfully

2022-05-17 11:41:43 - [MESSAGE][PASSED] - Close app successfully

2022-05-17 11:41:43 - [TEST_STEP][PASSED] - startExistingApplication("com.example.frontend_mobile"): Starting app with application ID: 'com.example.frontend_mobile'

2022-05-17 11:41:45 - [MESSAGE][INFO] - Appium server started on port 53,865

2022-05-17 11:41:56 - [MESSAGE][PASSED] - Starting app with application ID: 'com.example.frontend_mobile'

2022-05-17 11:41:56 - [TEST_STEP][PASSED] - delay(5, CONTINUE_ON_FAILURE): Delayed 5 second(s)

2022-05-17 11:42:01 - [MESSAGE][PASSED] - Delayed 5 second(s)

2022-05-17 11:42:01 - [TEST_STEP][PASSED] - tap(findTestObject("MOBILE/Auth/Register/android.widget.Button - Login 2"), 0): Tapped on element 'Object Repository/MOBILE/Auth/Register/android.widget.Button - Login 2'

2022-05-17 11:42:01 - [MESSAGE][WARNING] - Timeout '0' is invalid. Using default page load timeout: '30'

2022-05-17 11:42:02 - [MESSAGE][PASSED] - Tapped on element 'Object Repository/MOBILE/Auth/Register/android.widget.Button - Login 2'

2022-05-17 11:42:02 - [TEST_STEP][PASSED] - tap(findTestObject("MOBILE/Auth/Register/android.widget.Button - Register a"), 0): Tapped on element 'Object Repository/MOBILE/Auth/Register/android.widget.Button - Register a'

2022-05-17 11:42:02 - [MESSAGE][WARNING] - Timeout '0' is invalid. Using default page load timeout: '30'

2022-05-17 11:42:04 - [MESSAGE][PASSED] - Tapped on element 'Object Repository/MOBILE/Auth/Register/android.widget.Button - Register a'

2022-05-17 11:42:04 - [TEST_STEP][PASSED] - tap(findTestObject("MOBILE/Auth/Register/android.widget.EditText - Fullname"), 0): Tapped on element 'Object Repository/MOBILE/Auth/Register/android.widget.EditText - Fullname'

2022-05-17 11:42:04 - [MESSAGE][WARNING] - Timeout '0' is invalid. Using default page load timeout: '30'

2022-05-17 11:42:05 - [MESSAGE][PASSED] - Tapped on element 'Object Repository/MOBILE/Auth/Register/android.widget.EditText - Fullname'

2022-05-17 11:42:05 - [TEST_STEP][PASSED] - if (findTestData("WEB/Register").getValue(1, i) != ""): Text 'Salsabila' has been set to element 'Object Repository/MOBILE/Auth/Register/android.widget.EditText - Fullname'

2022-05-17 11:42:05 - [TEST_STEP][PASSED] - setText(findTestObject("MOBILE/Auth/Register/android.widget.EditText - Fullname"), findTestData("WEB/Register").getValue(1, i), 0): Text 'Salsabila' has been set to element 'Object Repository/MOBILE/Auth/Register/android.widget.EditText - Fullname'

2022-05-17 11:42:05 - [MESSAGE][WARNING] - Timeout '0' is invalid. Using default page load timeout: '30'

2022-05-17 11:42:07 - [MESSAGE][PASSED] - Text 'Salsabila' has been set to element 'Object Repository/MOBILE/Auth/Register/android.widget.EditText - Fullname'

2022-05-17 11:42:07 - [TEST_STEP][PASSED] - tap(findTestObject("MOBILE/Auth/Register/android.widget.EditText - Email"), 0): Tapped on element 'Object Repository/MOBILE/Auth/Register/android.widget.EditText - Email'

2022-05-17 11:42:07 - [MESSAGE][WARNING] - Timeout '0' is invalid. Using default page load timeout: '30'

2022-05-17 11:42:08 - [MESSAGE][PASSED] - Tapped on element 'Object Repository/MOBILE/Auth/Register/android.widget.EditText - Email'

2022-05-17 11:42:08 - [TEST_STEP][PASSED] - if (findTestData("WEB/Register").getValue(2, i) != ""): Text 'halosalsa32@gmail.com' has been set to element 'Object Repository/MOBILE/Auth/Register/android.widget.EditText - Email'

2022-05-17 11:42:08 - [TEST_STEP][PASSED] - setText(findTestObject("MOBILE/Auth/Register/android.widget.EditText - Email"), findTestData("WEB/Register").getValue(2, i), 0): Text 'halosalsa32@gmail.com' has been set to element 'Object Repository/MOBILE/Auth/Register/android.widget.EditText - Email'

2022-05-17 11:42:08 - [MESSAGE][WARNING] - Timeout '0' is invalid. Using default page load timeout: '30'

2022-05-17 11:42:09 - [MESSAGE][PASSED] - Text 'halosalsa32@gmail.com' has been set to element 'Object Repository/MOBILE/Auth/Register/android.widget.EditText - Email'

2022-05-17 11:42:09 - [TEST_STEP][PASSED] - tap(findTestObject("MOBILE/Auth/Register/android.widget.EditText - Password"), 0): Tapped on element 'Object Repository/MOBILE/Auth/Register/android.widget.EditText - Password'

2022-05-17 11:42:09 - [MESSAGE][WARNING] - Timeout '0' is invalid. Using default page load timeout: '30'

2022-05-17 11:42:10 - [MESSAGE][PASSED] - Tapped on element 'Object Repository/MOBILE/Auth/Register/android.widget.EditText - Password'

2022-05-17 11:42:10 - [TEST_STEP][PASSED] - if (findTestData("WEB/Register").getValue(3, i) != ""): Text 'sabila' has been set to element 'Object Repository/MOBILE/Auth/Register/android.widget.EditText - Password'

2022-05-17 11:42:10 - [TEST_STEP][PASSED] - setText(findTestObject("MOBILE/Auth/Register/android.widget.EditText - Password"), findTestData("WEB/Register").getValue(3, i), 0): Text 'sabila' has been set to element 'Object Repository/MOBILE/Auth/Register/android.widget.EditText - Password'

2022-05-17 11:42:10 - [MESSAGE][WARNING] - Timeout '0' is invalid. Using default page load timeout: '30'

2022-05-17 11:42:11 - [MESSAGE][PASSED] - Text 'sabila' has been set to element 'Object Repository/MOBILE/Auth/Register/android.widget.EditText - Password'

2022-05-17 11:42:11 - [TEST_STEP][PASSED] - pressBack(): Press back button successfully

2022-05-17 11:42:11 - [MESSAGE][PASSED] - Press back button successfully

2022-05-17 11:42:11 - [TEST_STEP][PASSED] - tap(findTestObject("MOBILE/Auth/Register/android.widget.Button - Register button"), 1): Tapped on element 'Object Repository/MOBILE/Auth/Register/android.widget.Button - Register button'

2022-05-17 11:42:13 - [MESSAGE][PASSED] - Tapped on element 'Object Repository/MOBILE/Auth/Register/android.widget.Button - Register button'

2022-05-17 11:42:13 - [TEST_STEP][PASSED] - delay(3, CONTINUE_ON_FAILURE): Delayed 3 second(s)

2022-05-17 11:42:16 - [MESSAGE][PASSED] - Delayed 3 second(s)

2022-05-17 11:42:16 - [TEST_STEP][PASSED] - if (findTestData("WEB/Register").getValue(4, i) == "negative"): null

2022-05-17 11:42:16 - [TEST_STEP][PASSED] - else: Element 'Object Repository/MOBILE/Auth/Register/android.widget.Button - Login 2' is visible

2022-05-17 11:42:16 - [TEST_STEP][PASSED] - verifyElementVisible(findTestObject("MOBILE/Auth/Register/android.widget.Button - Login 2"), 0, CONTINUE_ON_FAILURE): Element 'Object Repository/MOBILE/Auth/Register/android.widget.Button - Login 2' is visible

2022-05-17 11:42:16 - [MESSAGE][WARNING] - Timeout '0' is invalid. Using default page load timeout: '30'

2022-05-17 11:42:17 - [MESSAGE][PASSED] - Element 'Object Repository/MOBILE/Auth/Register/android.widget.Button - Login 2' is visible

2022-05-17 11:42:17 - [TEST_STEP][PASSED] - pressBack(): Press back button successfully

2022-05-17 11:42:17 - [MESSAGE][PASSED] - Press back button successfully

2022-05-17 11:42:17 - [TEST_STEP][PASSED] - closeApplication(): Close app successfully

2022-05-17 11:42:17 - [MESSAGE][PASSED] - Close app successfully]]></system-out>
         <system-err><![CDATA[]]></system-err>
      </testcase>
      <testcase name="Test Cases/MOBILE/Auth/Login" time="214.756" classname="Test Cases/MOBILE/Auth/Login" status="PASSED">
         <system-out><![CDATA[2022-05-17 11:42:17 - [TEST_CASE][PASSED] - Test Cases/MOBILE/Auth/Login: Test Cases/MOBILE/Auth/Login

2022-05-17 11:42:18 - [TEST_STEP][PASSED] - for ([i = 1, i <= 7, (i++)]): Close app successfully

2022-05-17 11:42:18 - [TEST_STEP][PASSED] - startExistingApplication("com.example.frontend_mobile"): Starting app with application ID: 'com.example.frontend_mobile'

2022-05-17 11:42:20 - [MESSAGE][INFO] - Appium server started on port 54,054

2022-05-17 11:42:31 - [MESSAGE][PASSED] - Starting app with application ID: 'com.example.frontend_mobile'

2022-05-17 11:42:31 - [TEST_STEP][PASSED] - delay(5, CONTINUE_ON_FAILURE): Delayed 5 second(s)

2022-05-17 11:42:36 - [MESSAGE][PASSED] - Delayed 5 second(s)

2022-05-17 11:42:36 - [TEST_STEP][PASSED] - tap(findTestObject("MOBILE/Auth/Login/android.widget.Button - Login"), 0): Tapped on element 'Object Repository/MOBILE/Auth/Login/android.widget.Button - Login'

2022-05-17 11:42:36 - [MESSAGE][WARNING] - Timeout '0' is invalid. Using default page load timeout: '30'

2022-05-17 11:42:37 - [MESSAGE][PASSED] - Tapped on element 'Object Repository/MOBILE/Auth/Login/android.widget.Button - Login'

2022-05-17 11:42:37 - [TEST_STEP][PASSED] - tap(findTestObject("MOBILE/Auth/Login/android.widget.EditText - Email"), 0): Tapped on element 'Object Repository/MOBILE/Auth/Login/android.widget.EditText - Email'

2022-05-17 11:42:37 - [MESSAGE][WARNING] - Timeout '0' is invalid. Using default page load timeout: '30'

2022-05-17 11:42:39 - [MESSAGE][PASSED] - Tapped on element 'Object Repository/MOBILE/Auth/Login/android.widget.EditText - Email'

2022-05-17 11:42:39 - [TEST_STEP][PASSED] - setText(findTestObject("MOBILE/Auth/Login/android.widget.EditText - Email"), findTestData("WEB/Login").getValue(1, i), 0): Text '' has been set to element 'Object Repository/MOBILE/Auth/Login/android.widget.EditText - Email'

2022-05-17 11:42:39 - [MESSAGE][WARNING] - Timeout '0' is invalid. Using default page load timeout: '30'

2022-05-17 11:42:40 - [MESSAGE][PASSED] - Text '' has been set to element 'Object Repository/MOBILE/Auth/Login/android.widget.EditText - Email'

2022-05-17 11:42:40 - [TEST_STEP][PASSED] - tap(findTestObject("MOBILE/Auth/Login/android.widget.EditText - Password"), 0): Tapped on element 'Object Repository/MOBILE/Auth/Login/android.widget.EditText - Password'

2022-05-17 11:42:40 - [MESSAGE][WARNING] - Timeout '0' is invalid. Using default page load timeout: '30'

2022-05-17 11:42:41 - [MESSAGE][PASSED] - Tapped on element 'Object Repository/MOBILE/Auth/Login/android.widget.EditText - Password'

2022-05-17 11:42:41 - [TEST_STEP][PASSED] - setText(findTestObject("MOBILE/Auth/Login/android.widget.EditText - Password"), findTestData("WEB/Login").getValue(2, i), 0): Text '' has been set to element 'Object Repository/MOBILE/Auth/Login/android.widget.EditText - Password'

2022-05-17 11:42:41 - [MESSAGE][WARNING] - Timeout '0' is invalid. Using default page load timeout: '30'

2022-05-17 11:42:41 - [MESSAGE][PASSED] - Text '' has been set to element 'Object Repository/MOBILE/Auth/Login/android.widget.EditText - Password'

2022-05-17 11:42:41 - [TEST_STEP][PASSED] - pressBack(): Press back button successfully

2022-05-17 11:42:42 - [MESSAGE][PASSED] - Press back button successfully

2022-05-17 11:42:42 - [TEST_STEP][PASSED] - tap(findTestObject("MOBILE/Auth/Login/android.widget.Button - Login Button"), 0): Tapped on element 'Object Repository/MOBILE/Auth/Login/android.widget.Button - Login Button'

2022-05-17 11:42:42 - [MESSAGE][WARNING] - Timeout '0' is invalid. Using default page load timeout: '30'

2022-05-17 11:42:43 - [MESSAGE][PASSED] - Tapped on element 'Object Repository/MOBILE/Auth/Login/android.widget.Button - Login Button'

2022-05-17 11:42:43 - [TEST_STEP][PASSED] - delay(3, CONTINUE_ON_FAILURE): Delayed 3 second(s)

2022-05-17 11:42:46 - [MESSAGE][PASSED] - Delayed 3 second(s)

2022-05-17 11:42:46 - [TEST_STEP][PASSED] - if (findTestData("WEB/Login").getValue(3, i) == "negative"): Element 'Object Repository/MOBILE/Auth/Login/android.widget.Button - Login Button' is visible

2022-05-17 11:42:46 - [TEST_STEP][PASSED] - verifyElementVisible(findTestObject("MOBILE/Auth/Login/android.widget.Button - Login Button"), 0, CONTINUE_ON_FAILURE): Element 'Object Repository/MOBILE/Auth/Login/android.widget.Button - Login Button' is visible

2022-05-17 11:42:46 - [MESSAGE][WARNING] - Timeout '0' is invalid. Using default page load timeout: '30'

2022-05-17 11:42:46 - [MESSAGE][PASSED] - Element 'Object Repository/MOBILE/Auth/Login/android.widget.Button - Login Button' is visible

2022-05-17 11:42:46 - [TEST_STEP][PASSED] - pressBack(): Press back button successfully

2022-05-17 11:42:46 - [MESSAGE][PASSED] - Press back button successfully

2022-05-17 11:42:46 - [TEST_STEP][PASSED] - closeApplication(): Close app successfully

2022-05-17 11:42:47 - [MESSAGE][PASSED] - Close app successfully

2022-05-17 11:42:47 - [TEST_STEP][PASSED] - startExistingApplication("com.example.frontend_mobile"): Starting app with application ID: 'com.example.frontend_mobile'

2022-05-17 11:42:48 - [MESSAGE][INFO] - Appium server started on port 54,245

2022-05-17 11:43:00 - [MESSAGE][PASSED] - Starting app with application ID: 'com.example.frontend_mobile'

2022-05-17 11:43:00 - [TEST_STEP][PASSED] - delay(5, CONTINUE_ON_FAILURE): Delayed 5 second(s)

2022-05-17 11:43:05 - [MESSAGE][PASSED] - Delayed 5 second(s)

2022-05-17 11:43:05 - [TEST_STEP][PASSED] - tap(findTestObject("MOBILE/Auth/Login/android.widget.Button - Login"), 0): Tapped on element 'Object Repository/MOBILE/Auth/Login/android.widget.Button - Login'

2022-05-17 11:43:05 - [MESSAGE][WARNING] - Timeout '0' is invalid. Using default page load timeout: '30'

2022-05-17 11:43:07 - [MESSAGE][PASSED] - Tapped on element 'Object Repository/MOBILE/Auth/Login/android.widget.Button - Login'

2022-05-17 11:43:07 - [TEST_STEP][PASSED] - tap(findTestObject("MOBILE/Auth/Login/android.widget.EditText - Email"), 0): Tapped on element 'Object Repository/MOBILE/Auth/Login/android.widget.EditText - Email'

2022-05-17 11:43:07 - [MESSAGE][WARNING] - Timeout '0' is invalid. Using default page load timeout: '30'

2022-05-17 11:43:08 - [MESSAGE][PASSED] - Tapped on element 'Object Repository/MOBILE/Auth/Login/android.widget.EditText - Email'

2022-05-17 11:43:08 - [TEST_STEP][PASSED] - setText(findTestObject("MOBILE/Auth/Login/android.widget.EditText - Email"), findTestData("WEB/Login").getValue(1, i), 0): Text '' has been set to element 'Object Repository/MOBILE/Auth/Login/android.widget.EditText - Email'

2022-05-17 11:43:08 - [MESSAGE][WARNING] - Timeout '0' is invalid. Using default page load timeout: '30'

2022-05-17 11:43:09 - [MESSAGE][PASSED] - Text '' has been set to element 'Object Repository/MOBILE/Auth/Login/android.widget.EditText - Email'

2022-05-17 11:43:09 - [TEST_STEP][PASSED] - tap(findTestObject("MOBILE/Auth/Login/android.widget.EditText - Password"), 0): Tapped on element 'Object Repository/MOBILE/Auth/Login/android.widget.EditText - Password'

2022-05-17 11:43:09 - [MESSAGE][WARNING] - Timeout '0' is invalid. Using default page load timeout: '30'

2022-05-17 11:43:09 - [MESSAGE][PASSED] - Tapped on element 'Object Repository/MOBILE/Auth/Login/android.widget.EditText - Password'

2022-05-17 11:43:09 - [TEST_STEP][PASSED] - setText(findTestObject("MOBILE/Auth/Login/android.widget.EditText - Password"), findTestData("WEB/Login").getValue(2, i), 0): Text 'salsabila' has been set to element 'Object Repository/MOBILE/Auth/Login/android.widget.EditText - Password'

2022-05-17 11:43:09 - [MESSAGE][WARNING] - Timeout '0' is invalid. Using default page load timeout: '30'

2022-05-17 11:43:10 - [MESSAGE][PASSED] - Text 'salsabila' has been set to element 'Object Repository/MOBILE/Auth/Login/android.widget.EditText - Password'

2022-05-17 11:43:10 - [TEST_STEP][PASSED] - pressBack(): Press back button successfully

2022-05-17 11:43:11 - [MESSAGE][PASSED] - Press back button successfully

2022-05-17 11:43:11 - [TEST_STEP][PASSED] - tap(findTestObject("MOBILE/Auth/Login/android.widget.Button - Login Button"), 0): Tapped on element 'Object Repository/MOBILE/Auth/Login/android.widget.Button - Login Button'

2022-05-17 11:43:11 - [MESSAGE][WARNING] - Timeout '0' is invalid. Using default page load timeout: '30'

2022-05-17 11:43:13 - [MESSAGE][PASSED] - Tapped on element 'Object Repository/MOBILE/Auth/Login/android.widget.Button - Login Button'

2022-05-17 11:43:13 - [TEST_STEP][PASSED] - delay(3, CONTINUE_ON_FAILURE): Delayed 3 second(s)

2022-05-17 11:43:16 - [MESSAGE][PASSED] - Delayed 3 second(s)

2022-05-17 11:43:16 - [TEST_STEP][PASSED] - if (findTestData("WEB/Login").getValue(3, i) == "negative"): Element 'Object Repository/MOBILE/Auth/Login/android.widget.Button - Login Button' is visible

2022-05-17 11:43:16 - [TEST_STEP][PASSED] - verifyElementVisible(findTestObject("MOBILE/Auth/Login/android.widget.Button - Login Button"), 0, CONTINUE_ON_FAILURE): Element 'Object Repository/MOBILE/Auth/Login/android.widget.Button - Login Button' is visible

2022-05-17 11:43:16 - [MESSAGE][WARNING] - Timeout '0' is invalid. Using default page load timeout: '30'

2022-05-17 11:43:17 - [MESSAGE][PASSED] - Element 'Object Repository/MOBILE/Auth/Login/android.widget.Button - Login Button' is visible

2022-05-17 11:43:17 - [TEST_STEP][PASSED] - pressBack(): Press back button successfully

2022-05-17 11:43:17 - [MESSAGE][PASSED] - Press back button successfully

2022-05-17 11:43:17 - [TEST_STEP][PASSED] - closeApplication(): Close app successfully

2022-05-17 11:43:18 - [MESSAGE][PASSED] - Close app successfully

2022-05-17 11:43:18 - [TEST_STEP][PASSED] - startExistingApplication("com.example.frontend_mobile"): Starting app with application ID: 'com.example.frontend_mobile'

2022-05-17 11:43:20 - [MESSAGE][INFO] - Appium server started on port 54,434

2022-05-17 11:43:32 - [MESSAGE][PASSED] - Starting app with application ID: 'com.example.frontend_mobile'

2022-05-17 11:43:32 - [TEST_STEP][PASSED] - delay(5, CONTINUE_ON_FAILURE): Delayed 5 second(s)

2022-05-17 11:43:37 - [MESSAGE][PASSED] - Delayed 5 second(s)

2022-05-17 11:43:37 - [TEST_STEP][PASSED] - tap(findTestObject("MOBILE/Auth/Login/android.widget.Button - Login"), 0): Tapped on element 'Object Repository/MOBILE/Auth/Login/android.widget.Button - Login'

2022-05-17 11:43:37 - [MESSAGE][WARNING] - Timeout '0' is invalid. Using default page load timeout: '30'

2022-05-17 11:43:39 - [MESSAGE][PASSED] - Tapped on element 'Object Repository/MOBILE/Auth/Login/android.widget.Button - Login'

2022-05-17 11:43:39 - [TEST_STEP][PASSED] - tap(findTestObject("MOBILE/Auth/Login/android.widget.EditText - Email"), 0): Tapped on element 'Object Repository/MOBILE/Auth/Login/android.widget.EditText - Email'

2022-05-17 11:43:39 - [MESSAGE][WARNING] - Timeout '0' is invalid. Using default page load timeout: '30'

2022-05-17 11:43:39 - [MESSAGE][PASSED] - Tapped on element 'Object Repository/MOBILE/Auth/Login/android.widget.EditText - Email'

2022-05-17 11:43:39 - [TEST_STEP][PASSED] - setText(findTestObject("MOBILE/Auth/Login/android.widget.EditText - Email"), findTestData("WEB/Login").getValue(1, i), 0): Text 'salsabila@gmail.com' has been set to element 'Object Repository/MOBILE/Auth/Login/android.widget.EditText - Email'

2022-05-17 11:43:39 - [MESSAGE][WARNING] - Timeout '0' is invalid. Using default page load timeout: '30'

2022-05-17 11:43:41 - [MESSAGE][PASSED] - Text 'salsabila@gmail.com' has been set to element 'Object Repository/MOBILE/Auth/Login/android.widget.EditText - Email'

2022-05-17 11:43:41 - [TEST_STEP][PASSED] - tap(findTestObject("MOBILE/Auth/Login/android.widget.EditText - Password"), 0): Tapped on element 'Object Repository/MOBILE/Auth/Login/android.widget.EditText - Password'

2022-05-17 11:43:41 - [MESSAGE][WARNING] - Timeout '0' is invalid. Using default page load timeout: '30'

2022-05-17 11:43:42 - [MESSAGE][PASSED] - Tapped on element 'Object Repository/MOBILE/Auth/Login/android.widget.EditText - Password'

2022-05-17 11:43:42 - [TEST_STEP][PASSED] - setText(findTestObject("MOBILE/Auth/Login/android.widget.EditText - Password"), findTestData("WEB/Login").getValue(2, i), 0): Text '' has been set to element 'Object Repository/MOBILE/Auth/Login/android.widget.EditText - Password'

2022-05-17 11:43:42 - [MESSAGE][WARNING] - Timeout '0' is invalid. Using default page load timeout: '30'

2022-05-17 11:43:43 - [MESSAGE][PASSED] - Text '' has been set to element 'Object Repository/MOBILE/Auth/Login/android.widget.EditText - Password'

2022-05-17 11:43:43 - [TEST_STEP][PASSED] - pressBack(): Press back button successfully

2022-05-17 11:43:43 - [MESSAGE][PASSED] - Press back button successfully

2022-05-17 11:43:43 - [TEST_STEP][PASSED] - tap(findTestObject("MOBILE/Auth/Login/android.widget.Button - Login Button"), 0): Tapped on element 'Object Repository/MOBILE/Auth/Login/android.widget.Button - Login Button'

2022-05-17 11:43:43 - [MESSAGE][WARNING] - Timeout '0' is invalid. Using default page load timeout: '30'

2022-05-17 11:43:45 - [MESSAGE][PASSED] - Tapped on element 'Object Repository/MOBILE/Auth/Login/android.widget.Button - Login Button'

2022-05-17 11:43:45 - [TEST_STEP][PASSED] - delay(3, CONTINUE_ON_FAILURE): Delayed 3 second(s)

2022-05-17 11:43:48 - [MESSAGE][PASSED] - Delayed 3 second(s)

2022-05-17 11:43:48 - [TEST_STEP][PASSED] - if (findTestData("WEB/Login").getValue(3, i) == "negative"): Element 'Object Repository/MOBILE/Auth/Login/android.widget.Button - Login Button' is visible

2022-05-17 11:43:48 - [TEST_STEP][PASSED] - verifyElementVisible(findTestObject("MOBILE/Auth/Login/android.widget.Button - Login Button"), 0, CONTINUE_ON_FAILURE): Element 'Object Repository/MOBILE/Auth/Login/android.widget.Button - Login Button' is visible

2022-05-17 11:43:48 - [MESSAGE][WARNING] - Timeout '0' is invalid. Using default page load timeout: '30'

2022-05-17 11:43:48 - [MESSAGE][PASSED] - Element 'Object Repository/MOBILE/Auth/Login/android.widget.Button - Login Button' is visible

2022-05-17 11:43:48 - [TEST_STEP][PASSED] - pressBack(): Press back button successfully

2022-05-17 11:43:49 - [MESSAGE][PASSED] - Press back button successfully

2022-05-17 11:43:49 - [TEST_STEP][PASSED] - closeApplication(): Close app successfully

2022-05-17 11:43:49 - [MESSAGE][PASSED] - Close app successfully

2022-05-17 11:43:49 - [TEST_STEP][PASSED] - startExistingApplication("com.example.frontend_mobile"): Starting app with application ID: 'com.example.frontend_mobile'

2022-05-17 11:43:51 - [MESSAGE][INFO] - Appium server started on port 54,624

2022-05-17 11:44:02 - [MESSAGE][PASSED] - Starting app with application ID: 'com.example.frontend_mobile'

2022-05-17 11:44:02 - [TEST_STEP][PASSED] - delay(5, CONTINUE_ON_FAILURE): Delayed 5 second(s)

2022-05-17 11:44:07 - [MESSAGE][PASSED] - Delayed 5 second(s)

2022-05-17 11:44:07 - [TEST_STEP][PASSED] - tap(findTestObject("MOBILE/Auth/Login/android.widget.Button - Login"), 0): Tapped on element 'Object Repository/MOBILE/Auth/Login/android.widget.Button - Login'

2022-05-17 11:44:07 - [MESSAGE][WARNING] - Timeout '0' is invalid. Using default page load timeout: '30'

2022-05-17 11:44:08 - [MESSAGE][PASSED] - Tapped on element 'Object Repository/MOBILE/Auth/Login/android.widget.Button - Login'

2022-05-17 11:44:08 - [TEST_STEP][PASSED] - tap(findTestObject("MOBILE/Auth/Login/android.widget.EditText - Email"), 0): Tapped on element 'Object Repository/MOBILE/Auth/Login/android.widget.EditText - Email'

2022-05-17 11:44:08 - [MESSAGE][WARNING] - Timeout '0' is invalid. Using default page load timeout: '30'

2022-05-17 11:44:09 - [MESSAGE][PASSED] - Tapped on element 'Object Repository/MOBILE/Auth/Login/android.widget.EditText - Email'

2022-05-17 11:44:09 - [TEST_STEP][PASSED] - setText(findTestObject("MOBILE/Auth/Login/android.widget.EditText - Email"), findTestData("WEB/Login").getValue(1, i), 0): Text 'salsabila@gmail.com' has been set to element 'Object Repository/MOBILE/Auth/Login/android.widget.EditText - Email'

2022-05-17 11:44:09 - [MESSAGE][WARNING] - Timeout '0' is invalid. Using default page load timeout: '30'

2022-05-17 11:44:11 - [MESSAGE][PASSED] - Text 'salsabila@gmail.com' has been set to element 'Object Repository/MOBILE/Auth/Login/android.widget.EditText - Email'

2022-05-17 11:44:11 - [TEST_STEP][PASSED] - tap(findTestObject("MOBILE/Auth/Login/android.widget.EditText - Password"), 0): Tapped on element 'Object Repository/MOBILE/Auth/Login/android.widget.EditText - Password'

2022-05-17 11:44:11 - [MESSAGE][WARNING] - Timeout '0' is invalid. Using default page load timeout: '30'

2022-05-17 11:44:12 - [MESSAGE][PASSED] - Tapped on element 'Object Repository/MOBILE/Auth/Login/android.widget.EditText - Password'

2022-05-17 11:44:12 - [TEST_STEP][PASSED] - setText(findTestObject("MOBILE/Auth/Login/android.widget.EditText - Password"), findTestData("WEB/Login").getValue(2, i), 0): Text 'bila' has been set to element 'Object Repository/MOBILE/Auth/Login/android.widget.EditText - Password'

2022-05-17 11:44:12 - [MESSAGE][WARNING] - Timeout '0' is invalid. Using default page load timeout: '30'

2022-05-17 11:44:13 - [MESSAGE][PASSED] - Text 'bila' has been set to element 'Object Repository/MOBILE/Auth/Login/android.widget.EditText - Password'

2022-05-17 11:44:13 - [TEST_STEP][PASSED] - pressBack(): Press back button successfully

2022-05-17 11:44:14 - [MESSAGE][PASSED] - Press back button successfully

2022-05-17 11:44:14 - [TEST_STEP][PASSED] - tap(findTestObject("MOBILE/Auth/Login/android.widget.Button - Login Button"), 0): Tapped on element 'Object Repository/MOBILE/Auth/Login/android.widget.Button - Login Button'

2022-05-17 11:44:14 - [MESSAGE][WARNING] - Timeout '0' is invalid. Using default page load timeout: '30'

2022-05-17 11:44:16 - [MESSAGE][PASSED] - Tapped on element 'Object Repository/MOBILE/Auth/Login/android.widget.Button - Login Button'

2022-05-17 11:44:16 - [TEST_STEP][PASSED] - delay(3, CONTINUE_ON_FAILURE): Delayed 3 second(s)

2022-05-17 11:44:19 - [MESSAGE][PASSED] - Delayed 3 second(s)

2022-05-17 11:44:19 - [TEST_STEP][PASSED] - if (findTestData("WEB/Login").getValue(3, i) == "negative"): Element 'Object Repository/MOBILE/Auth/Login/android.widget.Button - Login Button' is visible

2022-05-17 11:44:19 - [TEST_STEP][PASSED] - verifyElementVisible(findTestObject("MOBILE/Auth/Login/android.widget.Button - Login Button"), 0, CONTINUE_ON_FAILURE): Element 'Object Repository/MOBILE/Auth/Login/android.widget.Button - Login Button' is visible

2022-05-17 11:44:19 - [MESSAGE][WARNING] - Timeout '0' is invalid. Using default page load timeout: '30'

2022-05-17 11:44:19 - [MESSAGE][PASSED] - Element 'Object Repository/MOBILE/Auth/Login/android.widget.Button - Login Button' is visible

2022-05-17 11:44:19 - [TEST_STEP][PASSED] - pressBack(): Press back button successfully

2022-05-17 11:44:19 - [MESSAGE][PASSED] - Press back button successfully

2022-05-17 11:44:19 - [TEST_STEP][PASSED] - closeApplication(): Close app successfully

2022-05-17 11:44:20 - [MESSAGE][PASSED] - Close app successfully

2022-05-17 11:44:20 - [TEST_STEP][PASSED] - startExistingApplication("com.example.frontend_mobile"): Starting app with application ID: 'com.example.frontend_mobile'

2022-05-17 11:44:21 - [MESSAGE][INFO] - Appium server started on port 54,817

2022-05-17 11:44:33 - [MESSAGE][PASSED] - Starting app with application ID: 'com.example.frontend_mobile'

2022-05-17 11:44:33 - [TEST_STEP][PASSED] - delay(5, CONTINUE_ON_FAILURE): Delayed 5 second(s)

2022-05-17 11:44:38 - [MESSAGE][PASSED] - Delayed 5 second(s)

2022-05-17 11:44:38 - [TEST_STEP][PASSED] - tap(findTestObject("MOBILE/Auth/Login/android.widget.Button - Login"), 0): Tapped on element 'Object Repository/MOBILE/Auth/Login/android.widget.Button - Login'

2022-05-17 11:44:38 - [MESSAGE][WARNING] - Timeout '0' is invalid. Using default page load timeout: '30'

2022-05-17 11:44:40 - [MESSAGE][PASSED] - Tapped on element 'Object Repository/MOBILE/Auth/Login/android.widget.Button - Login'

2022-05-17 11:44:40 - [TEST_STEP][PASSED] - tap(findTestObject("MOBILE/Auth/Login/android.widget.EditText - Email"), 0): Tapped on element 'Object Repository/MOBILE/Auth/Login/android.widget.EditText - Email'

2022-05-17 11:44:40 - [MESSAGE][WARNING] - Timeout '0' is invalid. Using default page load timeout: '30'

2022-05-17 11:44:41 - [MESSAGE][PASSED] - Tapped on element 'Object Repository/MOBILE/Auth/Login/android.widget.EditText - Email'

2022-05-17 11:44:41 - [TEST_STEP][PASSED] - setText(findTestObject("MOBILE/Auth/Login/android.widget.EditText - Email"), findTestData("WEB/Login").getValue(1, i), 0): Text 'salsabila0123@gmail.com' has been set to element 'Object Repository/MOBILE/Auth/Login/android.widget.EditText - Email'

2022-05-17 11:44:41 - [MESSAGE][WARNING] - Timeout '0' is invalid. Using default page load timeout: '30'

2022-05-17 11:44:42 - [MESSAGE][PASSED] - Text 'salsabila0123@gmail.com' has been set to element 'Object Repository/MOBILE/Auth/Login/android.widget.EditText - Email'

2022-05-17 11:44:42 - [TEST_STEP][PASSED] - tap(findTestObject("MOBILE/Auth/Login/android.widget.EditText - Password"), 0): Tapped on element 'Object Repository/MOBILE/Auth/Login/android.widget.EditText - Password'

2022-05-17 11:44:42 - [MESSAGE][WARNING] - Timeout '0' is invalid. Using default page load timeout: '30'

2022-05-17 11:44:43 - [MESSAGE][PASSED] - Tapped on element 'Object Repository/MOBILE/Auth/Login/android.widget.EditText - Password'

2022-05-17 11:44:43 - [TEST_STEP][PASSED] - setText(findTestObject("MOBILE/Auth/Login/android.widget.EditText - Password"), findTestData("WEB/Login").getValue(2, i), 0): Text 'salsabila' has been set to element 'Object Repository/MOBILE/Auth/Login/android.widget.EditText - Password'

2022-05-17 11:44:43 - [MESSAGE][WARNING] - Timeout '0' is invalid. Using default page load timeout: '30'

2022-05-17 11:44:45 - [MESSAGE][PASSED] - Text 'salsabila' has been set to element 'Object Repository/MOBILE/Auth/Login/android.widget.EditText - Password'

2022-05-17 11:44:45 - [TEST_STEP][PASSED] - pressBack(): Press back button successfully

2022-05-17 11:44:45 - [MESSAGE][PASSED] - Press back button successfully

2022-05-17 11:44:45 - [TEST_STEP][PASSED] - tap(findTestObject("MOBILE/Auth/Login/android.widget.Button - Login Button"), 0): Tapped on element 'Object Repository/MOBILE/Auth/Login/android.widget.Button - Login Button'

2022-05-17 11:44:46 - [MESSAGE][WARNING] - Timeout '0' is invalid. Using default page load timeout: '30'

2022-05-17 11:44:47 - [MESSAGE][PASSED] - Tapped on element 'Object Repository/MOBILE/Auth/Login/android.widget.Button - Login Button'

2022-05-17 11:44:47 - [TEST_STEP][PASSED] - delay(3, CONTINUE_ON_FAILURE): Delayed 3 second(s)

2022-05-17 11:44:50 - [MESSAGE][PASSED] - Delayed 3 second(s)

2022-05-17 11:44:50 - [TEST_STEP][PASSED] - if (findTestData("WEB/Login").getValue(3, i) == "negative"): Element 'Object Repository/MOBILE/Auth/Login/android.widget.Button - Login Button' is visible

2022-05-17 11:44:50 - [TEST_STEP][PASSED] - verifyElementVisible(findTestObject("MOBILE/Auth/Login/android.widget.Button - Login Button"), 0, CONTINUE_ON_FAILURE): Element 'Object Repository/MOBILE/Auth/Login/android.widget.Button - Login Button' is visible

2022-05-17 11:44:50 - [MESSAGE][WARNING] - Timeout '0' is invalid. Using default page load timeout: '30'

2022-05-17 11:44:50 - [MESSAGE][PASSED] - Element 'Object Repository/MOBILE/Auth/Login/android.widget.Button - Login Button' is visible

2022-05-17 11:44:50 - [TEST_STEP][PASSED] - pressBack(): Press back button successfully

2022-05-17 11:44:50 - [MESSAGE][PASSED] - Press back button successfully

2022-05-17 11:44:50 - [TEST_STEP][PASSED] - closeApplication(): Close app successfully

2022-05-17 11:44:51 - [MESSAGE][PASSED] - Close app successfully

2022-05-17 11:44:51 - [TEST_STEP][PASSED] - startExistingApplication("com.example.frontend_mobile"): Starting app with application ID: 'com.example.frontend_mobile'

2022-05-17 11:44:52 - [MESSAGE][INFO] - Appium server started on port 55,007

2022-05-17 11:45:04 - [MESSAGE][PASSED] - Starting app with application ID: 'com.example.frontend_mobile'

2022-05-17 11:45:04 - [TEST_STEP][PASSED] - delay(5, CONTINUE_ON_FAILURE): Delayed 5 second(s)

2022-05-17 11:45:09 - [MESSAGE][PASSED] - Delayed 5 second(s)

2022-05-17 11:45:09 - [TEST_STEP][PASSED] - tap(findTestObject("MOBILE/Auth/Login/android.widget.Button - Login"), 0): Tapped on element 'Object Repository/MOBILE/Auth/Login/android.widget.Button - Login'

2022-05-17 11:45:09 - [MESSAGE][WARNING] - Timeout '0' is invalid. Using default page load timeout: '30'

2022-05-17 11:45:11 - [MESSAGE][PASSED] - Tapped on element 'Object Repository/MOBILE/Auth/Login/android.widget.Button - Login'

2022-05-17 11:45:11 - [TEST_STEP][PASSED] - tap(findTestObject("MOBILE/Auth/Login/android.widget.EditText - Email"), 0): Tapped on element 'Object Repository/MOBILE/Auth/Login/android.widget.EditText - Email'

2022-05-17 11:45:11 - [MESSAGE][WARNING] - Timeout '0' is invalid. Using default page load timeout: '30'

2022-05-17 11:45:13 - [MESSAGE][PASSED] - Tapped on element 'Object Repository/MOBILE/Auth/Login/android.widget.EditText - Email'

2022-05-17 11:45:13 - [TEST_STEP][PASSED] - setText(findTestObject("MOBILE/Auth/Login/android.widget.EditText - Email"), findTestData("WEB/Login").getValue(1, i), 0): Text 'halosalsa' has been set to element 'Object Repository/MOBILE/Auth/Login/android.widget.EditText - Email'

2022-05-17 11:45:13 - [MESSAGE][WARNING] - Timeout '0' is invalid. Using default page load timeout: '30'

2022-05-17 11:45:14 - [MESSAGE][PASSED] - Text 'halosalsa' has been set to element 'Object Repository/MOBILE/Auth/Login/android.widget.EditText - Email'

2022-05-17 11:45:14 - [TEST_STEP][PASSED] - tap(findTestObject("MOBILE/Auth/Login/android.widget.EditText - Password"), 0): Tapped on element 'Object Repository/MOBILE/Auth/Login/android.widget.EditText - Password'

2022-05-17 11:45:14 - [MESSAGE][WARNING] - Timeout '0' is invalid. Using default page load timeout: '30'

2022-05-17 11:45:15 - [MESSAGE][PASSED] - Tapped on element 'Object Repository/MOBILE/Auth/Login/android.widget.EditText - Password'

2022-05-17 11:45:15 - [TEST_STEP][PASSED] - setText(findTestObject("MOBILE/Auth/Login/android.widget.EditText - Password"), findTestData("WEB/Login").getValue(2, i), 0): Text 'salsabila' has been set to element 'Object Repository/MOBILE/Auth/Login/android.widget.EditText - Password'

2022-05-17 11:45:15 - [MESSAGE][WARNING] - Timeout '0' is invalid. Using default page load timeout: '30'

2022-05-17 11:45:16 - [MESSAGE][PASSED] - Text 'salsabila' has been set to element 'Object Repository/MOBILE/Auth/Login/android.widget.EditText - Password'

2022-05-17 11:45:16 - [TEST_STEP][PASSED] - pressBack(): Press back button successfully

2022-05-17 11:45:16 - [MESSAGE][PASSED] - Press back button successfully

2022-05-17 11:45:16 - [TEST_STEP][PASSED] - tap(findTestObject("MOBILE/Auth/Login/android.widget.Button - Login Button"), 0): Tapped on element 'Object Repository/MOBILE/Auth/Login/android.widget.Button - Login Button'

2022-05-17 11:45:16 - [MESSAGE][WARNING] - Timeout '0' is invalid. Using default page load timeout: '30'

2022-05-17 11:45:17 - [MESSAGE][PASSED] - Tapped on element 'Object Repository/MOBILE/Auth/Login/android.widget.Button - Login Button'

2022-05-17 11:45:17 - [TEST_STEP][PASSED] - delay(3, CONTINUE_ON_FAILURE): Delayed 3 second(s)

2022-05-17 11:45:20 - [MESSAGE][PASSED] - Delayed 3 second(s)

2022-05-17 11:45:20 - [TEST_STEP][PASSED] - if (findTestData("WEB/Login").getValue(3, i) == "negative"): Element 'Object Repository/MOBILE/Auth/Login/android.widget.Button - Login Button' is visible

2022-05-17 11:45:20 - [TEST_STEP][PASSED] - verifyElementVisible(findTestObject("MOBILE/Auth/Login/android.widget.Button - Login Button"), 0, CONTINUE_ON_FAILURE): Element 'Object Repository/MOBILE/Auth/Login/android.widget.Button - Login Button' is visible

2022-05-17 11:45:20 - [MESSAGE][WARNING] - Timeout '0' is invalid. Using default page load timeout: '30'

2022-05-17 11:45:21 - [MESSAGE][PASSED] - Element 'Object Repository/MOBILE/Auth/Login/android.widget.Button - Login Button' is visible

2022-05-17 11:45:21 - [TEST_STEP][PASSED] - pressBack(): Press back button successfully

2022-05-17 11:45:21 - [MESSAGE][PASSED] - Press back button successfully

2022-05-17 11:45:21 - [TEST_STEP][PASSED] - closeApplication(): Close app successfully

2022-05-17 11:45:21 - [MESSAGE][PASSED] - Close app successfully

2022-05-17 11:45:21 - [TEST_STEP][PASSED] - startExistingApplication("com.example.frontend_mobile"): Starting app with application ID: 'com.example.frontend_mobile'

2022-05-17 11:45:23 - [MESSAGE][INFO] - Appium server started on port 55,196

2022-05-17 11:45:35 - [MESSAGE][PASSED] - Starting app with application ID: 'com.example.frontend_mobile'

2022-05-17 11:45:35 - [TEST_STEP][PASSED] - delay(5, CONTINUE_ON_FAILURE): Delayed 5 second(s)

2022-05-17 11:45:40 - [MESSAGE][PASSED] - Delayed 5 second(s)

2022-05-17 11:45:40 - [TEST_STEP][PASSED] - tap(findTestObject("MOBILE/Auth/Login/android.widget.Button - Login"), 0): Tapped on element 'Object Repository/MOBILE/Auth/Login/android.widget.Button - Login'

2022-05-17 11:45:40 - [MESSAGE][WARNING] - Timeout '0' is invalid. Using default page load timeout: '30'

2022-05-17 11:45:41 - [MESSAGE][PASSED] - Tapped on element 'Object Repository/MOBILE/Auth/Login/android.widget.Button - Login'

2022-05-17 11:45:41 - [TEST_STEP][PASSED] - tap(findTestObject("MOBILE/Auth/Login/android.widget.EditText - Email"), 0): Tapped on element 'Object Repository/MOBILE/Auth/Login/android.widget.EditText - Email'

2022-05-17 11:45:41 - [MESSAGE][WARNING] - Timeout '0' is invalid. Using default page load timeout: '30'

2022-05-17 11:45:43 - [MESSAGE][PASSED] - Tapped on element 'Object Repository/MOBILE/Auth/Login/android.widget.EditText - Email'

2022-05-17 11:45:43 - [TEST_STEP][PASSED] - setText(findTestObject("MOBILE/Auth/Login/android.widget.EditText - Email"), findTestData("WEB/Login").getValue(1, i), 0): Text 'salsabila@gmail.com' has been set to element 'Object Repository/MOBILE/Auth/Login/android.widget.EditText - Email'

2022-05-17 11:45:43 - [MESSAGE][WARNING] - Timeout '0' is invalid. Using default page load timeout: '30'

2022-05-17 11:45:44 - [MESSAGE][PASSED] - Text 'salsabila@gmail.com' has been set to element 'Object Repository/MOBILE/Auth/Login/android.widget.EditText - Email'

2022-05-17 11:45:44 - [TEST_STEP][PASSED] - tap(findTestObject("MOBILE/Auth/Login/android.widget.EditText - Password"), 0): Tapped on element 'Object Repository/MOBILE/Auth/Login/android.widget.EditText - Password'

2022-05-17 11:45:44 - [MESSAGE][WARNING] - Timeout '0' is invalid. Using default page load timeout: '30'

2022-05-17 11:45:45 - [MESSAGE][PASSED] - Tapped on element 'Object Repository/MOBILE/Auth/Login/android.widget.EditText - Password'

2022-05-17 11:45:45 - [TEST_STEP][PASSED] - setText(findTestObject("MOBILE/Auth/Login/android.widget.EditText - Password"), findTestData("WEB/Login").getValue(2, i), 0): Text 'salsabila' has been set to element 'Object Repository/MOBILE/Auth/Login/android.widget.EditText - Password'

2022-05-17 11:45:45 - [MESSAGE][WARNING] - Timeout '0' is invalid. Using default page load timeout: '30'

2022-05-17 11:45:46 - [MESSAGE][PASSED] - Text 'salsabila' has been set to element 'Object Repository/MOBILE/Auth/Login/android.widget.EditText - Password'

2022-05-17 11:45:46 - [TEST_STEP][PASSED] - pressBack(): Press back button successfully

2022-05-17 11:45:47 - [MESSAGE][PASSED] - Press back button successfully

2022-05-17 11:45:47 - [TEST_STEP][PASSED] - tap(findTestObject("MOBILE/Auth/Login/android.widget.Button - Login Button"), 0): Tapped on element 'Object Repository/MOBILE/Auth/Login/android.widget.Button - Login Button'

2022-05-17 11:45:47 - [MESSAGE][WARNING] - Timeout '0' is invalid. Using default page load timeout: '30'

2022-05-17 11:45:48 - [MESSAGE][PASSED] - Tapped on element 'Object Repository/MOBILE/Auth/Login/android.widget.Button - Login Button'

2022-05-17 11:45:48 - [TEST_STEP][PASSED] - delay(3, CONTINUE_ON_FAILURE): Delayed 3 second(s)

2022-05-17 11:45:51 - [MESSAGE][PASSED] - Delayed 3 second(s)

2022-05-17 11:45:51 - [TEST_STEP][PASSED] - if (findTestData("WEB/Login").getValue(3, i) == "negative"): null

2022-05-17 11:45:51 - [TEST_STEP][PASSED] - else: Element 'Object Repository/MOBILE/Auth/Logout/android.widget.Button - Logout' is visible

2022-05-17 11:45:51 - [TEST_STEP][PASSED] - verifyElementVisible(findTestObject("MOBILE/Auth/Logout/android.widget.Button - Logout"), 0, CONTINUE_ON_FAILURE): Element 'Object Repository/MOBILE/Auth/Logout/android.widget.Button - Logout' is visible

2022-05-17 11:45:51 - [MESSAGE][WARNING] - Timeout '0' is invalid. Using default page load timeout: '30'

2022-05-17 11:45:52 - [MESSAGE][PASSED] - Element 'Object Repository/MOBILE/Auth/Logout/android.widget.Button - Logout' is visible

2022-05-17 11:45:52 - [TEST_STEP][PASSED] - pressBack(): Press back button successfully

2022-05-17 11:45:52 - [MESSAGE][PASSED] - Press back button successfully

2022-05-17 11:45:52 - [TEST_STEP][PASSED] - closeApplication(): Close app successfully

2022-05-17 11:45:52 - [MESSAGE][PASSED] - Close app successfully]]></system-out>
         <system-err><![CDATA[]]></system-err>
      </testcase>
      <testcase name="Test Cases/MOBILE/Auth/Logout" time="32.316" classname="Test Cases/MOBILE/Auth/Logout" status="FAILED">
         <failure type="FAILED" message="Test Cases/MOBILE/Auth/Logout FAILED.
Reason:
com.kms.katalon.core.exception.StepFailedException: Unable to call Test Case 'Test Cases/MOBILE/Auth/Login_Success' (Root cause: com.kms.katalon.core.exception.StepFailedException: Call Test Case 'Test Cases/MOBILE/Auth/Login_Success' failed
	at com.kms.katalon.core.keyword.builtin.CallTestCaseKeyword$_callTestCase_closure1.doCall(CallTestCaseKeyword.groovy:63)
	at com.kms.katalon.core.keyword.builtin.CallTestCaseKeyword$_callTestCase_closure1.call(CallTestCaseKeyword.groovy)
	at com.kms.katalon.core.keyword.internal.KeywordMain.runKeyword(KeywordMain.groovy:74)
	at com.kms.katalon.core.keyword.builtin.CallTestCaseKeyword.callTestCase(CallTestCaseKeyword.groovy:81)
	at com.kms.katalon.core.keyword.builtin.CallTestCaseKeyword.execute(CallTestCaseKeyword.groovy:44)
	at com.kms.katalon.core.keyword.internal.KeywordExecutor.executeKeywordForPlatform(KeywordExecutor.groovy:74)
	at com.kms.katalon.core.keyword.BuiltinKeywords.callTestCase(BuiltinKeywords.groovy:334)
	at Logout.run(Logout:22)
	at com.kms.katalon.core.main.ScriptEngine.run(ScriptEngine.java:194)
	at com.kms.katalon.core.main.ScriptEngine.runScriptAsRawText(ScriptEngine.java:119)
	at com.kms.katalon.core.main.TestCaseExecutor.runScript(TestCaseExecutor.java:442)
	at com.kms.katalon.core.main.TestCaseExecutor.doExecute(TestCaseExecutor.java:433)
	at com.kms.katalon.core.main.TestCaseExecutor.processExecutionPhase(TestCaseExecutor.java:412)
	at com.kms.katalon.core.main.TestCaseExecutor.accessMainPhase(TestCaseExecutor.java:404)
	at com.kms.katalon.core.main.TestCaseExecutor.execute(TestCaseExecutor.java:281)
	at com.kms.katalon.core.main.TestSuiteExecutor.accessTestCaseMainPhase(TestSuiteExecutor.java:202)
	at com.kms.katalon.core.main.TestSuiteExecutor.accessTestSuiteMainPhase(TestSuiteExecutor.java:164)
	at com.kms.katalon.core.main.TestSuiteExecutor.execute(TestSuiteExecutor.java:105)
	at com.kms.katalon.core.main.TestCaseMain.startTestSuite(TestCaseMain.java:185)
	at com.kms.katalon.core.main.TestCaseMain$startTestSuite$0.call(Unknown Source)
	at TempTestSuite1652762281619.run(TempTestSuite1652762281619.groovy:36)
Caused by: com.kms.katalon.core.exception.StepFailedException: Failed to check for element 'Object Repository/MOBILE/Auth/Login/android.widget.Button - Logout' visible (Root cause: org.openqa.selenium.StaleElementReferenceException: Cached elements 'By.xpath: //hierarchy/android.widget.FrameLayout[1]/android.widget.LinearLayout[1]/android.widget.FrameLayout[1]/android.widget.FrameLayout[1]/android.view.View[1]/android.view.View[1]/android.view.View[1]/android.view.View[1]/android.view.View[1]/android.widget.Button[1]' do not exist in DOM anymore
For documentation on this error, please visit: https://www.seleniumhq.org/exceptions/stale_element_reference.html
Build info: version: '3.141.59', revision: 'e82be7d358', time: '2018-11-14T08:25:53'
System info: host: 'SALSABILA', ip: '192.168.200.173', os.name: 'Windows 10', os.arch: 'amd64', os.version: '10.0', java.version: '1.8.0_282'
Driver info: com.kms.katalon.core.appium.driver.SwipeableAndroidDriver
Capabilities {appActivity: .Settings, appPackage: com.android.settings, autoGrantPermissions: true, automationName: uiautomator2, chromedriverPort: 55386, databaseEnabled: false, desired: {appActivity: .Settings, appPackage: com.android.settings, autoGrantPermissions: true, automationName: uiautomator2, chromedriverPort: 55386, deviceName: Xiaomi M2003J15SC (Android 11), newCommandTimeout: 1800, platform: ANDROID, platformName: android, platformVersion: 11, systemPort: 8221, udid: aeebca410407}, deviceApiLevel: 30, deviceManufacturer: Xiaomi, deviceModel: M2003J15SC, deviceName: aeebca410407, deviceScreenDensity: 352, deviceScreenSize: 1080x2340, deviceUDID: aeebca410407, javascriptEnabled: true, locationContextEnabled: false, networkConnectionEnabled: true, newCommandTimeout: 1800, pixelRatio: 2.2, platform: ANDROID, platformName: Android, platformVersion: 11, statBarHeight: 100, systemPort: 8221, takesScreenshot: true, udid: aeebca410407, viewportRect: {height: 2036, left: 0, top: 100, width: 1080}, warnings: {}, webStorageEnabled: false}
Session ID: e14d92ea-d2b4-430d-bccb-2ab48933b62c
	at org.openqa.selenium.remote.http.W3CHttpResponseCodec.createException(W3CHttpResponseCodec.java:187)
	at org.openqa.selenium.remote.http.W3CHttpResponseCodec.decode(W3CHttpResponseCodec.java:122)
	at org.openqa.selenium.remote.http.W3CHttpResponseCodec.decode(W3CHttpResponseCodec.java:49)
	at org.openqa.selenium.remote.HttpCommandExecutor.execute(HttpCommandExecutor.java:158)
	at io.appium.java_client.remote.AppiumCommandExecutor.execute(AppiumCommandExecutor.java:239)
	at org.openqa.selenium.remote.RemoteWebDriver.execute(RemoteWebDriver.java:552)
	at io.appium.java_client.DefaultGenericMobileDriver.execute(DefaultGenericMobileDriver.java:42)
	at io.appium.java_client.AppiumDriver.execute(AppiumDriver.java:1)
	at io.appium.java_client.android.AndroidDriver.execute(AndroidDriver.java:1)
	at com.kms.katalon.core.appium.driver.SwipeableAndroidDriver.execute(SwipeableAndroidDriver.java:1)
	at org.openqa.selenium.remote.RemoteWebElement.execute(RemoteWebElement.java:285)
	at io.appium.java_client.DefaultGenericMobileElement.execute(DefaultGenericMobileElement.java:45)
	at io.appium.java_client.MobileElement.execute(MobileElement.java:1)
	at io.appium.java_client.android.AndroidElement.execute(AndroidElement.java:1)
	at org.openqa.selenium.remote.RemoteWebElement.getLocation(RemoteWebElement.java:337)
	at org.openqa.selenium.WebElement$getLocation.call(Unknown Source)
	at com.kms.katalon.core.mobile.keyword.internal.MobileAbstractKeyword.findElement(MobileAbstractKeyword.groovy:86)
	at com.kms.katalon.core.mobile.keyword.builtin.VerifyElementVisibleKeyword.access$1(VerifyElementVisibleKeyword.groovy)
	at com.kms.katalon.core.mobile.keyword.builtin.VerifyElementVisibleKeyword$_verifyElementVisible_closure1.doCall(VerifyElementVisibleKeyword.groovy:72)
	at com.kms.katalon.core.mobile.keyword.builtin.VerifyElementVisibleKeyword$_verifyElementVisible_closure1.call(VerifyElementVisibleKeyword.groovy)
	at com.kms.katalon.core.mobile.keyword.internal.MobileKeywordMain.runKeyword(MobileKeywordMain.groovy:21)
	at com.kms.katalon.core.mobile.keyword.builtin.VerifyElementVisibleKeyword.verifyElementVisible(VerifyElementVisibleKeyword.groovy:85)
	at com.kms.katalon.core.mobile.keyword.builtin.VerifyElementVisibleKeyword.execute(VerifyElementVisibleKeyword.groovy:64)
	at com.kms.katalon.core.keyword.internal.KeywordExecutor.executeKeywordForPlatform(KeywordExecutor.groovy:74)
	at com.kms.katalon.core.mobile.keyword.MobileBuiltInKeywords.verifyElementVisible(MobileBuiltInKeywords.groovy:1896)
	at com.kms.katalon.core.mobile.keyword.MobileBuiltInKeywords$verifyElementVisible$7.call(Unknown Source)
	at Login_Success.run(Login_Success:34)
	at com.kms.katalon.core.main.ScriptEngine.run(ScriptEngine.java:194)
	at com.kms.katalon.core.main.ScriptEngine.runScriptAsRawText(ScriptEngine.java:119)
	at com.kms.katalon.core.main.TestCaseExecutor.runScript(TestCaseExecutor.java:442)
	at com.kms.katalon.core.main.TestCaseExecutor.doExecute(TestCaseExecutor.java:433)
	at com.kms.katalon.core.main.TestCaseExecutor.processExecutionPhase(TestCaseExecutor.java:412)
	at com.kms.katalon.core.main.TestCaseExecutor.accessMainPhase(TestCaseExecutor.java:404)
	at com.kms.katalon.core.main.TestCaseExecutor.execute(TestCaseExecutor.java:281)
	at com.kms.katalon.core.main.TestCaseMain.runTestCase(TestCaseMain.java:142)
	at com.kms.katalon.core.keyword.builtin.CallTestCaseKeyword$_callTestCase_closure1.doCall(CallTestCaseKeyword.groovy:59)
	at com.kms.katalon.core.keyword.builtin.CallTestCaseKeyword$_callTestCase_closure1.call(CallTestCaseKeyword.groovy)
	at com.kms.katalon.core.keyword.internal.KeywordMain.runKeyword(KeywordMain.groovy:74)
	at com.kms.katalon.core.keyword.builtin.CallTestCaseKeyword.callTestCase(CallTestCaseKeyword.groovy:81)
	at com.kms.katalon.core.keyword.builtin.CallTestCaseKeyword.execute(CallTestCaseKeyword.groovy:44)
	at com.kms.katalon.core.keyword.internal.KeywordExecutor.executeKeywordForPlatform(KeywordExecutor.groovy:74)
	at com.kms.katalon.core.keyword.BuiltinKeywords.callTestCase(BuiltinKeywords.groovy:334)
	at Logout.run(Logout:22)
	at com.kms.katalon.core.main.ScriptEngine.run(ScriptEngine.java:194)
	at com.kms.katalon.core.main.ScriptEngine.runScriptAsRawText(ScriptEngine.java:119)
	at com.kms.katalon.core.main.TestCaseExecutor.runScript(TestCaseExecutor.java:442)
	at com.kms.katalon.core.main.TestCaseExecutor.doExecute(TestCaseExecutor.java:433)
	at com.kms.katalon.core.main.TestCaseExecutor.processExecutionPhase(TestCaseExecutor.java:412)
	at com.kms.katalon.core.main.TestCaseExecutor.accessMainPhase(TestCaseExecutor.java:404)
	at com.kms.katalon.core.main.TestCaseExecutor.execute(TestCaseExecutor.java:281)
	at com.kms.katalon.core.main.TestSuiteExecutor.accessTestCaseMainPhase(TestSuiteExecutor.java:202)
	at com.kms.katalon.core.main.TestSuiteExecutor.accessTestSuiteMainPhase(TestSuiteExecutor.java:164)
	at com.kms.katalon.core.main.TestSuiteExecutor.execute(TestSuiteExecutor.java:105)
	at com.kms.katalon.core.main.TestCaseMain.startTestSuite(TestCaseMain.java:185)
	at com.kms.katalon.core.main.TestCaseMain$startTestSuite$0.call(Unknown Source)
	at TempTestSuite1652762281619.run(TempTestSuite1652762281619.groovy:36)
)
	at com.kms.katalon.core.keyword.internal.KeywordMain.stepFailed(KeywordMain.groovy:39)
	at com.kms.katalon.core.mobile.keyword.internal.MobileKeywordMain.stepFailed(MobileKeywordMain.groovy:40)
	at com.kms.katalon.core.mobile.keyword.internal.MobileKeywordMain.runKeyword(MobileKeywordMain.groovy:23)
	at com.kms.katalon.core.mobile.keyword.builtin.VerifyElementVisibleKeyword.verifyElementVisible(VerifyElementVisibleKeyword.groovy:85)
	at com.kms.katalon.core.mobile.keyword.builtin.VerifyElementVisibleKeyword.execute(VerifyElementVisibleKeyword.groovy:64)
	at com.kms.katalon.core.keyword.internal.KeywordExecutor.executeKeywordForPlatform(KeywordExecutor.groovy:74)
	at com.kms.katalon.core.mobile.keyword.MobileBuiltInKeywords.verifyElementVisible(MobileBuiltInKeywords.groovy:1896)
	at com.kms.katalon.core.mobile.keyword.MobileBuiltInKeywords$verifyElementVisible$7.call(Unknown Source)
	at Login_Success.run(Login_Success:34)
	at com.kms.katalon.core.main.ScriptEngine.run(ScriptEngine.java:194)
	at com.kms.katalon.core.main.ScriptEngine.runScriptAsRawText(ScriptEngine.java:119)
	at com.kms.katalon.core.main.TestCaseExecutor.runScript(TestCaseExecutor.java:442)
	at com.kms.katalon.core.main.TestCaseExecutor.doExecute(TestCaseExecutor.java:433)
	at com.kms.katalon.core.main.TestCaseExecutor.processExecutionPhase(TestCaseExecutor.java:412)
	at com.kms.katalon.core.main.TestCaseExecutor.accessMainPhase(TestCaseExecutor.java:404)
	at com.kms.katalon.core.main.TestCaseExecutor.execute(TestCaseExecutor.java:281)
	at com.kms.katalon.core.main.TestCaseMain.runTestCase(TestCaseMain.java:142)
	at com.kms.katalon.core.keyword.builtin.CallTestCaseKeyword$_callTestCase_closure1.doCall(CallTestCaseKeyword.groovy:59)
	... 20 more
Caused by: org.openqa.selenium.StaleElementReferenceException: Cached elements 'By.xpath: //hierarchy/android.widget.FrameLayout[1]/android.widget.LinearLayout[1]/android.widget.FrameLayout[1]/android.widget.FrameLayout[1]/android.view.View[1]/android.view.View[1]/android.view.View[1]/android.view.View[1]/android.view.View[1]/android.widget.Button[1]' do not exist in DOM anymore
For documentation on this error, please visit: https://www.seleniumhq.org/exceptions/stale_element_reference.html
Build info: version: '3.141.59', revision: 'e82be7d358', time: '2018-11-14T08:25:53'
System info: host: 'SALSABILA', ip: '192.168.200.173', os.name: 'Windows 10', os.arch: 'amd64', os.version: '10.0', java.version: '1.8.0_282'
Driver info: com.kms.katalon.core.appium.driver.SwipeableAndroidDriver
Capabilities {appActivity: .Settings, appPackage: com.android.settings, autoGrantPermissions: true, automationName: uiautomator2, chromedriverPort: 55386, databaseEnabled: false, desired: {appActivity: .Settings, appPackage: com.android.settings, autoGrantPermissions: true, automationName: uiautomator2, chromedriverPort: 55386, deviceName: Xiaomi M2003J15SC (Android 11), newCommandTimeout: 1800, platform: ANDROID, platformName: android, platformVersion: 11, systemPort: 8221, udid: aeebca410407}, deviceApiLevel: 30, deviceManufacturer: Xiaomi, deviceModel: M2003J15SC, deviceName: aeebca410407, deviceScreenDensity: 352, deviceScreenSize: 1080x2340, deviceUDID: aeebca410407, javascriptEnabled: true, locationContextEnabled: false, networkConnectionEnabled: true, newCommandTimeout: 1800, pixelRatio: 2.2, platform: ANDROID, platformName: Android, platformVersion: 11, statBarHeight: 100, systemPort: 8221, takesScreenshot: true, udid: aeebca410407, viewportRect: {height: 2036, left: 0, top: 100, width: 1080}, warnings: {}, webStorageEnabled: false}
Session ID: e14d92ea-d2b4-430d-bccb-2ab48933b62c
	at org.openqa.selenium.remote.http.W3CHttpResponseCodec.createException(W3CHttpResponseCodec.java:187)
	at org.openqa.selenium.remote.http.W3CHttpResponseCodec.decode(W3CHttpResponseCodec.java:122)
	at org.openqa.selenium.remote.http.W3CHttpResponseCodec.decode(W3CHttpResponseCodec.java:49)
	at org.openqa.selenium.remote.HttpCommandExecutor.execute(HttpCommandExecutor.java:158)
	at io.appium.java_client.remote.AppiumCommandExecutor.execute(AppiumCommandExecutor.java:239)
	at org.openqa.selenium.remote.RemoteWebDriver.execute(RemoteWebDriver.java:552)
	at io.appium.java_client.DefaultGenericMobileDriver.execute(DefaultGenericMobileDriver.java:42)
	at io.appium.java_client.AppiumDriver.execute(AppiumDriver.java:1)
	at io.appium.java_client.android.AndroidDriver.execute(AndroidDriver.java:1)
	at com.kms.katalon.core.appium.driver.SwipeableAndroidDriver.execute(SwipeableAndroidDriver.java:1)
	at org.openqa.selenium.remote.RemoteWebElement.execute(RemoteWebElement.java:285)
	at io.appium.java_client.DefaultGenericMobileElement.execute(DefaultGenericMobileElement.java:45)
	at io.appium.java_client.MobileElement.execute(MobileElement.java:1)
	at io.appium.java_client.android.AndroidElement.execute(AndroidElement.java:1)
	at org.openqa.selenium.remote.RemoteWebElement.getLocation(RemoteWebElement.java:337)
	at org.openqa.selenium.WebElement$getLocation.call(Unknown Source)
	at com.kms.katalon.core.mobile.keyword.internal.MobileAbstractKeyword.findElement(MobileAbstractKeyword.groovy:86)
	at com.kms.katalon.core.mobile.keyword.builtin.VerifyElementVisibleKeyword.access$1(VerifyElementVisibleKeyword.groovy)
	at com.kms.katalon.core.mobile.keyword.builtin.VerifyElementVisibleKeyword$_verifyElementVisible_closure1.doCall(VerifyElementVisibleKeyword.groovy:72)
	at com.kms.katalon.core.mobile.keyword.builtin.VerifyElementVisibleKeyword$_verifyElementVisible_closure1.call(VerifyElementVisibleKeyword.groovy)
	at com.kms.katalon.core.mobile.keyword.internal.MobileKeywordMain.runKeyword(MobileKeywordMain.groovy:21)
	... 35 more
)
	at com.kms.katalon.core.keyword.internal.KeywordMain.stepFailed(KeywordMain.groovy:39)
	at com.kms.katalon.core.keyword.internal.KeywordMain.stepFailed(KeywordMain.groovy)
	at com.kms.katalon.core.keyword.internal.KeywordMain.runKeyword(KeywordMain.groovy:76)
	at com.kms.katalon.core.keyword.builtin.CallTestCaseKeyword.callTestCase(CallTestCaseKeyword.groovy:81)
	at com.kms.katalon.core.keyword.builtin.CallTestCaseKeyword.execute(CallTestCaseKeyword.groovy:44)
	at com.kms.katalon.core.keyword.internal.KeywordExecutor.executeKeywordForPlatform(KeywordExecutor.groovy:74)
	at com.kms.katalon.core.keyword.BuiltinKeywords.callTestCase(BuiltinKeywords.groovy:334)
	at Logout.run(Logout:22)
	at com.kms.katalon.core.main.ScriptEngine.run(ScriptEngine.java:194)
	at com.kms.katalon.core.main.ScriptEngine.runScriptAsRawText(ScriptEngine.java:119)
	at com.kms.katalon.core.main.TestCaseExecutor.runScript(TestCaseExecutor.java:442)
	at com.kms.katalon.core.main.TestCaseExecutor.doExecute(TestCaseExecutor.java:433)
	at com.kms.katalon.core.main.TestCaseExecutor.processExecutionPhase(TestCaseExecutor.java:412)
	at com.kms.katalon.core.main.TestCaseExecutor.accessMainPhase(TestCaseExecutor.java:404)
	at com.kms.katalon.core.main.TestCaseExecutor.execute(TestCaseExecutor.java:281)
	at com.kms.katalon.core.main.TestSuiteExecutor.accessTestCaseMainPhase(TestSuiteExecutor.java:202)
	at com.kms.katalon.core.main.TestSuiteExecutor.accessTestSuiteMainPhase(TestSuiteExecutor.java:164)
	at com.kms.katalon.core.main.TestSuiteExecutor.execute(TestSuiteExecutor.java:105)
	at com.kms.katalon.core.main.TestCaseMain.startTestSuite(TestCaseMain.java:185)
	at com.kms.katalon.core.main.TestCaseMain$startTestSuite$0.call(Unknown Source)
	at TempTestSuite1652762281619.run(TempTestSuite1652762281619.groovy:36)
Caused by: com.kms.katalon.core.exception.StepFailedException: Call Test Case 'Test Cases/MOBILE/Auth/Login_Success' failed
	at com.kms.katalon.core.keyword.builtin.CallTestCaseKeyword$_callTestCase_closure1.doCall(CallTestCaseKeyword.groovy:63)
	at com.kms.katalon.core.keyword.builtin.CallTestCaseKeyword$_callTestCase_closure1.call(CallTestCaseKeyword.groovy)
	at com.kms.katalon.core.keyword.internal.KeywordMain.runKeyword(KeywordMain.groovy:74)
	... 18 more
Caused by: com.kms.katalon.core.exception.StepFailedException: Failed to check for element 'Object Repository/MOBILE/Auth/Login/android.widget.Button - Logout' visible (Root cause: org.openqa.selenium.StaleElementReferenceException: Cached elements 'By.xpath: //hierarchy/android.widget.FrameLayout[1]/android.widget.LinearLayout[1]/android.widget.FrameLayout[1]/android.widget.FrameLayout[1]/android.view.View[1]/android.view.View[1]/android.view.View[1]/android.view.View[1]/android.view.View[1]/android.widget.Button[1]' do not exist in DOM anymore
For documentation on this error, please visit: https://www.seleniumhq.org/exceptions/stale_element_reference.html
Build info: version: '3.141.59', revision: 'e82be7d358', time: '2018-11-14T08:25:53'
System info: host: 'SALSABILA', ip: '192.168.200.173', os.name: 'Windows 10', os.arch: 'amd64', os.version: '10.0', java.version: '1.8.0_282'
Driver info: com.kms.katalon.core.appium.driver.SwipeableAndroidDriver
Capabilities {appActivity: .Settings, appPackage: com.android.settings, autoGrantPermissions: true, automationName: uiautomator2, chromedriverPort: 55386, databaseEnabled: false, desired: {appActivity: .Settings, appPackage: com.android.settings, autoGrantPermissions: true, automationName: uiautomator2, chromedriverPort: 55386, deviceName: Xiaomi M2003J15SC (Android 11), newCommandTimeout: 1800, platform: ANDROID, platformName: android, platformVersion: 11, systemPort: 8221, udid: aeebca410407}, deviceApiLevel: 30, deviceManufacturer: Xiaomi, deviceModel: M2003J15SC, deviceName: aeebca410407, deviceScreenDensity: 352, deviceScreenSize: 1080x2340, deviceUDID: aeebca410407, javascriptEnabled: true, locationContextEnabled: false, networkConnectionEnabled: true, newCommandTimeout: 1800, pixelRatio: 2.2, platform: ANDROID, platformName: Android, platformVersion: 11, statBarHeight: 100, systemPort: 8221, takesScreenshot: true, udid: aeebca410407, viewportRect: {height: 2036, left: 0, top: 100, width: 1080}, warnings: {}, webStorageEnabled: false}
Session ID: e14d92ea-d2b4-430d-bccb-2ab48933b62c
	at org.openqa.selenium.remote.http.W3CHttpResponseCodec.createException(W3CHttpResponseCodec.java:187)
	at org.openqa.selenium.remote.http.W3CHttpResponseCodec.decode(W3CHttpResponseCodec.java:122)
	at org.openqa.selenium.remote.http.W3CHttpResponseCodec.decode(W3CHttpResponseCodec.java:49)
	at org.openqa.selenium.remote.HttpCommandExecutor.execute(HttpCommandExecutor.java:158)
	at io.appium.java_client.remote.AppiumCommandExecutor.execute(AppiumCommandExecutor.java:239)
	at org.openqa.selenium.remote.RemoteWebDriver.execute(RemoteWebDriver.java:552)
	at io.appium.java_client.DefaultGenericMobileDriver.execute(DefaultGenericMobileDriver.java:42)
	at io.appium.java_client.AppiumDriver.execute(AppiumDriver.java:1)
	at io.appium.java_client.android.AndroidDriver.execute(AndroidDriver.java:1)
	at com.kms.katalon.core.appium.driver.SwipeableAndroidDriver.execute(SwipeableAndroidDriver.java:1)
	at org.openqa.selenium.remote.RemoteWebElement.execute(RemoteWebElement.java:285)
	at io.appium.java_client.DefaultGenericMobileElement.execute(DefaultGenericMobileElement.java:45)
	at io.appium.java_client.MobileElement.execute(MobileElement.java:1)
	at io.appium.java_client.android.AndroidElement.execute(AndroidElement.java:1)
	at org.openqa.selenium.remote.RemoteWebElement.getLocation(RemoteWebElement.java:337)
	at org.openqa.selenium.WebElement$getLocation.call(Unknown Source)
	at com.kms.katalon.core.mobile.keyword.internal.MobileAbstractKeyword.findElement(MobileAbstractKeyword.groovy:86)
	at com.kms.katalon.core.mobile.keyword.builtin.VerifyElementVisibleKeyword.access$1(VerifyElementVisibleKeyword.groovy)
	at com.kms.katalon.core.mobile.keyword.builtin.VerifyElementVisibleKeyword$_verifyElementVisible_closure1.doCall(VerifyElementVisibleKeyword.groovy:72)
	at com.kms.katalon.core.mobile.keyword.builtin.VerifyElementVisibleKeyword$_verifyElementVisible_closure1.call(VerifyElementVisibleKeyword.groovy)
	at com.kms.katalon.core.mobile.keyword.internal.MobileKeywordMain.runKeyword(MobileKeywordMain.groovy:21)
	at com.kms.katalon.core.mobile.keyword.builtin.VerifyElementVisibleKeyword.verifyElementVisible(VerifyElementVisibleKeyword.groovy:85)
	at com.kms.katalon.core.mobile.keyword.builtin.VerifyElementVisibleKeyword.execute(VerifyElementVisibleKeyword.groovy:64)
	at com.kms.katalon.core.keyword.internal.KeywordExecutor.executeKeywordForPlatform(KeywordExecutor.groovy:74)
	at com.kms.katalon.core.mobile.keyword.MobileBuiltInKeywords.verifyElementVisible(MobileBuiltInKeywords.groovy:1896)
	at com.kms.katalon.core.mobile.keyword.MobileBuiltInKeywords$verifyElementVisible$7.call(Unknown Source)
	at Login_Success.run(Login_Success:34)
	at com.kms.katalon.core.main.ScriptEngine.run(ScriptEngine.java:194)
	at com.kms.katalon.core.main.ScriptEngine.runScriptAsRawText(ScriptEngine.java:119)
	at com.kms.katalon.core.main.TestCaseExecutor.runScript(TestCaseExecutor.java:442)
	at com.kms.katalon.core.main.TestCaseExecutor.doExecute(TestCaseExecutor.java:433)
	at com.kms.katalon.core.main.TestCaseExecutor.processExecutionPhase(TestCaseExecutor.java:412)
	at com.kms.katalon.core.main.TestCaseExecutor.accessMainPhase(TestCaseExecutor.java:404)
	at com.kms.katalon.core.main.TestCaseExecutor.execute(TestCaseExecutor.java:281)
	at com.kms.katalon.core.main.TestCaseMain.runTestCase(TestCaseMain.java:142)
	at com.kms.katalon.core.keyword.builtin.CallTestCaseKeyword$_callTestCase_closure1.doCall(CallTestCaseKeyword.groovy:59)
	at com.kms.katalon.core.keyword.builtin.CallTestCaseKeyword$_callTestCase_closure1.call(CallTestCaseKeyword.groovy)
	at com.kms.katalon.core.keyword.internal.KeywordMain.runKeyword(KeywordMain.groovy:74)
	at com.kms.katalon.core.keyword.builtin.CallTestCaseKeyword.callTestCase(CallTestCaseKeyword.groovy:81)
	at com.kms.katalon.core.keyword.builtin.CallTestCaseKeyword.execute(CallTestCaseKeyword.groovy:44)
	at com.kms.katalon.core.keyword.internal.KeywordExecutor.executeKeywordForPlatform(KeywordExecutor.groovy:74)
	at com.kms.katalon.core.keyword.BuiltinKeywords.callTestCase(BuiltinKeywords.groovy:334)
	at Logout.run(Logout:22)
	at com.kms.katalon.core.main.ScriptEngine.run(ScriptEngine.java:194)
	at com.kms.katalon.core.main.ScriptEngine.runScriptAsRawText(ScriptEngine.java:119)
	at com.kms.katalon.core.main.TestCaseExecutor.runScript(TestCaseExecutor.java:442)
	at com.kms.katalon.core.main.TestCaseExecutor.doExecute(TestCaseExecutor.java:433)
	at com.kms.katalon.core.main.TestCaseExecutor.processExecutionPhase(TestCaseExecutor.java:412)
	at com.kms.katalon.core.main.TestCaseExecutor.accessMainPhase(TestCaseExecutor.java:404)
	at com.kms.katalon.core.main.TestCaseExecutor.execute(TestCaseExecutor.java:281)
	at com.kms.katalon.core.main.TestSuiteExecutor.accessTestCaseMainPhase(TestSuiteExecutor.java:202)
	at com.kms.katalon.core.main.TestSuiteExecutor.accessTestSuiteMainPhase(TestSuiteExecutor.java:164)
	at com.kms.katalon.core.main.TestSuiteExecutor.execute(TestSuiteExecutor.java:105)
	at com.kms.katalon.core.main.TestCaseMain.startTestSuite(TestCaseMain.java:185)
	at com.kms.katalon.core.main.TestCaseMain$startTestSuite$0.call(Unknown Source)
	at TempTestSuite1652762281619.run(TempTestSuite1652762281619.groovy:36)
)
	at com.kms.katalon.core.keyword.internal.KeywordMain.stepFailed(KeywordMain.groovy:39)
	at com.kms.katalon.core.mobile.keyword.internal.MobileKeywordMain.stepFailed(MobileKeywordMain.groovy:40)
	at com.kms.katalon.core.mobile.keyword.internal.MobileKeywordMain.runKeyword(MobileKeywordMain.groovy:23)
	at com.kms.katalon.core.mobile.keyword.builtin.VerifyElementVisibleKeyword.verifyElementVisible(VerifyElementVisibleKeyword.groovy:85)
	at com.kms.katalon.core.mobile.keyword.builtin.VerifyElementVisibleKeyword.execute(VerifyElementVisibleKeyword.groovy:64)
	at com.kms.katalon.core.keyword.internal.KeywordExecutor.executeKeywordForPlatform(KeywordExecutor.groovy:74)
	at com.kms.katalon.core.mobile.keyword.MobileBuiltInKeywords.verifyElementVisible(MobileBuiltInKeywords.groovy:1896)
	at com.kms.katalon.core.mobile.keyword.MobileBuiltInKeywords$verifyElementVisible$7.call(Unknown Source)
	at Login_Success.run(Login_Success:34)
	at com.kms.katalon.core.main.ScriptEngine.run(ScriptEngine.java:194)
	at com.kms.katalon.core.main.ScriptEngine.runScriptAsRawText(ScriptEngine.java:119)
	at com.kms.katalon.core.main.TestCaseExecutor.runScript(TestCaseExecutor.java:442)
	at com.kms.katalon.core.main.TestCaseExecutor.doExecute(TestCaseExecutor.java:433)
	at com.kms.katalon.core.main.TestCaseExecutor.processExecutionPhase(TestCaseExecutor.java:412)
	at com.kms.katalon.core.main.TestCaseExecutor.accessMainPhase(TestCaseExecutor.java:404)
	at com.kms.katalon.core.main.TestCaseExecutor.execute(TestCaseExecutor.java:281)
	at com.kms.katalon.core.main.TestCaseMain.runTestCase(TestCaseMain.java:142)
	at com.kms.katalon.core.keyword.builtin.CallTestCaseKeyword$_callTestCase_closure1.doCall(CallTestCaseKeyword.groovy:59)
	... 20 more
Caused by: org.openqa.selenium.StaleElementReferenceException: Cached elements 'By.xpath: //hierarchy/android.widget.FrameLayout[1]/android.widget.LinearLayout[1]/android.widget.FrameLayout[1]/android.widget.FrameLayout[1]/android.view.View[1]/android.view.View[1]/android.view.View[1]/android.view.View[1]/android.view.View[1]/android.widget.Button[1]' do not exist in DOM anymore
For documentation on this error, please visit: https://www.seleniumhq.org/exceptions/stale_element_reference.html
Build info: version: '3.141.59', revision: 'e82be7d358', time: '2018-11-14T08:25:53'
System info: host: 'SALSABILA', ip: '192.168.200.173', os.name: 'Windows 10', os.arch: 'amd64', os.version: '10.0', java.version: '1.8.0_282'
Driver info: com.kms.katalon.core.appium.driver.SwipeableAndroidDriver
Capabilities {appActivity: .Settings, appPackage: com.android.settings, autoGrantPermissions: true, automationName: uiautomator2, chromedriverPort: 55386, databaseEnabled: false, desired: {appActivity: .Settings, appPackage: com.android.settings, autoGrantPermissions: true, automationName: uiautomator2, chromedriverPort: 55386, deviceName: Xiaomi M2003J15SC (Android 11), newCommandTimeout: 1800, platform: ANDROID, platformName: android, platformVersion: 11, systemPort: 8221, udid: aeebca410407}, deviceApiLevel: 30, deviceManufacturer: Xiaomi, deviceModel: M2003J15SC, deviceName: aeebca410407, deviceScreenDensity: 352, deviceScreenSize: 1080x2340, deviceUDID: aeebca410407, javascriptEnabled: true, locationContextEnabled: false, networkConnectionEnabled: true, newCommandTimeout: 1800, pixelRatio: 2.2, platform: ANDROID, platformName: Android, platformVersion: 11, statBarHeight: 100, systemPort: 8221, takesScreenshot: true, udid: aeebca410407, viewportRect: {height: 2036, left: 0, top: 100, width: 1080}, warnings: {}, webStorageEnabled: false}
Session ID: e14d92ea-d2b4-430d-bccb-2ab48933b62c
	at org.openqa.selenium.remote.http.W3CHttpResponseCodec.createException(W3CHttpResponseCodec.java:187)
	at org.openqa.selenium.remote.http.W3CHttpResponseCodec.decode(W3CHttpResponseCodec.java:122)
	at org.openqa.selenium.remote.http.W3CHttpResponseCodec.decode(W3CHttpResponseCodec.java:49)
	at org.openqa.selenium.remote.HttpCommandExecutor.execute(HttpCommandExecutor.java:158)
	at io.appium.java_client.remote.AppiumCommandExecutor.execute(AppiumCommandExecutor.java:239)
	at org.openqa.selenium.remote.RemoteWebDriver.execute(RemoteWebDriver.java:552)
	at io.appium.java_client.DefaultGenericMobileDriver.execute(DefaultGenericMobileDriver.java:42)
	at io.appium.java_client.AppiumDriver.execute(AppiumDriver.java:1)
	at io.appium.java_client.android.AndroidDriver.execute(AndroidDriver.java:1)
	at com.kms.katalon.core.appium.driver.SwipeableAndroidDriver.execute(SwipeableAndroidDriver.java:1)
	at org.openqa.selenium.remote.RemoteWebElement.execute(RemoteWebElement.java:285)
	at io.appium.java_client.DefaultGenericMobileElement.execute(DefaultGenericMobileElement.java:45)
	at io.appium.java_client.MobileElement.execute(MobileElement.java:1)
	at io.appium.java_client.android.AndroidElement.execute(AndroidElement.java:1)
	at org.openqa.selenium.remote.RemoteWebElement.getLocation(RemoteWebElement.java:337)
	at org.openqa.selenium.WebElement$getLocation.call(Unknown Source)
	at com.kms.katalon.core.mobile.keyword.internal.MobileAbstractKeyword.findElement(MobileAbstractKeyword.groovy:86)
	at com.kms.katalon.core.mobile.keyword.builtin.VerifyElementVisibleKeyword.access$1(VerifyElementVisibleKeyword.groovy)
	at com.kms.katalon.core.mobile.keyword.builtin.VerifyElementVisibleKeyword$_verifyElementVisible_closure1.doCall(VerifyElementVisibleKeyword.groovy:72)
	at com.kms.katalon.core.mobile.keyword.builtin.VerifyElementVisibleKeyword$_verifyElementVisible_closure1.call(VerifyElementVisibleKeyword.groovy)
	at com.kms.katalon.core.mobile.keyword.internal.MobileKeywordMain.runKeyword(MobileKeywordMain.groovy:21)
	... 35 more
"/>
         <system-out><![CDATA[2022-05-17 11:45:52 - [TEST_CASE][FAILED] - Test Cases/MOBILE/Auth/Logout: Test Cases/MOBILE/Auth/Logout FAILED.
Reason:
com.kms.katalon.core.exception.StepFailedException: Unable to call Test Case 'Test Cases/MOBILE/Auth/Login_Success' (Root cause: com.kms.katalon.core.exception.StepFailedException: Call Test Case 'Test Cases/MOBILE/Auth/Login_Success' failed
	at com.kms.katalon.core.keyword.builtin.CallTestCaseKeyword$_callTestCase_closure1.doCall(CallTestCaseKeyword.groovy:63)
	at com.kms.katalon.core.keyword.builtin.CallTestCaseKeyword$_callTestCase_closure1.call(CallTestCaseKeyword.groovy)
	at com.kms.katalon.core.keyword.internal.KeywordMain.runKeyword(KeywordMain.groovy:74)
	at com.kms.katalon.core.keyword.builtin.CallTestCaseKeyword.callTestCase(CallTestCaseKeyword.groovy:81)
	at com.kms.katalon.core.keyword.builtin.CallTestCaseKeyword.execute(CallTestCaseKeyword.groovy:44)
	at com.kms.katalon.core.keyword.internal.KeywordExecutor.executeKeywordForPlatform(KeywordExecutor.groovy:74)
	at com.kms.katalon.core.keyword.BuiltinKeywords.callTestCase(BuiltinKeywords.groovy:334)
	at Logout.run(Logout:22)
	at com.kms.katalon.core.main.ScriptEngine.run(ScriptEngine.java:194)
	at com.kms.katalon.core.main.ScriptEngine.runScriptAsRawText(ScriptEngine.java:119)
	at com.kms.katalon.core.main.TestCaseExecutor.runScript(TestCaseExecutor.java:442)
	at com.kms.katalon.core.main.TestCaseExecutor.doExecute(TestCaseExecutor.java:433)
	at com.kms.katalon.core.main.TestCaseExecutor.processExecutionPhase(TestCaseExecutor.java:412)
	at com.kms.katalon.core.main.TestCaseExecutor.accessMainPhase(TestCaseExecutor.java:404)
	at com.kms.katalon.core.main.TestCaseExecutor.execute(TestCaseExecutor.java:281)
	at com.kms.katalon.core.main.TestSuiteExecutor.accessTestCaseMainPhase(TestSuiteExecutor.java:202)
	at com.kms.katalon.core.main.TestSuiteExecutor.accessTestSuiteMainPhase(TestSuiteExecutor.java:164)
	at com.kms.katalon.core.main.TestSuiteExecutor.execute(TestSuiteExecutor.java:105)
	at com.kms.katalon.core.main.TestCaseMain.startTestSuite(TestCaseMain.java:185)
	at com.kms.katalon.core.main.TestCaseMain$startTestSuite$0.call(Unknown Source)
	at TempTestSuite1652762281619.run(TempTestSuite1652762281619.groovy:36)
Caused by: com.kms.katalon.core.exception.StepFailedException: Failed to check for element 'Object Repository/MOBILE/Auth/Login/android.widget.Button - Logout' visible (Root cause: org.openqa.selenium.StaleElementReferenceException: Cached elements 'By.xpath: //hierarchy/android.widget.FrameLayout[1]/android.widget.LinearLayout[1]/android.widget.FrameLayout[1]/android.widget.FrameLayout[1]/android.view.View[1]/android.view.View[1]/android.view.View[1]/android.view.View[1]/android.view.View[1]/android.widget.Button[1]' do not exist in DOM anymore
For documentation on this error, please visit: https://www.seleniumhq.org/exceptions/stale_element_reference.html
Build info: version: '3.141.59', revision: 'e82be7d358', time: '2018-11-14T08:25:53'
System info: host: 'SALSABILA', ip: '192.168.200.173', os.name: 'Windows 10', os.arch: 'amd64', os.version: '10.0', java.version: '1.8.0_282'
Driver info: com.kms.katalon.core.appium.driver.SwipeableAndroidDriver
Capabilities {appActivity: .Settings, appPackage: com.android.settings, autoGrantPermissions: true, automationName: uiautomator2, chromedriverPort: 55386, databaseEnabled: false, desired: {appActivity: .Settings, appPackage: com.android.settings, autoGrantPermissions: true, automationName: uiautomator2, chromedriverPort: 55386, deviceName: Xiaomi M2003J15SC (Android 11), newCommandTimeout: 1800, platform: ANDROID, platformName: android, platformVersion: 11, systemPort: 8221, udid: aeebca410407}, deviceApiLevel: 30, deviceManufacturer: Xiaomi, deviceModel: M2003J15SC, deviceName: aeebca410407, deviceScreenDensity: 352, deviceScreenSize: 1080x2340, deviceUDID: aeebca410407, javascriptEnabled: true, locationContextEnabled: false, networkConnectionEnabled: true, newCommandTimeout: 1800, pixelRatio: 2.2, platform: ANDROID, platformName: Android, platformVersion: 11, statBarHeight: 100, systemPort: 8221, takesScreenshot: true, udid: aeebca410407, viewportRect: {height: 2036, left: 0, top: 100, width: 1080}, warnings: {}, webStorageEnabled: false}
Session ID: e14d92ea-d2b4-430d-bccb-2ab48933b62c
	at org.openqa.selenium.remote.http.W3CHttpResponseCodec.createException(W3CHttpResponseCodec.java:187)
	at org.openqa.selenium.remote.http.W3CHttpResponseCodec.decode(W3CHttpResponseCodec.java:122)
	at org.openqa.selenium.remote.http.W3CHttpResponseCodec.decode(W3CHttpResponseCodec.java:49)
	at org.openqa.selenium.remote.HttpCommandExecutor.execute(HttpCommandExecutor.java:158)
	at io.appium.java_client.remote.AppiumCommandExecutor.execute(AppiumCommandExecutor.java:239)
	at org.openqa.selenium.remote.RemoteWebDriver.execute(RemoteWebDriver.java:552)
	at io.appium.java_client.DefaultGenericMobileDriver.execute(DefaultGenericMobileDriver.java:42)
	at io.appium.java_client.AppiumDriver.execute(AppiumDriver.java:1)
	at io.appium.java_client.android.AndroidDriver.execute(AndroidDriver.java:1)
	at com.kms.katalon.core.appium.driver.SwipeableAndroidDriver.execute(SwipeableAndroidDriver.java:1)
	at org.openqa.selenium.remote.RemoteWebElement.execute(RemoteWebElement.java:285)
	at io.appium.java_client.DefaultGenericMobileElement.execute(DefaultGenericMobileElement.java:45)
	at io.appium.java_client.MobileElement.execute(MobileElement.java:1)
	at io.appium.java_client.android.AndroidElement.execute(AndroidElement.java:1)
	at org.openqa.selenium.remote.RemoteWebElement.getLocation(RemoteWebElement.java:337)
	at org.openqa.selenium.WebElement$getLocation.call(Unknown Source)
	at com.kms.katalon.core.mobile.keyword.internal.MobileAbstractKeyword.findElement(MobileAbstractKeyword.groovy:86)
	at com.kms.katalon.core.mobile.keyword.builtin.VerifyElementVisibleKeyword.access$1(VerifyElementVisibleKeyword.groovy)
	at com.kms.katalon.core.mobile.keyword.builtin.VerifyElementVisibleKeyword$_verifyElementVisible_closure1.doCall(VerifyElementVisibleKeyword.groovy:72)
	at com.kms.katalon.core.mobile.keyword.builtin.VerifyElementVisibleKeyword$_verifyElementVisible_closure1.call(VerifyElementVisibleKeyword.groovy)
	at com.kms.katalon.core.mobile.keyword.internal.MobileKeywordMain.runKeyword(MobileKeywordMain.groovy:21)
	at com.kms.katalon.core.mobile.keyword.builtin.VerifyElementVisibleKeyword.verifyElementVisible(VerifyElementVisibleKeyword.groovy:85)
	at com.kms.katalon.core.mobile.keyword.builtin.VerifyElementVisibleKeyword.execute(VerifyElementVisibleKeyword.groovy:64)
	at com.kms.katalon.core.keyword.internal.KeywordExecutor.executeKeywordForPlatform(KeywordExecutor.groovy:74)
	at com.kms.katalon.core.mobile.keyword.MobileBuiltInKeywords.verifyElementVisible(MobileBuiltInKeywords.groovy:1896)
	at com.kms.katalon.core.mobile.keyword.MobileBuiltInKeywords$verifyElementVisible$7.call(Unknown Source)
	at Login_Success.run(Login_Success:34)
	at com.kms.katalon.core.main.ScriptEngine.run(ScriptEngine.java:194)
	at com.kms.katalon.core.main.ScriptEngine.runScriptAsRawText(ScriptEngine.java:119)
	at com.kms.katalon.core.main.TestCaseExecutor.runScript(TestCaseExecutor.java:442)
	at com.kms.katalon.core.main.TestCaseExecutor.doExecute(TestCaseExecutor.java:433)
	at com.kms.katalon.core.main.TestCaseExecutor.processExecutionPhase(TestCaseExecutor.java:412)
	at com.kms.katalon.core.main.TestCaseExecutor.accessMainPhase(TestCaseExecutor.java:404)
	at com.kms.katalon.core.main.TestCaseExecutor.execute(TestCaseExecutor.java:281)
	at com.kms.katalon.core.main.TestCaseMain.runTestCase(TestCaseMain.java:142)
	at com.kms.katalon.core.keyword.builtin.CallTestCaseKeyword$_callTestCase_closure1.doCall(CallTestCaseKeyword.groovy:59)
	at com.kms.katalon.core.keyword.builtin.CallTestCaseKeyword$_callTestCase_closure1.call(CallTestCaseKeyword.groovy)
	at com.kms.katalon.core.keyword.internal.KeywordMain.runKeyword(KeywordMain.groovy:74)
	at com.kms.katalon.core.keyword.builtin.CallTestCaseKeyword.callTestCase(CallTestCaseKeyword.groovy:81)
	at com.kms.katalon.core.keyword.builtin.CallTestCaseKeyword.execute(CallTestCaseKeyword.groovy:44)
	at com.kms.katalon.core.keyword.internal.KeywordExecutor.executeKeywordForPlatform(KeywordExecutor.groovy:74)
	at com.kms.katalon.core.keyword.BuiltinKeywords.callTestCase(BuiltinKeywords.groovy:334)
	at Logout.run(Logout:22)
	at com.kms.katalon.core.main.ScriptEngine.run(ScriptEngine.java:194)
	at com.kms.katalon.core.main.ScriptEngine.runScriptAsRawText(ScriptEngine.java:119)
	at com.kms.katalon.core.main.TestCaseExecutor.runScript(TestCaseExecutor.java:442)
	at com.kms.katalon.core.main.TestCaseExecutor.doExecute(TestCaseExecutor.java:433)
	at com.kms.katalon.core.main.TestCaseExecutor.processExecutionPhase(TestCaseExecutor.java:412)
	at com.kms.katalon.core.main.TestCaseExecutor.accessMainPhase(TestCaseExecutor.java:404)
	at com.kms.katalon.core.main.TestCaseExecutor.execute(TestCaseExecutor.java:281)
	at com.kms.katalon.core.main.TestSuiteExecutor.accessTestCaseMainPhase(TestSuiteExecutor.java:202)
	at com.kms.katalon.core.main.TestSuiteExecutor.accessTestSuiteMainPhase(TestSuiteExecutor.java:164)
	at com.kms.katalon.core.main.TestSuiteExecutor.execute(TestSuiteExecutor.java:105)
	at com.kms.katalon.core.main.TestCaseMain.startTestSuite(TestCaseMain.java:185)
	at com.kms.katalon.core.main.TestCaseMain$startTestSuite$0.call(Unknown Source)
	at TempTestSuite1652762281619.run(TempTestSuite1652762281619.groovy:36)
)
	at com.kms.katalon.core.keyword.internal.KeywordMain.stepFailed(KeywordMain.groovy:39)
	at com.kms.katalon.core.mobile.keyword.internal.MobileKeywordMain.stepFailed(MobileKeywordMain.groovy:40)
	at com.kms.katalon.core.mobile.keyword.internal.MobileKeywordMain.runKeyword(MobileKeywordMain.groovy:23)
	at com.kms.katalon.core.mobile.keyword.builtin.VerifyElementVisibleKeyword.verifyElementVisible(VerifyElementVisibleKeyword.groovy:85)
	at com.kms.katalon.core.mobile.keyword.builtin.VerifyElementVisibleKeyword.execute(VerifyElementVisibleKeyword.groovy:64)
	at com.kms.katalon.core.keyword.internal.KeywordExecutor.executeKeywordForPlatform(KeywordExecutor.groovy:74)
	at com.kms.katalon.core.mobile.keyword.MobileBuiltInKeywords.verifyElementVisible(MobileBuiltInKeywords.groovy:1896)
	at com.kms.katalon.core.mobile.keyword.MobileBuiltInKeywords$verifyElementVisible$7.call(Unknown Source)
	at Login_Success.run(Login_Success:34)
	at com.kms.katalon.core.main.ScriptEngine.run(ScriptEngine.java:194)
	at com.kms.katalon.core.main.ScriptEngine.runScriptAsRawText(ScriptEngine.java:119)
	at com.kms.katalon.core.main.TestCaseExecutor.runScript(TestCaseExecutor.java:442)
	at com.kms.katalon.core.main.TestCaseExecutor.doExecute(TestCaseExecutor.java:433)
	at com.kms.katalon.core.main.TestCaseExecutor.processExecutionPhase(TestCaseExecutor.java:412)
	at com.kms.katalon.core.main.TestCaseExecutor.accessMainPhase(TestCaseExecutor.java:404)
	at com.kms.katalon.core.main.TestCaseExecutor.execute(TestCaseExecutor.java:281)
	at com.kms.katalon.core.main.TestCaseMain.runTestCase(TestCaseMain.java:142)
	at com.kms.katalon.core.keyword.builtin.CallTestCaseKeyword$_callTestCase_closure1.doCall(CallTestCaseKeyword.groovy:59)
	... 20 more
Caused by: org.openqa.selenium.StaleElementReferenceException: Cached elements 'By.xpath: //hierarchy/android.widget.FrameLayout[1]/android.widget.LinearLayout[1]/android.widget.FrameLayout[1]/android.widget.FrameLayout[1]/android.view.View[1]/android.view.View[1]/android.view.View[1]/android.view.View[1]/android.view.View[1]/android.widget.Button[1]' do not exist in DOM anymore
For documentation on this error, please visit: https://www.seleniumhq.org/exceptions/stale_element_reference.html
Build info: version: '3.141.59', revision: 'e82be7d358', time: '2018-11-14T08:25:53'
System info: host: 'SALSABILA', ip: '192.168.200.173', os.name: 'Windows 10', os.arch: 'amd64', os.version: '10.0', java.version: '1.8.0_282'
Driver info: com.kms.katalon.core.appium.driver.SwipeableAndroidDriver
Capabilities {appActivity: .Settings, appPackage: com.android.settings, autoGrantPermissions: true, automationName: uiautomator2, chromedriverPort: 55386, databaseEnabled: false, desired: {appActivity: .Settings, appPackage: com.android.settings, autoGrantPermissions: true, automationName: uiautomator2, chromedriverPort: 55386, deviceName: Xiaomi M2003J15SC (Android 11), newCommandTimeout: 1800, platform: ANDROID, platformName: android, platformVersion: 11, systemPort: 8221, udid: aeebca410407}, deviceApiLevel: 30, deviceManufacturer: Xiaomi, deviceModel: M2003J15SC, deviceName: aeebca410407, deviceScreenDensity: 352, deviceScreenSize: 1080x2340, deviceUDID: aeebca410407, javascriptEnabled: true, locationContextEnabled: false, networkConnectionEnabled: true, newCommandTimeout: 1800, pixelRatio: 2.2, platform: ANDROID, platformName: Android, platformVersion: 11, statBarHeight: 100, systemPort: 8221, takesScreenshot: true, udid: aeebca410407, viewportRect: {height: 2036, left: 0, top: 100, width: 1080}, warnings: {}, webStorageEnabled: false}
Session ID: e14d92ea-d2b4-430d-bccb-2ab48933b62c
	at org.openqa.selenium.remote.http.W3CHttpResponseCodec.createException(W3CHttpResponseCodec.java:187)
	at org.openqa.selenium.remote.http.W3CHttpResponseCodec.decode(W3CHttpResponseCodec.java:122)
	at org.openqa.selenium.remote.http.W3CHttpResponseCodec.decode(W3CHttpResponseCodec.java:49)
	at org.openqa.selenium.remote.HttpCommandExecutor.execute(HttpCommandExecutor.java:158)
	at io.appium.java_client.remote.AppiumCommandExecutor.execute(AppiumCommandExecutor.java:239)
	at org.openqa.selenium.remote.RemoteWebDriver.execute(RemoteWebDriver.java:552)
	at io.appium.java_client.DefaultGenericMobileDriver.execute(DefaultGenericMobileDriver.java:42)
	at io.appium.java_client.AppiumDriver.execute(AppiumDriver.java:1)
	at io.appium.java_client.android.AndroidDriver.execute(AndroidDriver.java:1)
	at com.kms.katalon.core.appium.driver.SwipeableAndroidDriver.execute(SwipeableAndroidDriver.java:1)
	at org.openqa.selenium.remote.RemoteWebElement.execute(RemoteWebElement.java:285)
	at io.appium.java_client.DefaultGenericMobileElement.execute(DefaultGenericMobileElement.java:45)
	at io.appium.java_client.MobileElement.execute(MobileElement.java:1)
	at io.appium.java_client.android.AndroidElement.execute(AndroidElement.java:1)
	at org.openqa.selenium.remote.RemoteWebElement.getLocation(RemoteWebElement.java:337)
	at org.openqa.selenium.WebElement$getLocation.call(Unknown Source)
	at com.kms.katalon.core.mobile.keyword.internal.MobileAbstractKeyword.findElement(MobileAbstractKeyword.groovy:86)
	at com.kms.katalon.core.mobile.keyword.builtin.VerifyElementVisibleKeyword.access$1(VerifyElementVisibleKeyword.groovy)
	at com.kms.katalon.core.mobile.keyword.builtin.VerifyElementVisibleKeyword$_verifyElementVisible_closure1.doCall(VerifyElementVisibleKeyword.groovy:72)
	at com.kms.katalon.core.mobile.keyword.builtin.VerifyElementVisibleKeyword$_verifyElementVisible_closure1.call(VerifyElementVisibleKeyword.groovy)
	at com.kms.katalon.core.mobile.keyword.internal.MobileKeywordMain.runKeyword(MobileKeywordMain.groovy:21)
	... 35 more
)
	at com.kms.katalon.core.keyword.internal.KeywordMain.stepFailed(KeywordMain.groovy:39)
	at com.kms.katalon.core.keyword.internal.KeywordMain.stepFailed(KeywordMain.groovy)
	at com.kms.katalon.core.keyword.internal.KeywordMain.runKeyword(KeywordMain.groovy:76)
	at com.kms.katalon.core.keyword.builtin.CallTestCaseKeyword.callTestCase(CallTestCaseKeyword.groovy:81)
	at com.kms.katalon.core.keyword.builtin.CallTestCaseKeyword.execute(CallTestCaseKeyword.groovy:44)
	at com.kms.katalon.core.keyword.internal.KeywordExecutor.executeKeywordForPlatform(KeywordExecutor.groovy:74)
	at com.kms.katalon.core.keyword.BuiltinKeywords.callTestCase(BuiltinKeywords.groovy:334)
	at Logout.run(Logout:22)
	at com.kms.katalon.core.main.ScriptEngine.run(ScriptEngine.java:194)
	at com.kms.katalon.core.main.ScriptEngine.runScriptAsRawText(ScriptEngine.java:119)
	at com.kms.katalon.core.main.TestCaseExecutor.runScript(TestCaseExecutor.java:442)
	at com.kms.katalon.core.main.TestCaseExecutor.doExecute(TestCaseExecutor.java:433)
	at com.kms.katalon.core.main.TestCaseExecutor.processExecutionPhase(TestCaseExecutor.java:412)
	at com.kms.katalon.core.main.TestCaseExecutor.accessMainPhase(TestCaseExecutor.java:404)
	at com.kms.katalon.core.main.TestCaseExecutor.execute(TestCaseExecutor.java:281)
	at com.kms.katalon.core.main.TestSuiteExecutor.accessTestCaseMainPhase(TestSuiteExecutor.java:202)
	at com.kms.katalon.core.main.TestSuiteExecutor.accessTestSuiteMainPhase(TestSuiteExecutor.java:164)
	at com.kms.katalon.core.main.TestSuiteExecutor.execute(TestSuiteExecutor.java:105)
	at com.kms.katalon.core.main.TestCaseMain.startTestSuite(TestCaseMain.java:185)
	at com.kms.katalon.core.main.TestCaseMain$startTestSuite$0.call(Unknown Source)
	at TempTestSuite1652762281619.run(TempTestSuite1652762281619.groovy:36)
Caused by: com.kms.katalon.core.exception.StepFailedException: Call Test Case 'Test Cases/MOBILE/Auth/Login_Success' failed
	at com.kms.katalon.core.keyword.builtin.CallTestCaseKeyword$_callTestCase_closure1.doCall(CallTestCaseKeyword.groovy:63)
	at com.kms.katalon.core.keyword.builtin.CallTestCaseKeyword$_callTestCase_closure1.call(CallTestCaseKeyword.groovy)
	at com.kms.katalon.core.keyword.internal.KeywordMain.runKeyword(KeywordMain.groovy:74)
	... 18 more
Caused by: com.kms.katalon.core.exception.StepFailedException: Failed to check for element 'Object Repository/MOBILE/Auth/Login/android.widget.Button - Logout' visible (Root cause: org.openqa.selenium.StaleElementReferenceException: Cached elements 'By.xpath: //hierarchy/android.widget.FrameLayout[1]/android.widget.LinearLayout[1]/android.widget.FrameLayout[1]/android.widget.FrameLayout[1]/android.view.View[1]/android.view.View[1]/android.view.View[1]/android.view.View[1]/android.view.View[1]/android.widget.Button[1]' do not exist in DOM anymore
For documentation on this error, please visit: https://www.seleniumhq.org/exceptions/stale_element_reference.html
Build info: version: '3.141.59', revision: 'e82be7d358', time: '2018-11-14T08:25:53'
System info: host: 'SALSABILA', ip: '192.168.200.173', os.name: 'Windows 10', os.arch: 'amd64', os.version: '10.0', java.version: '1.8.0_282'
Driver info: com.kms.katalon.core.appium.driver.SwipeableAndroidDriver
Capabilities {appActivity: .Settings, appPackage: com.android.settings, autoGrantPermissions: true, automationName: uiautomator2, chromedriverPort: 55386, databaseEnabled: false, desired: {appActivity: .Settings, appPackage: com.android.settings, autoGrantPermissions: true, automationName: uiautomator2, chromedriverPort: 55386, deviceName: Xiaomi M2003J15SC (Android 11), newCommandTimeout: 1800, platform: ANDROID, platformName: android, platformVersion: 11, systemPort: 8221, udid: aeebca410407}, deviceApiLevel: 30, deviceManufacturer: Xiaomi, deviceModel: M2003J15SC, deviceName: aeebca410407, deviceScreenDensity: 352, deviceScreenSize: 1080x2340, deviceUDID: aeebca410407, javascriptEnabled: true, locationContextEnabled: false, networkConnectionEnabled: true, newCommandTimeout: 1800, pixelRatio: 2.2, platform: ANDROID, platformName: Android, platformVersion: 11, statBarHeight: 100, systemPort: 8221, takesScreenshot: true, udid: aeebca410407, viewportRect: {height: 2036, left: 0, top: 100, width: 1080}, warnings: {}, webStorageEnabled: false}
Session ID: e14d92ea-d2b4-430d-bccb-2ab48933b62c
	at org.openqa.selenium.remote.http.W3CHttpResponseCodec.createException(W3CHttpResponseCodec.java:187)
	at org.openqa.selenium.remote.http.W3CHttpResponseCodec.decode(W3CHttpResponseCodec.java:122)
	at org.openqa.selenium.remote.http.W3CHttpResponseCodec.decode(W3CHttpResponseCodec.java:49)
	at org.openqa.selenium.remote.HttpCommandExecutor.execute(HttpCommandExecutor.java:158)
	at io.appium.java_client.remote.AppiumCommandExecutor.execute(AppiumCommandExecutor.java:239)
	at org.openqa.selenium.remote.RemoteWebDriver.execute(RemoteWebDriver.java:552)
	at io.appium.java_client.DefaultGenericMobileDriver.execute(DefaultGenericMobileDriver.java:42)
	at io.appium.java_client.AppiumDriver.execute(AppiumDriver.java:1)
	at io.appium.java_client.android.AndroidDriver.execute(AndroidDriver.java:1)
	at com.kms.katalon.core.appium.driver.SwipeableAndroidDriver.execute(SwipeableAndroidDriver.java:1)
	at org.openqa.selenium.remote.RemoteWebElement.execute(RemoteWebElement.java:285)
	at io.appium.java_client.DefaultGenericMobileElement.execute(DefaultGenericMobileElement.java:45)
	at io.appium.java_client.MobileElement.execute(MobileElement.java:1)
	at io.appium.java_client.android.AndroidElement.execute(AndroidElement.java:1)
	at org.openqa.selenium.remote.RemoteWebElement.getLocation(RemoteWebElement.java:337)
	at org.openqa.selenium.WebElement$getLocation.call(Unknown Source)
	at com.kms.katalon.core.mobile.keyword.internal.MobileAbstractKeyword.findElement(MobileAbstractKeyword.groovy:86)
	at com.kms.katalon.core.mobile.keyword.builtin.VerifyElementVisibleKeyword.access$1(VerifyElementVisibleKeyword.groovy)
	at com.kms.katalon.core.mobile.keyword.builtin.VerifyElementVisibleKeyword$_verifyElementVisible_closure1.doCall(VerifyElementVisibleKeyword.groovy:72)
	at com.kms.katalon.core.mobile.keyword.builtin.VerifyElementVisibleKeyword$_verifyElementVisible_closure1.call(VerifyElementVisibleKeyword.groovy)
	at com.kms.katalon.core.mobile.keyword.internal.MobileKeywordMain.runKeyword(MobileKeywordMain.groovy:21)
	at com.kms.katalon.core.mobile.keyword.builtin.VerifyElementVisibleKeyword.verifyElementVisible(VerifyElementVisibleKeyword.groovy:85)
	at com.kms.katalon.core.mobile.keyword.builtin.VerifyElementVisibleKeyword.execute(VerifyElementVisibleKeyword.groovy:64)
	at com.kms.katalon.core.keyword.internal.KeywordExecutor.executeKeywordForPlatform(KeywordExecutor.groovy:74)
	at com.kms.katalon.core.mobile.keyword.MobileBuiltInKeywords.verifyElementVisible(MobileBuiltInKeywords.groovy:1896)
	at com.kms.katalon.core.mobile.keyword.MobileBuiltInKeywords$verifyElementVisible$7.call(Unknown Source)
	at Login_Success.run(Login_Success:34)
	at com.kms.katalon.core.main.ScriptEngine.run(ScriptEngine.java:194)
	at com.kms.katalon.core.main.ScriptEngine.runScriptAsRawText(ScriptEngine.java:119)
	at com.kms.katalon.core.main.TestCaseExecutor.runScript(TestCaseExecutor.java:442)
	at com.kms.katalon.core.main.TestCaseExecutor.doExecute(TestCaseExecutor.java:433)
	at com.kms.katalon.core.main.TestCaseExecutor.processExecutionPhase(TestCaseExecutor.java:412)
	at com.kms.katalon.core.main.TestCaseExecutor.accessMainPhase(TestCaseExecutor.java:404)
	at com.kms.katalon.core.main.TestCaseExecutor.execute(TestCaseExecutor.java:281)
	at com.kms.katalon.core.main.TestCaseMain.runTestCase(TestCaseMain.java:142)
	at com.kms.katalon.core.keyword.builtin.CallTestCaseKeyword$_callTestCase_closure1.doCall(CallTestCaseKeyword.groovy:59)
	at com.kms.katalon.core.keyword.builtin.CallTestCaseKeyword$_callTestCase_closure1.call(CallTestCaseKeyword.groovy)
	at com.kms.katalon.core.keyword.internal.KeywordMain.runKeyword(KeywordMain.groovy:74)
	at com.kms.katalon.core.keyword.builtin.CallTestCaseKeyword.callTestCase(CallTestCaseKeyword.groovy:81)
	at com.kms.katalon.core.keyword.builtin.CallTestCaseKeyword.execute(CallTestCaseKeyword.groovy:44)
	at com.kms.katalon.core.keyword.internal.KeywordExecutor.executeKeywordForPlatform(KeywordExecutor.groovy:74)
	at com.kms.katalon.core.keyword.BuiltinKeywords.callTestCase(BuiltinKeywords.groovy:334)
	at Logout.run(Logout:22)
	at com.kms.katalon.core.main.ScriptEngine.run(ScriptEngine.java:194)
	at com.kms.katalon.core.main.ScriptEngine.runScriptAsRawText(ScriptEngine.java:119)
	at com.kms.katalon.core.main.TestCaseExecutor.runScript(TestCaseExecutor.java:442)
	at com.kms.katalon.core.main.TestCaseExecutor.doExecute(TestCaseExecutor.java:433)
	at com.kms.katalon.core.main.TestCaseExecutor.processExecutionPhase(TestCaseExecutor.java:412)
	at com.kms.katalon.core.main.TestCaseExecutor.accessMainPhase(TestCaseExecutor.java:404)
	at com.kms.katalon.core.main.TestCaseExecutor.execute(TestCaseExecutor.java:281)
	at com.kms.katalon.core.main.TestSuiteExecutor.accessTestCaseMainPhase(TestSuiteExecutor.java:202)
	at com.kms.katalon.core.main.TestSuiteExecutor.accessTestSuiteMainPhase(TestSuiteExecutor.java:164)
	at com.kms.katalon.core.main.TestSuiteExecutor.execute(TestSuiteExecutor.java:105)
	at com.kms.katalon.core.main.TestCaseMain.startTestSuite(TestCaseMain.java:185)
	at com.kms.katalon.core.main.TestCaseMain$startTestSuite$0.call(Unknown Source)
	at TempTestSuite1652762281619.run(TempTestSuite1652762281619.groovy:36)
)
	at com.kms.katalon.core.keyword.internal.KeywordMain.stepFailed(KeywordMain.groovy:39)
	at com.kms.katalon.core.mobile.keyword.internal.MobileKeywordMain.stepFailed(MobileKeywordMain.groovy:40)
	at com.kms.katalon.core.mobile.keyword.internal.MobileKeywordMain.runKeyword(MobileKeywordMain.groovy:23)
	at com.kms.katalon.core.mobile.keyword.builtin.VerifyElementVisibleKeyword.verifyElementVisible(VerifyElementVisibleKeyword.groovy:85)
	at com.kms.katalon.core.mobile.keyword.builtin.VerifyElementVisibleKeyword.execute(VerifyElementVisibleKeyword.groovy:64)
	at com.kms.katalon.core.keyword.internal.KeywordExecutor.executeKeywordForPlatform(KeywordExecutor.groovy:74)
	at com.kms.katalon.core.mobile.keyword.MobileBuiltInKeywords.verifyElementVisible(MobileBuiltInKeywords.groovy:1896)
	at com.kms.katalon.core.mobile.keyword.MobileBuiltInKeywords$verifyElementVisible$7.call(Unknown Source)
	at Login_Success.run(Login_Success:34)
	at com.kms.katalon.core.main.ScriptEngine.run(ScriptEngine.java:194)
	at com.kms.katalon.core.main.ScriptEngine.runScriptAsRawText(ScriptEngine.java:119)
	at com.kms.katalon.core.main.TestCaseExecutor.runScript(TestCaseExecutor.java:442)
	at com.kms.katalon.core.main.TestCaseExecutor.doExecute(TestCaseExecutor.java:433)
	at com.kms.katalon.core.main.TestCaseExecutor.processExecutionPhase(TestCaseExecutor.java:412)
	at com.kms.katalon.core.main.TestCaseExecutor.accessMainPhase(TestCaseExecutor.java:404)
	at com.kms.katalon.core.main.TestCaseExecutor.execute(TestCaseExecutor.java:281)
	at com.kms.katalon.core.main.TestCaseMain.runTestCase(TestCaseMain.java:142)
	at com.kms.katalon.core.keyword.builtin.CallTestCaseKeyword$_callTestCase_closure1.doCall(CallTestCaseKeyword.groovy:59)
	... 20 more
Caused by: org.openqa.selenium.StaleElementReferenceException: Cached elements 'By.xpath: //hierarchy/android.widget.FrameLayout[1]/android.widget.LinearLayout[1]/android.widget.FrameLayout[1]/android.widget.FrameLayout[1]/android.view.View[1]/android.view.View[1]/android.view.View[1]/android.view.View[1]/android.view.View[1]/android.widget.Button[1]' do not exist in DOM anymore
For documentation on this error, please visit: https://www.seleniumhq.org/exceptions/stale_element_reference.html
Build info: version: '3.141.59', revision: 'e82be7d358', time: '2018-11-14T08:25:53'
System info: host: 'SALSABILA', ip: '192.168.200.173', os.name: 'Windows 10', os.arch: 'amd64', os.version: '10.0', java.version: '1.8.0_282'
Driver info: com.kms.katalon.core.appium.driver.SwipeableAndroidDriver
Capabilities {appActivity: .Settings, appPackage: com.android.settings, autoGrantPermissions: true, automationName: uiautomator2, chromedriverPort: 55386, databaseEnabled: false, desired: {appActivity: .Settings, appPackage: com.android.settings, autoGrantPermissions: true, automationName: uiautomator2, chromedriverPort: 55386, deviceName: Xiaomi M2003J15SC (Android 11), newCommandTimeout: 1800, platform: ANDROID, platformName: android, platformVersion: 11, systemPort: 8221, udid: aeebca410407}, deviceApiLevel: 30, deviceManufacturer: Xiaomi, deviceModel: M2003J15SC, deviceName: aeebca410407, deviceScreenDensity: 352, deviceScreenSize: 1080x2340, deviceUDID: aeebca410407, javascriptEnabled: true, locationContextEnabled: false, networkConnectionEnabled: true, newCommandTimeout: 1800, pixelRatio: 2.2, platform: ANDROID, platformName: Android, platformVersion: 11, statBarHeight: 100, systemPort: 8221, takesScreenshot: true, udid: aeebca410407, viewportRect: {height: 2036, left: 0, top: 100, width: 1080}, warnings: {}, webStorageEnabled: false}
Session ID: e14d92ea-d2b4-430d-bccb-2ab48933b62c
	at org.openqa.selenium.remote.http.W3CHttpResponseCodec.createException(W3CHttpResponseCodec.java:187)
	at org.openqa.selenium.remote.http.W3CHttpResponseCodec.decode(W3CHttpResponseCodec.java:122)
	at org.openqa.selenium.remote.http.W3CHttpResponseCodec.decode(W3CHttpResponseCodec.java:49)
	at org.openqa.selenium.remote.HttpCommandExecutor.execute(HttpCommandExecutor.java:158)
	at io.appium.java_client.remote.AppiumCommandExecutor.execute(AppiumCommandExecutor.java:239)
	at org.openqa.selenium.remote.RemoteWebDriver.execute(RemoteWebDriver.java:552)
	at io.appium.java_client.DefaultGenericMobileDriver.execute(DefaultGenericMobileDriver.java:42)
	at io.appium.java_client.AppiumDriver.execute(AppiumDriver.java:1)
	at io.appium.java_client.android.AndroidDriver.execute(AndroidDriver.java:1)
	at com.kms.katalon.core.appium.driver.SwipeableAndroidDriver.execute(SwipeableAndroidDriver.java:1)
	at org.openqa.selenium.remote.RemoteWebElement.execute(RemoteWebElement.java:285)
	at io.appium.java_client.DefaultGenericMobileElement.execute(DefaultGenericMobileElement.java:45)
	at io.appium.java_client.MobileElement.execute(MobileElement.java:1)
	at io.appium.java_client.android.AndroidElement.execute(AndroidElement.java:1)
	at org.openqa.selenium.remote.RemoteWebElement.getLocation(RemoteWebElement.java:337)
	at org.openqa.selenium.WebElement$getLocation.call(Unknown Source)
	at com.kms.katalon.core.mobile.keyword.internal.MobileAbstractKeyword.findElement(MobileAbstractKeyword.groovy:86)
	at com.kms.katalon.core.mobile.keyword.builtin.VerifyElementVisibleKeyword.access$1(VerifyElementVisibleKeyword.groovy)
	at com.kms.katalon.core.mobile.keyword.builtin.VerifyElementVisibleKeyword$_verifyElementVisible_closure1.doCall(VerifyElementVisibleKeyword.groovy:72)
	at com.kms.katalon.core.mobile.keyword.builtin.VerifyElementVisibleKeyword$_verifyElementVisible_closure1.call(VerifyElementVisibleKeyword.groovy)
	at com.kms.katalon.core.mobile.keyword.internal.MobileKeywordMain.runKeyword(MobileKeywordMain.groovy:21)
	... 35 more


2022-05-17 11:45:53 - [TEST_STEP][PASSED] - startExistingApplication("com.example.frontend_mobile"): Starting app with application ID: 'com.example.frontend_mobile'

2022-05-17 11:45:55 - [MESSAGE][INFO] - Appium server started on port 55,385

2022-05-17 11:46:06 - [MESSAGE][PASSED] - Starting app with application ID: 'com.example.frontend_mobile'

2022-05-17 11:46:06 - [TEST_STEP][FAILED] - callTestCase(findTestCase("MOBILE/Auth/Login_Success"), [:], CONTINUE_ON_FAILURE): Unable to call Test Case 'Test Cases/MOBILE/Auth/Login_Success' (Root cause: com.kms.katalon.core.exception.StepFailedException: Call Test Case 'Test Cases/MOBILE/Auth/Login_Success' failed
	at com.kms.katalon.core.keyword.builtin.CallTestCaseKeyword$_callTestCase_closure1.doCall(CallTestCaseKeyword.groovy:63)
	at com.kms.katalon.core.keyword.builtin.CallTestCaseKeyword$_callTestCase_closure1.call(CallTestCaseKeyword.groovy)
	at com.kms.katalon.core.keyword.internal.KeywordMain.runKeyword(KeywordMain.groovy:74)
	at com.kms.katalon.core.keyword.builtin.CallTestCaseKeyword.callTestCase(CallTestCaseKeyword.groovy:81)
	at com.kms.katalon.core.keyword.builtin.CallTestCaseKeyword.execute(CallTestCaseKeyword.groovy:44)
	at com.kms.katalon.core.keyword.internal.KeywordExecutor.executeKeywordForPlatform(KeywordExecutor.groovy:74)
	at com.kms.katalon.core.keyword.BuiltinKeywords.callTestCase(BuiltinKeywords.groovy:334)
	at Logout.run(Logout:22)
	at com.kms.katalon.core.main.ScriptEngine.run(ScriptEngine.java:194)
	at com.kms.katalon.core.main.ScriptEngine.runScriptAsRawText(ScriptEngine.java:119)
	at com.kms.katalon.core.main.TestCaseExecutor.runScript(TestCaseExecutor.java:442)
	at com.kms.katalon.core.main.TestCaseExecutor.doExecute(TestCaseExecutor.java:433)
	at com.kms.katalon.core.main.TestCaseExecutor.processExecutionPhase(TestCaseExecutor.java:412)
	at com.kms.katalon.core.main.TestCaseExecutor.accessMainPhase(TestCaseExecutor.java:404)
	at com.kms.katalon.core.main.TestCaseExecutor.execute(TestCaseExecutor.java:281)
	at com.kms.katalon.core.main.TestSuiteExecutor.accessTestCaseMainPhase(TestSuiteExecutor.java:202)
	at com.kms.katalon.core.main.TestSuiteExecutor.accessTestSuiteMainPhase(TestSuiteExecutor.java:164)
	at com.kms.katalon.core.main.TestSuiteExecutor.execute(TestSuiteExecutor.java:105)
	at com.kms.katalon.core.main.TestCaseMain.startTestSuite(TestCaseMain.java:185)
	at com.kms.katalon.core.main.TestCaseMain$startTestSuite$0.call(Unknown Source)
	at TempTestSuite1652762281619.run(TempTestSuite1652762281619.groovy:36)
Caused by: com.kms.katalon.core.exception.StepFailedException: Failed to check for element 'Object Repository/MOBILE/Auth/Login/android.widget.Button - Logout' visible (Root cause: org.openqa.selenium.StaleElementReferenceException: Cached elements 'By.xpath: //hierarchy/android.widget.FrameLayout[1]/android.widget.LinearLayout[1]/android.widget.FrameLayout[1]/android.widget.FrameLayout[1]/android.view.View[1]/android.view.View[1]/android.view.View[1]/android.view.View[1]/android.view.View[1]/android.widget.Button[1]' do not exist in DOM anymore
For documentation on this error, please visit: https://www.seleniumhq.org/exceptions/stale_element_reference.html
Build info: version: '3.141.59', revision: 'e82be7d358', time: '2018-11-14T08:25:53'
System info: host: 'SALSABILA', ip: '192.168.200.173', os.name: 'Windows 10', os.arch: 'amd64', os.version: '10.0', java.version: '1.8.0_282'
Driver info: com.kms.katalon.core.appium.driver.SwipeableAndroidDriver
Capabilities {appActivity: .Settings, appPackage: com.android.settings, autoGrantPermissions: true, automationName: uiautomator2, chromedriverPort: 55386, databaseEnabled: false, desired: {appActivity: .Settings, appPackage: com.android.settings, autoGrantPermissions: true, automationName: uiautomator2, chromedriverPort: 55386, deviceName: Xiaomi M2003J15SC (Android 11), newCommandTimeout: 1800, platform: ANDROID, platformName: android, platformVersion: 11, systemPort: 8221, udid: aeebca410407}, deviceApiLevel: 30, deviceManufacturer: Xiaomi, deviceModel: M2003J15SC, deviceName: aeebca410407, deviceScreenDensity: 352, deviceScreenSize: 1080x2340, deviceUDID: aeebca410407, javascriptEnabled: true, locationContextEnabled: false, networkConnectionEnabled: true, newCommandTimeout: 1800, pixelRatio: 2.2, platform: ANDROID, platformName: Android, platformVersion: 11, statBarHeight: 100, systemPort: 8221, takesScreenshot: true, udid: aeebca410407, viewportRect: {height: 2036, left: 0, top: 100, width: 1080}, warnings: {}, webStorageEnabled: false}
Session ID: e14d92ea-d2b4-430d-bccb-2ab48933b62c
	at org.openqa.selenium.remote.http.W3CHttpResponseCodec.createException(W3CHttpResponseCodec.java:187)
	at org.openqa.selenium.remote.http.W3CHttpResponseCodec.decode(W3CHttpResponseCodec.java:122)
	at org.openqa.selenium.remote.http.W3CHttpResponseCodec.decode(W3CHttpResponseCodec.java:49)
	at org.openqa.selenium.remote.HttpCommandExecutor.execute(HttpCommandExecutor.java:158)
	at io.appium.java_client.remote.AppiumCommandExecutor.execute(AppiumCommandExecutor.java:239)
	at org.openqa.selenium.remote.RemoteWebDriver.execute(RemoteWebDriver.java:552)
	at io.appium.java_client.DefaultGenericMobileDriver.execute(DefaultGenericMobileDriver.java:42)
	at io.appium.java_client.AppiumDriver.execute(AppiumDriver.java:1)
	at io.appium.java_client.android.AndroidDriver.execute(AndroidDriver.java:1)
	at com.kms.katalon.core.appium.driver.SwipeableAndroidDriver.execute(SwipeableAndroidDriver.java:1)
	at org.openqa.selenium.remote.RemoteWebElement.execute(RemoteWebElement.java:285)
	at io.appium.java_client.DefaultGenericMobileElement.execute(DefaultGenericMobileElement.java:45)
	at io.appium.java_client.MobileElement.execute(MobileElement.java:1)
	at io.appium.java_client.android.AndroidElement.execute(AndroidElement.java:1)
	at org.openqa.selenium.remote.RemoteWebElement.getLocation(RemoteWebElement.java:337)
	at org.openqa.selenium.WebElement$getLocation.call(Unknown Source)
	at com.kms.katalon.core.mobile.keyword.internal.MobileAbstractKeyword.findElement(MobileAbstractKeyword.groovy:86)
	at com.kms.katalon.core.mobile.keyword.builtin.VerifyElementVisibleKeyword.access$1(VerifyElementVisibleKeyword.groovy)
	at com.kms.katalon.core.mobile.keyword.builtin.VerifyElementVisibleKeyword$_verifyElementVisible_closure1.doCall(VerifyElementVisibleKeyword.groovy:72)
	at com.kms.katalon.core.mobile.keyword.builtin.VerifyElementVisibleKeyword$_verifyElementVisible_closure1.call(VerifyElementVisibleKeyword.groovy)
	at com.kms.katalon.core.mobile.keyword.internal.MobileKeywordMain.runKeyword(MobileKeywordMain.groovy:21)
	at com.kms.katalon.core.mobile.keyword.builtin.VerifyElementVisibleKeyword.verifyElementVisible(VerifyElementVisibleKeyword.groovy:85)
	at com.kms.katalon.core.mobile.keyword.builtin.VerifyElementVisibleKeyword.execute(VerifyElementVisibleKeyword.groovy:64)
	at com.kms.katalon.core.keyword.internal.KeywordExecutor.executeKeywordForPlatform(KeywordExecutor.groovy:74)
	at com.kms.katalon.core.mobile.keyword.MobileBuiltInKeywords.verifyElementVisible(MobileBuiltInKeywords.groovy:1896)
	at com.kms.katalon.core.mobile.keyword.MobileBuiltInKeywords$verifyElementVisible$7.call(Unknown Source)
	at Login_Success.run(Login_Success:34)
	at com.kms.katalon.core.main.ScriptEngine.run(ScriptEngine.java:194)
	at com.kms.katalon.core.main.ScriptEngine.runScriptAsRawText(ScriptEngine.java:119)
	at com.kms.katalon.core.main.TestCaseExecutor.runScript(TestCaseExecutor.java:442)
	at com.kms.katalon.core.main.TestCaseExecutor.doExecute(TestCaseExecutor.java:433)
	at com.kms.katalon.core.main.TestCaseExecutor.processExecutionPhase(TestCaseExecutor.java:412)
	at com.kms.katalon.core.main.TestCaseExecutor.accessMainPhase(TestCaseExecutor.java:404)
	at com.kms.katalon.core.main.TestCaseExecutor.execute(TestCaseExecutor.java:281)
	at com.kms.katalon.core.main.TestCaseMain.runTestCase(TestCaseMain.java:142)
	at com.kms.katalon.core.keyword.builtin.CallTestCaseKeyword$_callTestCase_closure1.doCall(CallTestCaseKeyword.groovy:59)
	at com.kms.katalon.core.keyword.builtin.CallTestCaseKeyword$_callTestCase_closure1.call(CallTestCaseKeyword.groovy)
	at com.kms.katalon.core.keyword.internal.KeywordMain.runKeyword(KeywordMain.groovy:74)
	at com.kms.katalon.core.keyword.builtin.CallTestCaseKeyword.callTestCase(CallTestCaseKeyword.groovy:81)
	at com.kms.katalon.core.keyword.builtin.CallTestCaseKeyword.execute(CallTestCaseKeyword.groovy:44)
	at com.kms.katalon.core.keyword.internal.KeywordExecutor.executeKeywordForPlatform(KeywordExecutor.groovy:74)
	at com.kms.katalon.core.keyword.BuiltinKeywords.callTestCase(BuiltinKeywords.groovy:334)
	at Logout.run(Logout:22)
	at com.kms.katalon.core.main.ScriptEngine.run(ScriptEngine.java:194)
	at com.kms.katalon.core.main.ScriptEngine.runScriptAsRawText(ScriptEngine.java:119)
	at com.kms.katalon.core.main.TestCaseExecutor.runScript(TestCaseExecutor.java:442)
	at com.kms.katalon.core.main.TestCaseExecutor.doExecute(TestCaseExecutor.java:433)
	at com.kms.katalon.core.main.TestCaseExecutor.processExecutionPhase(TestCaseExecutor.java:412)
	at com.kms.katalon.core.main.TestCaseExecutor.accessMainPhase(TestCaseExecutor.java:404)
	at com.kms.katalon.core.main.TestCaseExecutor.execute(TestCaseExecutor.java:281)
	at com.kms.katalon.core.main.TestSuiteExecutor.accessTestCaseMainPhase(TestSuiteExecutor.java:202)
	at com.kms.katalon.core.main.TestSuiteExecutor.accessTestSuiteMainPhase(TestSuiteExecutor.java:164)
	at com.kms.katalon.core.main.TestSuiteExecutor.execute(TestSuiteExecutor.java:105)
	at com.kms.katalon.core.main.TestCaseMain.startTestSuite(TestCaseMain.java:185)
	at com.kms.katalon.core.main.TestCaseMain$startTestSuite$0.call(Unknown Source)
	at TempTestSuite1652762281619.run(TempTestSuite1652762281619.groovy:36)
)
	at com.kms.katalon.core.keyword.internal.KeywordMain.stepFailed(KeywordMain.groovy:39)
	at com.kms.katalon.core.mobile.keyword.internal.MobileKeywordMain.stepFailed(MobileKeywordMain.groovy:40)
	at com.kms.katalon.core.mobile.keyword.internal.MobileKeywordMain.runKeyword(MobileKeywordMain.groovy:23)
	at com.kms.katalon.core.mobile.keyword.builtin.VerifyElementVisibleKeyword.verifyElementVisible(VerifyElementVisibleKeyword.groovy:85)
	at com.kms.katalon.core.mobile.keyword.builtin.VerifyElementVisibleKeyword.execute(VerifyElementVisibleKeyword.groovy:64)
	at com.kms.katalon.core.keyword.internal.KeywordExecutor.executeKeywordForPlatform(KeywordExecutor.groovy:74)
	at com.kms.katalon.core.mobile.keyword.MobileBuiltInKeywords.verifyElementVisible(MobileBuiltInKeywords.groovy:1896)
	at com.kms.katalon.core.mobile.keyword.MobileBuiltInKeywords$verifyElementVisible$7.call(Unknown Source)
	at Login_Success.run(Login_Success:34)
	at com.kms.katalon.core.main.ScriptEngine.run(ScriptEngine.java:194)
	at com.kms.katalon.core.main.ScriptEngine.runScriptAsRawText(ScriptEngine.java:119)
	at com.kms.katalon.core.main.TestCaseExecutor.runScript(TestCaseExecutor.java:442)
	at com.kms.katalon.core.main.TestCaseExecutor.doExecute(TestCaseExecutor.java:433)
	at com.kms.katalon.core.main.TestCaseExecutor.processExecutionPhase(TestCaseExecutor.java:412)
	at com.kms.katalon.core.main.TestCaseExecutor.accessMainPhase(TestCaseExecutor.java:404)
	at com.kms.katalon.core.main.TestCaseExecutor.execute(TestCaseExecutor.java:281)
	at com.kms.katalon.core.main.TestCaseMain.runTestCase(TestCaseMain.java:142)
	at com.kms.katalon.core.keyword.builtin.CallTestCaseKeyword$_callTestCase_closure1.doCall(CallTestCaseKeyword.groovy:59)
	... 20 more
Caused by: org.openqa.selenium.StaleElementReferenceException: Cached elements 'By.xpath: //hierarchy/android.widget.FrameLayout[1]/android.widget.LinearLayout[1]/android.widget.FrameLayout[1]/android.widget.FrameLayout[1]/android.view.View[1]/android.view.View[1]/android.view.View[1]/android.view.View[1]/android.view.View[1]/android.widget.Button[1]' do not exist in DOM anymore
For documentation on this error, please visit: https://www.seleniumhq.org/exceptions/stale_element_reference.html
Build info: version: '3.141.59', revision: 'e82be7d358', time: '2018-11-14T08:25:53'
System info: host: 'SALSABILA', ip: '192.168.200.173', os.name: 'Windows 10', os.arch: 'amd64', os.version: '10.0', java.version: '1.8.0_282'
Driver info: com.kms.katalon.core.appium.driver.SwipeableAndroidDriver
Capabilities {appActivity: .Settings, appPackage: com.android.settings, autoGrantPermissions: true, automationName: uiautomator2, chromedriverPort: 55386, databaseEnabled: false, desired: {appActivity: .Settings, appPackage: com.android.settings, autoGrantPermissions: true, automationName: uiautomator2, chromedriverPort: 55386, deviceName: Xiaomi M2003J15SC (Android 11), newCommandTimeout: 1800, platform: ANDROID, platformName: android, platformVersion: 11, systemPort: 8221, udid: aeebca410407}, deviceApiLevel: 30, deviceManufacturer: Xiaomi, deviceModel: M2003J15SC, deviceName: aeebca410407, deviceScreenDensity: 352, deviceScreenSize: 1080x2340, deviceUDID: aeebca410407, javascriptEnabled: true, locationContextEnabled: false, networkConnectionEnabled: true, newCommandTimeout: 1800, pixelRatio: 2.2, platform: ANDROID, platformName: Android, platformVersion: 11, statBarHeight: 100, systemPort: 8221, takesScreenshot: true, udid: aeebca410407, viewportRect: {height: 2036, left: 0, top: 100, width: 1080}, warnings: {}, webStorageEnabled: false}
Session ID: e14d92ea-d2b4-430d-bccb-2ab48933b62c
	at org.openqa.selenium.remote.http.W3CHttpResponseCodec.createException(W3CHttpResponseCodec.java:187)
	at org.openqa.selenium.remote.http.W3CHttpResponseCodec.decode(W3CHttpResponseCodec.java:122)
	at org.openqa.selenium.remote.http.W3CHttpResponseCodec.decode(W3CHttpResponseCodec.java:49)
	at org.openqa.selenium.remote.HttpCommandExecutor.execute(HttpCommandExecutor.java:158)
	at io.appium.java_client.remote.AppiumCommandExecutor.execute(AppiumCommandExecutor.java:239)
	at org.openqa.selenium.remote.RemoteWebDriver.execute(RemoteWebDriver.java:552)
	at io.appium.java_client.DefaultGenericMobileDriver.execute(DefaultGenericMobileDriver.java:42)
	at io.appium.java_client.AppiumDriver.execute(AppiumDriver.java:1)
	at io.appium.java_client.android.AndroidDriver.execute(AndroidDriver.java:1)
	at com.kms.katalon.core.appium.driver.SwipeableAndroidDriver.execute(SwipeableAndroidDriver.java:1)
	at org.openqa.selenium.remote.RemoteWebElement.execute(RemoteWebElement.java:285)
	at io.appium.java_client.DefaultGenericMobileElement.execute(DefaultGenericMobileElement.java:45)
	at io.appium.java_client.MobileElement.execute(MobileElement.java:1)
	at io.appium.java_client.android.AndroidElement.execute(AndroidElement.java:1)
	at org.openqa.selenium.remote.RemoteWebElement.getLocation(RemoteWebElement.java:337)
	at org.openqa.selenium.WebElement$getLocation.call(Unknown Source)
	at com.kms.katalon.core.mobile.keyword.internal.MobileAbstractKeyword.findElement(MobileAbstractKeyword.groovy:86)
	at com.kms.katalon.core.mobile.keyword.builtin.VerifyElementVisibleKeyword.access$1(VerifyElementVisibleKeyword.groovy)
	at com.kms.katalon.core.mobile.keyword.builtin.VerifyElementVisibleKeyword$_verifyElementVisible_closure1.doCall(VerifyElementVisibleKeyword.groovy:72)
	at com.kms.katalon.core.mobile.keyword.builtin.VerifyElementVisibleKeyword$_verifyElementVisible_closure1.call(VerifyElementVisibleKeyword.groovy)
	at com.kms.katalon.core.mobile.keyword.internal.MobileKeywordMain.runKeyword(MobileKeywordMain.groovy:21)
	... 35 more
)

2022-05-17 11:46:07 - [TEST_CASE][FAILED] - Test Cases/MOBILE/Auth/Login_Success: Test Cases/MOBILE/Auth/Login_Success FAILED.
Reason:
com.kms.katalon.core.exception.StepFailedException: Failed to check for element 'Object Repository/MOBILE/Auth/Login/android.widget.Button - Logout' visible (Root cause: org.openqa.selenium.StaleElementReferenceException: Cached elements 'By.xpath: //hierarchy/android.widget.FrameLayout[1]/android.widget.LinearLayout[1]/android.widget.FrameLayout[1]/android.widget.FrameLayout[1]/android.view.View[1]/android.view.View[1]/android.view.View[1]/android.view.View[1]/android.view.View[1]/android.widget.Button[1]' do not exist in DOM anymore
For documentation on this error, please visit: https://www.seleniumhq.org/exceptions/stale_element_reference.html
Build info: version: '3.141.59', revision: 'e82be7d358', time: '2018-11-14T08:25:53'
System info: host: 'SALSABILA', ip: '192.168.200.173', os.name: 'Windows 10', os.arch: 'amd64', os.version: '10.0', java.version: '1.8.0_282'
Driver info: com.kms.katalon.core.appium.driver.SwipeableAndroidDriver
Capabilities {appActivity: .Settings, appPackage: com.android.settings, autoGrantPermissions: true, automationName: uiautomator2, chromedriverPort: 55386, databaseEnabled: false, desired: {appActivity: .Settings, appPackage: com.android.settings, autoGrantPermissions: true, automationName: uiautomator2, chromedriverPort: 55386, deviceName: Xiaomi M2003J15SC (Android 11), newCommandTimeout: 1800, platform: ANDROID, platformName: android, platformVersion: 11, systemPort: 8221, udid: aeebca410407}, deviceApiLevel: 30, deviceManufacturer: Xiaomi, deviceModel: M2003J15SC, deviceName: aeebca410407, deviceScreenDensity: 352, deviceScreenSize: 1080x2340, deviceUDID: aeebca410407, javascriptEnabled: true, locationContextEnabled: false, networkConnectionEnabled: true, newCommandTimeout: 1800, pixelRatio: 2.2, platform: ANDROID, platformName: Android, platformVersion: 11, statBarHeight: 100, systemPort: 8221, takesScreenshot: true, udid: aeebca410407, viewportRect: {height: 2036, left: 0, top: 100, width: 1080}, warnings: {}, webStorageEnabled: false}
Session ID: e14d92ea-d2b4-430d-bccb-2ab48933b62c
	at org.openqa.selenium.remote.http.W3CHttpResponseCodec.createException(W3CHttpResponseCodec.java:187)
	at org.openqa.selenium.remote.http.W3CHttpResponseCodec.decode(W3CHttpResponseCodec.java:122)
	at org.openqa.selenium.remote.http.W3CHttpResponseCodec.decode(W3CHttpResponseCodec.java:49)
	at org.openqa.selenium.remote.HttpCommandExecutor.execute(HttpCommandExecutor.java:158)
	at io.appium.java_client.remote.AppiumCommandExecutor.execute(AppiumCommandExecutor.java:239)
	at org.openqa.selenium.remote.RemoteWebDriver.execute(RemoteWebDriver.java:552)
	at io.appium.java_client.DefaultGenericMobileDriver.execute(DefaultGenericMobileDriver.java:42)
	at io.appium.java_client.AppiumDriver.execute(AppiumDriver.java:1)
	at io.appium.java_client.android.AndroidDriver.execute(AndroidDriver.java:1)
	at com.kms.katalon.core.appium.driver.SwipeableAndroidDriver.execute(SwipeableAndroidDriver.java:1)
	at org.openqa.selenium.remote.RemoteWebElement.execute(RemoteWebElement.java:285)
	at io.appium.java_client.DefaultGenericMobileElement.execute(DefaultGenericMobileElement.java:45)
	at io.appium.java_client.MobileElement.execute(MobileElement.java:1)
	at io.appium.java_client.android.AndroidElement.execute(AndroidElement.java:1)
	at org.openqa.selenium.remote.RemoteWebElement.getLocation(RemoteWebElement.java:337)
	at org.openqa.selenium.WebElement$getLocation.call(Unknown Source)
	at com.kms.katalon.core.mobile.keyword.internal.MobileAbstractKeyword.findElement(MobileAbstractKeyword.groovy:86)
	at com.kms.katalon.core.mobile.keyword.builtin.VerifyElementVisibleKeyword.access$1(VerifyElementVisibleKeyword.groovy)
	at com.kms.katalon.core.mobile.keyword.builtin.VerifyElementVisibleKeyword$_verifyElementVisible_closure1.doCall(VerifyElementVisibleKeyword.groovy:72)
	at com.kms.katalon.core.mobile.keyword.builtin.VerifyElementVisibleKeyword$_verifyElementVisible_closure1.call(VerifyElementVisibleKeyword.groovy)
	at com.kms.katalon.core.mobile.keyword.internal.MobileKeywordMain.runKeyword(MobileKeywordMain.groovy:21)
	at com.kms.katalon.core.mobile.keyword.builtin.VerifyElementVisibleKeyword.verifyElementVisible(VerifyElementVisibleKeyword.groovy:85)
	at com.kms.katalon.core.mobile.keyword.builtin.VerifyElementVisibleKeyword.execute(VerifyElementVisibleKeyword.groovy:64)
	at com.kms.katalon.core.keyword.internal.KeywordExecutor.executeKeywordForPlatform(KeywordExecutor.groovy:74)
	at com.kms.katalon.core.mobile.keyword.MobileBuiltInKeywords.verifyElementVisible(MobileBuiltInKeywords.groovy:1896)
	at com.kms.katalon.core.mobile.keyword.MobileBuiltInKeywords$verifyElementVisible$7.call(Unknown Source)
	at Login_Success.run(Login_Success:34)
	at com.kms.katalon.core.main.ScriptEngine.run(ScriptEngine.java:194)
	at com.kms.katalon.core.main.ScriptEngine.runScriptAsRawText(ScriptEngine.java:119)
	at com.kms.katalon.core.main.TestCaseExecutor.runScript(TestCaseExecutor.java:442)
	at com.kms.katalon.core.main.TestCaseExecutor.doExecute(TestCaseExecutor.java:433)
	at com.kms.katalon.core.main.TestCaseExecutor.processExecutionPhase(TestCaseExecutor.java:412)
	at com.kms.katalon.core.main.TestCaseExecutor.accessMainPhase(TestCaseExecutor.java:404)
	at com.kms.katalon.core.main.TestCaseExecutor.execute(TestCaseExecutor.java:281)
	at com.kms.katalon.core.main.TestCaseMain.runTestCase(TestCaseMain.java:142)
	at com.kms.katalon.core.keyword.builtin.CallTestCaseKeyword$_callTestCase_closure1.doCall(CallTestCaseKeyword.groovy:59)
	at com.kms.katalon.core.keyword.builtin.CallTestCaseKeyword$_callTestCase_closure1.call(CallTestCaseKeyword.groovy)
	at com.kms.katalon.core.keyword.internal.KeywordMain.runKeyword(KeywordMain.groovy:74)
	at com.kms.katalon.core.keyword.builtin.CallTestCaseKeyword.callTestCase(CallTestCaseKeyword.groovy:81)
	at com.kms.katalon.core.keyword.builtin.CallTestCaseKeyword.execute(CallTestCaseKeyword.groovy:44)
	at com.kms.katalon.core.keyword.internal.KeywordExecutor.executeKeywordForPlatform(KeywordExecutor.groovy:74)
	at com.kms.katalon.core.keyword.BuiltinKeywords.callTestCase(BuiltinKeywords.groovy:334)
	at Logout.run(Logout:22)
	at com.kms.katalon.core.main.ScriptEngine.run(ScriptEngine.java:194)
	at com.kms.katalon.core.main.ScriptEngine.runScriptAsRawText(ScriptEngine.java:119)
	at com.kms.katalon.core.main.TestCaseExecutor.runScript(TestCaseExecutor.java:442)
	at com.kms.katalon.core.main.TestCaseExecutor.doExecute(TestCaseExecutor.java:433)
	at com.kms.katalon.core.main.TestCaseExecutor.processExecutionPhase(TestCaseExecutor.java:412)
	at com.kms.katalon.core.main.TestCaseExecutor.accessMainPhase(TestCaseExecutor.java:404)
	at com.kms.katalon.core.main.TestCaseExecutor.execute(TestCaseExecutor.java:281)
	at com.kms.katalon.core.main.TestSuiteExecutor.accessTestCaseMainPhase(TestSuiteExecutor.java:202)
	at com.kms.katalon.core.main.TestSuiteExecutor.accessTestSuiteMainPhase(TestSuiteExecutor.java:164)
	at com.kms.katalon.core.main.TestSuiteExecutor.execute(TestSuiteExecutor.java:105)
	at com.kms.katalon.core.main.TestCaseMain.startTestSuite(TestCaseMain.java:185)
	at com.kms.katalon.core.main.TestCaseMain$startTestSuite$0.call(Unknown Source)
	at TempTestSuite1652762281619.run(TempTestSuite1652762281619.groovy:36)
)
	at com.kms.katalon.core.keyword.internal.KeywordMain.stepFailed(KeywordMain.groovy:39)
	at com.kms.katalon.core.mobile.keyword.internal.MobileKeywordMain.stepFailed(MobileKeywordMain.groovy:40)
	at com.kms.katalon.core.mobile.keyword.internal.MobileKeywordMain.runKeyword(MobileKeywordMain.groovy:23)
	at com.kms.katalon.core.mobile.keyword.builtin.VerifyElementVisibleKeyword.verifyElementVisible(VerifyElementVisibleKeyword.groovy:85)
	at com.kms.katalon.core.mobile.keyword.builtin.VerifyElementVisibleKeyword.execute(VerifyElementVisibleKeyword.groovy:64)
	at com.kms.katalon.core.keyword.internal.KeywordExecutor.executeKeywordForPlatform(KeywordExecutor.groovy:74)
	at com.kms.katalon.core.mobile.keyword.MobileBuiltInKeywords.verifyElementVisible(MobileBuiltInKeywords.groovy:1896)
	at com.kms.katalon.core.mobile.keyword.MobileBuiltInKeywords$verifyElementVisible$7.call(Unknown Source)
	at Login_Success.run(Login_Success:34)
	at com.kms.katalon.core.main.ScriptEngine.run(ScriptEngine.java:194)
	at com.kms.katalon.core.main.ScriptEngine.runScriptAsRawText(ScriptEngine.java:119)
	at com.kms.katalon.core.main.TestCaseExecutor.runScript(TestCaseExecutor.java:442)
	at com.kms.katalon.core.main.TestCaseExecutor.doExecute(TestCaseExecutor.java:433)
	at com.kms.katalon.core.main.TestCaseExecutor.processExecutionPhase(TestCaseExecutor.java:412)
	at com.kms.katalon.core.main.TestCaseExecutor.accessMainPhase(TestCaseExecutor.java:404)
	at com.kms.katalon.core.main.TestCaseExecutor.execute(TestCaseExecutor.java:281)
	at com.kms.katalon.core.main.TestCaseMain.runTestCase(TestCaseMain.java:142)
	at com.kms.katalon.core.keyword.builtin.CallTestCaseKeyword$_callTestCase_closure1.doCall(CallTestCaseKeyword.groovy:59)
	at com.kms.katalon.core.keyword.builtin.CallTestCaseKeyword$_callTestCase_closure1.call(CallTestCaseKeyword.groovy)
	at com.kms.katalon.core.keyword.internal.KeywordMain.runKeyword(KeywordMain.groovy:74)
	at com.kms.katalon.core.keyword.builtin.CallTestCaseKeyword.callTestCase(CallTestCaseKeyword.groovy:81)
	at com.kms.katalon.core.keyword.builtin.CallTestCaseKeyword.execute(CallTestCaseKeyword.groovy:44)
	at com.kms.katalon.core.keyword.internal.KeywordExecutor.executeKeywordForPlatform(KeywordExecutor.groovy:74)
	at com.kms.katalon.core.keyword.BuiltinKeywords.callTestCase(BuiltinKeywords.groovy:334)
	at Logout.run(Logout:22)
	at com.kms.katalon.core.main.ScriptEngine.run(ScriptEngine.java:194)
	at com.kms.katalon.core.main.ScriptEngine.runScriptAsRawText(ScriptEngine.java:119)
	at com.kms.katalon.core.main.TestCaseExecutor.runScript(TestCaseExecutor.java:442)
	at com.kms.katalon.core.main.TestCaseExecutor.doExecute(TestCaseExecutor.java:433)
	at com.kms.katalon.core.main.TestCaseExecutor.processExecutionPhase(TestCaseExecutor.java:412)
	at com.kms.katalon.core.main.TestCaseExecutor.accessMainPhase(TestCaseExecutor.java:404)
	at com.kms.katalon.core.main.TestCaseExecutor.execute(TestCaseExecutor.java:281)
	at com.kms.katalon.core.main.TestSuiteExecutor.accessTestCaseMainPhase(TestSuiteExecutor.java:202)
	at com.kms.katalon.core.main.TestSuiteExecutor.accessTestSuiteMainPhase(TestSuiteExecutor.java:164)
	at com.kms.katalon.core.main.TestSuiteExecutor.execute(TestSuiteExecutor.java:105)
	at com.kms.katalon.core.main.TestCaseMain.startTestSuite(TestCaseMain.java:185)
	at com.kms.katalon.core.main.TestCaseMain$startTestSuite$0.call(Unknown Source)
	at TempTestSuite1652762281619.run(TempTestSuite1652762281619.groovy:36)
Caused by: org.openqa.selenium.StaleElementReferenceException: Cached elements 'By.xpath: //hierarchy/android.widget.FrameLayout[1]/android.widget.LinearLayout[1]/android.widget.FrameLayout[1]/android.widget.FrameLayout[1]/android.view.View[1]/android.view.View[1]/android.view.View[1]/android.view.View[1]/android.view.View[1]/android.widget.Button[1]' do not exist in DOM anymore
For documentation on this error, please visit: https://www.seleniumhq.org/exceptions/stale_element_reference.html
Build info: version: '3.141.59', revision: 'e82be7d358', time: '2018-11-14T08:25:53'
System info: host: 'SALSABILA', ip: '192.168.200.173', os.name: 'Windows 10', os.arch: 'amd64', os.version: '10.0', java.version: '1.8.0_282'
Driver info: com.kms.katalon.core.appium.driver.SwipeableAndroidDriver
Capabilities {appActivity: .Settings, appPackage: com.android.settings, autoGrantPermissions: true, automationName: uiautomator2, chromedriverPort: 55386, databaseEnabled: false, desired: {appActivity: .Settings, appPackage: com.android.settings, autoGrantPermissions: true, automationName: uiautomator2, chromedriverPort: 55386, deviceName: Xiaomi M2003J15SC (Android 11), newCommandTimeout: 1800, platform: ANDROID, platformName: android, platformVersion: 11, systemPort: 8221, udid: aeebca410407}, deviceApiLevel: 30, deviceManufacturer: Xiaomi, deviceModel: M2003J15SC, deviceName: aeebca410407, deviceScreenDensity: 352, deviceScreenSize: 1080x2340, deviceUDID: aeebca410407, javascriptEnabled: true, locationContextEnabled: false, networkConnectionEnabled: true, newCommandTimeout: 1800, pixelRatio: 2.2, platform: ANDROID, platformName: Android, platformVersion: 11, statBarHeight: 100, systemPort: 8221, takesScreenshot: true, udid: aeebca410407, viewportRect: {height: 2036, left: 0, top: 100, width: 1080}, warnings: {}, webStorageEnabled: false}
Session ID: e14d92ea-d2b4-430d-bccb-2ab48933b62c
	at org.openqa.selenium.remote.http.W3CHttpResponseCodec.createException(W3CHttpResponseCodec.java:187)
	at org.openqa.selenium.remote.http.W3CHttpResponseCodec.decode(W3CHttpResponseCodec.java:122)
	at org.openqa.selenium.remote.http.W3CHttpResponseCodec.decode(W3CHttpResponseCodec.java:49)
	at org.openqa.selenium.remote.HttpCommandExecutor.execute(HttpCommandExecutor.java:158)
	at io.appium.java_client.remote.AppiumCommandExecutor.execute(AppiumCommandExecutor.java:239)
	at org.openqa.selenium.remote.RemoteWebDriver.execute(RemoteWebDriver.java:552)
	at io.appium.java_client.DefaultGenericMobileDriver.execute(DefaultGenericMobileDriver.java:42)
	at io.appium.java_client.AppiumDriver.execute(AppiumDriver.java:1)
	at io.appium.java_client.android.AndroidDriver.execute(AndroidDriver.java:1)
	at com.kms.katalon.core.appium.driver.SwipeableAndroidDriver.execute(SwipeableAndroidDriver.java:1)
	at org.openqa.selenium.remote.RemoteWebElement.execute(RemoteWebElement.java:285)
	at io.appium.java_client.DefaultGenericMobileElement.execute(DefaultGenericMobileElement.java:45)
	at io.appium.java_client.MobileElement.execute(MobileElement.java:1)
	at io.appium.java_client.android.AndroidElement.execute(AndroidElement.java:1)
	at org.openqa.selenium.remote.RemoteWebElement.getLocation(RemoteWebElement.java:337)
	at org.openqa.selenium.WebElement$getLocation.call(Unknown Source)
	at com.kms.katalon.core.mobile.keyword.internal.MobileAbstractKeyword.findElement(MobileAbstractKeyword.groovy:86)
	at com.kms.katalon.core.mobile.keyword.builtin.VerifyElementVisibleKeyword.access$1(VerifyElementVisibleKeyword.groovy)
	at com.kms.katalon.core.mobile.keyword.builtin.VerifyElementVisibleKeyword$_verifyElementVisible_closure1.doCall(VerifyElementVisibleKeyword.groovy:72)
	at com.kms.katalon.core.mobile.keyword.builtin.VerifyElementVisibleKeyword$_verifyElementVisible_closure1.call(VerifyElementVisibleKeyword.groovy)
	at com.kms.katalon.core.mobile.keyword.internal.MobileKeywordMain.runKeyword(MobileKeywordMain.groovy:21)
	... 35 more


2022-05-17 11:46:07 - [TEST_STEP][PASSED] - delay(5, CONTINUE_ON_FAILURE): Delayed 5 second(s)

2022-05-17 11:46:12 - [MESSAGE][PASSED] - Delayed 5 second(s)

2022-05-17 11:46:12 - [TEST_STEP][PASSED] - tap(findTestObject("MOBILE/Auth/Register/android.widget.Button - Login 2"), 0): Tapped on element 'Object Repository/MOBILE/Auth/Register/android.widget.Button - Login 2'

2022-05-17 11:46:12 - [MESSAGE][WARNING] - Timeout '0' is invalid. Using default page load timeout: '30'

2022-05-17 11:46:13 - [MESSAGE][PASSED] - Tapped on element 'Object Repository/MOBILE/Auth/Register/android.widget.Button - Login 2'

2022-05-17 11:46:13 - [TEST_STEP][PASSED] - tap(findTestObject("MOBILE/Auth/Login/android.widget.EditText - Email"), 0): Tapped on element 'Object Repository/MOBILE/Auth/Login/android.widget.EditText - Email'

2022-05-17 11:46:13 - [MESSAGE][WARNING] - Timeout '0' is invalid. Using default page load timeout: '30'

2022-05-17 11:46:15 - [MESSAGE][PASSED] - Tapped on element 'Object Repository/MOBILE/Auth/Login/android.widget.EditText - Email'

2022-05-17 11:46:15 - [TEST_STEP][PASSED] - setText(findTestObject("MOBILE/Auth/Login/android.widget.EditText - Email"), "salsa@gmail.com", 0): Text 'salsa@gmail.com' has been set to element 'Object Repository/MOBILE/Auth/Login/android.widget.EditText - Email'

2022-05-17 11:46:15 - [MESSAGE][WARNING] - Timeout '0' is invalid. Using default page load timeout: '30'

2022-05-17 11:46:16 - [MESSAGE][PASSED] - Text 'salsa@gmail.com' has been set to element 'Object Repository/MOBILE/Auth/Login/android.widget.EditText - Email'

2022-05-17 11:46:16 - [TEST_STEP][PASSED] - tap(findTestObject("MOBILE/Auth/Login/android.widget.EditText - Password"), 0): Tapped on element 'Object Repository/MOBILE/Auth/Login/android.widget.EditText - Password'

2022-05-17 11:46:16 - [MESSAGE][WARNING] - Timeout '0' is invalid. Using default page load timeout: '30'

2022-05-17 11:46:17 - [MESSAGE][PASSED] - Tapped on element 'Object Repository/MOBILE/Auth/Login/android.widget.EditText - Password'

2022-05-17 11:46:17 - [TEST_STEP][PASSED] - setText(findTestObject("MOBILE/Auth/Login/android.widget.EditText - Password"), "salsa", 0): Text 'salsa' has been set to element 'Object Repository/MOBILE/Auth/Login/android.widget.EditText - Password'

2022-05-17 11:46:17 - [MESSAGE][WARNING] - Timeout '0' is invalid. Using default page load timeout: '30'

2022-05-17 11:46:19 - [MESSAGE][PASSED] - Text 'salsa' has been set to element 'Object Repository/MOBILE/Auth/Login/android.widget.EditText - Password'

2022-05-17 11:46:19 - [TEST_STEP][PASSED] - tap(findTestObject("MOBILE/Auth/Login/android.widget.Button - Login Button"), 0): Tapped on element 'Object Repository/MOBILE/Auth/Login/android.widget.Button - Login Button'

2022-05-17 11:46:19 - [MESSAGE][WARNING] - Timeout '0' is invalid. Using default page load timeout: '30'

2022-05-17 11:46:20 - [MESSAGE][PASSED] - Tapped on element 'Object Repository/MOBILE/Auth/Login/android.widget.Button - Login Button'

2022-05-17 11:46:20 - [TEST_STEP][FAILED] - verifyElementVisible(findTestObject("MOBILE/Auth/Login/android.widget.Button - Logout"), 0): Failed to check for element 'Object Repository/MOBILE/Auth/Login/android.widget.Button - Logout' visible (Root cause: org.openqa.selenium.StaleElementReferenceException: Cached elements 'By.xpath: //hierarchy/android.widget.FrameLayout[1]/android.widget.LinearLayout[1]/android.widget.FrameLayout[1]/android.widget.FrameLayout[1]/android.view.View[1]/android.view.View[1]/android.view.View[1]/android.view.View[1]/android.view.View[1]/android.widget.Button[1]' do not exist in DOM anymore
For documentation on this error, please visit: https://www.seleniumhq.org/exceptions/stale_element_reference.html
Build info: version: '3.141.59', revision: 'e82be7d358', time: '2018-11-14T08:25:53'
System info: host: 'SALSABILA', ip: '192.168.200.173', os.name: 'Windows 10', os.arch: 'amd64', os.version: '10.0', java.version: '1.8.0_282'
Driver info: com.kms.katalon.core.appium.driver.SwipeableAndroidDriver
Capabilities {appActivity: .Settings, appPackage: com.android.settings, autoGrantPermissions: true, automationName: uiautomator2, chromedriverPort: 55386, databaseEnabled: false, desired: {appActivity: .Settings, appPackage: com.android.settings, autoGrantPermissions: true, automationName: uiautomator2, chromedriverPort: 55386, deviceName: Xiaomi M2003J15SC (Android 11), newCommandTimeout: 1800, platform: ANDROID, platformName: android, platformVersion: 11, systemPort: 8221, udid: aeebca410407}, deviceApiLevel: 30, deviceManufacturer: Xiaomi, deviceModel: M2003J15SC, deviceName: aeebca410407, deviceScreenDensity: 352, deviceScreenSize: 1080x2340, deviceUDID: aeebca410407, javascriptEnabled: true, locationContextEnabled: false, networkConnectionEnabled: true, newCommandTimeout: 1800, pixelRatio: 2.2, platform: ANDROID, platformName: Android, platformVersion: 11, statBarHeight: 100, systemPort: 8221, takesScreenshot: true, udid: aeebca410407, viewportRect: {height: 2036, left: 0, top: 100, width: 1080}, warnings: {}, webStorageEnabled: false}
Session ID: e14d92ea-d2b4-430d-bccb-2ab48933b62c
	at org.openqa.selenium.remote.http.W3CHttpResponseCodec.createException(W3CHttpResponseCodec.java:187)
	at org.openqa.selenium.remote.http.W3CHttpResponseCodec.decode(W3CHttpResponseCodec.java:122)
	at org.openqa.selenium.remote.http.W3CHttpResponseCodec.decode(W3CHttpResponseCodec.java:49)
	at org.openqa.selenium.remote.HttpCommandExecutor.execute(HttpCommandExecutor.java:158)
	at io.appium.java_client.remote.AppiumCommandExecutor.execute(AppiumCommandExecutor.java:239)
	at org.openqa.selenium.remote.RemoteWebDriver.execute(RemoteWebDriver.java:552)
	at io.appium.java_client.DefaultGenericMobileDriver.execute(DefaultGenericMobileDriver.java:42)
	at io.appium.java_client.AppiumDriver.execute(AppiumDriver.java:1)
	at io.appium.java_client.android.AndroidDriver.execute(AndroidDriver.java:1)
	at com.kms.katalon.core.appium.driver.SwipeableAndroidDriver.execute(SwipeableAndroidDriver.java:1)
	at org.openqa.selenium.remote.RemoteWebElement.execute(RemoteWebElement.java:285)
	at io.appium.java_client.DefaultGenericMobileElement.execute(DefaultGenericMobileElement.java:45)
	at io.appium.java_client.MobileElement.execute(MobileElement.java:1)
	at io.appium.java_client.android.AndroidElement.execute(AndroidElement.java:1)
	at org.openqa.selenium.remote.RemoteWebElement.getLocation(RemoteWebElement.java:337)
	at org.openqa.selenium.WebElement$getLocation.call(Unknown Source)
	at com.kms.katalon.core.mobile.keyword.internal.MobileAbstractKeyword.findElement(MobileAbstractKeyword.groovy:86)
	at com.kms.katalon.core.mobile.keyword.builtin.VerifyElementVisibleKeyword.access$1(VerifyElementVisibleKeyword.groovy)
	at com.kms.katalon.core.mobile.keyword.builtin.VerifyElementVisibleKeyword$_verifyElementVisible_closure1.doCall(VerifyElementVisibleKeyword.groovy:72)
	at com.kms.katalon.core.mobile.keyword.builtin.VerifyElementVisibleKeyword$_verifyElementVisible_closure1.call(VerifyElementVisibleKeyword.groovy)
	at com.kms.katalon.core.mobile.keyword.internal.MobileKeywordMain.runKeyword(MobileKeywordMain.groovy:21)
	at com.kms.katalon.core.mobile.keyword.builtin.VerifyElementVisibleKeyword.verifyElementVisible(VerifyElementVisibleKeyword.groovy:85)
	at com.kms.katalon.core.mobile.keyword.builtin.VerifyElementVisibleKeyword.execute(VerifyElementVisibleKeyword.groovy:64)
	at com.kms.katalon.core.keyword.internal.KeywordExecutor.executeKeywordForPlatform(KeywordExecutor.groovy:74)
	at com.kms.katalon.core.mobile.keyword.MobileBuiltInKeywords.verifyElementVisible(MobileBuiltInKeywords.groovy:1896)
	at com.kms.katalon.core.mobile.keyword.MobileBuiltInKeywords$verifyElementVisible$7.call(Unknown Source)
	at Login_Success.run(Login_Success:34)
	at com.kms.katalon.core.main.ScriptEngine.run(ScriptEngine.java:194)
	at com.kms.katalon.core.main.ScriptEngine.runScriptAsRawText(ScriptEngine.java:119)
	at com.kms.katalon.core.main.TestCaseExecutor.runScript(TestCaseExecutor.java:442)
	at com.kms.katalon.core.main.TestCaseExecutor.doExecute(TestCaseExecutor.java:433)
	at com.kms.katalon.core.main.TestCaseExecutor.processExecutionPhase(TestCaseExecutor.java:412)
	at com.kms.katalon.core.main.TestCaseExecutor.accessMainPhase(TestCaseExecutor.java:404)
	at com.kms.katalon.core.main.TestCaseExecutor.execute(TestCaseExecutor.java:281)
	at com.kms.katalon.core.main.TestCaseMain.runTestCase(TestCaseMain.java:142)
	at com.kms.katalon.core.keyword.builtin.CallTestCaseKeyword$_callTestCase_closure1.doCall(CallTestCaseKeyword.groovy:59)
	at com.kms.katalon.core.keyword.builtin.CallTestCaseKeyword$_callTestCase_closure1.call(CallTestCaseKeyword.groovy)
	at com.kms.katalon.core.keyword.internal.KeywordMain.runKeyword(KeywordMain.groovy:74)
	at com.kms.katalon.core.keyword.builtin.CallTestCaseKeyword.callTestCase(CallTestCaseKeyword.groovy:81)
	at com.kms.katalon.core.keyword.builtin.CallTestCaseKeyword.execute(CallTestCaseKeyword.groovy:44)
	at com.kms.katalon.core.keyword.internal.KeywordExecutor.executeKeywordForPlatform(KeywordExecutor.groovy:74)
	at com.kms.katalon.core.keyword.BuiltinKeywords.callTestCase(BuiltinKeywords.groovy:334)
	at Logout.run(Logout:22)
	at com.kms.katalon.core.main.ScriptEngine.run(ScriptEngine.java:194)
	at com.kms.katalon.core.main.ScriptEngine.runScriptAsRawText(ScriptEngine.java:119)
	at com.kms.katalon.core.main.TestCaseExecutor.runScript(TestCaseExecutor.java:442)
	at com.kms.katalon.core.main.TestCaseExecutor.doExecute(TestCaseExecutor.java:433)
	at com.kms.katalon.core.main.TestCaseExecutor.processExecutionPhase(TestCaseExecutor.java:412)
	at com.kms.katalon.core.main.TestCaseExecutor.accessMainPhase(TestCaseExecutor.java:404)
	at com.kms.katalon.core.main.TestCaseExecutor.execute(TestCaseExecutor.java:281)
	at com.kms.katalon.core.main.TestSuiteExecutor.accessTestCaseMainPhase(TestSuiteExecutor.java:202)
	at com.kms.katalon.core.main.TestSuiteExecutor.accessTestSuiteMainPhase(TestSuiteExecutor.java:164)
	at com.kms.katalon.core.main.TestSuiteExecutor.execute(TestSuiteExecutor.java:105)
	at com.kms.katalon.core.main.TestCaseMain.startTestSuite(TestCaseMain.java:185)
	at com.kms.katalon.core.main.TestCaseMain$startTestSuite$0.call(Unknown Source)
	at TempTestSuite1652762281619.run(TempTestSuite1652762281619.groovy:36)
)

2022-05-17 11:46:20 - [MESSAGE][WARNING] - Timeout '0' is invalid. Using default page load timeout: '30'

2022-05-17 11:46:22 - [MESSAGE][FAILED] - Failed to check for element 'Object Repository/MOBILE/Auth/Login/android.widget.Button - Logout' visible (Root cause: org.openqa.selenium.StaleElementReferenceException: Cached elements 'By.xpath: //hierarchy/android.widget.FrameLayout[1]/android.widget.LinearLayout[1]/android.widget.FrameLayout[1]/android.widget.FrameLayout[1]/android.view.View[1]/android.view.View[1]/android.view.View[1]/android.view.View[1]/android.view.View[1]/android.widget.Button[1]' do not exist in DOM anymore
For documentation on this error, please visit: https://www.seleniumhq.org/exceptions/stale_element_reference.html
Build info: version: '3.141.59', revision: 'e82be7d358', time: '2018-11-14T08:25:53'
System info: host: 'SALSABILA', ip: '192.168.200.173', os.name: 'Windows 10', os.arch: 'amd64', os.version: '10.0', java.version: '1.8.0_282'
Driver info: com.kms.katalon.core.appium.driver.SwipeableAndroidDriver
Capabilities {appActivity: .Settings, appPackage: com.android.settings, autoGrantPermissions: true, automationName: uiautomator2, chromedriverPort: 55386, databaseEnabled: false, desired: {appActivity: .Settings, appPackage: com.android.settings, autoGrantPermissions: true, automationName: uiautomator2, chromedriverPort: 55386, deviceName: Xiaomi M2003J15SC (Android 11), newCommandTimeout: 1800, platform: ANDROID, platformName: android, platformVersion: 11, systemPort: 8221, udid: aeebca410407}, deviceApiLevel: 30, deviceManufacturer: Xiaomi, deviceModel: M2003J15SC, deviceName: aeebca410407, deviceScreenDensity: 352, deviceScreenSize: 1080x2340, deviceUDID: aeebca410407, javascriptEnabled: true, locationContextEnabled: false, networkConnectionEnabled: true, newCommandTimeout: 1800, pixelRatio: 2.2, platform: ANDROID, platformName: Android, platformVersion: 11, statBarHeight: 100, systemPort: 8221, takesScreenshot: true, udid: aeebca410407, viewportRect: {height: 2036, left: 0, top: 100, width: 1080}, warnings: {}, webStorageEnabled: false}
Session ID: e14d92ea-d2b4-430d-bccb-2ab48933b62c
	at org.openqa.selenium.remote.http.W3CHttpResponseCodec.createException(W3CHttpResponseCodec.java:187)
	at org.openqa.selenium.remote.http.W3CHttpResponseCodec.decode(W3CHttpResponseCodec.java:122)
	at org.openqa.selenium.remote.http.W3CHttpResponseCodec.decode(W3CHttpResponseCodec.java:49)
	at org.openqa.selenium.remote.HttpCommandExecutor.execute(HttpCommandExecutor.java:158)
	at io.appium.java_client.remote.AppiumCommandExecutor.execute(AppiumCommandExecutor.java:239)
	at org.openqa.selenium.remote.RemoteWebDriver.execute(RemoteWebDriver.java:552)
	at io.appium.java_client.DefaultGenericMobileDriver.execute(DefaultGenericMobileDriver.java:42)
	at io.appium.java_client.AppiumDriver.execute(AppiumDriver.java:1)
	at io.appium.java_client.android.AndroidDriver.execute(AndroidDriver.java:1)
	at com.kms.katalon.core.appium.driver.SwipeableAndroidDriver.execute(SwipeableAndroidDriver.java:1)
	at org.openqa.selenium.remote.RemoteWebElement.execute(RemoteWebElement.java:285)
	at io.appium.java_client.DefaultGenericMobileElement.execute(DefaultGenericMobileElement.java:45)
	at io.appium.java_client.MobileElement.execute(MobileElement.java:1)
	at io.appium.java_client.android.AndroidElement.execute(AndroidElement.java:1)
	at org.openqa.selenium.remote.RemoteWebElement.getLocation(RemoteWebElement.java:337)
	at org.openqa.selenium.WebElement$getLocation.call(Unknown Source)
	at com.kms.katalon.core.mobile.keyword.internal.MobileAbstractKeyword.findElement(MobileAbstractKeyword.groovy:86)
	at com.kms.katalon.core.mobile.keyword.builtin.VerifyElementVisibleKeyword.access$1(VerifyElementVisibleKeyword.groovy)
	at com.kms.katalon.core.mobile.keyword.builtin.VerifyElementVisibleKeyword$_verifyElementVisible_closure1.doCall(VerifyElementVisibleKeyword.groovy:72)
	at com.kms.katalon.core.mobile.keyword.builtin.VerifyElementVisibleKeyword$_verifyElementVisible_closure1.call(VerifyElementVisibleKeyword.groovy)
	at com.kms.katalon.core.mobile.keyword.internal.MobileKeywordMain.runKeyword(MobileKeywordMain.groovy:21)
	at com.kms.katalon.core.mobile.keyword.builtin.VerifyElementVisibleKeyword.verifyElementVisible(VerifyElementVisibleKeyword.groovy:85)
	at com.kms.katalon.core.mobile.keyword.builtin.VerifyElementVisibleKeyword.execute(VerifyElementVisibleKeyword.groovy:64)
	at com.kms.katalon.core.keyword.internal.KeywordExecutor.executeKeywordForPlatform(KeywordExecutor.groovy:74)
	at com.kms.katalon.core.mobile.keyword.MobileBuiltInKeywords.verifyElementVisible(MobileBuiltInKeywords.groovy:1896)
	at com.kms.katalon.core.mobile.keyword.MobileBuiltInKeywords$verifyElementVisible$7.call(Unknown Source)
	at Login_Success.run(Login_Success:34)
	at com.kms.katalon.core.main.ScriptEngine.run(ScriptEngine.java:194)
	at com.kms.katalon.core.main.ScriptEngine.runScriptAsRawText(ScriptEngine.java:119)
	at com.kms.katalon.core.main.TestCaseExecutor.runScript(TestCaseExecutor.java:442)
	at com.kms.katalon.core.main.TestCaseExecutor.doExecute(TestCaseExecutor.java:433)
	at com.kms.katalon.core.main.TestCaseExecutor.processExecutionPhase(TestCaseExecutor.java:412)
	at com.kms.katalon.core.main.TestCaseExecutor.accessMainPhase(TestCaseExecutor.java:404)
	at com.kms.katalon.core.main.TestCaseExecutor.execute(TestCaseExecutor.java:281)
	at com.kms.katalon.core.main.TestCaseMain.runTestCase(TestCaseMain.java:142)
	at com.kms.katalon.core.keyword.builtin.CallTestCaseKeyword$_callTestCase_closure1.doCall(CallTestCaseKeyword.groovy:59)
	at com.kms.katalon.core.keyword.builtin.CallTestCaseKeyword$_callTestCase_closure1.call(CallTestCaseKeyword.groovy)
	at com.kms.katalon.core.keyword.internal.KeywordMain.runKeyword(KeywordMain.groovy:74)
	at com.kms.katalon.core.keyword.builtin.CallTestCaseKeyword.callTestCase(CallTestCaseKeyword.groovy:81)
	at com.kms.katalon.core.keyword.builtin.CallTestCaseKeyword.execute(CallTestCaseKeyword.groovy:44)
	at com.kms.katalon.core.keyword.internal.KeywordExecutor.executeKeywordForPlatform(KeywordExecutor.groovy:74)
	at com.kms.katalon.core.keyword.BuiltinKeywords.callTestCase(BuiltinKeywords.groovy:334)
	at Logout.run(Logout:22)
	at com.kms.katalon.core.main.ScriptEngine.run(ScriptEngine.java:194)
	at com.kms.katalon.core.main.ScriptEngine.runScriptAsRawText(ScriptEngine.java:119)
	at com.kms.katalon.core.main.TestCaseExecutor.runScript(TestCaseExecutor.java:442)
	at com.kms.katalon.core.main.TestCaseExecutor.doExecute(TestCaseExecutor.java:433)
	at com.kms.katalon.core.main.TestCaseExecutor.processExecutionPhase(TestCaseExecutor.java:412)
	at com.kms.katalon.core.main.TestCaseExecutor.accessMainPhase(TestCaseExecutor.java:404)
	at com.kms.katalon.core.main.TestCaseExecutor.execute(TestCaseExecutor.java:281)
	at com.kms.katalon.core.main.TestSuiteExecutor.accessTestCaseMainPhase(TestSuiteExecutor.java:202)
	at com.kms.katalon.core.main.TestSuiteExecutor.accessTestSuiteMainPhase(TestSuiteExecutor.java:164)
	at com.kms.katalon.core.main.TestSuiteExecutor.execute(TestSuiteExecutor.java:105)
	at com.kms.katalon.core.main.TestCaseMain.startTestSuite(TestCaseMain.java:185)
	at com.kms.katalon.core.main.TestCaseMain$startTestSuite$0.call(Unknown Source)
	at TempTestSuite1652762281619.run(TempTestSuite1652762281619.groovy:36)
)
[[ATTACHMENT|F:\\1. UNNES\\6. Semester 6\\2 - MSIB\\final-project-qe-alta4\\final-project-qe-alta\\Reports\\20220517_113801\\MOBILE\\MOBILE\\20220517_113801\\1652762782077.png]]

2022-05-17 11:46:22 - [MESSAGE][FAILED] - Unable to call Test Case 'Test Cases/MOBILE/Auth/Login_Success' (Root cause: com.kms.katalon.core.exception.StepFailedException: Call Test Case 'Test Cases/MOBILE/Auth/Login_Success' failed
	at com.kms.katalon.core.keyword.builtin.CallTestCaseKeyword$_callTestCase_closure1.doCall(CallTestCaseKeyword.groovy:63)
	at com.kms.katalon.core.keyword.builtin.CallTestCaseKeyword$_callTestCase_closure1.call(CallTestCaseKeyword.groovy)
	at com.kms.katalon.core.keyword.internal.KeywordMain.runKeyword(KeywordMain.groovy:74)
	at com.kms.katalon.core.keyword.builtin.CallTestCaseKeyword.callTestCase(CallTestCaseKeyword.groovy:81)
	at com.kms.katalon.core.keyword.builtin.CallTestCaseKeyword.execute(CallTestCaseKeyword.groovy:44)
	at com.kms.katalon.core.keyword.internal.KeywordExecutor.executeKeywordForPlatform(KeywordExecutor.groovy:74)
	at com.kms.katalon.core.keyword.BuiltinKeywords.callTestCase(BuiltinKeywords.groovy:334)
	at Logout.run(Logout:22)
	at com.kms.katalon.core.main.ScriptEngine.run(ScriptEngine.java:194)
	at com.kms.katalon.core.main.ScriptEngine.runScriptAsRawText(ScriptEngine.java:119)
	at com.kms.katalon.core.main.TestCaseExecutor.runScript(TestCaseExecutor.java:442)
	at com.kms.katalon.core.main.TestCaseExecutor.doExecute(TestCaseExecutor.java:433)
	at com.kms.katalon.core.main.TestCaseExecutor.processExecutionPhase(TestCaseExecutor.java:412)
	at com.kms.katalon.core.main.TestCaseExecutor.accessMainPhase(TestCaseExecutor.java:404)
	at com.kms.katalon.core.main.TestCaseExecutor.execute(TestCaseExecutor.java:281)
	at com.kms.katalon.core.main.TestSuiteExecutor.accessTestCaseMainPhase(TestSuiteExecutor.java:202)
	at com.kms.katalon.core.main.TestSuiteExecutor.accessTestSuiteMainPhase(TestSuiteExecutor.java:164)
	at com.kms.katalon.core.main.TestSuiteExecutor.execute(TestSuiteExecutor.java:105)
	at com.kms.katalon.core.main.TestCaseMain.startTestSuite(TestCaseMain.java:185)
	at com.kms.katalon.core.main.TestCaseMain$startTestSuite$0.call(Unknown Source)
	at TempTestSuite1652762281619.run(TempTestSuite1652762281619.groovy:36)
Caused by: com.kms.katalon.core.exception.StepFailedException: Failed to check for element 'Object Repository/MOBILE/Auth/Login/android.widget.Button - Logout' visible (Root cause: org.openqa.selenium.StaleElementReferenceException: Cached elements 'By.xpath: //hierarchy/android.widget.FrameLayout[1]/android.widget.LinearLayout[1]/android.widget.FrameLayout[1]/android.widget.FrameLayout[1]/android.view.View[1]/android.view.View[1]/android.view.View[1]/android.view.View[1]/android.view.View[1]/android.widget.Button[1]' do not exist in DOM anymore
For documentation on this error, please visit: https://www.seleniumhq.org/exceptions/stale_element_reference.html
Build info: version: '3.141.59', revision: 'e82be7d358', time: '2018-11-14T08:25:53'
System info: host: 'SALSABILA', ip: '192.168.200.173', os.name: 'Windows 10', os.arch: 'amd64', os.version: '10.0', java.version: '1.8.0_282'
Driver info: com.kms.katalon.core.appium.driver.SwipeableAndroidDriver
Capabilities {appActivity: .Settings, appPackage: com.android.settings, autoGrantPermissions: true, automationName: uiautomator2, chromedriverPort: 55386, databaseEnabled: false, desired: {appActivity: .Settings, appPackage: com.android.settings, autoGrantPermissions: true, automationName: uiautomator2, chromedriverPort: 55386, deviceName: Xiaomi M2003J15SC (Android 11), newCommandTimeout: 1800, platform: ANDROID, platformName: android, platformVersion: 11, systemPort: 8221, udid: aeebca410407}, deviceApiLevel: 30, deviceManufacturer: Xiaomi, deviceModel: M2003J15SC, deviceName: aeebca410407, deviceScreenDensity: 352, deviceScreenSize: 1080x2340, deviceUDID: aeebca410407, javascriptEnabled: true, locationContextEnabled: false, networkConnectionEnabled: true, newCommandTimeout: 1800, pixelRatio: 2.2, platform: ANDROID, platformName: Android, platformVersion: 11, statBarHeight: 100, systemPort: 8221, takesScreenshot: true, udid: aeebca410407, viewportRect: {height: 2036, left: 0, top: 100, width: 1080}, warnings: {}, webStorageEnabled: false}
Session ID: e14d92ea-d2b4-430d-bccb-2ab48933b62c
	at org.openqa.selenium.remote.http.W3CHttpResponseCodec.createException(W3CHttpResponseCodec.java:187)
	at org.openqa.selenium.remote.http.W3CHttpResponseCodec.decode(W3CHttpResponseCodec.java:122)
	at org.openqa.selenium.remote.http.W3CHttpResponseCodec.decode(W3CHttpResponseCodec.java:49)
	at org.openqa.selenium.remote.HttpCommandExecutor.execute(HttpCommandExecutor.java:158)
	at io.appium.java_client.remote.AppiumCommandExecutor.execute(AppiumCommandExecutor.java:239)
	at org.openqa.selenium.remote.RemoteWebDriver.execute(RemoteWebDriver.java:552)
	at io.appium.java_client.DefaultGenericMobileDriver.execute(DefaultGenericMobileDriver.java:42)
	at io.appium.java_client.AppiumDriver.execute(AppiumDriver.java:1)
	at io.appium.java_client.android.AndroidDriver.execute(AndroidDriver.java:1)
	at com.kms.katalon.core.appium.driver.SwipeableAndroidDriver.execute(SwipeableAndroidDriver.java:1)
	at org.openqa.selenium.remote.RemoteWebElement.execute(RemoteWebElement.java:285)
	at io.appium.java_client.DefaultGenericMobileElement.execute(DefaultGenericMobileElement.java:45)
	at io.appium.java_client.MobileElement.execute(MobileElement.java:1)
	at io.appium.java_client.android.AndroidElement.execute(AndroidElement.java:1)
	at org.openqa.selenium.remote.RemoteWebElement.getLocation(RemoteWebElement.java:337)
	at org.openqa.selenium.WebElement$getLocation.call(Unknown Source)
	at com.kms.katalon.core.mobile.keyword.internal.MobileAbstractKeyword.findElement(MobileAbstractKeyword.groovy:86)
	at com.kms.katalon.core.mobile.keyword.builtin.VerifyElementVisibleKeyword.access$1(VerifyElementVisibleKeyword.groovy)
	at com.kms.katalon.core.mobile.keyword.builtin.VerifyElementVisibleKeyword$_verifyElementVisible_closure1.doCall(VerifyElementVisibleKeyword.groovy:72)
	at com.kms.katalon.core.mobile.keyword.builtin.VerifyElementVisibleKeyword$_verifyElementVisible_closure1.call(VerifyElementVisibleKeyword.groovy)
	at com.kms.katalon.core.mobile.keyword.internal.MobileKeywordMain.runKeyword(MobileKeywordMain.groovy:21)
	at com.kms.katalon.core.mobile.keyword.builtin.VerifyElementVisibleKeyword.verifyElementVisible(VerifyElementVisibleKeyword.groovy:85)
	at com.kms.katalon.core.mobile.keyword.builtin.VerifyElementVisibleKeyword.execute(VerifyElementVisibleKeyword.groovy:64)
	at com.kms.katalon.core.keyword.internal.KeywordExecutor.executeKeywordForPlatform(KeywordExecutor.groovy:74)
	at com.kms.katalon.core.mobile.keyword.MobileBuiltInKeywords.verifyElementVisible(MobileBuiltInKeywords.groovy:1896)
	at com.kms.katalon.core.mobile.keyword.MobileBuiltInKeywords$verifyElementVisible$7.call(Unknown Source)
	at Login_Success.run(Login_Success:34)
	at com.kms.katalon.core.main.ScriptEngine.run(ScriptEngine.java:194)
	at com.kms.katalon.core.main.ScriptEngine.runScriptAsRawText(ScriptEngine.java:119)
	at com.kms.katalon.core.main.TestCaseExecutor.runScript(TestCaseExecutor.java:442)
	at com.kms.katalon.core.main.TestCaseExecutor.doExecute(TestCaseExecutor.java:433)
	at com.kms.katalon.core.main.TestCaseExecutor.processExecutionPhase(TestCaseExecutor.java:412)
	at com.kms.katalon.core.main.TestCaseExecutor.accessMainPhase(TestCaseExecutor.java:404)
	at com.kms.katalon.core.main.TestCaseExecutor.execute(TestCaseExecutor.java:281)
	at com.kms.katalon.core.main.TestCaseMain.runTestCase(TestCaseMain.java:142)
	at com.kms.katalon.core.keyword.builtin.CallTestCaseKeyword$_callTestCase_closure1.doCall(CallTestCaseKeyword.groovy:59)
	at com.kms.katalon.core.keyword.builtin.CallTestCaseKeyword$_callTestCase_closure1.call(CallTestCaseKeyword.groovy)
	at com.kms.katalon.core.keyword.internal.KeywordMain.runKeyword(KeywordMain.groovy:74)
	at com.kms.katalon.core.keyword.builtin.CallTestCaseKeyword.callTestCase(CallTestCaseKeyword.groovy:81)
	at com.kms.katalon.core.keyword.builtin.CallTestCaseKeyword.execute(CallTestCaseKeyword.groovy:44)
	at com.kms.katalon.core.keyword.internal.KeywordExecutor.executeKeywordForPlatform(KeywordExecutor.groovy:74)
	at com.kms.katalon.core.keyword.BuiltinKeywords.callTestCase(BuiltinKeywords.groovy:334)
	at Logout.run(Logout:22)
	at com.kms.katalon.core.main.ScriptEngine.run(ScriptEngine.java:194)
	at com.kms.katalon.core.main.ScriptEngine.runScriptAsRawText(ScriptEngine.java:119)
	at com.kms.katalon.core.main.TestCaseExecutor.runScript(TestCaseExecutor.java:442)
	at com.kms.katalon.core.main.TestCaseExecutor.doExecute(TestCaseExecutor.java:433)
	at com.kms.katalon.core.main.TestCaseExecutor.processExecutionPhase(TestCaseExecutor.java:412)
	at com.kms.katalon.core.main.TestCaseExecutor.accessMainPhase(TestCaseExecutor.java:404)
	at com.kms.katalon.core.main.TestCaseExecutor.execute(TestCaseExecutor.java:281)
	at com.kms.katalon.core.main.TestSuiteExecutor.accessTestCaseMainPhase(TestSuiteExecutor.java:202)
	at com.kms.katalon.core.main.TestSuiteExecutor.accessTestSuiteMainPhase(TestSuiteExecutor.java:164)
	at com.kms.katalon.core.main.TestSuiteExecutor.execute(TestSuiteExecutor.java:105)
	at com.kms.katalon.core.main.TestCaseMain.startTestSuite(TestCaseMain.java:185)
	at com.kms.katalon.core.main.TestCaseMain$startTestSuite$0.call(Unknown Source)
	at TempTestSuite1652762281619.run(TempTestSuite1652762281619.groovy:36)
)
	at com.kms.katalon.core.keyword.internal.KeywordMain.stepFailed(KeywordMain.groovy:39)
	at com.kms.katalon.core.mobile.keyword.internal.MobileKeywordMain.stepFailed(MobileKeywordMain.groovy:40)
	at com.kms.katalon.core.mobile.keyword.internal.MobileKeywordMain.runKeyword(MobileKeywordMain.groovy:23)
	at com.kms.katalon.core.mobile.keyword.builtin.VerifyElementVisibleKeyword.verifyElementVisible(VerifyElementVisibleKeyword.groovy:85)
	at com.kms.katalon.core.mobile.keyword.builtin.VerifyElementVisibleKeyword.execute(VerifyElementVisibleKeyword.groovy:64)
	at com.kms.katalon.core.keyword.internal.KeywordExecutor.executeKeywordForPlatform(KeywordExecutor.groovy:74)
	at com.kms.katalon.core.mobile.keyword.MobileBuiltInKeywords.verifyElementVisible(MobileBuiltInKeywords.groovy:1896)
	at com.kms.katalon.core.mobile.keyword.MobileBuiltInKeywords$verifyElementVisible$7.call(Unknown Source)
	at Login_Success.run(Login_Success:34)
	at com.kms.katalon.core.main.ScriptEngine.run(ScriptEngine.java:194)
	at com.kms.katalon.core.main.ScriptEngine.runScriptAsRawText(ScriptEngine.java:119)
	at com.kms.katalon.core.main.TestCaseExecutor.runScript(TestCaseExecutor.java:442)
	at com.kms.katalon.core.main.TestCaseExecutor.doExecute(TestCaseExecutor.java:433)
	at com.kms.katalon.core.main.TestCaseExecutor.processExecutionPhase(TestCaseExecutor.java:412)
	at com.kms.katalon.core.main.TestCaseExecutor.accessMainPhase(TestCaseExecutor.java:404)
	at com.kms.katalon.core.main.TestCaseExecutor.execute(TestCaseExecutor.java:281)
	at com.kms.katalon.core.main.TestCaseMain.runTestCase(TestCaseMain.java:142)
	at com.kms.katalon.core.keyword.builtin.CallTestCaseKeyword$_callTestCase_closure1.doCall(CallTestCaseKeyword.groovy:59)
	... 20 more
Caused by: org.openqa.selenium.StaleElementReferenceException: Cached elements 'By.xpath: //hierarchy/android.widget.FrameLayout[1]/android.widget.LinearLayout[1]/android.widget.FrameLayout[1]/android.widget.FrameLayout[1]/android.view.View[1]/android.view.View[1]/android.view.View[1]/android.view.View[1]/android.view.View[1]/android.widget.Button[1]' do not exist in DOM anymore
For documentation on this error, please visit: https://www.seleniumhq.org/exceptions/stale_element_reference.html
Build info: version: '3.141.59', revision: 'e82be7d358', time: '2018-11-14T08:25:53'
System info: host: 'SALSABILA', ip: '192.168.200.173', os.name: 'Windows 10', os.arch: 'amd64', os.version: '10.0', java.version: '1.8.0_282'
Driver info: com.kms.katalon.core.appium.driver.SwipeableAndroidDriver
Capabilities {appActivity: .Settings, appPackage: com.android.settings, autoGrantPermissions: true, automationName: uiautomator2, chromedriverPort: 55386, databaseEnabled: false, desired: {appActivity: .Settings, appPackage: com.android.settings, autoGrantPermissions: true, automationName: uiautomator2, chromedriverPort: 55386, deviceName: Xiaomi M2003J15SC (Android 11), newCommandTimeout: 1800, platform: ANDROID, platformName: android, platformVersion: 11, systemPort: 8221, udid: aeebca410407}, deviceApiLevel: 30, deviceManufacturer: Xiaomi, deviceModel: M2003J15SC, deviceName: aeebca410407, deviceScreenDensity: 352, deviceScreenSize: 1080x2340, deviceUDID: aeebca410407, javascriptEnabled: true, locationContextEnabled: false, networkConnectionEnabled: true, newCommandTimeout: 1800, pixelRatio: 2.2, platform: ANDROID, platformName: Android, platformVersion: 11, statBarHeight: 100, systemPort: 8221, takesScreenshot: true, udid: aeebca410407, viewportRect: {height: 2036, left: 0, top: 100, width: 1080}, warnings: {}, webStorageEnabled: false}
Session ID: e14d92ea-d2b4-430d-bccb-2ab48933b62c
	at org.openqa.selenium.remote.http.W3CHttpResponseCodec.createException(W3CHttpResponseCodec.java:187)
	at org.openqa.selenium.remote.http.W3CHttpResponseCodec.decode(W3CHttpResponseCodec.java:122)
	at org.openqa.selenium.remote.http.W3CHttpResponseCodec.decode(W3CHttpResponseCodec.java:49)
	at org.openqa.selenium.remote.HttpCommandExecutor.execute(HttpCommandExecutor.java:158)
	at io.appium.java_client.remote.AppiumCommandExecutor.execute(AppiumCommandExecutor.java:239)
	at org.openqa.selenium.remote.RemoteWebDriver.execute(RemoteWebDriver.java:552)
	at io.appium.java_client.DefaultGenericMobileDriver.execute(DefaultGenericMobileDriver.java:42)
	at io.appium.java_client.AppiumDriver.execute(AppiumDriver.java:1)
	at io.appium.java_client.android.AndroidDriver.execute(AndroidDriver.java:1)
	at com.kms.katalon.core.appium.driver.SwipeableAndroidDriver.execute(SwipeableAndroidDriver.java:1)
	at org.openqa.selenium.remote.RemoteWebElement.execute(RemoteWebElement.java:285)
	at io.appium.java_client.DefaultGenericMobileElement.execute(DefaultGenericMobileElement.java:45)
	at io.appium.java_client.MobileElement.execute(MobileElement.java:1)
	at io.appium.java_client.android.AndroidElement.execute(AndroidElement.java:1)
	at org.openqa.selenium.remote.RemoteWebElement.getLocation(RemoteWebElement.java:337)
	at org.openqa.selenium.WebElement$getLocation.call(Unknown Source)
	at com.kms.katalon.core.mobile.keyword.internal.MobileAbstractKeyword.findElement(MobileAbstractKeyword.groovy:86)
	at com.kms.katalon.core.mobile.keyword.builtin.VerifyElementVisibleKeyword.access$1(VerifyElementVisibleKeyword.groovy)
	at com.kms.katalon.core.mobile.keyword.builtin.VerifyElementVisibleKeyword$_verifyElementVisible_closure1.doCall(VerifyElementVisibleKeyword.groovy:72)
	at com.kms.katalon.core.mobile.keyword.builtin.VerifyElementVisibleKeyword$_verifyElementVisible_closure1.call(VerifyElementVisibleKeyword.groovy)
	at com.kms.katalon.core.mobile.keyword.internal.MobileKeywordMain.runKeyword(MobileKeywordMain.groovy:21)
	... 35 more
)

2022-05-17 11:46:22 - [TEST_STEP][PASSED] - tap(findTestObject("MOBILE/Auth/Login/android.widget.Button - Logout"), 5): Tapped on element 'Object Repository/MOBILE/Auth/Login/android.widget.Button - Logout'

2022-05-17 11:46:23 - [MESSAGE][PASSED] - Tapped on element 'Object Repository/MOBILE/Auth/Login/android.widget.Button - Logout'

2022-05-17 11:46:23 - [TEST_STEP][PASSED] - verifyElementVisible(findTestObject("MOBILE/Auth/Login/android.widget.Button - Login Button"), 0): Element 'Object Repository/MOBILE/Auth/Login/android.widget.Button - Login Button' is visible

2022-05-17 11:46:23 - [MESSAGE][WARNING] - Timeout '0' is invalid. Using default page load timeout: '30'

2022-05-17 11:46:24 - [MESSAGE][PASSED] - Element 'Object Repository/MOBILE/Auth/Login/android.widget.Button - Login Button' is visible

2022-05-17 11:46:24 - [TEST_STEP][PASSED] - closeApplication(): Close app successfully

2022-05-17 11:46:25 - [MESSAGE][PASSED] - Close app successfully]]></system-out>
         <system-err><![CDATA[2022-05-17 11:45:52 - [TEST_CASE][FAILED] - Test Cases/MOBILE/Auth/Logout: Test Cases/MOBILE/Auth/Logout FAILED.
Reason:
com.kms.katalon.core.exception.StepFailedException: Unable to call Test Case 'Test Cases/MOBILE/Auth/Login_Success' (Root cause: com.kms.katalon.core.exception.StepFailedException: Call Test Case 'Test Cases/MOBILE/Auth/Login_Success' failed
	at com.kms.katalon.core.keyword.builtin.CallTestCaseKeyword$_callTestCase_closure1.doCall(CallTestCaseKeyword.groovy:63)
	at com.kms.katalon.core.keyword.builtin.CallTestCaseKeyword$_callTestCase_closure1.call(CallTestCaseKeyword.groovy)
	at com.kms.katalon.core.keyword.internal.KeywordMain.runKeyword(KeywordMain.groovy:74)
	at com.kms.katalon.core.keyword.builtin.CallTestCaseKeyword.callTestCase(CallTestCaseKeyword.groovy:81)
	at com.kms.katalon.core.keyword.builtin.CallTestCaseKeyword.execute(CallTestCaseKeyword.groovy:44)
	at com.kms.katalon.core.keyword.internal.KeywordExecutor.executeKeywordForPlatform(KeywordExecutor.groovy:74)
	at com.kms.katalon.core.keyword.BuiltinKeywords.callTestCase(BuiltinKeywords.groovy:334)
	at Logout.run(Logout:22)
	at com.kms.katalon.core.main.ScriptEngine.run(ScriptEngine.java:194)
	at com.kms.katalon.core.main.ScriptEngine.runScriptAsRawText(ScriptEngine.java:119)
	at com.kms.katalon.core.main.TestCaseExecutor.runScript(TestCaseExecutor.java:442)
	at com.kms.katalon.core.main.TestCaseExecutor.doExecute(TestCaseExecutor.java:433)
	at com.kms.katalon.core.main.TestCaseExecutor.processExecutionPhase(TestCaseExecutor.java:412)
	at com.kms.katalon.core.main.TestCaseExecutor.accessMainPhase(TestCaseExecutor.java:404)
	at com.kms.katalon.core.main.TestCaseExecutor.execute(TestCaseExecutor.java:281)
	at com.kms.katalon.core.main.TestSuiteExecutor.accessTestCaseMainPhase(TestSuiteExecutor.java:202)
	at com.kms.katalon.core.main.TestSuiteExecutor.accessTestSuiteMainPhase(TestSuiteExecutor.java:164)
	at com.kms.katalon.core.main.TestSuiteExecutor.execute(TestSuiteExecutor.java:105)
	at com.kms.katalon.core.main.TestCaseMain.startTestSuite(TestCaseMain.java:185)
	at com.kms.katalon.core.main.TestCaseMain$startTestSuite$0.call(Unknown Source)
	at TempTestSuite1652762281619.run(TempTestSuite1652762281619.groovy:36)
Caused by: com.kms.katalon.core.exception.StepFailedException: Failed to check for element 'Object Repository/MOBILE/Auth/Login/android.widget.Button - Logout' visible (Root cause: org.openqa.selenium.StaleElementReferenceException: Cached elements 'By.xpath: //hierarchy/android.widget.FrameLayout[1]/android.widget.LinearLayout[1]/android.widget.FrameLayout[1]/android.widget.FrameLayout[1]/android.view.View[1]/android.view.View[1]/android.view.View[1]/android.view.View[1]/android.view.View[1]/android.widget.Button[1]' do not exist in DOM anymore
For documentation on this error, please visit: https://www.seleniumhq.org/exceptions/stale_element_reference.html
Build info: version: '3.141.59', revision: 'e82be7d358', time: '2018-11-14T08:25:53'
System info: host: 'SALSABILA', ip: '192.168.200.173', os.name: 'Windows 10', os.arch: 'amd64', os.version: '10.0', java.version: '1.8.0_282'
Driver info: com.kms.katalon.core.appium.driver.SwipeableAndroidDriver
Capabilities {appActivity: .Settings, appPackage: com.android.settings, autoGrantPermissions: true, automationName: uiautomator2, chromedriverPort: 55386, databaseEnabled: false, desired: {appActivity: .Settings, appPackage: com.android.settings, autoGrantPermissions: true, automationName: uiautomator2, chromedriverPort: 55386, deviceName: Xiaomi M2003J15SC (Android 11), newCommandTimeout: 1800, platform: ANDROID, platformName: android, platformVersion: 11, systemPort: 8221, udid: aeebca410407}, deviceApiLevel: 30, deviceManufacturer: Xiaomi, deviceModel: M2003J15SC, deviceName: aeebca410407, deviceScreenDensity: 352, deviceScreenSize: 1080x2340, deviceUDID: aeebca410407, javascriptEnabled: true, locationContextEnabled: false, networkConnectionEnabled: true, newCommandTimeout: 1800, pixelRatio: 2.2, platform: ANDROID, platformName: Android, platformVersion: 11, statBarHeight: 100, systemPort: 8221, takesScreenshot: true, udid: aeebca410407, viewportRect: {height: 2036, left: 0, top: 100, width: 1080}, warnings: {}, webStorageEnabled: false}
Session ID: e14d92ea-d2b4-430d-bccb-2ab48933b62c
	at org.openqa.selenium.remote.http.W3CHttpResponseCodec.createException(W3CHttpResponseCodec.java:187)
	at org.openqa.selenium.remote.http.W3CHttpResponseCodec.decode(W3CHttpResponseCodec.java:122)
	at org.openqa.selenium.remote.http.W3CHttpResponseCodec.decode(W3CHttpResponseCodec.java:49)
	at org.openqa.selenium.remote.HttpCommandExecutor.execute(HttpCommandExecutor.java:158)
	at io.appium.java_client.remote.AppiumCommandExecutor.execute(AppiumCommandExecutor.java:239)
	at org.openqa.selenium.remote.RemoteWebDriver.execute(RemoteWebDriver.java:552)
	at io.appium.java_client.DefaultGenericMobileDriver.execute(DefaultGenericMobileDriver.java:42)
	at io.appium.java_client.AppiumDriver.execute(AppiumDriver.java:1)
	at io.appium.java_client.android.AndroidDriver.execute(AndroidDriver.java:1)
	at com.kms.katalon.core.appium.driver.SwipeableAndroidDriver.execute(SwipeableAndroidDriver.java:1)
	at org.openqa.selenium.remote.RemoteWebElement.execute(RemoteWebElement.java:285)
	at io.appium.java_client.DefaultGenericMobileElement.execute(DefaultGenericMobileElement.java:45)
	at io.appium.java_client.MobileElement.execute(MobileElement.java:1)
	at io.appium.java_client.android.AndroidElement.execute(AndroidElement.java:1)
	at org.openqa.selenium.remote.RemoteWebElement.getLocation(RemoteWebElement.java:337)
	at org.openqa.selenium.WebElement$getLocation.call(Unknown Source)
	at com.kms.katalon.core.mobile.keyword.internal.MobileAbstractKeyword.findElement(MobileAbstractKeyword.groovy:86)
	at com.kms.katalon.core.mobile.keyword.builtin.VerifyElementVisibleKeyword.access$1(VerifyElementVisibleKeyword.groovy)
	at com.kms.katalon.core.mobile.keyword.builtin.VerifyElementVisibleKeyword$_verifyElementVisible_closure1.doCall(VerifyElementVisibleKeyword.groovy:72)
	at com.kms.katalon.core.mobile.keyword.builtin.VerifyElementVisibleKeyword$_verifyElementVisible_closure1.call(VerifyElementVisibleKeyword.groovy)
	at com.kms.katalon.core.mobile.keyword.internal.MobileKeywordMain.runKeyword(MobileKeywordMain.groovy:21)
	at com.kms.katalon.core.mobile.keyword.builtin.VerifyElementVisibleKeyword.verifyElementVisible(VerifyElementVisibleKeyword.groovy:85)
	at com.kms.katalon.core.mobile.keyword.builtin.VerifyElementVisibleKeyword.execute(VerifyElementVisibleKeyword.groovy:64)
	at com.kms.katalon.core.keyword.internal.KeywordExecutor.executeKeywordForPlatform(KeywordExecutor.groovy:74)
	at com.kms.katalon.core.mobile.keyword.MobileBuiltInKeywords.verifyElementVisible(MobileBuiltInKeywords.groovy:1896)
	at com.kms.katalon.core.mobile.keyword.MobileBuiltInKeywords$verifyElementVisible$7.call(Unknown Source)
	at Login_Success.run(Login_Success:34)
	at com.kms.katalon.core.main.ScriptEngine.run(ScriptEngine.java:194)
	at com.kms.katalon.core.main.ScriptEngine.runScriptAsRawText(ScriptEngine.java:119)
	at com.kms.katalon.core.main.TestCaseExecutor.runScript(TestCaseExecutor.java:442)
	at com.kms.katalon.core.main.TestCaseExecutor.doExecute(TestCaseExecutor.java:433)
	at com.kms.katalon.core.main.TestCaseExecutor.processExecutionPhase(TestCaseExecutor.java:412)
	at com.kms.katalon.core.main.TestCaseExecutor.accessMainPhase(TestCaseExecutor.java:404)
	at com.kms.katalon.core.main.TestCaseExecutor.execute(TestCaseExecutor.java:281)
	at com.kms.katalon.core.main.TestCaseMain.runTestCase(TestCaseMain.java:142)
	at com.kms.katalon.core.keyword.builtin.CallTestCaseKeyword$_callTestCase_closure1.doCall(CallTestCaseKeyword.groovy:59)
	at com.kms.katalon.core.keyword.builtin.CallTestCaseKeyword$_callTestCase_closure1.call(CallTestCaseKeyword.groovy)
	at com.kms.katalon.core.keyword.internal.KeywordMain.runKeyword(KeywordMain.groovy:74)
	at com.kms.katalon.core.keyword.builtin.CallTestCaseKeyword.callTestCase(CallTestCaseKeyword.groovy:81)
	at com.kms.katalon.core.keyword.builtin.CallTestCaseKeyword.execute(CallTestCaseKeyword.groovy:44)
	at com.kms.katalon.core.keyword.internal.KeywordExecutor.executeKeywordForPlatform(KeywordExecutor.groovy:74)
	at com.kms.katalon.core.keyword.BuiltinKeywords.callTestCase(BuiltinKeywords.groovy:334)
	at Logout.run(Logout:22)
	at com.kms.katalon.core.main.ScriptEngine.run(ScriptEngine.java:194)
	at com.kms.katalon.core.main.ScriptEngine.runScriptAsRawText(ScriptEngine.java:119)
	at com.kms.katalon.core.main.TestCaseExecutor.runScript(TestCaseExecutor.java:442)
	at com.kms.katalon.core.main.TestCaseExecutor.doExecute(TestCaseExecutor.java:433)
	at com.kms.katalon.core.main.TestCaseExecutor.processExecutionPhase(TestCaseExecutor.java:412)
	at com.kms.katalon.core.main.TestCaseExecutor.accessMainPhase(TestCaseExecutor.java:404)
	at com.kms.katalon.core.main.TestCaseExecutor.execute(TestCaseExecutor.java:281)
	at com.kms.katalon.core.main.TestSuiteExecutor.accessTestCaseMainPhase(TestSuiteExecutor.java:202)
	at com.kms.katalon.core.main.TestSuiteExecutor.accessTestSuiteMainPhase(TestSuiteExecutor.java:164)
	at com.kms.katalon.core.main.TestSuiteExecutor.execute(TestSuiteExecutor.java:105)
	at com.kms.katalon.core.main.TestCaseMain.startTestSuite(TestCaseMain.java:185)
	at com.kms.katalon.core.main.TestCaseMain$startTestSuite$0.call(Unknown Source)
	at TempTestSuite1652762281619.run(TempTestSuite1652762281619.groovy:36)
)
	at com.kms.katalon.core.keyword.internal.KeywordMain.stepFailed(KeywordMain.groovy:39)
	at com.kms.katalon.core.mobile.keyword.internal.MobileKeywordMain.stepFailed(MobileKeywordMain.groovy:40)
	at com.kms.katalon.core.mobile.keyword.internal.MobileKeywordMain.runKeyword(MobileKeywordMain.groovy:23)
	at com.kms.katalon.core.mobile.keyword.builtin.VerifyElementVisibleKeyword.verifyElementVisible(VerifyElementVisibleKeyword.groovy:85)
	at com.kms.katalon.core.mobile.keyword.builtin.VerifyElementVisibleKeyword.execute(VerifyElementVisibleKeyword.groovy:64)
	at com.kms.katalon.core.keyword.internal.KeywordExecutor.executeKeywordForPlatform(KeywordExecutor.groovy:74)
	at com.kms.katalon.core.mobile.keyword.MobileBuiltInKeywords.verifyElementVisible(MobileBuiltInKeywords.groovy:1896)
	at com.kms.katalon.core.mobile.keyword.MobileBuiltInKeywords$verifyElementVisible$7.call(Unknown Source)
	at Login_Success.run(Login_Success:34)
	at com.kms.katalon.core.main.ScriptEngine.run(ScriptEngine.java:194)
	at com.kms.katalon.core.main.ScriptEngine.runScriptAsRawText(ScriptEngine.java:119)
	at com.kms.katalon.core.main.TestCaseExecutor.runScript(TestCaseExecutor.java:442)
	at com.kms.katalon.core.main.TestCaseExecutor.doExecute(TestCaseExecutor.java:433)
	at com.kms.katalon.core.main.TestCaseExecutor.processExecutionPhase(TestCaseExecutor.java:412)
	at com.kms.katalon.core.main.TestCaseExecutor.accessMainPhase(TestCaseExecutor.java:404)
	at com.kms.katalon.core.main.TestCaseExecutor.execute(TestCaseExecutor.java:281)
	at com.kms.katalon.core.main.TestCaseMain.runTestCase(TestCaseMain.java:142)
	at com.kms.katalon.core.keyword.builtin.CallTestCaseKeyword$_callTestCase_closure1.doCall(CallTestCaseKeyword.groovy:59)
	... 20 more
Caused by: org.openqa.selenium.StaleElementReferenceException: Cached elements 'By.xpath: //hierarchy/android.widget.FrameLayout[1]/android.widget.LinearLayout[1]/android.widget.FrameLayout[1]/android.widget.FrameLayout[1]/android.view.View[1]/android.view.View[1]/android.view.View[1]/android.view.View[1]/android.view.View[1]/android.widget.Button[1]' do not exist in DOM anymore
For documentation on this error, please visit: https://www.seleniumhq.org/exceptions/stale_element_reference.html
Build info: version: '3.141.59', revision: 'e82be7d358', time: '2018-11-14T08:25:53'
System info: host: 'SALSABILA', ip: '192.168.200.173', os.name: 'Windows 10', os.arch: 'amd64', os.version: '10.0', java.version: '1.8.0_282'
Driver info: com.kms.katalon.core.appium.driver.SwipeableAndroidDriver
Capabilities {appActivity: .Settings, appPackage: com.android.settings, autoGrantPermissions: true, automationName: uiautomator2, chromedriverPort: 55386, databaseEnabled: false, desired: {appActivity: .Settings, appPackage: com.android.settings, autoGrantPermissions: true, automationName: uiautomator2, chromedriverPort: 55386, deviceName: Xiaomi M2003J15SC (Android 11), newCommandTimeout: 1800, platform: ANDROID, platformName: android, platformVersion: 11, systemPort: 8221, udid: aeebca410407}, deviceApiLevel: 30, deviceManufacturer: Xiaomi, deviceModel: M2003J15SC, deviceName: aeebca410407, deviceScreenDensity: 352, deviceScreenSize: 1080x2340, deviceUDID: aeebca410407, javascriptEnabled: true, locationContextEnabled: false, networkConnectionEnabled: true, newCommandTimeout: 1800, pixelRatio: 2.2, platform: ANDROID, platformName: Android, platformVersion: 11, statBarHeight: 100, systemPort: 8221, takesScreenshot: true, udid: aeebca410407, viewportRect: {height: 2036, left: 0, top: 100, width: 1080}, warnings: {}, webStorageEnabled: false}
Session ID: e14d92ea-d2b4-430d-bccb-2ab48933b62c
	at org.openqa.selenium.remote.http.W3CHttpResponseCodec.createException(W3CHttpResponseCodec.java:187)
	at org.openqa.selenium.remote.http.W3CHttpResponseCodec.decode(W3CHttpResponseCodec.java:122)
	at org.openqa.selenium.remote.http.W3CHttpResponseCodec.decode(W3CHttpResponseCodec.java:49)
	at org.openqa.selenium.remote.HttpCommandExecutor.execute(HttpCommandExecutor.java:158)
	at io.appium.java_client.remote.AppiumCommandExecutor.execute(AppiumCommandExecutor.java:239)
	at org.openqa.selenium.remote.RemoteWebDriver.execute(RemoteWebDriver.java:552)
	at io.appium.java_client.DefaultGenericMobileDriver.execute(DefaultGenericMobileDriver.java:42)
	at io.appium.java_client.AppiumDriver.execute(AppiumDriver.java:1)
	at io.appium.java_client.android.AndroidDriver.execute(AndroidDriver.java:1)
	at com.kms.katalon.core.appium.driver.SwipeableAndroidDriver.execute(SwipeableAndroidDriver.java:1)
	at org.openqa.selenium.remote.RemoteWebElement.execute(RemoteWebElement.java:285)
	at io.appium.java_client.DefaultGenericMobileElement.execute(DefaultGenericMobileElement.java:45)
	at io.appium.java_client.MobileElement.execute(MobileElement.java:1)
	at io.appium.java_client.android.AndroidElement.execute(AndroidElement.java:1)
	at org.openqa.selenium.remote.RemoteWebElement.getLocation(RemoteWebElement.java:337)
	at org.openqa.selenium.WebElement$getLocation.call(Unknown Source)
	at com.kms.katalon.core.mobile.keyword.internal.MobileAbstractKeyword.findElement(MobileAbstractKeyword.groovy:86)
	at com.kms.katalon.core.mobile.keyword.builtin.VerifyElementVisibleKeyword.access$1(VerifyElementVisibleKeyword.groovy)
	at com.kms.katalon.core.mobile.keyword.builtin.VerifyElementVisibleKeyword$_verifyElementVisible_closure1.doCall(VerifyElementVisibleKeyword.groovy:72)
	at com.kms.katalon.core.mobile.keyword.builtin.VerifyElementVisibleKeyword$_verifyElementVisible_closure1.call(VerifyElementVisibleKeyword.groovy)
	at com.kms.katalon.core.mobile.keyword.internal.MobileKeywordMain.runKeyword(MobileKeywordMain.groovy:21)
	... 35 more
)
	at com.kms.katalon.core.keyword.internal.KeywordMain.stepFailed(KeywordMain.groovy:39)
	at com.kms.katalon.core.keyword.internal.KeywordMain.stepFailed(KeywordMain.groovy)
	at com.kms.katalon.core.keyword.internal.KeywordMain.runKeyword(KeywordMain.groovy:76)
	at com.kms.katalon.core.keyword.builtin.CallTestCaseKeyword.callTestCase(CallTestCaseKeyword.groovy:81)
	at com.kms.katalon.core.keyword.builtin.CallTestCaseKeyword.execute(CallTestCaseKeyword.groovy:44)
	at com.kms.katalon.core.keyword.internal.KeywordExecutor.executeKeywordForPlatform(KeywordExecutor.groovy:74)
	at com.kms.katalon.core.keyword.BuiltinKeywords.callTestCase(BuiltinKeywords.groovy:334)
	at Logout.run(Logout:22)
	at com.kms.katalon.core.main.ScriptEngine.run(ScriptEngine.java:194)
	at com.kms.katalon.core.main.ScriptEngine.runScriptAsRawText(ScriptEngine.java:119)
	at com.kms.katalon.core.main.TestCaseExecutor.runScript(TestCaseExecutor.java:442)
	at com.kms.katalon.core.main.TestCaseExecutor.doExecute(TestCaseExecutor.java:433)
	at com.kms.katalon.core.main.TestCaseExecutor.processExecutionPhase(TestCaseExecutor.java:412)
	at com.kms.katalon.core.main.TestCaseExecutor.accessMainPhase(TestCaseExecutor.java:404)
	at com.kms.katalon.core.main.TestCaseExecutor.execute(TestCaseExecutor.java:281)
	at com.kms.katalon.core.main.TestSuiteExecutor.accessTestCaseMainPhase(TestSuiteExecutor.java:202)
	at com.kms.katalon.core.main.TestSuiteExecutor.accessTestSuiteMainPhase(TestSuiteExecutor.java:164)
	at com.kms.katalon.core.main.TestSuiteExecutor.execute(TestSuiteExecutor.java:105)
	at com.kms.katalon.core.main.TestCaseMain.startTestSuite(TestCaseMain.java:185)
	at com.kms.katalon.core.main.TestCaseMain$startTestSuite$0.call(Unknown Source)
	at TempTestSuite1652762281619.run(TempTestSuite1652762281619.groovy:36)
Caused by: com.kms.katalon.core.exception.StepFailedException: Call Test Case 'Test Cases/MOBILE/Auth/Login_Success' failed
	at com.kms.katalon.core.keyword.builtin.CallTestCaseKeyword$_callTestCase_closure1.doCall(CallTestCaseKeyword.groovy:63)
	at com.kms.katalon.core.keyword.builtin.CallTestCaseKeyword$_callTestCase_closure1.call(CallTestCaseKeyword.groovy)
	at com.kms.katalon.core.keyword.internal.KeywordMain.runKeyword(KeywordMain.groovy:74)
	... 18 more
Caused by: com.kms.katalon.core.exception.StepFailedException: Failed to check for element 'Object Repository/MOBILE/Auth/Login/android.widget.Button - Logout' visible (Root cause: org.openqa.selenium.StaleElementReferenceException: Cached elements 'By.xpath: //hierarchy/android.widget.FrameLayout[1]/android.widget.LinearLayout[1]/android.widget.FrameLayout[1]/android.widget.FrameLayout[1]/android.view.View[1]/android.view.View[1]/android.view.View[1]/android.view.View[1]/android.view.View[1]/android.widget.Button[1]' do not exist in DOM anymore
For documentation on this error, please visit: https://www.seleniumhq.org/exceptions/stale_element_reference.html
Build info: version: '3.141.59', revision: 'e82be7d358', time: '2018-11-14T08:25:53'
System info: host: 'SALSABILA', ip: '192.168.200.173', os.name: 'Windows 10', os.arch: 'amd64', os.version: '10.0', java.version: '1.8.0_282'
Driver info: com.kms.katalon.core.appium.driver.SwipeableAndroidDriver
Capabilities {appActivity: .Settings, appPackage: com.android.settings, autoGrantPermissions: true, automationName: uiautomator2, chromedriverPort: 55386, databaseEnabled: false, desired: {appActivity: .Settings, appPackage: com.android.settings, autoGrantPermissions: true, automationName: uiautomator2, chromedriverPort: 55386, deviceName: Xiaomi M2003J15SC (Android 11), newCommandTimeout: 1800, platform: ANDROID, platformName: android, platformVersion: 11, systemPort: 8221, udid: aeebca410407}, deviceApiLevel: 30, deviceManufacturer: Xiaomi, deviceModel: M2003J15SC, deviceName: aeebca410407, deviceScreenDensity: 352, deviceScreenSize: 1080x2340, deviceUDID: aeebca410407, javascriptEnabled: true, locationContextEnabled: false, networkConnectionEnabled: true, newCommandTimeout: 1800, pixelRatio: 2.2, platform: ANDROID, platformName: Android, platformVersion: 11, statBarHeight: 100, systemPort: 8221, takesScreenshot: true, udid: aeebca410407, viewportRect: {height: 2036, left: 0, top: 100, width: 1080}, warnings: {}, webStorageEnabled: false}
Session ID: e14d92ea-d2b4-430d-bccb-2ab48933b62c
	at org.openqa.selenium.remote.http.W3CHttpResponseCodec.createException(W3CHttpResponseCodec.java:187)
	at org.openqa.selenium.remote.http.W3CHttpResponseCodec.decode(W3CHttpResponseCodec.java:122)
	at org.openqa.selenium.remote.http.W3CHttpResponseCodec.decode(W3CHttpResponseCodec.java:49)
	at org.openqa.selenium.remote.HttpCommandExecutor.execute(HttpCommandExecutor.java:158)
	at io.appium.java_client.remote.AppiumCommandExecutor.execute(AppiumCommandExecutor.java:239)
	at org.openqa.selenium.remote.RemoteWebDriver.execute(RemoteWebDriver.java:552)
	at io.appium.java_client.DefaultGenericMobileDriver.execute(DefaultGenericMobileDriver.java:42)
	at io.appium.java_client.AppiumDriver.execute(AppiumDriver.java:1)
	at io.appium.java_client.android.AndroidDriver.execute(AndroidDriver.java:1)
	at com.kms.katalon.core.appium.driver.SwipeableAndroidDriver.execute(SwipeableAndroidDriver.java:1)
	at org.openqa.selenium.remote.RemoteWebElement.execute(RemoteWebElement.java:285)
	at io.appium.java_client.DefaultGenericMobileElement.execute(DefaultGenericMobileElement.java:45)
	at io.appium.java_client.MobileElement.execute(MobileElement.java:1)
	at io.appium.java_client.android.AndroidElement.execute(AndroidElement.java:1)
	at org.openqa.selenium.remote.RemoteWebElement.getLocation(RemoteWebElement.java:337)
	at org.openqa.selenium.WebElement$getLocation.call(Unknown Source)
	at com.kms.katalon.core.mobile.keyword.internal.MobileAbstractKeyword.findElement(MobileAbstractKeyword.groovy:86)
	at com.kms.katalon.core.mobile.keyword.builtin.VerifyElementVisibleKeyword.access$1(VerifyElementVisibleKeyword.groovy)
	at com.kms.katalon.core.mobile.keyword.builtin.VerifyElementVisibleKeyword$_verifyElementVisible_closure1.doCall(VerifyElementVisibleKeyword.groovy:72)
	at com.kms.katalon.core.mobile.keyword.builtin.VerifyElementVisibleKeyword$_verifyElementVisible_closure1.call(VerifyElementVisibleKeyword.groovy)
	at com.kms.katalon.core.mobile.keyword.internal.MobileKeywordMain.runKeyword(MobileKeywordMain.groovy:21)
	at com.kms.katalon.core.mobile.keyword.builtin.VerifyElementVisibleKeyword.verifyElementVisible(VerifyElementVisibleKeyword.groovy:85)
	at com.kms.katalon.core.mobile.keyword.builtin.VerifyElementVisibleKeyword.execute(VerifyElementVisibleKeyword.groovy:64)
	at com.kms.katalon.core.keyword.internal.KeywordExecutor.executeKeywordForPlatform(KeywordExecutor.groovy:74)
	at com.kms.katalon.core.mobile.keyword.MobileBuiltInKeywords.verifyElementVisible(MobileBuiltInKeywords.groovy:1896)
	at com.kms.katalon.core.mobile.keyword.MobileBuiltInKeywords$verifyElementVisible$7.call(Unknown Source)
	at Login_Success.run(Login_Success:34)
	at com.kms.katalon.core.main.ScriptEngine.run(ScriptEngine.java:194)
	at com.kms.katalon.core.main.ScriptEngine.runScriptAsRawText(ScriptEngine.java:119)
	at com.kms.katalon.core.main.TestCaseExecutor.runScript(TestCaseExecutor.java:442)
	at com.kms.katalon.core.main.TestCaseExecutor.doExecute(TestCaseExecutor.java:433)
	at com.kms.katalon.core.main.TestCaseExecutor.processExecutionPhase(TestCaseExecutor.java:412)
	at com.kms.katalon.core.main.TestCaseExecutor.accessMainPhase(TestCaseExecutor.java:404)
	at com.kms.katalon.core.main.TestCaseExecutor.execute(TestCaseExecutor.java:281)
	at com.kms.katalon.core.main.TestCaseMain.runTestCase(TestCaseMain.java:142)
	at com.kms.katalon.core.keyword.builtin.CallTestCaseKeyword$_callTestCase_closure1.doCall(CallTestCaseKeyword.groovy:59)
	at com.kms.katalon.core.keyword.builtin.CallTestCaseKeyword$_callTestCase_closure1.call(CallTestCaseKeyword.groovy)
	at com.kms.katalon.core.keyword.internal.KeywordMain.runKeyword(KeywordMain.groovy:74)
	at com.kms.katalon.core.keyword.builtin.CallTestCaseKeyword.callTestCase(CallTestCaseKeyword.groovy:81)
	at com.kms.katalon.core.keyword.builtin.CallTestCaseKeyword.execute(CallTestCaseKeyword.groovy:44)
	at com.kms.katalon.core.keyword.internal.KeywordExecutor.executeKeywordForPlatform(KeywordExecutor.groovy:74)
	at com.kms.katalon.core.keyword.BuiltinKeywords.callTestCase(BuiltinKeywords.groovy:334)
	at Logout.run(Logout:22)
	at com.kms.katalon.core.main.ScriptEngine.run(ScriptEngine.java:194)
	at com.kms.katalon.core.main.ScriptEngine.runScriptAsRawText(ScriptEngine.java:119)
	at com.kms.katalon.core.main.TestCaseExecutor.runScript(TestCaseExecutor.java:442)
	at com.kms.katalon.core.main.TestCaseExecutor.doExecute(TestCaseExecutor.java:433)
	at com.kms.katalon.core.main.TestCaseExecutor.processExecutionPhase(TestCaseExecutor.java:412)
	at com.kms.katalon.core.main.TestCaseExecutor.accessMainPhase(TestCaseExecutor.java:404)
	at com.kms.katalon.core.main.TestCaseExecutor.execute(TestCaseExecutor.java:281)
	at com.kms.katalon.core.main.TestSuiteExecutor.accessTestCaseMainPhase(TestSuiteExecutor.java:202)
	at com.kms.katalon.core.main.TestSuiteExecutor.accessTestSuiteMainPhase(TestSuiteExecutor.java:164)
	at com.kms.katalon.core.main.TestSuiteExecutor.execute(TestSuiteExecutor.java:105)
	at com.kms.katalon.core.main.TestCaseMain.startTestSuite(TestCaseMain.java:185)
	at com.kms.katalon.core.main.TestCaseMain$startTestSuite$0.call(Unknown Source)
	at TempTestSuite1652762281619.run(TempTestSuite1652762281619.groovy:36)
)
	at com.kms.katalon.core.keyword.internal.KeywordMain.stepFailed(KeywordMain.groovy:39)
	at com.kms.katalon.core.mobile.keyword.internal.MobileKeywordMain.stepFailed(MobileKeywordMain.groovy:40)
	at com.kms.katalon.core.mobile.keyword.internal.MobileKeywordMain.runKeyword(MobileKeywordMain.groovy:23)
	at com.kms.katalon.core.mobile.keyword.builtin.VerifyElementVisibleKeyword.verifyElementVisible(VerifyElementVisibleKeyword.groovy:85)
	at com.kms.katalon.core.mobile.keyword.builtin.VerifyElementVisibleKeyword.execute(VerifyElementVisibleKeyword.groovy:64)
	at com.kms.katalon.core.keyword.internal.KeywordExecutor.executeKeywordForPlatform(KeywordExecutor.groovy:74)
	at com.kms.katalon.core.mobile.keyword.MobileBuiltInKeywords.verifyElementVisible(MobileBuiltInKeywords.groovy:1896)
	at com.kms.katalon.core.mobile.keyword.MobileBuiltInKeywords$verifyElementVisible$7.call(Unknown Source)
	at Login_Success.run(Login_Success:34)
	at com.kms.katalon.core.main.ScriptEngine.run(ScriptEngine.java:194)
	at com.kms.katalon.core.main.ScriptEngine.runScriptAsRawText(ScriptEngine.java:119)
	at com.kms.katalon.core.main.TestCaseExecutor.runScript(TestCaseExecutor.java:442)
	at com.kms.katalon.core.main.TestCaseExecutor.doExecute(TestCaseExecutor.java:433)
	at com.kms.katalon.core.main.TestCaseExecutor.processExecutionPhase(TestCaseExecutor.java:412)
	at com.kms.katalon.core.main.TestCaseExecutor.accessMainPhase(TestCaseExecutor.java:404)
	at com.kms.katalon.core.main.TestCaseExecutor.execute(TestCaseExecutor.java:281)
	at com.kms.katalon.core.main.TestCaseMain.runTestCase(TestCaseMain.java:142)
	at com.kms.katalon.core.keyword.builtin.CallTestCaseKeyword$_callTestCase_closure1.doCall(CallTestCaseKeyword.groovy:59)
	... 20 more
Caused by: org.openqa.selenium.StaleElementReferenceException: Cached elements 'By.xpath: //hierarchy/android.widget.FrameLayout[1]/android.widget.LinearLayout[1]/android.widget.FrameLayout[1]/android.widget.FrameLayout[1]/android.view.View[1]/android.view.View[1]/android.view.View[1]/android.view.View[1]/android.view.View[1]/android.widget.Button[1]' do not exist in DOM anymore
For documentation on this error, please visit: https://www.seleniumhq.org/exceptions/stale_element_reference.html
Build info: version: '3.141.59', revision: 'e82be7d358', time: '2018-11-14T08:25:53'
System info: host: 'SALSABILA', ip: '192.168.200.173', os.name: 'Windows 10', os.arch: 'amd64', os.version: '10.0', java.version: '1.8.0_282'
Driver info: com.kms.katalon.core.appium.driver.SwipeableAndroidDriver
Capabilities {appActivity: .Settings, appPackage: com.android.settings, autoGrantPermissions: true, automationName: uiautomator2, chromedriverPort: 55386, databaseEnabled: false, desired: {appActivity: .Settings, appPackage: com.android.settings, autoGrantPermissions: true, automationName: uiautomator2, chromedriverPort: 55386, deviceName: Xiaomi M2003J15SC (Android 11), newCommandTimeout: 1800, platform: ANDROID, platformName: android, platformVersion: 11, systemPort: 8221, udid: aeebca410407}, deviceApiLevel: 30, deviceManufacturer: Xiaomi, deviceModel: M2003J15SC, deviceName: aeebca410407, deviceScreenDensity: 352, deviceScreenSize: 1080x2340, deviceUDID: aeebca410407, javascriptEnabled: true, locationContextEnabled: false, networkConnectionEnabled: true, newCommandTimeout: 1800, pixelRatio: 2.2, platform: ANDROID, platformName: Android, platformVersion: 11, statBarHeight: 100, systemPort: 8221, takesScreenshot: true, udid: aeebca410407, viewportRect: {height: 2036, left: 0, top: 100, width: 1080}, warnings: {}, webStorageEnabled: false}
Session ID: e14d92ea-d2b4-430d-bccb-2ab48933b62c
	at org.openqa.selenium.remote.http.W3CHttpResponseCodec.createException(W3CHttpResponseCodec.java:187)
	at org.openqa.selenium.remote.http.W3CHttpResponseCodec.decode(W3CHttpResponseCodec.java:122)
	at org.openqa.selenium.remote.http.W3CHttpResponseCodec.decode(W3CHttpResponseCodec.java:49)
	at org.openqa.selenium.remote.HttpCommandExecutor.execute(HttpCommandExecutor.java:158)
	at io.appium.java_client.remote.AppiumCommandExecutor.execute(AppiumCommandExecutor.java:239)
	at org.openqa.selenium.remote.RemoteWebDriver.execute(RemoteWebDriver.java:552)
	at io.appium.java_client.DefaultGenericMobileDriver.execute(DefaultGenericMobileDriver.java:42)
	at io.appium.java_client.AppiumDriver.execute(AppiumDriver.java:1)
	at io.appium.java_client.android.AndroidDriver.execute(AndroidDriver.java:1)
	at com.kms.katalon.core.appium.driver.SwipeableAndroidDriver.execute(SwipeableAndroidDriver.java:1)
	at org.openqa.selenium.remote.RemoteWebElement.execute(RemoteWebElement.java:285)
	at io.appium.java_client.DefaultGenericMobileElement.execute(DefaultGenericMobileElement.java:45)
	at io.appium.java_client.MobileElement.execute(MobileElement.java:1)
	at io.appium.java_client.android.AndroidElement.execute(AndroidElement.java:1)
	at org.openqa.selenium.remote.RemoteWebElement.getLocation(RemoteWebElement.java:337)
	at org.openqa.selenium.WebElement$getLocation.call(Unknown Source)
	at com.kms.katalon.core.mobile.keyword.internal.MobileAbstractKeyword.findElement(MobileAbstractKeyword.groovy:86)
	at com.kms.katalon.core.mobile.keyword.builtin.VerifyElementVisibleKeyword.access$1(VerifyElementVisibleKeyword.groovy)
	at com.kms.katalon.core.mobile.keyword.builtin.VerifyElementVisibleKeyword$_verifyElementVisible_closure1.doCall(VerifyElementVisibleKeyword.groovy:72)
	at com.kms.katalon.core.mobile.keyword.builtin.VerifyElementVisibleKeyword$_verifyElementVisible_closure1.call(VerifyElementVisibleKeyword.groovy)
	at com.kms.katalon.core.mobile.keyword.internal.MobileKeywordMain.runKeyword(MobileKeywordMain.groovy:21)
	... 35 more]]></system-err>
      </testcase>
      <system-out><![CDATA[2022-05-17 11:38:05 - [TEST_SUITE][FAILED] - MOBILE: Test Cases/MOBILE/Auth/Logout FAILED.
Reason:
com.kms.katalon.core.exception.StepFailedException: Unable to call Test Case 'Test Cases/MOBILE/Auth/Login_Success' (Root cause: com.kms.katalon.core.exception.StepFailedException: Call Test Case 'Test Cases/MOBILE/Auth/Login_Success' failed
	at com.kms.katalon.core.keyword.builtin.CallTestCaseKeyword$_callTestCase_closure1.doCall(CallTestCaseKeyword.groovy:63)
	at com.kms.katalon.core.keyword.builtin.CallTestCaseKeyword$_callTestCase_closure1.call(CallTestCaseKeyword.groovy)
	at com.kms.katalon.core.keyword.internal.KeywordMain.runKeyword(KeywordMain.groovy:74)
	at com.kms.katalon.core.keyword.builtin.CallTestCaseKeyword.callTestCase(CallTestCaseKeyword.groovy:81)
	at com.kms.katalon.core.keyword.builtin.CallTestCaseKeyword.execute(CallTestCaseKeyword.groovy:44)
	at com.kms.katalon.core.keyword.internal.KeywordExecutor.executeKeywordForPlatform(KeywordExecutor.groovy:74)
	at com.kms.katalon.core.keyword.BuiltinKeywords.callTestCase(BuiltinKeywords.groovy:334)
	at Logout.run(Logout:22)
	at com.kms.katalon.core.main.ScriptEngine.run(ScriptEngine.java:194)
	at com.kms.katalon.core.main.ScriptEngine.runScriptAsRawText(ScriptEngine.java:119)
	at com.kms.katalon.core.main.TestCaseExecutor.runScript(TestCaseExecutor.java:442)
	at com.kms.katalon.core.main.TestCaseExecutor.doExecute(TestCaseExecutor.java:433)
	at com.kms.katalon.core.main.TestCaseExecutor.processExecutionPhase(TestCaseExecutor.java:412)
	at com.kms.katalon.core.main.TestCaseExecutor.accessMainPhase(TestCaseExecutor.java:404)
	at com.kms.katalon.core.main.TestCaseExecutor.execute(TestCaseExecutor.java:281)
	at com.kms.katalon.core.main.TestSuiteExecutor.accessTestCaseMainPhase(TestSuiteExecutor.java:202)
	at com.kms.katalon.core.main.TestSuiteExecutor.accessTestSuiteMainPhase(TestSuiteExecutor.java:164)
	at com.kms.katalon.core.main.TestSuiteExecutor.execute(TestSuiteExecutor.java:105)
	at com.kms.katalon.core.main.TestCaseMain.startTestSuite(TestCaseMain.java:185)
	at com.kms.katalon.core.main.TestCaseMain$startTestSuite$0.call(Unknown Source)
	at TempTestSuite1652762281619.run(TempTestSuite1652762281619.groovy:36)
Caused by: com.kms.katalon.core.exception.StepFailedException: Failed to check for element 'Object Repository/MOBILE/Auth/Login/android.widget.Button - Logout' visible (Root cause: org.openqa.selenium.StaleElementReferenceException: Cached elements 'By.xpath: //hierarchy/android.widget.FrameLayout[1]/android.widget.LinearLayout[1]/android.widget.FrameLayout[1]/android.widget.FrameLayout[1]/android.view.View[1]/android.view.View[1]/android.view.View[1]/android.view.View[1]/android.view.View[1]/android.widget.Button[1]' do not exist in DOM anymore
For documentation on this error, please visit: https://www.seleniumhq.org/exceptions/stale_element_reference.html
Build info: version: '3.141.59', revision: 'e82be7d358', time: '2018-11-14T08:25:53'
System info: host: 'SALSABILA', ip: '192.168.200.173', os.name: 'Windows 10', os.arch: 'amd64', os.version: '10.0', java.version: '1.8.0_282'
Driver info: com.kms.katalon.core.appium.driver.SwipeableAndroidDriver
Capabilities {appActivity: .Settings, appPackage: com.android.settings, autoGrantPermissions: true, automationName: uiautomator2, chromedriverPort: 55386, databaseEnabled: false, desired: {appActivity: .Settings, appPackage: com.android.settings, autoGrantPermissions: true, automationName: uiautomator2, chromedriverPort: 55386, deviceName: Xiaomi M2003J15SC (Android 11), newCommandTimeout: 1800, platform: ANDROID, platformName: android, platformVersion: 11, systemPort: 8221, udid: aeebca410407}, deviceApiLevel: 30, deviceManufacturer: Xiaomi, deviceModel: M2003J15SC, deviceName: aeebca410407, deviceScreenDensity: 352, deviceScreenSize: 1080x2340, deviceUDID: aeebca410407, javascriptEnabled: true, locationContextEnabled: false, networkConnectionEnabled: true, newCommandTimeout: 1800, pixelRatio: 2.2, platform: ANDROID, platformName: Android, platformVersion: 11, statBarHeight: 100, systemPort: 8221, takesScreenshot: true, udid: aeebca410407, viewportRect: {height: 2036, left: 0, top: 100, width: 1080}, warnings: {}, webStorageEnabled: false}
Session ID: e14d92ea-d2b4-430d-bccb-2ab48933b62c
	at org.openqa.selenium.remote.http.W3CHttpResponseCodec.createException(W3CHttpResponseCodec.java:187)
	at org.openqa.selenium.remote.http.W3CHttpResponseCodec.decode(W3CHttpResponseCodec.java:122)
	at org.openqa.selenium.remote.http.W3CHttpResponseCodec.decode(W3CHttpResponseCodec.java:49)
	at org.openqa.selenium.remote.HttpCommandExecutor.execute(HttpCommandExecutor.java:158)
	at io.appium.java_client.remote.AppiumCommandExecutor.execute(AppiumCommandExecutor.java:239)
	at org.openqa.selenium.remote.RemoteWebDriver.execute(RemoteWebDriver.java:552)
	at io.appium.java_client.DefaultGenericMobileDriver.execute(DefaultGenericMobileDriver.java:42)
	at io.appium.java_client.AppiumDriver.execute(AppiumDriver.java:1)
	at io.appium.java_client.android.AndroidDriver.execute(AndroidDriver.java:1)
	at com.kms.katalon.core.appium.driver.SwipeableAndroidDriver.execute(SwipeableAndroidDriver.java:1)
	at org.openqa.selenium.remote.RemoteWebElement.execute(RemoteWebElement.java:285)
	at io.appium.java_client.DefaultGenericMobileElement.execute(DefaultGenericMobileElement.java:45)
	at io.appium.java_client.MobileElement.execute(MobileElement.java:1)
	at io.appium.java_client.android.AndroidElement.execute(AndroidElement.java:1)
	at org.openqa.selenium.remote.RemoteWebElement.getLocation(RemoteWebElement.java:337)
	at org.openqa.selenium.WebElement$getLocation.call(Unknown Source)
	at com.kms.katalon.core.mobile.keyword.internal.MobileAbstractKeyword.findElement(MobileAbstractKeyword.groovy:86)
	at com.kms.katalon.core.mobile.keyword.builtin.VerifyElementVisibleKeyword.access$1(VerifyElementVisibleKeyword.groovy)
	at com.kms.katalon.core.mobile.keyword.builtin.VerifyElementVisibleKeyword$_verifyElementVisible_closure1.doCall(VerifyElementVisibleKeyword.groovy:72)
	at com.kms.katalon.core.mobile.keyword.builtin.VerifyElementVisibleKeyword$_verifyElementVisible_closure1.call(VerifyElementVisibleKeyword.groovy)
	at com.kms.katalon.core.mobile.keyword.internal.MobileKeywordMain.runKeyword(MobileKeywordMain.groovy:21)
	at com.kms.katalon.core.mobile.keyword.builtin.VerifyElementVisibleKeyword.verifyElementVisible(VerifyElementVisibleKeyword.groovy:85)
	at com.kms.katalon.core.mobile.keyword.builtin.VerifyElementVisibleKeyword.execute(VerifyElementVisibleKeyword.groovy:64)
	at com.kms.katalon.core.keyword.internal.KeywordExecutor.executeKeywordForPlatform(KeywordExecutor.groovy:74)
	at com.kms.katalon.core.mobile.keyword.MobileBuiltInKeywords.verifyElementVisible(MobileBuiltInKeywords.groovy:1896)
	at com.kms.katalon.core.mobile.keyword.MobileBuiltInKeywords$verifyElementVisible$7.call(Unknown Source)
	at Login_Success.run(Login_Success:34)
	at com.kms.katalon.core.main.ScriptEngine.run(ScriptEngine.java:194)
	at com.kms.katalon.core.main.ScriptEngine.runScriptAsRawText(ScriptEngine.java:119)
	at com.kms.katalon.core.main.TestCaseExecutor.runScript(TestCaseExecutor.java:442)
	at com.kms.katalon.core.main.TestCaseExecutor.doExecute(TestCaseExecutor.java:433)
	at com.kms.katalon.core.main.TestCaseExecutor.processExecutionPhase(TestCaseExecutor.java:412)
	at com.kms.katalon.core.main.TestCaseExecutor.accessMainPhase(TestCaseExecutor.java:404)
	at com.kms.katalon.core.main.TestCaseExecutor.execute(TestCaseExecutor.java:281)
	at com.kms.katalon.core.main.TestCaseMain.runTestCase(TestCaseMain.java:142)
	at com.kms.katalon.core.keyword.builtin.CallTestCaseKeyword$_callTestCase_closure1.doCall(CallTestCaseKeyword.groovy:59)
	at com.kms.katalon.core.keyword.builtin.CallTestCaseKeyword$_callTestCase_closure1.call(CallTestCaseKeyword.groovy)
	at com.kms.katalon.core.keyword.internal.KeywordMain.runKeyword(KeywordMain.groovy:74)
	at com.kms.katalon.core.keyword.builtin.CallTestCaseKeyword.callTestCase(CallTestCaseKeyword.groovy:81)
	at com.kms.katalon.core.keyword.builtin.CallTestCaseKeyword.execute(CallTestCaseKeyword.groovy:44)
	at com.kms.katalon.core.keyword.internal.KeywordExecutor.executeKeywordForPlatform(KeywordExecutor.groovy:74)
	at com.kms.katalon.core.keyword.BuiltinKeywords.callTestCase(BuiltinKeywords.groovy:334)
	at Logout.run(Logout:22)
	at com.kms.katalon.core.main.ScriptEngine.run(ScriptEngine.java:194)
	at com.kms.katalon.core.main.ScriptEngine.runScriptAsRawText(ScriptEngine.java:119)
	at com.kms.katalon.core.main.TestCaseExecutor.runScript(TestCaseExecutor.java:442)
	at com.kms.katalon.core.main.TestCaseExecutor.doExecute(TestCaseExecutor.java:433)
	at com.kms.katalon.core.main.TestCaseExecutor.processExecutionPhase(TestCaseExecutor.java:412)
	at com.kms.katalon.core.main.TestCaseExecutor.accessMainPhase(TestCaseExecutor.java:404)
	at com.kms.katalon.core.main.TestCaseExecutor.execute(TestCaseExecutor.java:281)
	at com.kms.katalon.core.main.TestSuiteExecutor.accessTestCaseMainPhase(TestSuiteExecutor.java:202)
	at com.kms.katalon.core.main.TestSuiteExecutor.accessTestSuiteMainPhase(TestSuiteExecutor.java:164)
	at com.kms.katalon.core.main.TestSuiteExecutor.execute(TestSuiteExecutor.java:105)
	at com.kms.katalon.core.main.TestCaseMain.startTestSuite(TestCaseMain.java:185)
	at com.kms.katalon.core.main.TestCaseMain$startTestSuite$0.call(Unknown Source)
	at TempTestSuite1652762281619.run(TempTestSuite1652762281619.groovy:36)
)
	at com.kms.katalon.core.keyword.internal.KeywordMain.stepFailed(KeywordMain.groovy:39)
	at com.kms.katalon.core.mobile.keyword.internal.MobileKeywordMain.stepFailed(MobileKeywordMain.groovy:40)
	at com.kms.katalon.core.mobile.keyword.internal.MobileKeywordMain.runKeyword(MobileKeywordMain.groovy:23)
	at com.kms.katalon.core.mobile.keyword.builtin.VerifyElementVisibleKeyword.verifyElementVisible(VerifyElementVisibleKeyword.groovy:85)
	at com.kms.katalon.core.mobile.keyword.builtin.VerifyElementVisibleKeyword.execute(VerifyElementVisibleKeyword.groovy:64)
	at com.kms.katalon.core.keyword.internal.KeywordExecutor.executeKeywordForPlatform(KeywordExecutor.groovy:74)
	at com.kms.katalon.core.mobile.keyword.MobileBuiltInKeywords.verifyElementVisible(MobileBuiltInKeywords.groovy:1896)
	at com.kms.katalon.core.mobile.keyword.MobileBuiltInKeywords$verifyElementVisible$7.call(Unknown Source)
	at Login_Success.run(Login_Success:34)
	at com.kms.katalon.core.main.ScriptEngine.run(ScriptEngine.java:194)
	at com.kms.katalon.core.main.ScriptEngine.runScriptAsRawText(ScriptEngine.java:119)
	at com.kms.katalon.core.main.TestCaseExecutor.runScript(TestCaseExecutor.java:442)
	at com.kms.katalon.core.main.TestCaseExecutor.doExecute(TestCaseExecutor.java:433)
	at com.kms.katalon.core.main.TestCaseExecutor.processExecutionPhase(TestCaseExecutor.java:412)
	at com.kms.katalon.core.main.TestCaseExecutor.accessMainPhase(TestCaseExecutor.java:404)
	at com.kms.katalon.core.main.TestCaseExecutor.execute(TestCaseExecutor.java:281)
	at com.kms.katalon.core.main.TestCaseMain.runTestCase(TestCaseMain.java:142)
	at com.kms.katalon.core.keyword.builtin.CallTestCaseKeyword$_callTestCase_closure1.doCall(CallTestCaseKeyword.groovy:59)
	... 20 more
Caused by: org.openqa.selenium.StaleElementReferenceException: Cached elements 'By.xpath: //hierarchy/android.widget.FrameLayout[1]/android.widget.LinearLayout[1]/android.widget.FrameLayout[1]/android.widget.FrameLayout[1]/android.view.View[1]/android.view.View[1]/android.view.View[1]/android.view.View[1]/android.view.View[1]/android.widget.Button[1]' do not exist in DOM anymore
For documentation on this error, please visit: https://www.seleniumhq.org/exceptions/stale_element_reference.html
Build info: version: '3.141.59', revision: 'e82be7d358', time: '2018-11-14T08:25:53'
System info: host: 'SALSABILA', ip: '192.168.200.173', os.name: 'Windows 10', os.arch: 'amd64', os.version: '10.0', java.version: '1.8.0_282'
Driver info: com.kms.katalon.core.appium.driver.SwipeableAndroidDriver
Capabilities {appActivity: .Settings, appPackage: com.android.settings, autoGrantPermissions: true, automationName: uiautomator2, chromedriverPort: 55386, databaseEnabled: false, desired: {appActivity: .Settings, appPackage: com.android.settings, autoGrantPermissions: true, automationName: uiautomator2, chromedriverPort: 55386, deviceName: Xiaomi M2003J15SC (Android 11), newCommandTimeout: 1800, platform: ANDROID, platformName: android, platformVersion: 11, systemPort: 8221, udid: aeebca410407}, deviceApiLevel: 30, deviceManufacturer: Xiaomi, deviceModel: M2003J15SC, deviceName: aeebca410407, deviceScreenDensity: 352, deviceScreenSize: 1080x2340, deviceUDID: aeebca410407, javascriptEnabled: true, locationContextEnabled: false, networkConnectionEnabled: true, newCommandTimeout: 1800, pixelRatio: 2.2, platform: ANDROID, platformName: Android, platformVersion: 11, statBarHeight: 100, systemPort: 8221, takesScreenshot: true, udid: aeebca410407, viewportRect: {height: 2036, left: 0, top: 100, width: 1080}, warnings: {}, webStorageEnabled: false}
Session ID: e14d92ea-d2b4-430d-bccb-2ab48933b62c
	at org.openqa.selenium.remote.http.W3CHttpResponseCodec.createException(W3CHttpResponseCodec.java:187)
	at org.openqa.selenium.remote.http.W3CHttpResponseCodec.decode(W3CHttpResponseCodec.java:122)
	at org.openqa.selenium.remote.http.W3CHttpResponseCodec.decode(W3CHttpResponseCodec.java:49)
	at org.openqa.selenium.remote.HttpCommandExecutor.execute(HttpCommandExecutor.java:158)
	at io.appium.java_client.remote.AppiumCommandExecutor.execute(AppiumCommandExecutor.java:239)
	at org.openqa.selenium.remote.RemoteWebDriver.execute(RemoteWebDriver.java:552)
	at io.appium.java_client.DefaultGenericMobileDriver.execute(DefaultGenericMobileDriver.java:42)
	at io.appium.java_client.AppiumDriver.execute(AppiumDriver.java:1)
	at io.appium.java_client.android.AndroidDriver.execute(AndroidDriver.java:1)
	at com.kms.katalon.core.appium.driver.SwipeableAndroidDriver.execute(SwipeableAndroidDriver.java:1)
	at org.openqa.selenium.remote.RemoteWebElement.execute(RemoteWebElement.java:285)
	at io.appium.java_client.DefaultGenericMobileElement.execute(DefaultGenericMobileElement.java:45)
	at io.appium.java_client.MobileElement.execute(MobileElement.java:1)
	at io.appium.java_client.android.AndroidElement.execute(AndroidElement.java:1)
	at org.openqa.selenium.remote.RemoteWebElement.getLocation(RemoteWebElement.java:337)
	at org.openqa.selenium.WebElement$getLocation.call(Unknown Source)
	at com.kms.katalon.core.mobile.keyword.internal.MobileAbstractKeyword.findElement(MobileAbstractKeyword.groovy:86)
	at com.kms.katalon.core.mobile.keyword.builtin.VerifyElementVisibleKeyword.access$1(VerifyElementVisibleKeyword.groovy)
	at com.kms.katalon.core.mobile.keyword.builtin.VerifyElementVisibleKeyword$_verifyElementVisible_closure1.doCall(VerifyElementVisibleKeyword.groovy:72)
	at com.kms.katalon.core.mobile.keyword.builtin.VerifyElementVisibleKeyword$_verifyElementVisible_closure1.call(VerifyElementVisibleKeyword.groovy)
	at com.kms.katalon.core.mobile.keyword.internal.MobileKeywordMain.runKeyword(MobileKeywordMain.groovy:21)
	... 35 more
)
	at com.kms.katalon.core.keyword.internal.KeywordMain.stepFailed(KeywordMain.groovy:39)
	at com.kms.katalon.core.keyword.internal.KeywordMain.stepFailed(KeywordMain.groovy)
	at com.kms.katalon.core.keyword.internal.KeywordMain.runKeyword(KeywordMain.groovy:76)
	at com.kms.katalon.core.keyword.builtin.CallTestCaseKeyword.callTestCase(CallTestCaseKeyword.groovy:81)
	at com.kms.katalon.core.keyword.builtin.CallTestCaseKeyword.execute(CallTestCaseKeyword.groovy:44)
	at com.kms.katalon.core.keyword.internal.KeywordExecutor.executeKeywordForPlatform(KeywordExecutor.groovy:74)
	at com.kms.katalon.core.keyword.BuiltinKeywords.callTestCase(BuiltinKeywords.groovy:334)
	at Logout.run(Logout:22)
	at com.kms.katalon.core.main.ScriptEngine.run(ScriptEngine.java:194)
	at com.kms.katalon.core.main.ScriptEngine.runScriptAsRawText(ScriptEngine.java:119)
	at com.kms.katalon.core.main.TestCaseExecutor.runScript(TestCaseExecutor.java:442)
	at com.kms.katalon.core.main.TestCaseExecutor.doExecute(TestCaseExecutor.java:433)
	at com.kms.katalon.core.main.TestCaseExecutor.processExecutionPhase(TestCaseExecutor.java:412)
	at com.kms.katalon.core.main.TestCaseExecutor.accessMainPhase(TestCaseExecutor.java:404)
	at com.kms.katalon.core.main.TestCaseExecutor.execute(TestCaseExecutor.java:281)
	at com.kms.katalon.core.main.TestSuiteExecutor.accessTestCaseMainPhase(TestSuiteExecutor.java:202)
	at com.kms.katalon.core.main.TestSuiteExecutor.accessTestSuiteMainPhase(TestSuiteExecutor.java:164)
	at com.kms.katalon.core.main.TestSuiteExecutor.execute(TestSuiteExecutor.java:105)
	at com.kms.katalon.core.main.TestCaseMain.startTestSuite(TestCaseMain.java:185)
	at com.kms.katalon.core.main.TestCaseMain$startTestSuite$0.call(Unknown Source)
	at TempTestSuite1652762281619.run(TempTestSuite1652762281619.groovy:36)
Caused by: com.kms.katalon.core.exception.StepFailedException: Call Test Case 'Test Cases/MOBILE/Auth/Login_Success' failed
	at com.kms.katalon.core.keyword.builtin.CallTestCaseKeyword$_callTestCase_closure1.doCall(CallTestCaseKeyword.groovy:63)
	at com.kms.katalon.core.keyword.builtin.CallTestCaseKeyword$_callTestCase_closure1.call(CallTestCaseKeyword.groovy)
	at com.kms.katalon.core.keyword.internal.KeywordMain.runKeyword(KeywordMain.groovy:74)
	... 18 more
Caused by: com.kms.katalon.core.exception.StepFailedException: Failed to check for element 'Object Repository/MOBILE/Auth/Login/android.widget.Button - Logout' visible (Root cause: org.openqa.selenium.StaleElementReferenceException: Cached elements 'By.xpath: //hierarchy/android.widget.FrameLayout[1]/android.widget.LinearLayout[1]/android.widget.FrameLayout[1]/android.widget.FrameLayout[1]/android.view.View[1]/android.view.View[1]/android.view.View[1]/android.view.View[1]/android.view.View[1]/android.widget.Button[1]' do not exist in DOM anymore
For documentation on this error, please visit: https://www.seleniumhq.org/exceptions/stale_element_reference.html
Build info: version: '3.141.59', revision: 'e82be7d358', time: '2018-11-14T08:25:53'
System info: host: 'SALSABILA', ip: '192.168.200.173', os.name: 'Windows 10', os.arch: 'amd64', os.version: '10.0', java.version: '1.8.0_282'
Driver info: com.kms.katalon.core.appium.driver.SwipeableAndroidDriver
Capabilities {appActivity: .Settings, appPackage: com.android.settings, autoGrantPermissions: true, automationName: uiautomator2, chromedriverPort: 55386, databaseEnabled: false, desired: {appActivity: .Settings, appPackage: com.android.settings, autoGrantPermissions: true, automationName: uiautomator2, chromedriverPort: 55386, deviceName: Xiaomi M2003J15SC (Android 11), newCommandTimeout: 1800, platform: ANDROID, platformName: android, platformVersion: 11, systemPort: 8221, udid: aeebca410407}, deviceApiLevel: 30, deviceManufacturer: Xiaomi, deviceModel: M2003J15SC, deviceName: aeebca410407, deviceScreenDensity: 352, deviceScreenSize: 1080x2340, deviceUDID: aeebca410407, javascriptEnabled: true, locationContextEnabled: false, networkConnectionEnabled: true, newCommandTimeout: 1800, pixelRatio: 2.2, platform: ANDROID, platformName: Android, platformVersion: 11, statBarHeight: 100, systemPort: 8221, takesScreenshot: true, udid: aeebca410407, viewportRect: {height: 2036, left: 0, top: 100, width: 1080}, warnings: {}, webStorageEnabled: false}
Session ID: e14d92ea-d2b4-430d-bccb-2ab48933b62c
	at org.openqa.selenium.remote.http.W3CHttpResponseCodec.createException(W3CHttpResponseCodec.java:187)
	at org.openqa.selenium.remote.http.W3CHttpResponseCodec.decode(W3CHttpResponseCodec.java:122)
	at org.openqa.selenium.remote.http.W3CHttpResponseCodec.decode(W3CHttpResponseCodec.java:49)
	at org.openqa.selenium.remote.HttpCommandExecutor.execute(HttpCommandExecutor.java:158)
	at io.appium.java_client.remote.AppiumCommandExecutor.execute(AppiumCommandExecutor.java:239)
	at org.openqa.selenium.remote.RemoteWebDriver.execute(RemoteWebDriver.java:552)
	at io.appium.java_client.DefaultGenericMobileDriver.execute(DefaultGenericMobileDriver.java:42)
	at io.appium.java_client.AppiumDriver.execute(AppiumDriver.java:1)
	at io.appium.java_client.android.AndroidDriver.execute(AndroidDriver.java:1)
	at com.kms.katalon.core.appium.driver.SwipeableAndroidDriver.execute(SwipeableAndroidDriver.java:1)
	at org.openqa.selenium.remote.RemoteWebElement.execute(RemoteWebElement.java:285)
	at io.appium.java_client.DefaultGenericMobileElement.execute(DefaultGenericMobileElement.java:45)
	at io.appium.java_client.MobileElement.execute(MobileElement.java:1)
	at io.appium.java_client.android.AndroidElement.execute(AndroidElement.java:1)
	at org.openqa.selenium.remote.RemoteWebElement.getLocation(RemoteWebElement.java:337)
	at org.openqa.selenium.WebElement$getLocation.call(Unknown Source)
	at com.kms.katalon.core.mobile.keyword.internal.MobileAbstractKeyword.findElement(MobileAbstractKeyword.groovy:86)
	at com.kms.katalon.core.mobile.keyword.builtin.VerifyElementVisibleKeyword.access$1(VerifyElementVisibleKeyword.groovy)
	at com.kms.katalon.core.mobile.keyword.builtin.VerifyElementVisibleKeyword$_verifyElementVisible_closure1.doCall(VerifyElementVisibleKeyword.groovy:72)
	at com.kms.katalon.core.mobile.keyword.builtin.VerifyElementVisibleKeyword$_verifyElementVisible_closure1.call(VerifyElementVisibleKeyword.groovy)
	at com.kms.katalon.core.mobile.keyword.internal.MobileKeywordMain.runKeyword(MobileKeywordMain.groovy:21)
	at com.kms.katalon.core.mobile.keyword.builtin.VerifyElementVisibleKeyword.verifyElementVisible(VerifyElementVisibleKeyword.groovy:85)
	at com.kms.katalon.core.mobile.keyword.builtin.VerifyElementVisibleKeyword.execute(VerifyElementVisibleKeyword.groovy:64)
	at com.kms.katalon.core.keyword.internal.KeywordExecutor.executeKeywordForPlatform(KeywordExecutor.groovy:74)
	at com.kms.katalon.core.mobile.keyword.MobileBuiltInKeywords.verifyElementVisible(MobileBuiltInKeywords.groovy:1896)
	at com.kms.katalon.core.mobile.keyword.MobileBuiltInKeywords$verifyElementVisible$7.call(Unknown Source)
	at Login_Success.run(Login_Success:34)
	at com.kms.katalon.core.main.ScriptEngine.run(ScriptEngine.java:194)
	at com.kms.katalon.core.main.ScriptEngine.runScriptAsRawText(ScriptEngine.java:119)
	at com.kms.katalon.core.main.TestCaseExecutor.runScript(TestCaseExecutor.java:442)
	at com.kms.katalon.core.main.TestCaseExecutor.doExecute(TestCaseExecutor.java:433)
	at com.kms.katalon.core.main.TestCaseExecutor.processExecutionPhase(TestCaseExecutor.java:412)
	at com.kms.katalon.core.main.TestCaseExecutor.accessMainPhase(TestCaseExecutor.java:404)
	at com.kms.katalon.core.main.TestCaseExecutor.execute(TestCaseExecutor.java:281)
	at com.kms.katalon.core.main.TestCaseMain.runTestCase(TestCaseMain.java:142)
	at com.kms.katalon.core.keyword.builtin.CallTestCaseKeyword$_callTestCase_closure1.doCall(CallTestCaseKeyword.groovy:59)
	at com.kms.katalon.core.keyword.builtin.CallTestCaseKeyword$_callTestCase_closure1.call(CallTestCaseKeyword.groovy)
	at com.kms.katalon.core.keyword.internal.KeywordMain.runKeyword(KeywordMain.groovy:74)
	at com.kms.katalon.core.keyword.builtin.CallTestCaseKeyword.callTestCase(CallTestCaseKeyword.groovy:81)
	at com.kms.katalon.core.keyword.builtin.CallTestCaseKeyword.execute(CallTestCaseKeyword.groovy:44)
	at com.kms.katalon.core.keyword.internal.KeywordExecutor.executeKeywordForPlatform(KeywordExecutor.groovy:74)
	at com.kms.katalon.core.keyword.BuiltinKeywords.callTestCase(BuiltinKeywords.groovy:334)
	at Logout.run(Logout:22)
	at com.kms.katalon.core.main.ScriptEngine.run(ScriptEngine.java:194)
	at com.kms.katalon.core.main.ScriptEngine.runScriptAsRawText(ScriptEngine.java:119)
	at com.kms.katalon.core.main.TestCaseExecutor.runScript(TestCaseExecutor.java:442)
	at com.kms.katalon.core.main.TestCaseExecutor.doExecute(TestCaseExecutor.java:433)
	at com.kms.katalon.core.main.TestCaseExecutor.processExecutionPhase(TestCaseExecutor.java:412)
	at com.kms.katalon.core.main.TestCaseExecutor.accessMainPhase(TestCaseExecutor.java:404)
	at com.kms.katalon.core.main.TestCaseExecutor.execute(TestCaseExecutor.java:281)
	at com.kms.katalon.core.main.TestSuiteExecutor.accessTestCaseMainPhase(TestSuiteExecutor.java:202)
	at com.kms.katalon.core.main.TestSuiteExecutor.accessTestSuiteMainPhase(TestSuiteExecutor.java:164)
	at com.kms.katalon.core.main.TestSuiteExecutor.execute(TestSuiteExecutor.java:105)
	at com.kms.katalon.core.main.TestCaseMain.startTestSuite(TestCaseMain.java:185)
	at com.kms.katalon.core.main.TestCaseMain$startTestSuite$0.call(Unknown Source)
	at TempTestSuite1652762281619.run(TempTestSuite1652762281619.groovy:36)
)
	at com.kms.katalon.core.keyword.internal.KeywordMain.stepFailed(KeywordMain.groovy:39)
	at com.kms.katalon.core.mobile.keyword.internal.MobileKeywordMain.stepFailed(MobileKeywordMain.groovy:40)
	at com.kms.katalon.core.mobile.keyword.internal.MobileKeywordMain.runKeyword(MobileKeywordMain.groovy:23)
	at com.kms.katalon.core.mobile.keyword.builtin.VerifyElementVisibleKeyword.verifyElementVisible(VerifyElementVisibleKeyword.groovy:85)
	at com.kms.katalon.core.mobile.keyword.builtin.VerifyElementVisibleKeyword.execute(VerifyElementVisibleKeyword.groovy:64)
	at com.kms.katalon.core.keyword.internal.KeywordExecutor.executeKeywordForPlatform(KeywordExecutor.groovy:74)
	at com.kms.katalon.core.mobile.keyword.MobileBuiltInKeywords.verifyElementVisible(MobileBuiltInKeywords.groovy:1896)
	at com.kms.katalon.core.mobile.keyword.MobileBuiltInKeywords$verifyElementVisible$7.call(Unknown Source)
	at Login_Success.run(Login_Success:34)
	at com.kms.katalon.core.main.ScriptEngine.run(ScriptEngine.java:194)
	at com.kms.katalon.core.main.ScriptEngine.runScriptAsRawText(ScriptEngine.java:119)
	at com.kms.katalon.core.main.TestCaseExecutor.runScript(TestCaseExecutor.java:442)
	at com.kms.katalon.core.main.TestCaseExecutor.doExecute(TestCaseExecutor.java:433)
	at com.kms.katalon.core.main.TestCaseExecutor.processExecutionPhase(TestCaseExecutor.java:412)
	at com.kms.katalon.core.main.TestCaseExecutor.accessMainPhase(TestCaseExecutor.java:404)
	at com.kms.katalon.core.main.TestCaseExecutor.execute(TestCaseExecutor.java:281)
	at com.kms.katalon.core.main.TestCaseMain.runTestCase(TestCaseMain.java:142)
	at com.kms.katalon.core.keyword.builtin.CallTestCaseKeyword$_callTestCase_closure1.doCall(CallTestCaseKeyword.groovy:59)
	... 20 more
Caused by: org.openqa.selenium.StaleElementReferenceException: Cached elements 'By.xpath: //hierarchy/android.widget.FrameLayout[1]/android.widget.LinearLayout[1]/android.widget.FrameLayout[1]/android.widget.FrameLayout[1]/android.view.View[1]/android.view.View[1]/android.view.View[1]/android.view.View[1]/android.view.View[1]/android.widget.Button[1]' do not exist in DOM anymore
For documentation on this error, please visit: https://www.seleniumhq.org/exceptions/stale_element_reference.html
Build info: version: '3.141.59', revision: 'e82be7d358', time: '2018-11-14T08:25:53'
System info: host: 'SALSABILA', ip: '192.168.200.173', os.name: 'Windows 10', os.arch: 'amd64', os.version: '10.0', java.version: '1.8.0_282'
Driver info: com.kms.katalon.core.appium.driver.SwipeableAndroidDriver
Capabilities {appActivity: .Settings, appPackage: com.android.settings, autoGrantPermissions: true, automationName: uiautomator2, chromedriverPort: 55386, databaseEnabled: false, desired: {appActivity: .Settings, appPackage: com.android.settings, autoGrantPermissions: true, automationName: uiautomator2, chromedriverPort: 55386, deviceName: Xiaomi M2003J15SC (Android 11), newCommandTimeout: 1800, platform: ANDROID, platformName: android, platformVersion: 11, systemPort: 8221, udid: aeebca410407}, deviceApiLevel: 30, deviceManufacturer: Xiaomi, deviceModel: M2003J15SC, deviceName: aeebca410407, deviceScreenDensity: 352, deviceScreenSize: 1080x2340, deviceUDID: aeebca410407, javascriptEnabled: true, locationContextEnabled: false, networkConnectionEnabled: true, newCommandTimeout: 1800, pixelRatio: 2.2, platform: ANDROID, platformName: Android, platformVersion: 11, statBarHeight: 100, systemPort: 8221, takesScreenshot: true, udid: aeebca410407, viewportRect: {height: 2036, left: 0, top: 100, width: 1080}, warnings: {}, webStorageEnabled: false}
Session ID: e14d92ea-d2b4-430d-bccb-2ab48933b62c
	at org.openqa.selenium.remote.http.W3CHttpResponseCodec.createException(W3CHttpResponseCodec.java:187)
	at org.openqa.selenium.remote.http.W3CHttpResponseCodec.decode(W3CHttpResponseCodec.java:122)
	at org.openqa.selenium.remote.http.W3CHttpResponseCodec.decode(W3CHttpResponseCodec.java:49)
	at org.openqa.selenium.remote.HttpCommandExecutor.execute(HttpCommandExecutor.java:158)
	at io.appium.java_client.remote.AppiumCommandExecutor.execute(AppiumCommandExecutor.java:239)
	at org.openqa.selenium.remote.RemoteWebDriver.execute(RemoteWebDriver.java:552)
	at io.appium.java_client.DefaultGenericMobileDriver.execute(DefaultGenericMobileDriver.java:42)
	at io.appium.java_client.AppiumDriver.execute(AppiumDriver.java:1)
	at io.appium.java_client.android.AndroidDriver.execute(AndroidDriver.java:1)
	at com.kms.katalon.core.appium.driver.SwipeableAndroidDriver.execute(SwipeableAndroidDriver.java:1)
	at org.openqa.selenium.remote.RemoteWebElement.execute(RemoteWebElement.java:285)
	at io.appium.java_client.DefaultGenericMobileElement.execute(DefaultGenericMobileElement.java:45)
	at io.appium.java_client.MobileElement.execute(MobileElement.java:1)
	at io.appium.java_client.android.AndroidElement.execute(AndroidElement.java:1)
	at org.openqa.selenium.remote.RemoteWebElement.getLocation(RemoteWebElement.java:337)
	at org.openqa.selenium.WebElement$getLocation.call(Unknown Source)
	at com.kms.katalon.core.mobile.keyword.internal.MobileAbstractKeyword.findElement(MobileAbstractKeyword.groovy:86)
	at com.kms.katalon.core.mobile.keyword.builtin.VerifyElementVisibleKeyword.access$1(VerifyElementVisibleKeyword.groovy)
	at com.kms.katalon.core.mobile.keyword.builtin.VerifyElementVisibleKeyword$_verifyElementVisible_closure1.doCall(VerifyElementVisibleKeyword.groovy:72)
	at com.kms.katalon.core.mobile.keyword.builtin.VerifyElementVisibleKeyword$_verifyElementVisible_closure1.call(VerifyElementVisibleKeyword.groovy)
	at com.kms.katalon.core.mobile.keyword.internal.MobileKeywordMain.runKeyword(MobileKeywordMain.groovy:21)
	... 35 more]]></system-out>
      <system-err><![CDATA[2022-05-17 11:38:05 - [TEST_SUITE][FAILED] - MOBILE: Test Cases/MOBILE/Auth/Logout FAILED.
Reason:
com.kms.katalon.core.exception.StepFailedException: Unable to call Test Case 'Test Cases/MOBILE/Auth/Login_Success' (Root cause: com.kms.katalon.core.exception.StepFailedException: Call Test Case 'Test Cases/MOBILE/Auth/Login_Success' failed
	at com.kms.katalon.core.keyword.builtin.CallTestCaseKeyword$_callTestCase_closure1.doCall(CallTestCaseKeyword.groovy:63)
	at com.kms.katalon.core.keyword.builtin.CallTestCaseKeyword$_callTestCase_closure1.call(CallTestCaseKeyword.groovy)
	at com.kms.katalon.core.keyword.internal.KeywordMain.runKeyword(KeywordMain.groovy:74)
	at com.kms.katalon.core.keyword.builtin.CallTestCaseKeyword.callTestCase(CallTestCaseKeyword.groovy:81)
	at com.kms.katalon.core.keyword.builtin.CallTestCaseKeyword.execute(CallTestCaseKeyword.groovy:44)
	at com.kms.katalon.core.keyword.internal.KeywordExecutor.executeKeywordForPlatform(KeywordExecutor.groovy:74)
	at com.kms.katalon.core.keyword.BuiltinKeywords.callTestCase(BuiltinKeywords.groovy:334)
	at Logout.run(Logout:22)
	at com.kms.katalon.core.main.ScriptEngine.run(ScriptEngine.java:194)
	at com.kms.katalon.core.main.ScriptEngine.runScriptAsRawText(ScriptEngine.java:119)
	at com.kms.katalon.core.main.TestCaseExecutor.runScript(TestCaseExecutor.java:442)
	at com.kms.katalon.core.main.TestCaseExecutor.doExecute(TestCaseExecutor.java:433)
	at com.kms.katalon.core.main.TestCaseExecutor.processExecutionPhase(TestCaseExecutor.java:412)
	at com.kms.katalon.core.main.TestCaseExecutor.accessMainPhase(TestCaseExecutor.java:404)
	at com.kms.katalon.core.main.TestCaseExecutor.execute(TestCaseExecutor.java:281)
	at com.kms.katalon.core.main.TestSuiteExecutor.accessTestCaseMainPhase(TestSuiteExecutor.java:202)
	at com.kms.katalon.core.main.TestSuiteExecutor.accessTestSuiteMainPhase(TestSuiteExecutor.java:164)
	at com.kms.katalon.core.main.TestSuiteExecutor.execute(TestSuiteExecutor.java:105)
	at com.kms.katalon.core.main.TestCaseMain.startTestSuite(TestCaseMain.java:185)
	at com.kms.katalon.core.main.TestCaseMain$startTestSuite$0.call(Unknown Source)
	at TempTestSuite1652762281619.run(TempTestSuite1652762281619.groovy:36)
Caused by: com.kms.katalon.core.exception.StepFailedException: Failed to check for element 'Object Repository/MOBILE/Auth/Login/android.widget.Button - Logout' visible (Root cause: org.openqa.selenium.StaleElementReferenceException: Cached elements 'By.xpath: //hierarchy/android.widget.FrameLayout[1]/android.widget.LinearLayout[1]/android.widget.FrameLayout[1]/android.widget.FrameLayout[1]/android.view.View[1]/android.view.View[1]/android.view.View[1]/android.view.View[1]/android.view.View[1]/android.widget.Button[1]' do not exist in DOM anymore
For documentation on this error, please visit: https://www.seleniumhq.org/exceptions/stale_element_reference.html
Build info: version: '3.141.59', revision: 'e82be7d358', time: '2018-11-14T08:25:53'
System info: host: 'SALSABILA', ip: '192.168.200.173', os.name: 'Windows 10', os.arch: 'amd64', os.version: '10.0', java.version: '1.8.0_282'
Driver info: com.kms.katalon.core.appium.driver.SwipeableAndroidDriver
Capabilities {appActivity: .Settings, appPackage: com.android.settings, autoGrantPermissions: true, automationName: uiautomator2, chromedriverPort: 55386, databaseEnabled: false, desired: {appActivity: .Settings, appPackage: com.android.settings, autoGrantPermissions: true, automationName: uiautomator2, chromedriverPort: 55386, deviceName: Xiaomi M2003J15SC (Android 11), newCommandTimeout: 1800, platform: ANDROID, platformName: android, platformVersion: 11, systemPort: 8221, udid: aeebca410407}, deviceApiLevel: 30, deviceManufacturer: Xiaomi, deviceModel: M2003J15SC, deviceName: aeebca410407, deviceScreenDensity: 352, deviceScreenSize: 1080x2340, deviceUDID: aeebca410407, javascriptEnabled: true, locationContextEnabled: false, networkConnectionEnabled: true, newCommandTimeout: 1800, pixelRatio: 2.2, platform: ANDROID, platformName: Android, platformVersion: 11, statBarHeight: 100, systemPort: 8221, takesScreenshot: true, udid: aeebca410407, viewportRect: {height: 2036, left: 0, top: 100, width: 1080}, warnings: {}, webStorageEnabled: false}
Session ID: e14d92ea-d2b4-430d-bccb-2ab48933b62c
	at org.openqa.selenium.remote.http.W3CHttpResponseCodec.createException(W3CHttpResponseCodec.java:187)
	at org.openqa.selenium.remote.http.W3CHttpResponseCodec.decode(W3CHttpResponseCodec.java:122)
	at org.openqa.selenium.remote.http.W3CHttpResponseCodec.decode(W3CHttpResponseCodec.java:49)
	at org.openqa.selenium.remote.HttpCommandExecutor.execute(HttpCommandExecutor.java:158)
	at io.appium.java_client.remote.AppiumCommandExecutor.execute(AppiumCommandExecutor.java:239)
	at org.openqa.selenium.remote.RemoteWebDriver.execute(RemoteWebDriver.java:552)
	at io.appium.java_client.DefaultGenericMobileDriver.execute(DefaultGenericMobileDriver.java:42)
	at io.appium.java_client.AppiumDriver.execute(AppiumDriver.java:1)
	at io.appium.java_client.android.AndroidDriver.execute(AndroidDriver.java:1)
	at com.kms.katalon.core.appium.driver.SwipeableAndroidDriver.execute(SwipeableAndroidDriver.java:1)
	at org.openqa.selenium.remote.RemoteWebElement.execute(RemoteWebElement.java:285)
	at io.appium.java_client.DefaultGenericMobileElement.execute(DefaultGenericMobileElement.java:45)
	at io.appium.java_client.MobileElement.execute(MobileElement.java:1)
	at io.appium.java_client.android.AndroidElement.execute(AndroidElement.java:1)
	at org.openqa.selenium.remote.RemoteWebElement.getLocation(RemoteWebElement.java:337)
	at org.openqa.selenium.WebElement$getLocation.call(Unknown Source)
	at com.kms.katalon.core.mobile.keyword.internal.MobileAbstractKeyword.findElement(MobileAbstractKeyword.groovy:86)
	at com.kms.katalon.core.mobile.keyword.builtin.VerifyElementVisibleKeyword.access$1(VerifyElementVisibleKeyword.groovy)
	at com.kms.katalon.core.mobile.keyword.builtin.VerifyElementVisibleKeyword$_verifyElementVisible_closure1.doCall(VerifyElementVisibleKeyword.groovy:72)
	at com.kms.katalon.core.mobile.keyword.builtin.VerifyElementVisibleKeyword$_verifyElementVisible_closure1.call(VerifyElementVisibleKeyword.groovy)
	at com.kms.katalon.core.mobile.keyword.internal.MobileKeywordMain.runKeyword(MobileKeywordMain.groovy:21)
	at com.kms.katalon.core.mobile.keyword.builtin.VerifyElementVisibleKeyword.verifyElementVisible(VerifyElementVisibleKeyword.groovy:85)
	at com.kms.katalon.core.mobile.keyword.builtin.VerifyElementVisibleKeyword.execute(VerifyElementVisibleKeyword.groovy:64)
	at com.kms.katalon.core.keyword.internal.KeywordExecutor.executeKeywordForPlatform(KeywordExecutor.groovy:74)
	at com.kms.katalon.core.mobile.keyword.MobileBuiltInKeywords.verifyElementVisible(MobileBuiltInKeywords.groovy:1896)
	at com.kms.katalon.core.mobile.keyword.MobileBuiltInKeywords$verifyElementVisible$7.call(Unknown Source)
	at Login_Success.run(Login_Success:34)
	at com.kms.katalon.core.main.ScriptEngine.run(ScriptEngine.java:194)
	at com.kms.katalon.core.main.ScriptEngine.runScriptAsRawText(ScriptEngine.java:119)
	at com.kms.katalon.core.main.TestCaseExecutor.runScript(TestCaseExecutor.java:442)
	at com.kms.katalon.core.main.TestCaseExecutor.doExecute(TestCaseExecutor.java:433)
	at com.kms.katalon.core.main.TestCaseExecutor.processExecutionPhase(TestCaseExecutor.java:412)
	at com.kms.katalon.core.main.TestCaseExecutor.accessMainPhase(TestCaseExecutor.java:404)
	at com.kms.katalon.core.main.TestCaseExecutor.execute(TestCaseExecutor.java:281)
	at com.kms.katalon.core.main.TestCaseMain.runTestCase(TestCaseMain.java:142)
	at com.kms.katalon.core.keyword.builtin.CallTestCaseKeyword$_callTestCase_closure1.doCall(CallTestCaseKeyword.groovy:59)
	at com.kms.katalon.core.keyword.builtin.CallTestCaseKeyword$_callTestCase_closure1.call(CallTestCaseKeyword.groovy)
	at com.kms.katalon.core.keyword.internal.KeywordMain.runKeyword(KeywordMain.groovy:74)
	at com.kms.katalon.core.keyword.builtin.CallTestCaseKeyword.callTestCase(CallTestCaseKeyword.groovy:81)
	at com.kms.katalon.core.keyword.builtin.CallTestCaseKeyword.execute(CallTestCaseKeyword.groovy:44)
	at com.kms.katalon.core.keyword.internal.KeywordExecutor.executeKeywordForPlatform(KeywordExecutor.groovy:74)
	at com.kms.katalon.core.keyword.BuiltinKeywords.callTestCase(BuiltinKeywords.groovy:334)
	at Logout.run(Logout:22)
	at com.kms.katalon.core.main.ScriptEngine.run(ScriptEngine.java:194)
	at com.kms.katalon.core.main.ScriptEngine.runScriptAsRawText(ScriptEngine.java:119)
	at com.kms.katalon.core.main.TestCaseExecutor.runScript(TestCaseExecutor.java:442)
	at com.kms.katalon.core.main.TestCaseExecutor.doExecute(TestCaseExecutor.java:433)
	at com.kms.katalon.core.main.TestCaseExecutor.processExecutionPhase(TestCaseExecutor.java:412)
	at com.kms.katalon.core.main.TestCaseExecutor.accessMainPhase(TestCaseExecutor.java:404)
	at com.kms.katalon.core.main.TestCaseExecutor.execute(TestCaseExecutor.java:281)
	at com.kms.katalon.core.main.TestSuiteExecutor.accessTestCaseMainPhase(TestSuiteExecutor.java:202)
	at com.kms.katalon.core.main.TestSuiteExecutor.accessTestSuiteMainPhase(TestSuiteExecutor.java:164)
	at com.kms.katalon.core.main.TestSuiteExecutor.execute(TestSuiteExecutor.java:105)
	at com.kms.katalon.core.main.TestCaseMain.startTestSuite(TestCaseMain.java:185)
	at com.kms.katalon.core.main.TestCaseMain$startTestSuite$0.call(Unknown Source)
	at TempTestSuite1652762281619.run(TempTestSuite1652762281619.groovy:36)
)
	at com.kms.katalon.core.keyword.internal.KeywordMain.stepFailed(KeywordMain.groovy:39)
	at com.kms.katalon.core.mobile.keyword.internal.MobileKeywordMain.stepFailed(MobileKeywordMain.groovy:40)
	at com.kms.katalon.core.mobile.keyword.internal.MobileKeywordMain.runKeyword(MobileKeywordMain.groovy:23)
	at com.kms.katalon.core.mobile.keyword.builtin.VerifyElementVisibleKeyword.verifyElementVisible(VerifyElementVisibleKeyword.groovy:85)
	at com.kms.katalon.core.mobile.keyword.builtin.VerifyElementVisibleKeyword.execute(VerifyElementVisibleKeyword.groovy:64)
	at com.kms.katalon.core.keyword.internal.KeywordExecutor.executeKeywordForPlatform(KeywordExecutor.groovy:74)
	at com.kms.katalon.core.mobile.keyword.MobileBuiltInKeywords.verifyElementVisible(MobileBuiltInKeywords.groovy:1896)
	at com.kms.katalon.core.mobile.keyword.MobileBuiltInKeywords$verifyElementVisible$7.call(Unknown Source)
	at Login_Success.run(Login_Success:34)
	at com.kms.katalon.core.main.ScriptEngine.run(ScriptEngine.java:194)
	at com.kms.katalon.core.main.ScriptEngine.runScriptAsRawText(ScriptEngine.java:119)
	at com.kms.katalon.core.main.TestCaseExecutor.runScript(TestCaseExecutor.java:442)
	at com.kms.katalon.core.main.TestCaseExecutor.doExecute(TestCaseExecutor.java:433)
	at com.kms.katalon.core.main.TestCaseExecutor.processExecutionPhase(TestCaseExecutor.java:412)
	at com.kms.katalon.core.main.TestCaseExecutor.accessMainPhase(TestCaseExecutor.java:404)
	at com.kms.katalon.core.main.TestCaseExecutor.execute(TestCaseExecutor.java:281)
	at com.kms.katalon.core.main.TestCaseMain.runTestCase(TestCaseMain.java:142)
	at com.kms.katalon.core.keyword.builtin.CallTestCaseKeyword$_callTestCase_closure1.doCall(CallTestCaseKeyword.groovy:59)
	... 20 more
Caused by: org.openqa.selenium.StaleElementReferenceException: Cached elements 'By.xpath: //hierarchy/android.widget.FrameLayout[1]/android.widget.LinearLayout[1]/android.widget.FrameLayout[1]/android.widget.FrameLayout[1]/android.view.View[1]/android.view.View[1]/android.view.View[1]/android.view.View[1]/android.view.View[1]/android.widget.Button[1]' do not exist in DOM anymore
For documentation on this error, please visit: https://www.seleniumhq.org/exceptions/stale_element_reference.html
Build info: version: '3.141.59', revision: 'e82be7d358', time: '2018-11-14T08:25:53'
System info: host: 'SALSABILA', ip: '192.168.200.173', os.name: 'Windows 10', os.arch: 'amd64', os.version: '10.0', java.version: '1.8.0_282'
Driver info: com.kms.katalon.core.appium.driver.SwipeableAndroidDriver
Capabilities {appActivity: .Settings, appPackage: com.android.settings, autoGrantPermissions: true, automationName: uiautomator2, chromedriverPort: 55386, databaseEnabled: false, desired: {appActivity: .Settings, appPackage: com.android.settings, autoGrantPermissions: true, automationName: uiautomator2, chromedriverPort: 55386, deviceName: Xiaomi M2003J15SC (Android 11), newCommandTimeout: 1800, platform: ANDROID, platformName: android, platformVersion: 11, systemPort: 8221, udid: aeebca410407}, deviceApiLevel: 30, deviceManufacturer: Xiaomi, deviceModel: M2003J15SC, deviceName: aeebca410407, deviceScreenDensity: 352, deviceScreenSize: 1080x2340, deviceUDID: aeebca410407, javascriptEnabled: true, locationContextEnabled: false, networkConnectionEnabled: true, newCommandTimeout: 1800, pixelRatio: 2.2, platform: ANDROID, platformName: Android, platformVersion: 11, statBarHeight: 100, systemPort: 8221, takesScreenshot: true, udid: aeebca410407, viewportRect: {height: 2036, left: 0, top: 100, width: 1080}, warnings: {}, webStorageEnabled: false}
Session ID: e14d92ea-d2b4-430d-bccb-2ab48933b62c
	at org.openqa.selenium.remote.http.W3CHttpResponseCodec.createException(W3CHttpResponseCodec.java:187)
	at org.openqa.selenium.remote.http.W3CHttpResponseCodec.decode(W3CHttpResponseCodec.java:122)
	at org.openqa.selenium.remote.http.W3CHttpResponseCodec.decode(W3CHttpResponseCodec.java:49)
	at org.openqa.selenium.remote.HttpCommandExecutor.execute(HttpCommandExecutor.java:158)
	at io.appium.java_client.remote.AppiumCommandExecutor.execute(AppiumCommandExecutor.java:239)
	at org.openqa.selenium.remote.RemoteWebDriver.execute(RemoteWebDriver.java:552)
	at io.appium.java_client.DefaultGenericMobileDriver.execute(DefaultGenericMobileDriver.java:42)
	at io.appium.java_client.AppiumDriver.execute(AppiumDriver.java:1)
	at io.appium.java_client.android.AndroidDriver.execute(AndroidDriver.java:1)
	at com.kms.katalon.core.appium.driver.SwipeableAndroidDriver.execute(SwipeableAndroidDriver.java:1)
	at org.openqa.selenium.remote.RemoteWebElement.execute(RemoteWebElement.java:285)
	at io.appium.java_client.DefaultGenericMobileElement.execute(DefaultGenericMobileElement.java:45)
	at io.appium.java_client.MobileElement.execute(MobileElement.java:1)
	at io.appium.java_client.android.AndroidElement.execute(AndroidElement.java:1)
	at org.openqa.selenium.remote.RemoteWebElement.getLocation(RemoteWebElement.java:337)
	at org.openqa.selenium.WebElement$getLocation.call(Unknown Source)
	at com.kms.katalon.core.mobile.keyword.internal.MobileAbstractKeyword.findElement(MobileAbstractKeyword.groovy:86)
	at com.kms.katalon.core.mobile.keyword.builtin.VerifyElementVisibleKeyword.access$1(VerifyElementVisibleKeyword.groovy)
	at com.kms.katalon.core.mobile.keyword.builtin.VerifyElementVisibleKeyword$_verifyElementVisible_closure1.doCall(VerifyElementVisibleKeyword.groovy:72)
	at com.kms.katalon.core.mobile.keyword.builtin.VerifyElementVisibleKeyword$_verifyElementVisible_closure1.call(VerifyElementVisibleKeyword.groovy)
	at com.kms.katalon.core.mobile.keyword.internal.MobileKeywordMain.runKeyword(MobileKeywordMain.groovy:21)
	... 35 more
)
	at com.kms.katalon.core.keyword.internal.KeywordMain.stepFailed(KeywordMain.groovy:39)
	at com.kms.katalon.core.keyword.internal.KeywordMain.stepFailed(KeywordMain.groovy)
	at com.kms.katalon.core.keyword.internal.KeywordMain.runKeyword(KeywordMain.groovy:76)
	at com.kms.katalon.core.keyword.builtin.CallTestCaseKeyword.callTestCase(CallTestCaseKeyword.groovy:81)
	at com.kms.katalon.core.keyword.builtin.CallTestCaseKeyword.execute(CallTestCaseKeyword.groovy:44)
	at com.kms.katalon.core.keyword.internal.KeywordExecutor.executeKeywordForPlatform(KeywordExecutor.groovy:74)
	at com.kms.katalon.core.keyword.BuiltinKeywords.callTestCase(BuiltinKeywords.groovy:334)
	at Logout.run(Logout:22)
	at com.kms.katalon.core.main.ScriptEngine.run(ScriptEngine.java:194)
	at com.kms.katalon.core.main.ScriptEngine.runScriptAsRawText(ScriptEngine.java:119)
	at com.kms.katalon.core.main.TestCaseExecutor.runScript(TestCaseExecutor.java:442)
	at com.kms.katalon.core.main.TestCaseExecutor.doExecute(TestCaseExecutor.java:433)
	at com.kms.katalon.core.main.TestCaseExecutor.processExecutionPhase(TestCaseExecutor.java:412)
	at com.kms.katalon.core.main.TestCaseExecutor.accessMainPhase(TestCaseExecutor.java:404)
	at com.kms.katalon.core.main.TestCaseExecutor.execute(TestCaseExecutor.java:281)
	at com.kms.katalon.core.main.TestSuiteExecutor.accessTestCaseMainPhase(TestSuiteExecutor.java:202)
	at com.kms.katalon.core.main.TestSuiteExecutor.accessTestSuiteMainPhase(TestSuiteExecutor.java:164)
	at com.kms.katalon.core.main.TestSuiteExecutor.execute(TestSuiteExecutor.java:105)
	at com.kms.katalon.core.main.TestCaseMain.startTestSuite(TestCaseMain.java:185)
	at com.kms.katalon.core.main.TestCaseMain$startTestSuite$0.call(Unknown Source)
	at TempTestSuite1652762281619.run(TempTestSuite1652762281619.groovy:36)
Caused by: com.kms.katalon.core.exception.StepFailedException: Call Test Case 'Test Cases/MOBILE/Auth/Login_Success' failed
	at com.kms.katalon.core.keyword.builtin.CallTestCaseKeyword$_callTestCase_closure1.doCall(CallTestCaseKeyword.groovy:63)
	at com.kms.katalon.core.keyword.builtin.CallTestCaseKeyword$_callTestCase_closure1.call(CallTestCaseKeyword.groovy)
	at com.kms.katalon.core.keyword.internal.KeywordMain.runKeyword(KeywordMain.groovy:74)
	... 18 more
Caused by: com.kms.katalon.core.exception.StepFailedException: Failed to check for element 'Object Repository/MOBILE/Auth/Login/android.widget.Button - Logout' visible (Root cause: org.openqa.selenium.StaleElementReferenceException: Cached elements 'By.xpath: //hierarchy/android.widget.FrameLayout[1]/android.widget.LinearLayout[1]/android.widget.FrameLayout[1]/android.widget.FrameLayout[1]/android.view.View[1]/android.view.View[1]/android.view.View[1]/android.view.View[1]/android.view.View[1]/android.widget.Button[1]' do not exist in DOM anymore
For documentation on this error, please visit: https://www.seleniumhq.org/exceptions/stale_element_reference.html
Build info: version: '3.141.59', revision: 'e82be7d358', time: '2018-11-14T08:25:53'
System info: host: 'SALSABILA', ip: '192.168.200.173', os.name: 'Windows 10', os.arch: 'amd64', os.version: '10.0', java.version: '1.8.0_282'
Driver info: com.kms.katalon.core.appium.driver.SwipeableAndroidDriver
Capabilities {appActivity: .Settings, appPackage: com.android.settings, autoGrantPermissions: true, automationName: uiautomator2, chromedriverPort: 55386, databaseEnabled: false, desired: {appActivity: .Settings, appPackage: com.android.settings, autoGrantPermissions: true, automationName: uiautomator2, chromedriverPort: 55386, deviceName: Xiaomi M2003J15SC (Android 11), newCommandTimeout: 1800, platform: ANDROID, platformName: android, platformVersion: 11, systemPort: 8221, udid: aeebca410407}, deviceApiLevel: 30, deviceManufacturer: Xiaomi, deviceModel: M2003J15SC, deviceName: aeebca410407, deviceScreenDensity: 352, deviceScreenSize: 1080x2340, deviceUDID: aeebca410407, javascriptEnabled: true, locationContextEnabled: false, networkConnectionEnabled: true, newCommandTimeout: 1800, pixelRatio: 2.2, platform: ANDROID, platformName: Android, platformVersion: 11, statBarHeight: 100, systemPort: 8221, takesScreenshot: true, udid: aeebca410407, viewportRect: {height: 2036, left: 0, top: 100, width: 1080}, warnings: {}, webStorageEnabled: false}
Session ID: e14d92ea-d2b4-430d-bccb-2ab48933b62c
	at org.openqa.selenium.remote.http.W3CHttpResponseCodec.createException(W3CHttpResponseCodec.java:187)
	at org.openqa.selenium.remote.http.W3CHttpResponseCodec.decode(W3CHttpResponseCodec.java:122)
	at org.openqa.selenium.remote.http.W3CHttpResponseCodec.decode(W3CHttpResponseCodec.java:49)
	at org.openqa.selenium.remote.HttpCommandExecutor.execute(HttpCommandExecutor.java:158)
	at io.appium.java_client.remote.AppiumCommandExecutor.execute(AppiumCommandExecutor.java:239)
	at org.openqa.selenium.remote.RemoteWebDriver.execute(RemoteWebDriver.java:552)
	at io.appium.java_client.DefaultGenericMobileDriver.execute(DefaultGenericMobileDriver.java:42)
	at io.appium.java_client.AppiumDriver.execute(AppiumDriver.java:1)
	at io.appium.java_client.android.AndroidDriver.execute(AndroidDriver.java:1)
	at com.kms.katalon.core.appium.driver.SwipeableAndroidDriver.execute(SwipeableAndroidDriver.java:1)
	at org.openqa.selenium.remote.RemoteWebElement.execute(RemoteWebElement.java:285)
	at io.appium.java_client.DefaultGenericMobileElement.execute(DefaultGenericMobileElement.java:45)
	at io.appium.java_client.MobileElement.execute(MobileElement.java:1)
	at io.appium.java_client.android.AndroidElement.execute(AndroidElement.java:1)
	at org.openqa.selenium.remote.RemoteWebElement.getLocation(RemoteWebElement.java:337)
	at org.openqa.selenium.WebElement$getLocation.call(Unknown Source)
	at com.kms.katalon.core.mobile.keyword.internal.MobileAbstractKeyword.findElement(MobileAbstractKeyword.groovy:86)
	at com.kms.katalon.core.mobile.keyword.builtin.VerifyElementVisibleKeyword.access$1(VerifyElementVisibleKeyword.groovy)
	at com.kms.katalon.core.mobile.keyword.builtin.VerifyElementVisibleKeyword$_verifyElementVisible_closure1.doCall(VerifyElementVisibleKeyword.groovy:72)
	at com.kms.katalon.core.mobile.keyword.builtin.VerifyElementVisibleKeyword$_verifyElementVisible_closure1.call(VerifyElementVisibleKeyword.groovy)
	at com.kms.katalon.core.mobile.keyword.internal.MobileKeywordMain.runKeyword(MobileKeywordMain.groovy:21)
	at com.kms.katalon.core.mobile.keyword.builtin.VerifyElementVisibleKeyword.verifyElementVisible(VerifyElementVisibleKeyword.groovy:85)
	at com.kms.katalon.core.mobile.keyword.builtin.VerifyElementVisibleKeyword.execute(VerifyElementVisibleKeyword.groovy:64)
	at com.kms.katalon.core.keyword.internal.KeywordExecutor.executeKeywordForPlatform(KeywordExecutor.groovy:74)
	at com.kms.katalon.core.mobile.keyword.MobileBuiltInKeywords.verifyElementVisible(MobileBuiltInKeywords.groovy:1896)
	at com.kms.katalon.core.mobile.keyword.MobileBuiltInKeywords$verifyElementVisible$7.call(Unknown Source)
	at Login_Success.run(Login_Success:34)
	at com.kms.katalon.core.main.ScriptEngine.run(ScriptEngine.java:194)
	at com.kms.katalon.core.main.ScriptEngine.runScriptAsRawText(ScriptEngine.java:119)
	at com.kms.katalon.core.main.TestCaseExecutor.runScript(TestCaseExecutor.java:442)
	at com.kms.katalon.core.main.TestCaseExecutor.doExecute(TestCaseExecutor.java:433)
	at com.kms.katalon.core.main.TestCaseExecutor.processExecutionPhase(TestCaseExecutor.java:412)
	at com.kms.katalon.core.main.TestCaseExecutor.accessMainPhase(TestCaseExecutor.java:404)
	at com.kms.katalon.core.main.TestCaseExecutor.execute(TestCaseExecutor.java:281)
	at com.kms.katalon.core.main.TestCaseMain.runTestCase(TestCaseMain.java:142)
	at com.kms.katalon.core.keyword.builtin.CallTestCaseKeyword$_callTestCase_closure1.doCall(CallTestCaseKeyword.groovy:59)
	at com.kms.katalon.core.keyword.builtin.CallTestCaseKeyword$_callTestCase_closure1.call(CallTestCaseKeyword.groovy)
	at com.kms.katalon.core.keyword.internal.KeywordMain.runKeyword(KeywordMain.groovy:74)
	at com.kms.katalon.core.keyword.builtin.CallTestCaseKeyword.callTestCase(CallTestCaseKeyword.groovy:81)
	at com.kms.katalon.core.keyword.builtin.CallTestCaseKeyword.execute(CallTestCaseKeyword.groovy:44)
	at com.kms.katalon.core.keyword.internal.KeywordExecutor.executeKeywordForPlatform(KeywordExecutor.groovy:74)
	at com.kms.katalon.core.keyword.BuiltinKeywords.callTestCase(BuiltinKeywords.groovy:334)
	at Logout.run(Logout:22)
	at com.kms.katalon.core.main.ScriptEngine.run(ScriptEngine.java:194)
	at com.kms.katalon.core.main.ScriptEngine.runScriptAsRawText(ScriptEngine.java:119)
	at com.kms.katalon.core.main.TestCaseExecutor.runScript(TestCaseExecutor.java:442)
	at com.kms.katalon.core.main.TestCaseExecutor.doExecute(TestCaseExecutor.java:433)
	at com.kms.katalon.core.main.TestCaseExecutor.processExecutionPhase(TestCaseExecutor.java:412)
	at com.kms.katalon.core.main.TestCaseExecutor.accessMainPhase(TestCaseExecutor.java:404)
	at com.kms.katalon.core.main.TestCaseExecutor.execute(TestCaseExecutor.java:281)
	at com.kms.katalon.core.main.TestSuiteExecutor.accessTestCaseMainPhase(TestSuiteExecutor.java:202)
	at com.kms.katalon.core.main.TestSuiteExecutor.accessTestSuiteMainPhase(TestSuiteExecutor.java:164)
	at com.kms.katalon.core.main.TestSuiteExecutor.execute(TestSuiteExecutor.java:105)
	at com.kms.katalon.core.main.TestCaseMain.startTestSuite(TestCaseMain.java:185)
	at com.kms.katalon.core.main.TestCaseMain$startTestSuite$0.call(Unknown Source)
	at TempTestSuite1652762281619.run(TempTestSuite1652762281619.groovy:36)
)
	at com.kms.katalon.core.keyword.internal.KeywordMain.stepFailed(KeywordMain.groovy:39)
	at com.kms.katalon.core.mobile.keyword.internal.MobileKeywordMain.stepFailed(MobileKeywordMain.groovy:40)
	at com.kms.katalon.core.mobile.keyword.internal.MobileKeywordMain.runKeyword(MobileKeywordMain.groovy:23)
	at com.kms.katalon.core.mobile.keyword.builtin.VerifyElementVisibleKeyword.verifyElementVisible(VerifyElementVisibleKeyword.groovy:85)
	at com.kms.katalon.core.mobile.keyword.builtin.VerifyElementVisibleKeyword.execute(VerifyElementVisibleKeyword.groovy:64)
	at com.kms.katalon.core.keyword.internal.KeywordExecutor.executeKeywordForPlatform(KeywordExecutor.groovy:74)
	at com.kms.katalon.core.mobile.keyword.MobileBuiltInKeywords.verifyElementVisible(MobileBuiltInKeywords.groovy:1896)
	at com.kms.katalon.core.mobile.keyword.MobileBuiltInKeywords$verifyElementVisible$7.call(Unknown Source)
	at Login_Success.run(Login_Success:34)
	at com.kms.katalon.core.main.ScriptEngine.run(ScriptEngine.java:194)
	at com.kms.katalon.core.main.ScriptEngine.runScriptAsRawText(ScriptEngine.java:119)
	at com.kms.katalon.core.main.TestCaseExecutor.runScript(TestCaseExecutor.java:442)
	at com.kms.katalon.core.main.TestCaseExecutor.doExecute(TestCaseExecutor.java:433)
	at com.kms.katalon.core.main.TestCaseExecutor.processExecutionPhase(TestCaseExecutor.java:412)
	at com.kms.katalon.core.main.TestCaseExecutor.accessMainPhase(TestCaseExecutor.java:404)
	at com.kms.katalon.core.main.TestCaseExecutor.execute(TestCaseExecutor.java:281)
	at com.kms.katalon.core.main.TestCaseMain.runTestCase(TestCaseMain.java:142)
	at com.kms.katalon.core.keyword.builtin.CallTestCaseKeyword$_callTestCase_closure1.doCall(CallTestCaseKeyword.groovy:59)
	... 20 more
Caused by: org.openqa.selenium.StaleElementReferenceException: Cached elements 'By.xpath: //hierarchy/android.widget.FrameLayout[1]/android.widget.LinearLayout[1]/android.widget.FrameLayout[1]/android.widget.FrameLayout[1]/android.view.View[1]/android.view.View[1]/android.view.View[1]/android.view.View[1]/android.view.View[1]/android.widget.Button[1]' do not exist in DOM anymore
For documentation on this error, please visit: https://www.seleniumhq.org/exceptions/stale_element_reference.html
Build info: version: '3.141.59', revision: 'e82be7d358', time: '2018-11-14T08:25:53'
System info: host: 'SALSABILA', ip: '192.168.200.173', os.name: 'Windows 10', os.arch: 'amd64', os.version: '10.0', java.version: '1.8.0_282'
Driver info: com.kms.katalon.core.appium.driver.SwipeableAndroidDriver
Capabilities {appActivity: .Settings, appPackage: com.android.settings, autoGrantPermissions: true, automationName: uiautomator2, chromedriverPort: 55386, databaseEnabled: false, desired: {appActivity: .Settings, appPackage: com.android.settings, autoGrantPermissions: true, automationName: uiautomator2, chromedriverPort: 55386, deviceName: Xiaomi M2003J15SC (Android 11), newCommandTimeout: 1800, platform: ANDROID, platformName: android, platformVersion: 11, systemPort: 8221, udid: aeebca410407}, deviceApiLevel: 30, deviceManufacturer: Xiaomi, deviceModel: M2003J15SC, deviceName: aeebca410407, deviceScreenDensity: 352, deviceScreenSize: 1080x2340, deviceUDID: aeebca410407, javascriptEnabled: true, locationContextEnabled: false, networkConnectionEnabled: true, newCommandTimeout: 1800, pixelRatio: 2.2, platform: ANDROID, platformName: Android, platformVersion: 11, statBarHeight: 100, systemPort: 8221, takesScreenshot: true, udid: aeebca410407, viewportRect: {height: 2036, left: 0, top: 100, width: 1080}, warnings: {}, webStorageEnabled: false}
Session ID: e14d92ea-d2b4-430d-bccb-2ab48933b62c
	at org.openqa.selenium.remote.http.W3CHttpResponseCodec.createException(W3CHttpResponseCodec.java:187)
	at org.openqa.selenium.remote.http.W3CHttpResponseCodec.decode(W3CHttpResponseCodec.java:122)
	at org.openqa.selenium.remote.http.W3CHttpResponseCodec.decode(W3CHttpResponseCodec.java:49)
	at org.openqa.selenium.remote.HttpCommandExecutor.execute(HttpCommandExecutor.java:158)
	at io.appium.java_client.remote.AppiumCommandExecutor.execute(AppiumCommandExecutor.java:239)
	at org.openqa.selenium.remote.RemoteWebDriver.execute(RemoteWebDriver.java:552)
	at io.appium.java_client.DefaultGenericMobileDriver.execute(DefaultGenericMobileDriver.java:42)
	at io.appium.java_client.AppiumDriver.execute(AppiumDriver.java:1)
	at io.appium.java_client.android.AndroidDriver.execute(AndroidDriver.java:1)
	at com.kms.katalon.core.appium.driver.SwipeableAndroidDriver.execute(SwipeableAndroidDriver.java:1)
	at org.openqa.selenium.remote.RemoteWebElement.execute(RemoteWebElement.java:285)
	at io.appium.java_client.DefaultGenericMobileElement.execute(DefaultGenericMobileElement.java:45)
	at io.appium.java_client.MobileElement.execute(MobileElement.java:1)
	at io.appium.java_client.android.AndroidElement.execute(AndroidElement.java:1)
	at org.openqa.selenium.remote.RemoteWebElement.getLocation(RemoteWebElement.java:337)
	at org.openqa.selenium.WebElement$getLocation.call(Unknown Source)
	at com.kms.katalon.core.mobile.keyword.internal.MobileAbstractKeyword.findElement(MobileAbstractKeyword.groovy:86)
	at com.kms.katalon.core.mobile.keyword.builtin.VerifyElementVisibleKeyword.access$1(VerifyElementVisibleKeyword.groovy)
	at com.kms.katalon.core.mobile.keyword.builtin.VerifyElementVisibleKeyword$_verifyElementVisible_closure1.doCall(VerifyElementVisibleKeyword.groovy:72)
	at com.kms.katalon.core.mobile.keyword.builtin.VerifyElementVisibleKeyword$_verifyElementVisible_closure1.call(VerifyElementVisibleKeyword.groovy)
	at com.kms.katalon.core.mobile.keyword.internal.MobileKeywordMain.runKeyword(MobileKeywordMain.groovy:21)
	... 35 more]]></system-err>
   </testsuite>
</testsuites>
