<?xml version="1.0" encoding="UTF-8"?>
<testsuites name="02_Products" time="7.72" tests="7" failures="0" errors="0">
   <testsuite name="02_Products" tests="7" failures="0" errors="0" time="7.72" skipped="0" timestamp="2022-05-10 23:41:13" hostname="salsa - SALSABILA" id="Test Suites/REST_API/02_Products">
      <properties>
         <property name="deviceName" value=""/>
         <property name="devicePlatform" value=""/>
         <property name="logFolder" value="F:\\1. UNNES\\6. Semester 6\\2 - MSIB\\final-project-qe-alta4\\final-project-qe-alta\\Reports\\20220510_234046\\REST_API\\02_Products\\20220510_234049"/>
         <property name="logFiles" value="F:\\1. UNNES\\6. Semester 6\\2 - MSIB\\final-project-qe-alta4\\final-project-qe-alta\\Reports\\20220510_234046\\REST_API\\02_Products\\20220510_234049\\execution0.log"/>
         <property name="attachments" value=""/>
         <property name="hostName" value="salsa - SALSABILA"/>
         <property name="hostAddress" value="192.168.106.173"/>
         <property name="os" value="Windows 10 64bit"/>
         <property name="katalonVersion" value="8.2.5.208"/>
      </properties>
      <testcase name="Test Cases/REST_API/02_Products/TC01_GetAllProduct" time="2.9" classname="Test Cases/REST_API/02_Products/TC01_GetAllProduct" status="PASSED">
         <system-out><![CDATA[2022-05-10 23:41:14 - [TEST_CASE][PASSED] - Test Cases/REST_API/02_Products/TC01_GetAllProduct: Test Cases/REST_API/02_Products/TC01_GetAllProduct

2022-05-10 23:41:14 - [TEST_STEP][PASSED] - Response = sendRequest(findTestObject("REST_API/02_Products/GetAllProduct")): Send request successfully

2022-05-10 23:41:16 - [MESSAGE][INFO] - HAR: F:\1. UNNES\6. Semester 6\2 - MSIB\final-project-qe-alta4\final-project-qe-alta\Reports\20220510_234046\REST_API\02_Products\20220510_234049\requests\main\0.har

2022-05-10 23:41:17 - [MESSAGE][PASSED] - Send request successfully

2022-05-10 23:41:17 - [TEST_STEP][PASSED] - verifyResponseStatusCode(Response, 200): Verify response status code successfully

2022-05-10 23:41:17 - [MESSAGE][PASSED] - Verify response status code successfully

2022-05-10 23:41:17 - [TEST_STEP][PASSED] - verifyElementPropertyValue(Response, "data[0].ID", 368): Verify element property value successfully

2022-05-10 23:41:17 - [MESSAGE][PASSED] - Verify element property value successfully]]></system-out>
         <system-err><![CDATA[]]></system-err>
      </testcase>
      <testcase name="Test Cases/REST_API/02_Products/TC02_GetProductById" time="0.783" classname="Test Cases/REST_API/02_Products/TC02_GetProductById" status="PASSED">
         <system-out><![CDATA[2022-05-10 23:41:17 - [TEST_CASE][PASSED] - Test Cases/REST_API/02_Products/TC02_GetProductById: Test Cases/REST_API/02_Products/TC02_GetProductById

2022-05-10 23:41:17 - [TEST_STEP][PASSED] - Response = sendRequest(findTestObject("REST_API/02_Products/GetProductById")): Send request successfully

2022-05-10 23:41:17 - [MESSAGE][INFO] - HAR: F:\1. UNNES\6. Semester 6\2 - MSIB\final-project-qe-alta4\final-project-qe-alta\Reports\20220510_234046\REST_API\02_Products\20220510_234049\requests\main\1.har

2022-05-10 23:41:17 - [MESSAGE][PASSED] - Send request successfully

2022-05-10 23:41:17 - [TEST_STEP][PASSED] - verifyResponseStatusCode(Response, 200): Verify response status code successfully

2022-05-10 23:41:17 - [MESSAGE][PASSED] - Verify response status code successfully

2022-05-10 23:41:17 - [TEST_STEP][PASSED] - verifyElementPropertyValue(Response, "data.ID", 478): Verify element property value successfully

2022-05-10 23:41:17 - [MESSAGE][PASSED] - Verify element property value successfully]]></system-out>
         <system-err><![CDATA[]]></system-err>
      </testcase>
      <testcase name="Test Cases/REST_API/02_Products/TC03_GetProductByInvalidId" time="0.817" classname="Test Cases/REST_API/02_Products/TC03_GetProductByInvalidId" status="PASSED">
         <system-out><![CDATA[2022-05-10 23:41:17 - [TEST_CASE][PASSED] - Test Cases/REST_API/02_Products/TC03_GetProductByInvalidId: Test Cases/REST_API/02_Products/TC03_GetProductByInvalidId

2022-05-10 23:41:18 - [TEST_STEP][PASSED] - Response = sendRequest(findTestObject("REST_API/02_Products/GetProductById_InvalidID")): Send request successfully

2022-05-10 23:41:18 - [MESSAGE][INFO] - HAR: F:\1. UNNES\6. Semester 6\2 - MSIB\final-project-qe-alta4\final-project-qe-alta\Reports\20220510_234046\REST_API\02_Products\20220510_234049\requests\main\2.har

2022-05-10 23:41:18 - [MESSAGE][PASSED] - Send request successfully

2022-05-10 23:41:18 - [TEST_STEP][PASSED] - verifyResponseStatusCode(Response, 404): Verify response status code successfully

2022-05-10 23:41:18 - [MESSAGE][PASSED] - Verify response status code successfully

2022-05-10 23:41:18 - [TEST_STEP][PASSED] - verifyElementPropertyValue(Response, "error", "record not found"): Verify element property value successfully

2022-05-10 23:41:18 - [MESSAGE][PASSED] - Verify element property value successfully]]></system-out>
         <system-err><![CDATA[]]></system-err>
      </testcase>
      <testcase name="Test Cases/REST_API/02_Products/TC04_CreateProduct" time="0.7" classname="Test Cases/REST_API/02_Products/TC04_CreateProduct" status="PASSED">
         <system-out><![CDATA[2022-05-10 23:41:18 - [TEST_CASE][PASSED] - Test Cases/REST_API/02_Products/TC04_CreateProduct: Test Cases/REST_API/02_Products/TC04_CreateProduct

2022-05-10 23:41:19 - [TEST_STEP][PASSED] - Response = sendRequest(findTestObject("REST_API/02_Products/CreateProduct")): Send request successfully

2022-05-10 23:41:19 - [MESSAGE][INFO] - HAR: F:\1. UNNES\6. Semester 6\2 - MSIB\final-project-qe-alta4\final-project-qe-alta\Reports\20220510_234046\REST_API\02_Products\20220510_234049\requests\main\3.har

2022-05-10 23:41:19 - [MESSAGE][PASSED] - Send request successfully

2022-05-10 23:41:19 - [TEST_STEP][PASSED] - verifyResponseStatusCode(Response, 200): Verify response status code successfully

2022-05-10 23:41:19 - [MESSAGE][PASSED] - Verify response status code successfully

2022-05-10 23:41:19 - [TEST_STEP][PASSED] - verifyElementPropertyValue(Response, "data.Name", "Tensi Darah Elektrik"): Verify element property value successfully

2022-05-10 23:41:19 - [MESSAGE][PASSED] - Verify element property value successfully]]></system-out>
         <system-err><![CDATA[]]></system-err>
      </testcase>
      <testcase name="Test Cases/REST_API/02_Products/TC05_CreateProductDecimalPrice" time="0.672" classname="Test Cases/REST_API/02_Products/TC05_CreateProductDecimalPrice" status="PASSED">
         <system-out><![CDATA[2022-05-10 23:41:19 - [TEST_CASE][PASSED] - Test Cases/REST_API/02_Products/TC05_CreateProductDecimalPrice: Test Cases/REST_API/02_Products/TC05_CreateProductDecimalPrice

2022-05-10 23:41:19 - [TEST_STEP][PASSED] - Response = sendRequest(findTestObject("REST_API/02_Products/CreateProduct_DecimalPrice")): Send request successfully

2022-05-10 23:41:20 - [MESSAGE][INFO] - HAR: F:\1. UNNES\6. Semester 6\2 - MSIB\final-project-qe-alta4\final-project-qe-alta\Reports\20220510_234046\REST_API\02_Products\20220510_234049\requests\main\4.har

2022-05-10 23:41:20 - [MESSAGE][PASSED] - Send request successfully

2022-05-10 23:41:20 - [TEST_STEP][PASSED] - verifyResponseStatusCode(Response, 400): Verify response status code successfully

2022-05-10 23:41:20 - [MESSAGE][PASSED] - Verify response status code successfully

2022-05-10 23:41:20 - [TEST_STEP][PASSED] - verifyElementPropertyValue(Response, "error", "json: cannot unmarshal number 2400.00 into Go struct field ProductCreate.price of type uint"): Verify element property value successfully

2022-05-10 23:41:20 - [MESSAGE][PASSED] - Verify element property value successfully]]></system-out>
         <system-err><![CDATA[]]></system-err>
      </testcase>
      <testcase name="Test Cases/REST_API/02_Products/TC06_CreateProductEmptyName" time="0.741" classname="Test Cases/REST_API/02_Products/TC06_CreateProductEmptyName" status="PASSED">
         <system-out><![CDATA[2022-05-10 23:41:20 - [TEST_CASE][PASSED] - Test Cases/REST_API/02_Products/TC06_CreateProductEmptyName: Test Cases/REST_API/02_Products/TC06_CreateProductEmptyName

2022-05-10 23:41:20 - [TEST_STEP][PASSED] - Response = sendRequest(findTestObject("REST_API/02_Products/CreateProduct_EmptyName")): Send request successfully

2022-05-10 23:41:20 - [MESSAGE][INFO] - HAR: F:\1. UNNES\6. Semester 6\2 - MSIB\final-project-qe-alta4\final-project-qe-alta\Reports\20220510_234046\REST_API\02_Products\20220510_234049\requests\main\5.har

2022-05-10 23:41:20 - [MESSAGE][PASSED] - Send request successfully

2022-05-10 23:41:20 - [TEST_STEP][PASSED] - verifyResponseStatusCode(Response, 500): Verify response status code successfully

2022-05-10 23:41:20 - [MESSAGE][PASSED] - Verify response status code successfully

2022-05-10 23:41:20 - [TEST_STEP][PASSED] - verifyElementPropertyValue(Response, "error", "ERROR: new row for relation "products" violates check constraint "products_name_check" (SQLSTATE 23514)"): Verify element property value successfully

2022-05-10 23:41:20 - [MESSAGE][PASSED] - Verify element property value successfully]]></system-out>
         <system-err><![CDATA[]]></system-err>
      </testcase>
      <testcase name="Test Cases/REST_API/02_Products/TC07_CreateProductInvalidCategory" time="0.66" classname="Test Cases/REST_API/02_Products/TC07_CreateProductInvalidCategory" status="PASSED">
         <system-out><![CDATA[2022-05-10 23:41:20 - [TEST_CASE][PASSED] - Test Cases/REST_API/02_Products/TC07_CreateProductInvalidCategory: Test Cases/REST_API/02_Products/TC07_CreateProductInvalidCategory

2022-05-10 23:41:21 - [TEST_STEP][PASSED] - Response = sendRequest(findTestObject("REST_API/02_Products/CreateProduct_InvalidCategory")): Send request successfully

2022-05-10 23:41:21 - [MESSAGE][INFO] - HAR: F:\1. UNNES\6. Semester 6\2 - MSIB\final-project-qe-alta4\final-project-qe-alta\Reports\20220510_234046\REST_API\02_Products\20220510_234049\requests\main\6.har

2022-05-10 23:41:21 - [MESSAGE][PASSED] - Send request successfully

2022-05-10 23:41:21 - [TEST_STEP][PASSED] - verifyResponseStatusCode(Response, 400): Verify response status code successfully

2022-05-10 23:41:21 - [MESSAGE][PASSED] - Verify response status code successfully

2022-05-10 23:41:21 - [TEST_STEP][PASSED] - verifyElementPropertyValue(Response, "error", "json: cannot unmarshal string into Go struct field ProductCreate.categories of type uint"): Verify element property value successfully

2022-05-10 23:41:21 - [MESSAGE][PASSED] - Verify element property value successfully]]></system-out>
         <system-err><![CDATA[]]></system-err>
      </testcase>
      <system-out><![CDATA[2022-05-10 23:41:13 - [TEST_SUITE][PASSED] - 02_Products: Test Cases/REST_API/02_Products/TC07_CreateProductInvalidCategory]]></system-out>
      <system-err><![CDATA[]]></system-err>
   </testsuite>
</testsuites>
