<?xml version="1.0" encoding="UTF-8"?>
<testsuites name="06_Comments" time="6.572" tests="4" failures="0" errors="0">
   <testsuite name="06_Comments" tests="4" failures="0" errors="0" time="6.572" skipped="0" timestamp="2022-05-07 13:02:48" hostname="salsa - SALSABILA" id="Test Suites/REST_API/06_Comments">
      <properties>
         <property name="deviceName" value=""/>
         <property name="devicePlatform" value=""/>
         <property name="logFolder" value="F:\\1. UNNES\\6. Semester 6\\2 - MSIB\\final-project-qe-alta4\\final-project-qe-alta\\Reports\\20220507_130244\\REST_API\\06_Comments\\20220507_130244"/>
         <property name="logFiles" value="F:\\1. UNNES\\6. Semester 6\\2 - MSIB\\final-project-qe-alta4\\final-project-qe-alta\\Reports\\20220507_130244\\REST_API\\06_Comments\\20220507_130244\\execution0.log"/>
         <property name="attachments" value=""/>
         <property name="hostName" value="salsa - SALSABILA"/>
         <property name="hostAddress" value="192.168.106.173"/>
         <property name="os" value="Windows 10 64bit"/>
         <property name="katalonVersion" value="8.2.5.208"/>
      </properties>
      <testcase name="Test Cases/REST_API/TC36_GetProductComments" time="3.004" classname="Test Cases/REST_API/TC36_GetProductComments" status="PASSED">
         <system-out><![CDATA[2022-05-07 13:02:48 - [TEST_CASE][PASSED] - Test Cases/REST_API/TC36_GetProductComments: Test Cases/REST_API/TC36_GetProductComments

2022-05-07 13:02:49 - [TEST_STEP][PASSED] - Response = sendRequest(findTestObject("REST_API/06_Comments/GetProductComments")): Send request successfully

2022-05-07 13:02:51 - [MESSAGE][INFO] - HAR: F:\1. UNNES\6. Semester 6\2 - MSIB\final-project-qe-alta4\final-project-qe-alta\Reports\20220507_130244\REST_API\06_Comments\20220507_130244\requests\main\0.har

2022-05-07 13:02:51 - [MESSAGE][PASSED] - Send request successfully

2022-05-07 13:02:51 - [TEST_STEP][PASSED] - verifyResponseStatusCode(Response, 200): Verify response status code successfully

2022-05-07 13:02:51 - [MESSAGE][PASSED] - Verify response status code successfully

2022-05-07 13:02:51 - [TEST_STEP][PASSED] - verifyElementPropertyValue(Response, "data[0].Content", "mantap nih"): Verify element property value successfully

2022-05-07 13:02:51 - [MESSAGE][PASSED] - Verify element property value successfully]]></system-out>
         <system-err><![CDATA[]]></system-err>
      </testcase>
      <testcase name="Test Cases/REST_API/TC37_WriteCommentToProduct" time="1.245" classname="Test Cases/REST_API/TC37_WriteCommentToProduct" status="PASSED">
         <system-out><![CDATA[2022-05-07 13:02:51 - [TEST_CASE][PASSED] - Test Cases/REST_API/TC37_WriteCommentToProduct: Test Cases/REST_API/TC37_WriteCommentToProduct

2022-05-07 13:02:52 - [TEST_STEP][PASSED] - Response = sendRequest(findTestObject("REST_API/06_Comments/WriteCommentToProduct")): Send request successfully

2022-05-07 13:02:52 - [MESSAGE][INFO] - HAR: F:\1. UNNES\6. Semester 6\2 - MSIB\final-project-qe-alta4\final-project-qe-alta\Reports\20220507_130244\REST_API\06_Comments\20220507_130244\requests\main\1.har

2022-05-07 13:02:52 - [MESSAGE][PASSED] - Send request successfully

2022-05-07 13:02:52 - [TEST_STEP][PASSED] - verifyResponseStatusCode(Response, 200): Verify response status code successfully

2022-05-07 13:02:52 - [MESSAGE][PASSED] - Verify response status code successfully

2022-05-07 13:02:52 - [TEST_STEP][PASSED] - verifyElementPropertyValue(Response, "data.Content", "mantap nih gais"): Verify element property value successfully

2022-05-07 13:02:52 - [MESSAGE][PASSED] - Verify element property value successfully]]></system-out>
         <system-err><![CDATA[]]></system-err>
      </testcase>
      <testcase name="Test Cases/REST_API/TC38_DeleteProductComments" time="1.039" classname="Test Cases/REST_API/TC38_DeleteProductComments" status="PASSED">
         <system-out><![CDATA[2022-05-07 13:02:52 - [TEST_CASE][PASSED] - Test Cases/REST_API/TC38_DeleteProductComments: Test Cases/REST_API/TC38_DeleteProductComments

2022-05-07 13:02:53 - [TEST_STEP][PASSED] - Response = sendRequest(findTestObject("REST_API/06_Comments/DeleteProductComments")): Send request successfully

2022-05-07 13:02:53 - [MESSAGE][INFO] - HAR: F:\1. UNNES\6. Semester 6\2 - MSIB\final-project-qe-alta4\final-project-qe-alta\Reports\20220507_130244\REST_API\06_Comments\20220507_130244\requests\main\2.har

2022-05-07 13:02:53 - [MESSAGE][PASSED] - Send request successfully

2022-05-07 13:02:53 - [TEST_STEP][PASSED] - verifyResponseStatusCode(Response, 405): Verify response status code successfully

2022-05-07 13:02:53 - [MESSAGE][PASSED] - Verify response status code successfully]]></system-out>
         <system-err><![CDATA[]]></system-err>
      </testcase>
      <testcase name="Test Cases/REST_API/TC39_UpdateProductComments" time="0.79" classname="Test Cases/REST_API/TC39_UpdateProductComments" status="PASSED">
         <system-out><![CDATA[2022-05-07 13:02:53 - [TEST_CASE][PASSED] - Test Cases/REST_API/TC39_UpdateProductComments: Test Cases/REST_API/TC39_UpdateProductComments

2022-05-07 13:02:54 - [TEST_STEP][PASSED] - Response = sendRequest(findTestObject("REST_API/06_Comments/UpdateCommentToProduct")): Send request successfully

2022-05-07 13:02:54 - [MESSAGE][INFO] - HAR: F:\1. UNNES\6. Semester 6\2 - MSIB\final-project-qe-alta4\final-project-qe-alta\Reports\20220507_130244\REST_API\06_Comments\20220507_130244\requests\main\3.har

2022-05-07 13:02:54 - [MESSAGE][PASSED] - Send request successfully

2022-05-07 13:02:54 - [TEST_STEP][PASSED] - verifyResponseStatusCode(Response, 405): Verify response status code successfully

2022-05-07 13:02:54 - [MESSAGE][PASSED] - Verify response status code successfully]]></system-out>
         <system-err><![CDATA[]]></system-err>
      </testcase>
      <system-out><![CDATA[2022-05-07 13:02:48 - [TEST_SUITE][PASSED] - 06_Comments: Test Cases/REST_API/TC39_UpdateProductComments]]></system-out>
      <system-err><![CDATA[]]></system-err>
   </testsuite>
</testsuites>
