<?xml version="1.0" encoding="UTF-8"?>
<testsuites name="03_Auth" time="10.324" tests="10" failures="0" errors="0">
   <testsuite name="03_Auth" tests="10" failures="0" errors="0" time="10.324" skipped="0" timestamp="2022-05-10 23:44:26" hostname="salsa - SALSABILA" id="Test Suites/REST_API/03_Auth">
      <properties>
         <property name="deviceName" value=""/>
         <property name="devicePlatform" value=""/>
         <property name="logFolder" value="F:\\1. UNNES\\6. Semester 6\\2 - MSIB\\final-project-qe-alta4\\final-project-qe-alta\\Reports\\20220510_234336\\REST_API\\03_Auth\\20220510_234342"/>
         <property name="logFiles" value="F:\\1. UNNES\\6. Semester 6\\2 - MSIB\\final-project-qe-alta4\\final-project-qe-alta\\Reports\\20220510_234336\\REST_API\\03_Auth\\20220510_234342\\execution0.log"/>
         <property name="attachments" value=""/>
         <property name="hostName" value="salsa - SALSABILA"/>
         <property name="hostAddress" value="192.168.106.173"/>
         <property name="os" value="Windows 10 64bit"/>
         <property name="katalonVersion" value="8.2.5.208"/>
      </properties>
      <testcase name="Test Cases/REST_API/03_Auth/TC01_Register" time="2.784" classname="Test Cases/REST_API/03_Auth/TC01_Register" status="PASSED">
         <system-out><![CDATA[2022-05-10 23:44:26 - [TEST_CASE][PASSED] - Test Cases/REST_API/03_Auth/TC01_Register: Test Cases/REST_API/03_Auth/TC01_Register

2022-05-10 23:44:27 - [TEST_STEP][PASSED] - Response = sendRequest(findTestObject("REST_API/03_Auth/Register")): Send request successfully

2022-05-10 23:44:29 - [MESSAGE][INFO] - HAR: F:\1. UNNES\6. Semester 6\2 - MSIB\final-project-qe-alta4\final-project-qe-alta\Reports\20220510_234336\REST_API\03_Auth\20220510_234342\requests\main\0.har

2022-05-10 23:44:29 - [MESSAGE][PASSED] - Send request successfully

2022-05-10 23:44:29 - [TEST_STEP][PASSED] - verifyResponseStatusCode(Response, 200): Verify response status code successfully

2022-05-10 23:44:29 - [MESSAGE][PASSED] - Verify response status code successfully

2022-05-10 23:44:29 - [TEST_STEP][PASSED] - verifyElementPropertyValue(Response, "data.Fullname", "Alex Under"): Verify element property value successfully

2022-05-10 23:44:29 - [MESSAGE][PASSED] - Verify element property value successfully]]></system-out>
         <system-err><![CDATA[]]></system-err>
      </testcase>
      <testcase name="Test Cases/REST_API/03_Auth/TC02_RegisterEmptyEmail" time="1.003" classname="Test Cases/REST_API/03_Auth/TC02_RegisterEmptyEmail" status="PASSED">
         <system-out><![CDATA[2022-05-10 23:44:29 - [TEST_CASE][PASSED] - Test Cases/REST_API/03_Auth/TC02_RegisterEmptyEmail: Test Cases/REST_API/03_Auth/TC02_RegisterEmptyEmail

2022-05-10 23:44:29 - [TEST_STEP][PASSED] - Response = sendRequest(findTestObject("REST_API/03_Auth/Register_EmptyEmail")): Send request successfully

2022-05-10 23:44:30 - [MESSAGE][INFO] - HAR: F:\1. UNNES\6. Semester 6\2 - MSIB\final-project-qe-alta4\final-project-qe-alta\Reports\20220510_234336\REST_API\03_Auth\20220510_234342\requests\main\1.har

2022-05-10 23:44:30 - [MESSAGE][PASSED] - Send request successfully

2022-05-10 23:44:30 - [TEST_STEP][PASSED] - verifyResponseStatusCode(Response, 400): Verify response status code successfully

2022-05-10 23:44:30 - [MESSAGE][PASSED] - Verify response status code successfully

2022-05-10 23:44:30 - [TEST_STEP][PASSED] - verifyElementPropertyValue(Response, "error", "email is required"): Verify element property value successfully

2022-05-10 23:44:30 - [MESSAGE][PASSED] - Verify element property value successfully]]></system-out>
         <system-err><![CDATA[]]></system-err>
      </testcase>
      <testcase name="Test Cases/REST_API/03_Auth/TC03_RegisterEmptyName" time="0.851" classname="Test Cases/REST_API/03_Auth/TC03_RegisterEmptyName" status="PASSED">
         <system-out><![CDATA[2022-05-10 23:44:30 - [TEST_CASE][PASSED] - Test Cases/REST_API/03_Auth/TC03_RegisterEmptyName: Test Cases/REST_API/03_Auth/TC03_RegisterEmptyName

2022-05-10 23:44:30 - [TEST_STEP][PASSED] - Response = sendRequest(findTestObject("REST_API/03_Auth/Register_EmptyName")): Send request successfully

2022-05-10 23:44:31 - [MESSAGE][INFO] - HAR: F:\1. UNNES\6. Semester 6\2 - MSIB\final-project-qe-alta4\final-project-qe-alta\Reports\20220510_234336\REST_API\03_Auth\20220510_234342\requests\main\2.har

2022-05-10 23:44:31 - [MESSAGE][PASSED] - Send request successfully

2022-05-10 23:44:31 - [TEST_STEP][PASSED] - verifyResponseStatusCode(Response, 400): Verify response status code successfully

2022-05-10 23:44:31 - [MESSAGE][PASSED] - Verify response status code successfully

2022-05-10 23:44:31 - [TEST_STEP][PASSED] - verifyElementPropertyValue(Response, "error", "fullname is required"): Verify element property value successfully

2022-05-10 23:44:31 - [MESSAGE][PASSED] - Verify element property value successfully]]></system-out>
         <system-err><![CDATA[]]></system-err>
      </testcase>
      <testcase name="Test Cases/REST_API/03_Auth/TC04_RegisterEmptyPassword" time="0.766" classname="Test Cases/REST_API/03_Auth/TC04_RegisterEmptyPassword" status="PASSED">
         <system-out><![CDATA[2022-05-10 23:44:31 - [TEST_CASE][PASSED] - Test Cases/REST_API/03_Auth/TC04_RegisterEmptyPassword: Test Cases/REST_API/03_Auth/TC04_RegisterEmptyPassword

2022-05-10 23:44:31 - [TEST_STEP][PASSED] - Response = sendRequest(findTestObject("REST_API/03_Auth/Register_EmptyPassword")): Send request successfully

2022-05-10 23:44:32 - [MESSAGE][INFO] - HAR: F:\1. UNNES\6. Semester 6\2 - MSIB\final-project-qe-alta4\final-project-qe-alta\Reports\20220510_234336\REST_API\03_Auth\20220510_234342\requests\main\3.har

2022-05-10 23:44:32 - [MESSAGE][PASSED] - Send request successfully

2022-05-10 23:44:32 - [TEST_STEP][PASSED] - verifyResponseStatusCode(Response, 400): Verify response status code successfully

2022-05-10 23:44:32 - [MESSAGE][PASSED] - Verify response status code successfully

2022-05-10 23:44:32 - [TEST_STEP][PASSED] - verifyElementPropertyValue(Response, "error", "password is required"): Verify element property value successfully

2022-05-10 23:44:32 - [MESSAGE][PASSED] - Verify element property value successfully]]></system-out>
         <system-err><![CDATA[]]></system-err>
      </testcase>
      <testcase name="Test Cases/REST_API/03_Auth/TC05_RegisterWithRegisteredEmail" time="0.671" classname="Test Cases/REST_API/03_Auth/TC05_RegisterWithRegisteredEmail" status="PASSED">
         <system-out><![CDATA[2022-05-10 23:44:32 - [TEST_CASE][PASSED] - Test Cases/REST_API/03_Auth/TC05_RegisterWithRegisteredEmail: Test Cases/REST_API/03_Auth/TC05_RegisterWithRegisteredEmail

2022-05-10 23:44:32 - [TEST_STEP][PASSED] - Response = sendRequest(findTestObject("REST_API/03_Auth/Register_RegisteredEmail")): Send request successfully

2022-05-10 23:44:32 - [MESSAGE][INFO] - HAR: F:\1. UNNES\6. Semester 6\2 - MSIB\final-project-qe-alta4\final-project-qe-alta\Reports\20220510_234336\REST_API\03_Auth\20220510_234342\requests\main\4.har

2022-05-10 23:44:32 - [MESSAGE][PASSED] - Send request successfully

2022-05-10 23:44:32 - [TEST_STEP][PASSED] - verifyResponseStatusCode(Response, 400): Verify response status code successfully

2022-05-10 23:44:32 - [MESSAGE][PASSED] - Verify response status code successfully

2022-05-10 23:44:32 - [TEST_STEP][PASSED] - verifyElementPropertyValue(Response, "error", "ERROR: duplicate key value violates unique constraint "users_email_key" (SQLSTATE 23505)"): Verify element property value successfully

2022-05-10 23:44:32 - [MESSAGE][PASSED] - Verify element property value successfully]]></system-out>
         <system-err><![CDATA[]]></system-err>
      </testcase>
      <testcase name="Test Cases/REST_API/03_Auth/TC06_Login" time="0.723" classname="Test Cases/REST_API/03_Auth/TC06_Login" status="PASSED">
         <system-out><![CDATA[2022-05-10 23:44:32 - [TEST_CASE][PASSED] - Test Cases/REST_API/03_Auth/TC06_Login: Test Cases/REST_API/03_Auth/TC06_Login

2022-05-10 23:44:33 - [TEST_STEP][PASSED] - Response = sendRequest(findTestObject("REST_API/03_Auth/Login")): Send request successfully

2022-05-10 23:44:33 - [MESSAGE][INFO] - HAR: F:\1. UNNES\6. Semester 6\2 - MSIB\final-project-qe-alta4\final-project-qe-alta\Reports\20220510_234336\REST_API\03_Auth\20220510_234342\requests\main\5.har

2022-05-10 23:44:33 - [MESSAGE][PASSED] - Send request successfully

2022-05-10 23:44:33 - [TEST_STEP][PASSED] - verifyResponseStatusCode(Response, 200): Verify response status code successfully

2022-05-10 23:44:33 - [MESSAGE][PASSED] - Verify response status code successfully

2022-05-10 23:44:33 - [TEST_STEP][PASSED] - verifyElementPropertyValue(Response, "data", "eyJhbGciOiJIUzI1NiIsInR5cCI6IkpXVCJ9.eyJGdWxsbmFtZSI6IiAiLCJFbWFpbCI6InNhbHNhYmlsYUBnbWFpbC5jb20ifQ.bFDWh__G0S0QFNpiprotKPnDgDwgZS6ZOiS8Z7108AQ"): Verify element property value successfully

2022-05-10 23:44:33 - [MESSAGE][PASSED] - Verify element property value successfully]]></system-out>
         <system-err><![CDATA[]]></system-err>
      </testcase>
      <testcase name="Test Cases/REST_API/03_Auth/TC07_LoginEmptyEmail" time="0.708" classname="Test Cases/REST_API/03_Auth/TC07_LoginEmptyEmail" status="PASSED">
         <system-out><![CDATA[2022-05-10 23:44:33 - [TEST_CASE][PASSED] - Test Cases/REST_API/03_Auth/TC07_LoginEmptyEmail: Test Cases/REST_API/03_Auth/TC07_LoginEmptyEmail

2022-05-10 23:44:33 - [TEST_STEP][PASSED] - Response = sendRequest(findTestObject("REST_API/03_Auth/Login_EmptyEmail")): Send request successfully

2022-05-10 23:44:34 - [MESSAGE][INFO] - HAR: F:\1. UNNES\6. Semester 6\2 - MSIB\final-project-qe-alta4\final-project-qe-alta\Reports\20220510_234336\REST_API\03_Auth\20220510_234342\requests\main\6.har

2022-05-10 23:44:34 - [MESSAGE][PASSED] - Send request successfully

2022-05-10 23:44:34 - [TEST_STEP][PASSED] - verifyResponseStatusCode(Response, 400): Verify response status code successfully

2022-05-10 23:44:34 - [MESSAGE][PASSED] - Verify response status code successfully

2022-05-10 23:44:34 - [TEST_STEP][PASSED] - verifyElementPropertyValue(Response, "error", "email is required"): Verify element property value successfully

2022-05-10 23:44:34 - [MESSAGE][PASSED] - Verify element property value successfully]]></system-out>
         <system-err><![CDATA[]]></system-err>
      </testcase>
      <testcase name="Test Cases/REST_API/03_Auth/TC08_LoginEmptyPassword" time="0.829" classname="Test Cases/REST_API/03_Auth/TC08_LoginEmptyPassword" status="PASSED">
         <system-out><![CDATA[2022-05-10 23:44:34 - [TEST_CASE][PASSED] - Test Cases/REST_API/03_Auth/TC08_LoginEmptyPassword: Test Cases/REST_API/03_Auth/TC08_LoginEmptyPassword

2022-05-10 23:44:34 - [TEST_STEP][PASSED] - Response = sendRequest(findTestObject("REST_API/03_Auth/Login_EmptyPassword")): Send request successfully

2022-05-10 23:44:35 - [MESSAGE][INFO] - HAR: F:\1. UNNES\6. Semester 6\2 - MSIB\final-project-qe-alta4\final-project-qe-alta\Reports\20220510_234336\REST_API\03_Auth\20220510_234342\requests\main\7.har

2022-05-10 23:44:35 - [MESSAGE][PASSED] - Send request successfully

2022-05-10 23:44:35 - [TEST_STEP][PASSED] - verifyResponseStatusCode(Response, 400): Verify response status code successfully

2022-05-10 23:44:35 - [MESSAGE][PASSED] - Verify response status code successfully

2022-05-10 23:44:35 - [TEST_STEP][PASSED] - verifyElementPropertyValue(Response, "error", "password is required"): Verify element property value successfully

2022-05-10 23:44:35 - [MESSAGE][PASSED] - Verify element property value successfully]]></system-out>
         <system-err><![CDATA[]]></system-err>
      </testcase>
      <testcase name="Test Cases/REST_API/03_Auth/TC09_LoginInvalidEmail" time="0.775" classname="Test Cases/REST_API/03_Auth/TC09_LoginInvalidEmail" status="PASSED">
         <system-out><![CDATA[2022-05-10 23:44:35 - [TEST_CASE][PASSED] - Test Cases/REST_API/03_Auth/TC09_LoginInvalidEmail: Test Cases/REST_API/03_Auth/TC09_LoginInvalidEmail

2022-05-10 23:44:35 - [TEST_STEP][PASSED] - Response = sendRequest(findTestObject("REST_API/03_Auth/Login_InvalidEmail")): Send request successfully

2022-05-10 23:44:35 - [MESSAGE][INFO] - HAR: F:\1. UNNES\6. Semester 6\2 - MSIB\final-project-qe-alta4\final-project-qe-alta\Reports\20220510_234336\REST_API\03_Auth\20220510_234342\requests\main\8.har

2022-05-10 23:44:35 - [MESSAGE][PASSED] - Send request successfully

2022-05-10 23:44:35 - [TEST_STEP][PASSED] - verifyResponseStatusCode(Response, 400): Verify response status code successfully

2022-05-10 23:44:35 - [MESSAGE][PASSED] - Verify response status code successfully

2022-05-10 23:44:35 - [TEST_STEP][PASSED] - verifyElementPropertyValue(Response, "error", "record not found"): Verify element property value successfully

2022-05-10 23:44:35 - [MESSAGE][PASSED] - Verify element property value successfully]]></system-out>
         <system-err><![CDATA[]]></system-err>
      </testcase>
      <testcase name="Test Cases/REST_API/03_Auth/TC10_LoginInvalidPassword" time="0.659" classname="Test Cases/REST_API/03_Auth/TC10_LoginInvalidPassword" status="PASSED">
         <system-out><![CDATA[2022-05-10 23:44:35 - [TEST_CASE][PASSED] - Test Cases/REST_API/03_Auth/TC10_LoginInvalidPassword: Test Cases/REST_API/03_Auth/TC10_LoginInvalidPassword

2022-05-10 23:44:36 - [TEST_STEP][PASSED] - Response = sendRequest(findTestObject("REST_API/03_Auth/Login_InvalidPassword")): Send request successfully

2022-05-10 23:44:36 - [MESSAGE][INFO] - HAR: F:\1. UNNES\6. Semester 6\2 - MSIB\final-project-qe-alta4\final-project-qe-alta\Reports\20220510_234336\REST_API\03_Auth\20220510_234342\requests\main\9.har

2022-05-10 23:44:36 - [MESSAGE][PASSED] - Send request successfully

2022-05-10 23:44:36 - [TEST_STEP][PASSED] - verifyResponseStatusCode(Response, 400): Verify response status code successfully

2022-05-10 23:44:36 - [MESSAGE][PASSED] - Verify response status code successfully

2022-05-10 23:44:36 - [TEST_STEP][PASSED] - verifyElementPropertyValue(Response, "error", "email or password is invalid"): Verify element property value successfully

2022-05-10 23:44:36 - [MESSAGE][PASSED] - Verify element property value successfully]]></system-out>
         <system-err><![CDATA[]]></system-err>
      </testcase>
      <system-out><![CDATA[2022-05-10 23:44:26 - [TEST_SUITE][PASSED] - 03_Auth: Test Cases/REST_API/03_Auth/TC10_LoginInvalidPassword]]></system-out>
      <system-err><![CDATA[]]></system-err>
   </testsuite>
</testsuites>
