<?xml version="1.0" encoding="UTF-8"?>
<testsuites name="MOBILE" time="557.322" tests="3" failures="2" errors="0">
   <testsuite name="MOBILE" tests="3" failures="2" errors="0" time="557.322" skipped="0" timestamp="2022-05-17 15:04:30" hostname="salsa - SALSABILA" id="Test Suites/MOBILE/MOBILE">
      <properties>
         <property name="deviceName" value="Xiaomi M2003J15SC (Android 11)"/>
         <property name="devicePlatform" value=""/>
         <property name="logFolder" value="F:\\1. UNNES\\6. Semester 6\\2 - MSIB\\final-project-qe-alta4\\final-project-qe-alta\\Reports\\20220517_150425\\MOBILE\\MOBILE\\20220517_150425"/>
         <property name="logFiles" value="F:\\1. UNNES\\6. Semester 6\\2 - MSIB\\final-project-qe-alta4\\final-project-qe-alta\\Reports\\20220517_150425\\MOBILE\\MOBILE\\20220517_150425\\appium.log, F:\\1. UNNES\\6. Semester 6\\2 - MSIB\\final-project-qe-alta4\\final-project-qe-alta\\Reports\\20220517_150425\\MOBILE\\MOBILE\\20220517_150425\\execution0.log"/>
         <property name="attachments" value="F:\\1. UNNES\\6. Semester 6\\2 - MSIB\\final-project-qe-alta4\\final-project-qe-alta\\Reports\\20220517_150425\\MOBILE\\MOBILE\\20220517_150425\\1652774876908.png, F:\\1. UNNES\\6. Semester 6\\2 - MSIB\\final-project-qe-alta4\\final-project-qe-alta\\Reports\\20220517_150425\\MOBILE\\MOBILE\\20220517_150425\\1652775149558.png"/>
         <property name="hostName" value="salsa - SALSABILA"/>
         <property name="os" value="Windows 10 64bit"/>
         <property name="appiumServerStatus" value="{&quot;value&quot;:{&quot;build&quot;:{&quot;version&quot;:&quot;1.22.3&quot;}},&quot;sessionId&quot;:null,&quot;status&quot;:0}"/>
         <property name="katalonVersion" value="8.2.5.208"/>
         <property name="deviceOS" value="Android"/>
         <property name="appiumVersion" value="1.22.3"/>
         <property name="deviceModel" value="M2003J15SC"/>
         <property name="hostAddress" value="192.168.200.173"/>
         <property name="deviceManufacturer" value="Xiaomi"/>
         <property name="deviceId" value="aeebca410407"/>
         <property name="deviceName" value="Xiaomi M2003J15SC (Android 11)"/>
         <property name="deviceOSVersion" value="11"/>
      </properties>
      <testcase name="Test Cases/MOBILE/Auth/Register" time="240.041" classname="Test Cases/MOBILE/Auth/Register" status="FAILED">
         <failure type="FAILED" message="Test Cases/MOBILE/Auth/Register FAILED.
Reason:
com.kms.katalon.core.exception.StepFailedException: Failed to check for element 'Object Repository/MOBILE/Auth/Register/android.widget.EditText - Fullname' visible (Root cause: org.openqa.selenium.StaleElementReferenceException: Cached elements 'By.xpath: //hierarchy/android.widget.FrameLayout[1]/android.widget.LinearLayout[1]/android.widget.FrameLayout[1]/android.widget.FrameLayout[1]/android.view.View[1]/android.view.View[1]/android.view.View[1]/android.view.View[1]/android.widget.EditText[1]' do not exist in DOM anymore
For documentation on this error, please visit: https://www.seleniumhq.org/exceptions/stale_element_reference.html
Build info: version: '3.141.59', revision: 'e82be7d358', time: '2018-11-14T08:25:53'
System info: host: 'SALSABILA', ip: '192.168.200.173', os.name: 'Windows 10', os.arch: 'amd64', os.version: '10.0', java.version: '1.8.0_282'
Driver info: com.kms.katalon.core.appium.driver.SwipeableAndroidDriver
Capabilities {appActivity: .Settings, appPackage: com.android.settings, autoGrantPermissions: true, automationName: uiautomator2, chromedriverPort: 59549, databaseEnabled: false, desired: {appActivity: .Settings, appPackage: com.android.settings, autoGrantPermissions: true, automationName: uiautomator2, chromedriverPort: 59549, deviceName: Xiaomi M2003J15SC (Android 11), newCommandTimeout: 1800, platform: ANDROID, platformName: android, platformVersion: 11, systemPort: 8281, udid: aeebca410407}, deviceApiLevel: 30, deviceManufacturer: Xiaomi, deviceModel: M2003J15SC, deviceName: aeebca410407, deviceScreenDensity: 352, deviceScreenSize: 1080x2340, deviceUDID: aeebca410407, javascriptEnabled: true, locationContextEnabled: false, networkConnectionEnabled: true, newCommandTimeout: 1800, pixelRatio: 2.2, platform: ANDROID, platformName: Android, platformVersion: 11, statBarHeight: 100, systemPort: 8281, takesScreenshot: true, udid: aeebca410407, viewportRect: {height: 2036, left: 0, top: 100, width: 1080}, warnings: {}, webStorageEnabled: false}
Session ID: ab33a8e3-6e8e-47b4-ad55-358bcf7d1345
	at org.openqa.selenium.remote.http.W3CHttpResponseCodec.createException(W3CHttpResponseCodec.java:187)
	at org.openqa.selenium.remote.http.W3CHttpResponseCodec.decode(W3CHttpResponseCodec.java:122)
	at org.openqa.selenium.remote.http.W3CHttpResponseCodec.decode(W3CHttpResponseCodec.java:49)
	at org.openqa.selenium.remote.HttpCommandExecutor.execute(HttpCommandExecutor.java:158)
	at io.appium.java_client.remote.AppiumCommandExecutor.execute(AppiumCommandExecutor.java:239)
	at org.openqa.selenium.remote.RemoteWebDriver.execute(RemoteWebDriver.java:552)
	at io.appium.java_client.DefaultGenericMobileDriver.execute(DefaultGenericMobileDriver.java:42)
	at io.appium.java_client.AppiumDriver.execute(AppiumDriver.java:1)
	at io.appium.java_client.android.AndroidDriver.execute(AndroidDriver.java:1)
	at com.kms.katalon.core.appium.driver.SwipeableAndroidDriver.execute(SwipeableAndroidDriver.java:1)
	at org.openqa.selenium.remote.RemoteWebElement.execute(RemoteWebElement.java:285)
	at io.appium.java_client.DefaultGenericMobileElement.execute(DefaultGenericMobileElement.java:45)
	at io.appium.java_client.MobileElement.execute(MobileElement.java:1)
	at io.appium.java_client.android.AndroidElement.execute(AndroidElement.java:1)
	at org.openqa.selenium.remote.RemoteWebElement.getLocation(RemoteWebElement.java:337)
	at org.openqa.selenium.WebElement$getLocation.call(Unknown Source)
	at com.kms.katalon.core.mobile.keyword.internal.MobileAbstractKeyword.findElement(MobileAbstractKeyword.groovy:86)
	at com.kms.katalon.core.mobile.keyword.builtin.VerifyElementVisibleKeyword.access$1(VerifyElementVisibleKeyword.groovy)
	at com.kms.katalon.core.mobile.keyword.builtin.VerifyElementVisibleKeyword$_verifyElementVisible_closure1.doCall(VerifyElementVisibleKeyword.groovy:72)
	at com.kms.katalon.core.mobile.keyword.builtin.VerifyElementVisibleKeyword$_verifyElementVisible_closure1.call(VerifyElementVisibleKeyword.groovy)
	at com.kms.katalon.core.mobile.keyword.internal.MobileKeywordMain.runKeyword(MobileKeywordMain.groovy:21)
	at com.kms.katalon.core.mobile.keyword.builtin.VerifyElementVisibleKeyword.verifyElementVisible(VerifyElementVisibleKeyword.groovy:85)
	at com.kms.katalon.core.mobile.keyword.builtin.VerifyElementVisibleKeyword.execute(VerifyElementVisibleKeyword.groovy:64)
	at com.kms.katalon.core.keyword.internal.KeywordExecutor.executeKeywordForPlatform(KeywordExecutor.groovy:74)
	at com.kms.katalon.core.mobile.keyword.MobileBuiltInKeywords.verifyElementVisible(MobileBuiltInKeywords.groovy:1880)
	at com.kms.katalon.core.mobile.keyword.MobileBuiltInKeywords$verifyElementVisible$3.call(Unknown Source)
	at Register.run(Register:61)
	at com.kms.katalon.core.main.ScriptEngine.run(ScriptEngine.java:194)
	at com.kms.katalon.core.main.ScriptEngine.runScriptAsRawText(ScriptEngine.java:119)
	at com.kms.katalon.core.main.TestCaseExecutor.runScript(TestCaseExecutor.java:442)
	at com.kms.katalon.core.main.TestCaseExecutor.doExecute(TestCaseExecutor.java:433)
	at com.kms.katalon.core.main.TestCaseExecutor.processExecutionPhase(TestCaseExecutor.java:412)
	at com.kms.katalon.core.main.TestCaseExecutor.accessMainPhase(TestCaseExecutor.java:404)
	at com.kms.katalon.core.main.TestCaseExecutor.execute(TestCaseExecutor.java:281)
	at com.kms.katalon.core.main.TestSuiteExecutor.accessTestCaseMainPhase(TestSuiteExecutor.java:202)
	at com.kms.katalon.core.main.TestSuiteExecutor.accessTestSuiteMainPhase(TestSuiteExecutor.java:164)
	at com.kms.katalon.core.main.TestSuiteExecutor.execute(TestSuiteExecutor.java:105)
	at com.kms.katalon.core.main.TestCaseMain.startTestSuite(TestCaseMain.java:185)
	at com.kms.katalon.core.main.TestCaseMain$startTestSuite$0.call(Unknown Source)
	at TempTestSuite1652774665794.run(TempTestSuite1652774665794.groovy:36)
)
	at com.kms.katalon.core.keyword.internal.KeywordMain.stepFailed(KeywordMain.groovy:39)
	at com.kms.katalon.core.mobile.keyword.internal.MobileKeywordMain.stepFailed(MobileKeywordMain.groovy:40)
	at com.kms.katalon.core.mobile.keyword.internal.MobileKeywordMain.runKeyword(MobileKeywordMain.groovy:23)
	at com.kms.katalon.core.mobile.keyword.builtin.VerifyElementVisibleKeyword.verifyElementVisible(VerifyElementVisibleKeyword.groovy:85)
	at com.kms.katalon.core.mobile.keyword.builtin.VerifyElementVisibleKeyword.execute(VerifyElementVisibleKeyword.groovy:64)
	at com.kms.katalon.core.keyword.internal.KeywordExecutor.executeKeywordForPlatform(KeywordExecutor.groovy:74)
	at com.kms.katalon.core.mobile.keyword.MobileBuiltInKeywords.verifyElementVisible(MobileBuiltInKeywords.groovy:1880)
	at com.kms.katalon.core.mobile.keyword.MobileBuiltInKeywords$verifyElementVisible$3.call(Unknown Source)
	at Register.run(Register:61)
	at com.kms.katalon.core.main.ScriptEngine.run(ScriptEngine.java:194)
	at com.kms.katalon.core.main.ScriptEngine.runScriptAsRawText(ScriptEngine.java:119)
	at com.kms.katalon.core.main.TestCaseExecutor.runScript(TestCaseExecutor.java:442)
	at com.kms.katalon.core.main.TestCaseExecutor.doExecute(TestCaseExecutor.java:433)
	at com.kms.katalon.core.main.TestCaseExecutor.processExecutionPhase(TestCaseExecutor.java:412)
	at com.kms.katalon.core.main.TestCaseExecutor.accessMainPhase(TestCaseExecutor.java:404)
	at com.kms.katalon.core.main.TestCaseExecutor.execute(TestCaseExecutor.java:281)
	at com.kms.katalon.core.main.TestSuiteExecutor.accessTestCaseMainPhase(TestSuiteExecutor.java:202)
	at com.kms.katalon.core.main.TestSuiteExecutor.accessTestSuiteMainPhase(TestSuiteExecutor.java:164)
	at com.kms.katalon.core.main.TestSuiteExecutor.execute(TestSuiteExecutor.java:105)
	at com.kms.katalon.core.main.TestCaseMain.startTestSuite(TestCaseMain.java:185)
	at com.kms.katalon.core.main.TestCaseMain$startTestSuite$0.call(Unknown Source)
	at TempTestSuite1652774665794.run(TempTestSuite1652774665794.groovy:36)
Caused by: org.openqa.selenium.StaleElementReferenceException: Cached elements 'By.xpath: //hierarchy/android.widget.FrameLayout[1]/android.widget.LinearLayout[1]/android.widget.FrameLayout[1]/android.widget.FrameLayout[1]/android.view.View[1]/android.view.View[1]/android.view.View[1]/android.view.View[1]/android.widget.EditText[1]' do not exist in DOM anymore
For documentation on this error, please visit: https://www.seleniumhq.org/exceptions/stale_element_reference.html
Build info: version: '3.141.59', revision: 'e82be7d358', time: '2018-11-14T08:25:53'
System info: host: 'SALSABILA', ip: '192.168.200.173', os.name: 'Windows 10', os.arch: 'amd64', os.version: '10.0', java.version: '1.8.0_282'
Driver info: com.kms.katalon.core.appium.driver.SwipeableAndroidDriver
Capabilities {appActivity: .Settings, appPackage: com.android.settings, autoGrantPermissions: true, automationName: uiautomator2, chromedriverPort: 59549, databaseEnabled: false, desired: {appActivity: .Settings, appPackage: com.android.settings, autoGrantPermissions: true, automationName: uiautomator2, chromedriverPort: 59549, deviceName: Xiaomi M2003J15SC (Android 11), newCommandTimeout: 1800, platform: ANDROID, platformName: android, platformVersion: 11, systemPort: 8281, udid: aeebca410407}, deviceApiLevel: 30, deviceManufacturer: Xiaomi, deviceModel: M2003J15SC, deviceName: aeebca410407, deviceScreenDensity: 352, deviceScreenSize: 1080x2340, deviceUDID: aeebca410407, javascriptEnabled: true, locationContextEnabled: false, networkConnectionEnabled: true, newCommandTimeout: 1800, pixelRatio: 2.2, platform: ANDROID, platformName: Android, platformVersion: 11, statBarHeight: 100, systemPort: 8281, takesScreenshot: true, udid: aeebca410407, viewportRect: {height: 2036, left: 0, top: 100, width: 1080}, warnings: {}, webStorageEnabled: false}
Session ID: ab33a8e3-6e8e-47b4-ad55-358bcf7d1345
	at org.openqa.selenium.remote.http.W3CHttpResponseCodec.createException(W3CHttpResponseCodec.java:187)
	at org.openqa.selenium.remote.http.W3CHttpResponseCodec.decode(W3CHttpResponseCodec.java:122)
	at org.openqa.selenium.remote.http.W3CHttpResponseCodec.decode(W3CHttpResponseCodec.java:49)
	at org.openqa.selenium.remote.HttpCommandExecutor.execute(HttpCommandExecutor.java:158)
	at io.appium.java_client.remote.AppiumCommandExecutor.execute(AppiumCommandExecutor.java:239)
	at org.openqa.selenium.remote.RemoteWebDriver.execute(RemoteWebDriver.java:552)
	at io.appium.java_client.DefaultGenericMobileDriver.execute(DefaultGenericMobileDriver.java:42)
	at io.appium.java_client.AppiumDriver.execute(AppiumDriver.java:1)
	at io.appium.java_client.android.AndroidDriver.execute(AndroidDriver.java:1)
	at com.kms.katalon.core.appium.driver.SwipeableAndroidDriver.execute(SwipeableAndroidDriver.java:1)
	at org.openqa.selenium.remote.RemoteWebElement.execute(RemoteWebElement.java:285)
	at io.appium.java_client.DefaultGenericMobileElement.execute(DefaultGenericMobileElement.java:45)
	at io.appium.java_client.MobileElement.execute(MobileElement.java:1)
	at io.appium.java_client.android.AndroidElement.execute(AndroidElement.java:1)
	at org.openqa.selenium.remote.RemoteWebElement.getLocation(RemoteWebElement.java:337)
	at org.openqa.selenium.WebElement$getLocation.call(Unknown Source)
	at com.kms.katalon.core.mobile.keyword.internal.MobileAbstractKeyword.findElement(MobileAbstractKeyword.groovy:86)
	at com.kms.katalon.core.mobile.keyword.builtin.VerifyElementVisibleKeyword.access$1(VerifyElementVisibleKeyword.groovy)
	at com.kms.katalon.core.mobile.keyword.builtin.VerifyElementVisibleKeyword$_verifyElementVisible_closure1.doCall(VerifyElementVisibleKeyword.groovy:72)
	at com.kms.katalon.core.mobile.keyword.builtin.VerifyElementVisibleKeyword$_verifyElementVisible_closure1.call(VerifyElementVisibleKeyword.groovy)
	at com.kms.katalon.core.mobile.keyword.internal.MobileKeywordMain.runKeyword(MobileKeywordMain.groovy:21)
	... 19 more
"/>
         <system-out><![CDATA[2022-05-17 15:04:31 - [TEST_CASE][FAILED] - Test Cases/MOBILE/Auth/Register: Test Cases/MOBILE/Auth/Register FAILED.
Reason:
com.kms.katalon.core.exception.StepFailedException: Failed to check for element 'Object Repository/MOBILE/Auth/Register/android.widget.EditText - Fullname' visible (Root cause: org.openqa.selenium.StaleElementReferenceException: Cached elements 'By.xpath: //hierarchy/android.widget.FrameLayout[1]/android.widget.LinearLayout[1]/android.widget.FrameLayout[1]/android.widget.FrameLayout[1]/android.view.View[1]/android.view.View[1]/android.view.View[1]/android.view.View[1]/android.widget.EditText[1]' do not exist in DOM anymore
For documentation on this error, please visit: https://www.seleniumhq.org/exceptions/stale_element_reference.html
Build info: version: '3.141.59', revision: 'e82be7d358', time: '2018-11-14T08:25:53'
System info: host: 'SALSABILA', ip: '192.168.200.173', os.name: 'Windows 10', os.arch: 'amd64', os.version: '10.0', java.version: '1.8.0_282'
Driver info: com.kms.katalon.core.appium.driver.SwipeableAndroidDriver
Capabilities {appActivity: .Settings, appPackage: com.android.settings, autoGrantPermissions: true, automationName: uiautomator2, chromedriverPort: 59549, databaseEnabled: false, desired: {appActivity: .Settings, appPackage: com.android.settings, autoGrantPermissions: true, automationName: uiautomator2, chromedriverPort: 59549, deviceName: Xiaomi M2003J15SC (Android 11), newCommandTimeout: 1800, platform: ANDROID, platformName: android, platformVersion: 11, systemPort: 8281, udid: aeebca410407}, deviceApiLevel: 30, deviceManufacturer: Xiaomi, deviceModel: M2003J15SC, deviceName: aeebca410407, deviceScreenDensity: 352, deviceScreenSize: 1080x2340, deviceUDID: aeebca410407, javascriptEnabled: true, locationContextEnabled: false, networkConnectionEnabled: true, newCommandTimeout: 1800, pixelRatio: 2.2, platform: ANDROID, platformName: Android, platformVersion: 11, statBarHeight: 100, systemPort: 8281, takesScreenshot: true, udid: aeebca410407, viewportRect: {height: 2036, left: 0, top: 100, width: 1080}, warnings: {}, webStorageEnabled: false}
Session ID: ab33a8e3-6e8e-47b4-ad55-358bcf7d1345
	at org.openqa.selenium.remote.http.W3CHttpResponseCodec.createException(W3CHttpResponseCodec.java:187)
	at org.openqa.selenium.remote.http.W3CHttpResponseCodec.decode(W3CHttpResponseCodec.java:122)
	at org.openqa.selenium.remote.http.W3CHttpResponseCodec.decode(W3CHttpResponseCodec.java:49)
	at org.openqa.selenium.remote.HttpCommandExecutor.execute(HttpCommandExecutor.java:158)
	at io.appium.java_client.remote.AppiumCommandExecutor.execute(AppiumCommandExecutor.java:239)
	at org.openqa.selenium.remote.RemoteWebDriver.execute(RemoteWebDriver.java:552)
	at io.appium.java_client.DefaultGenericMobileDriver.execute(DefaultGenericMobileDriver.java:42)
	at io.appium.java_client.AppiumDriver.execute(AppiumDriver.java:1)
	at io.appium.java_client.android.AndroidDriver.execute(AndroidDriver.java:1)
	at com.kms.katalon.core.appium.driver.SwipeableAndroidDriver.execute(SwipeableAndroidDriver.java:1)
	at org.openqa.selenium.remote.RemoteWebElement.execute(RemoteWebElement.java:285)
	at io.appium.java_client.DefaultGenericMobileElement.execute(DefaultGenericMobileElement.java:45)
	at io.appium.java_client.MobileElement.execute(MobileElement.java:1)
	at io.appium.java_client.android.AndroidElement.execute(AndroidElement.java:1)
	at org.openqa.selenium.remote.RemoteWebElement.getLocation(RemoteWebElement.java:337)
	at org.openqa.selenium.WebElement$getLocation.call(Unknown Source)
	at com.kms.katalon.core.mobile.keyword.internal.MobileAbstractKeyword.findElement(MobileAbstractKeyword.groovy:86)
	at com.kms.katalon.core.mobile.keyword.builtin.VerifyElementVisibleKeyword.access$1(VerifyElementVisibleKeyword.groovy)
	at com.kms.katalon.core.mobile.keyword.builtin.VerifyElementVisibleKeyword$_verifyElementVisible_closure1.doCall(VerifyElementVisibleKeyword.groovy:72)
	at com.kms.katalon.core.mobile.keyword.builtin.VerifyElementVisibleKeyword$_verifyElementVisible_closure1.call(VerifyElementVisibleKeyword.groovy)
	at com.kms.katalon.core.mobile.keyword.internal.MobileKeywordMain.runKeyword(MobileKeywordMain.groovy:21)
	at com.kms.katalon.core.mobile.keyword.builtin.VerifyElementVisibleKeyword.verifyElementVisible(VerifyElementVisibleKeyword.groovy:85)
	at com.kms.katalon.core.mobile.keyword.builtin.VerifyElementVisibleKeyword.execute(VerifyElementVisibleKeyword.groovy:64)
	at com.kms.katalon.core.keyword.internal.KeywordExecutor.executeKeywordForPlatform(KeywordExecutor.groovy:74)
	at com.kms.katalon.core.mobile.keyword.MobileBuiltInKeywords.verifyElementVisible(MobileBuiltInKeywords.groovy:1880)
	at com.kms.katalon.core.mobile.keyword.MobileBuiltInKeywords$verifyElementVisible$3.call(Unknown Source)
	at Register.run(Register:61)
	at com.kms.katalon.core.main.ScriptEngine.run(ScriptEngine.java:194)
	at com.kms.katalon.core.main.ScriptEngine.runScriptAsRawText(ScriptEngine.java:119)
	at com.kms.katalon.core.main.TestCaseExecutor.runScript(TestCaseExecutor.java:442)
	at com.kms.katalon.core.main.TestCaseExecutor.doExecute(TestCaseExecutor.java:433)
	at com.kms.katalon.core.main.TestCaseExecutor.processExecutionPhase(TestCaseExecutor.java:412)
	at com.kms.katalon.core.main.TestCaseExecutor.accessMainPhase(TestCaseExecutor.java:404)
	at com.kms.katalon.core.main.TestCaseExecutor.execute(TestCaseExecutor.java:281)
	at com.kms.katalon.core.main.TestSuiteExecutor.accessTestCaseMainPhase(TestSuiteExecutor.java:202)
	at com.kms.katalon.core.main.TestSuiteExecutor.accessTestSuiteMainPhase(TestSuiteExecutor.java:164)
	at com.kms.katalon.core.main.TestSuiteExecutor.execute(TestSuiteExecutor.java:105)
	at com.kms.katalon.core.main.TestCaseMain.startTestSuite(TestCaseMain.java:185)
	at com.kms.katalon.core.main.TestCaseMain$startTestSuite$0.call(Unknown Source)
	at TempTestSuite1652774665794.run(TempTestSuite1652774665794.groovy:36)
)
	at com.kms.katalon.core.keyword.internal.KeywordMain.stepFailed(KeywordMain.groovy:39)
	at com.kms.katalon.core.mobile.keyword.internal.MobileKeywordMain.stepFailed(MobileKeywordMain.groovy:40)
	at com.kms.katalon.core.mobile.keyword.internal.MobileKeywordMain.runKeyword(MobileKeywordMain.groovy:23)
	at com.kms.katalon.core.mobile.keyword.builtin.VerifyElementVisibleKeyword.verifyElementVisible(VerifyElementVisibleKeyword.groovy:85)
	at com.kms.katalon.core.mobile.keyword.builtin.VerifyElementVisibleKeyword.execute(VerifyElementVisibleKeyword.groovy:64)
	at com.kms.katalon.core.keyword.internal.KeywordExecutor.executeKeywordForPlatform(KeywordExecutor.groovy:74)
	at com.kms.katalon.core.mobile.keyword.MobileBuiltInKeywords.verifyElementVisible(MobileBuiltInKeywords.groovy:1880)
	at com.kms.katalon.core.mobile.keyword.MobileBuiltInKeywords$verifyElementVisible$3.call(Unknown Source)
	at Register.run(Register:61)
	at com.kms.katalon.core.main.ScriptEngine.run(ScriptEngine.java:194)
	at com.kms.katalon.core.main.ScriptEngine.runScriptAsRawText(ScriptEngine.java:119)
	at com.kms.katalon.core.main.TestCaseExecutor.runScript(TestCaseExecutor.java:442)
	at com.kms.katalon.core.main.TestCaseExecutor.doExecute(TestCaseExecutor.java:433)
	at com.kms.katalon.core.main.TestCaseExecutor.processExecutionPhase(TestCaseExecutor.java:412)
	at com.kms.katalon.core.main.TestCaseExecutor.accessMainPhase(TestCaseExecutor.java:404)
	at com.kms.katalon.core.main.TestCaseExecutor.execute(TestCaseExecutor.java:281)
	at com.kms.katalon.core.main.TestSuiteExecutor.accessTestCaseMainPhase(TestSuiteExecutor.java:202)
	at com.kms.katalon.core.main.TestSuiteExecutor.accessTestSuiteMainPhase(TestSuiteExecutor.java:164)
	at com.kms.katalon.core.main.TestSuiteExecutor.execute(TestSuiteExecutor.java:105)
	at com.kms.katalon.core.main.TestCaseMain.startTestSuite(TestCaseMain.java:185)
	at com.kms.katalon.core.main.TestCaseMain$startTestSuite$0.call(Unknown Source)
	at TempTestSuite1652774665794.run(TempTestSuite1652774665794.groovy:36)
Caused by: org.openqa.selenium.StaleElementReferenceException: Cached elements 'By.xpath: //hierarchy/android.widget.FrameLayout[1]/android.widget.LinearLayout[1]/android.widget.FrameLayout[1]/android.widget.FrameLayout[1]/android.view.View[1]/android.view.View[1]/android.view.View[1]/android.view.View[1]/android.widget.EditText[1]' do not exist in DOM anymore
For documentation on this error, please visit: https://www.seleniumhq.org/exceptions/stale_element_reference.html
Build info: version: '3.141.59', revision: 'e82be7d358', time: '2018-11-14T08:25:53'
System info: host: 'SALSABILA', ip: '192.168.200.173', os.name: 'Windows 10', os.arch: 'amd64', os.version: '10.0', java.version: '1.8.0_282'
Driver info: com.kms.katalon.core.appium.driver.SwipeableAndroidDriver
Capabilities {appActivity: .Settings, appPackage: com.android.settings, autoGrantPermissions: true, automationName: uiautomator2, chromedriverPort: 59549, databaseEnabled: false, desired: {appActivity: .Settings, appPackage: com.android.settings, autoGrantPermissions: true, automationName: uiautomator2, chromedriverPort: 59549, deviceName: Xiaomi M2003J15SC (Android 11), newCommandTimeout: 1800, platform: ANDROID, platformName: android, platformVersion: 11, systemPort: 8281, udid: aeebca410407}, deviceApiLevel: 30, deviceManufacturer: Xiaomi, deviceModel: M2003J15SC, deviceName: aeebca410407, deviceScreenDensity: 352, deviceScreenSize: 1080x2340, deviceUDID: aeebca410407, javascriptEnabled: true, locationContextEnabled: false, networkConnectionEnabled: true, newCommandTimeout: 1800, pixelRatio: 2.2, platform: ANDROID, platformName: Android, platformVersion: 11, statBarHeight: 100, systemPort: 8281, takesScreenshot: true, udid: aeebca410407, viewportRect: {height: 2036, left: 0, top: 100, width: 1080}, warnings: {}, webStorageEnabled: false}
Session ID: ab33a8e3-6e8e-47b4-ad55-358bcf7d1345
	at org.openqa.selenium.remote.http.W3CHttpResponseCodec.createException(W3CHttpResponseCodec.java:187)
	at org.openqa.selenium.remote.http.W3CHttpResponseCodec.decode(W3CHttpResponseCodec.java:122)
	at org.openqa.selenium.remote.http.W3CHttpResponseCodec.decode(W3CHttpResponseCodec.java:49)
	at org.openqa.selenium.remote.HttpCommandExecutor.execute(HttpCommandExecutor.java:158)
	at io.appium.java_client.remote.AppiumCommandExecutor.execute(AppiumCommandExecutor.java:239)
	at org.openqa.selenium.remote.RemoteWebDriver.execute(RemoteWebDriver.java:552)
	at io.appium.java_client.DefaultGenericMobileDriver.execute(DefaultGenericMobileDriver.java:42)
	at io.appium.java_client.AppiumDriver.execute(AppiumDriver.java:1)
	at io.appium.java_client.android.AndroidDriver.execute(AndroidDriver.java:1)
	at com.kms.katalon.core.appium.driver.SwipeableAndroidDriver.execute(SwipeableAndroidDriver.java:1)
	at org.openqa.selenium.remote.RemoteWebElement.execute(RemoteWebElement.java:285)
	at io.appium.java_client.DefaultGenericMobileElement.execute(DefaultGenericMobileElement.java:45)
	at io.appium.java_client.MobileElement.execute(MobileElement.java:1)
	at io.appium.java_client.android.AndroidElement.execute(AndroidElement.java:1)
	at org.openqa.selenium.remote.RemoteWebElement.getLocation(RemoteWebElement.java:337)
	at org.openqa.selenium.WebElement$getLocation.call(Unknown Source)
	at com.kms.katalon.core.mobile.keyword.internal.MobileAbstractKeyword.findElement(MobileAbstractKeyword.groovy:86)
	at com.kms.katalon.core.mobile.keyword.builtin.VerifyElementVisibleKeyword.access$1(VerifyElementVisibleKeyword.groovy)
	at com.kms.katalon.core.mobile.keyword.builtin.VerifyElementVisibleKeyword$_verifyElementVisible_closure1.doCall(VerifyElementVisibleKeyword.groovy:72)
	at com.kms.katalon.core.mobile.keyword.builtin.VerifyElementVisibleKeyword$_verifyElementVisible_closure1.call(VerifyElementVisibleKeyword.groovy)
	at com.kms.katalon.core.mobile.keyword.internal.MobileKeywordMain.runKeyword(MobileKeywordMain.groovy:21)
	... 19 more


2022-05-17 15:04:32 - [TEST_STEP][FAILED] - for ([i = 1, i <= 7, (i++)]): null

2022-05-17 15:04:32 - [TEST_STEP][PASSED] - startExistingApplication("com.example.frontend_mobile"): Starting app with application ID: 'com.example.frontend_mobile'

2022-05-17 15:04:37 - [MESSAGE][INFO] - Appium server started on port 58,584

2022-05-17 15:04:52 - [MESSAGE][PASSED] - Starting app with application ID: 'com.example.frontend_mobile'

2022-05-17 15:04:52 - [TEST_STEP][PASSED] - delay(5, CONTINUE_ON_FAILURE): Delayed 5 second(s)

2022-05-17 15:04:57 - [MESSAGE][PASSED] - Delayed 5 second(s)

2022-05-17 15:04:57 - [TEST_STEP][PASSED] - tap(findTestObject("MOBILE/Auth/Register/android.widget.Button - Login 2"), 0): Tapped on element 'Object Repository/MOBILE/Auth/Register/android.widget.Button - Login 2'

2022-05-17 15:04:57 - [MESSAGE][WARNING] - Timeout '0' is invalid. Using default page load timeout: '30'

2022-05-17 15:04:59 - [MESSAGE][PASSED] - Tapped on element 'Object Repository/MOBILE/Auth/Register/android.widget.Button - Login 2'

2022-05-17 15:04:59 - [TEST_STEP][PASSED] - tap(findTestObject("MOBILE/Auth/Register/android.widget.Button - Register a"), 0): Tapped on element 'Object Repository/MOBILE/Auth/Register/android.widget.Button - Register a'

2022-05-17 15:04:59 - [MESSAGE][WARNING] - Timeout '0' is invalid. Using default page load timeout: '30'

2022-05-17 15:05:02 - [MESSAGE][PASSED] - Tapped on element 'Object Repository/MOBILE/Auth/Register/android.widget.Button - Register a'

2022-05-17 15:05:02 - [TEST_STEP][PASSED] - tap(findTestObject("MOBILE/Auth/Register/android.widget.EditText - Fullname"), 0): Tapped on element 'Object Repository/MOBILE/Auth/Register/android.widget.EditText - Fullname'

2022-05-17 15:05:02 - [MESSAGE][WARNING] - Timeout '0' is invalid. Using default page load timeout: '30'

2022-05-17 15:05:03 - [MESSAGE][PASSED] - Tapped on element 'Object Repository/MOBILE/Auth/Register/android.widget.EditText - Fullname'

2022-05-17 15:05:03 - [TEST_STEP][PASSED] - if (findTestData("WEB/Register").getValue(1, i) != ""): null

2022-05-17 15:05:04 - [TEST_STEP][PASSED] - else: Element 'Object Repository/MOBILE/Auth/Register/android.widget.EditText - Fullname' text is cleared

2022-05-17 15:05:04 - [TEST_STEP][PASSED] - clearText(findTestObject("MOBILE/Auth/Register/android.widget.EditText - Fullname"), 0): Element 'Object Repository/MOBILE/Auth/Register/android.widget.EditText - Fullname' text is cleared

2022-05-17 15:05:04 - [MESSAGE][WARNING] - Timeout '0' is invalid. Using default page load timeout: '30'

2022-05-17 15:05:04 - [MESSAGE][PASSED] - Element 'Object Repository/MOBILE/Auth/Register/android.widget.EditText - Fullname' text is cleared

2022-05-17 15:05:04 - [TEST_STEP][PASSED] - tap(findTestObject("MOBILE/Auth/Register/android.widget.EditText - Email"), 0): Tapped on element 'Object Repository/MOBILE/Auth/Register/android.widget.EditText - Email'

2022-05-17 15:05:04 - [MESSAGE][WARNING] - Timeout '0' is invalid. Using default page load timeout: '30'

2022-05-17 15:05:05 - [MESSAGE][PASSED] - Tapped on element 'Object Repository/MOBILE/Auth/Register/android.widget.EditText - Email'

2022-05-17 15:05:05 - [TEST_STEP][PASSED] - if (findTestData("WEB/Register").getValue(2, i) != ""): null

2022-05-17 15:05:05 - [TEST_STEP][PASSED] - else: Element 'Object Repository/MOBILE/Auth/Register/android.widget.EditText - Email' text is cleared

2022-05-17 15:05:05 - [TEST_STEP][PASSED] - clearText(findTestObject("MOBILE/Auth/Register/android.widget.EditText - Email"), 0): Element 'Object Repository/MOBILE/Auth/Register/android.widget.EditText - Email' text is cleared

2022-05-17 15:05:05 - [MESSAGE][WARNING] - Timeout '0' is invalid. Using default page load timeout: '30'

2022-05-17 15:05:06 - [MESSAGE][PASSED] - Element 'Object Repository/MOBILE/Auth/Register/android.widget.EditText - Email' text is cleared

2022-05-17 15:05:06 - [TEST_STEP][PASSED] - tap(findTestObject("MOBILE/Auth/Register/android.widget.EditText - Password"), 0): Tapped on element 'Object Repository/MOBILE/Auth/Register/android.widget.EditText - Password'

2022-05-17 15:05:07 - [MESSAGE][WARNING] - Timeout '0' is invalid. Using default page load timeout: '30'

2022-05-17 15:05:07 - [MESSAGE][PASSED] - Tapped on element 'Object Repository/MOBILE/Auth/Register/android.widget.EditText - Password'

2022-05-17 15:05:07 - [TEST_STEP][PASSED] - if (findTestData("WEB/Register").getValue(3, i) != ""): null

2022-05-17 15:05:08 - [TEST_STEP][PASSED] - else: Element 'Object Repository/MOBILE/Auth/Register/android.widget.EditText - Password' text is cleared

2022-05-17 15:05:08 - [TEST_STEP][PASSED] - clearText(findTestObject("MOBILE/Auth/Register/android.widget.EditText - Password"), 0): Element 'Object Repository/MOBILE/Auth/Register/android.widget.EditText - Password' text is cleared

2022-05-17 15:05:08 - [MESSAGE][WARNING] - Timeout '0' is invalid. Using default page load timeout: '30'

2022-05-17 15:05:09 - [MESSAGE][PASSED] - Element 'Object Repository/MOBILE/Auth/Register/android.widget.EditText - Password' text is cleared

2022-05-17 15:05:09 - [TEST_STEP][PASSED] - pressBack(): Press back button successfully

2022-05-17 15:05:09 - [MESSAGE][PASSED] - Press back button successfully

2022-05-17 15:05:09 - [TEST_STEP][PASSED] - tap(findTestObject("MOBILE/Auth/Register/android.widget.Button - Register button"), 1): Tapped on element 'Object Repository/MOBILE/Auth/Register/android.widget.Button - Register button'

2022-05-17 15:05:10 - [MESSAGE][PASSED] - Tapped on element 'Object Repository/MOBILE/Auth/Register/android.widget.Button - Register button'

2022-05-17 15:05:10 - [TEST_STEP][PASSED] - if (findTestData("WEB/Register").getValue(4, i) == "negative"): Element 'Object Repository/MOBILE/Auth/Register/android.widget.EditText - Fullname' is visible

2022-05-17 15:05:10 - [TEST_STEP][PASSED] - verifyElementVisible(findTestObject("MOBILE/Auth/Register/android.widget.EditText - Fullname"), 0, CONTINUE_ON_FAILURE): Element 'Object Repository/MOBILE/Auth/Register/android.widget.EditText - Fullname' is visible

2022-05-17 15:05:11 - [MESSAGE][WARNING] - Timeout '0' is invalid. Using default page load timeout: '30'

2022-05-17 15:05:11 - [MESSAGE][PASSED] - Element 'Object Repository/MOBILE/Auth/Register/android.widget.EditText - Fullname' is visible

2022-05-17 15:05:11 - [TEST_STEP][PASSED] - pressBack(): Press back button successfully

2022-05-17 15:05:12 - [MESSAGE][PASSED] - Press back button successfully

2022-05-17 15:05:12 - [TEST_STEP][PASSED] - closeApplication(): Close app successfully

2022-05-17 15:05:12 - [MESSAGE][PASSED] - Close app successfully

2022-05-17 15:05:12 - [TEST_STEP][PASSED] - startExistingApplication("com.example.frontend_mobile"): Starting app with application ID: 'com.example.frontend_mobile'

2022-05-17 15:05:14 - [MESSAGE][INFO] - Appium server started on port 58,777

2022-05-17 15:05:26 - [MESSAGE][PASSED] - Starting app with application ID: 'com.example.frontend_mobile'

2022-05-17 15:05:26 - [TEST_STEP][PASSED] - delay(5, CONTINUE_ON_FAILURE): Delayed 5 second(s)

2022-05-17 15:05:31 - [MESSAGE][PASSED] - Delayed 5 second(s)

2022-05-17 15:05:31 - [TEST_STEP][PASSED] - tap(findTestObject("MOBILE/Auth/Register/android.widget.Button - Login 2"), 0): Tapped on element 'Object Repository/MOBILE/Auth/Register/android.widget.Button - Login 2'

2022-05-17 15:05:31 - [MESSAGE][WARNING] - Timeout '0' is invalid. Using default page load timeout: '30'

2022-05-17 15:05:33 - [MESSAGE][PASSED] - Tapped on element 'Object Repository/MOBILE/Auth/Register/android.widget.Button - Login 2'

2022-05-17 15:05:33 - [TEST_STEP][PASSED] - tap(findTestObject("MOBILE/Auth/Register/android.widget.Button - Register a"), 0): Tapped on element 'Object Repository/MOBILE/Auth/Register/android.widget.Button - Register a'

2022-05-17 15:05:33 - [MESSAGE][WARNING] - Timeout '0' is invalid. Using default page load timeout: '30'

2022-05-17 15:05:34 - [MESSAGE][PASSED] - Tapped on element 'Object Repository/MOBILE/Auth/Register/android.widget.Button - Register a'

2022-05-17 15:05:34 - [TEST_STEP][PASSED] - tap(findTestObject("MOBILE/Auth/Register/android.widget.EditText - Fullname"), 0): Tapped on element 'Object Repository/MOBILE/Auth/Register/android.widget.EditText - Fullname'

2022-05-17 15:05:34 - [MESSAGE][WARNING] - Timeout '0' is invalid. Using default page load timeout: '30'

2022-05-17 15:05:36 - [MESSAGE][PASSED] - Tapped on element 'Object Repository/MOBILE/Auth/Register/android.widget.EditText - Fullname'

2022-05-17 15:05:36 - [TEST_STEP][PASSED] - if (findTestData("WEB/Register").getValue(1, i) != ""): null

2022-05-17 15:05:36 - [TEST_STEP][PASSED] - else: Element 'Object Repository/MOBILE/Auth/Register/android.widget.EditText - Fullname' text is cleared

2022-05-17 15:05:36 - [TEST_STEP][PASSED] - clearText(findTestObject("MOBILE/Auth/Register/android.widget.EditText - Fullname"), 0): Element 'Object Repository/MOBILE/Auth/Register/android.widget.EditText - Fullname' text is cleared

2022-05-17 15:05:36 - [MESSAGE][WARNING] - Timeout '0' is invalid. Using default page load timeout: '30'

2022-05-17 15:05:38 - [MESSAGE][PASSED] - Element 'Object Repository/MOBILE/Auth/Register/android.widget.EditText - Fullname' text is cleared

2022-05-17 15:05:38 - [TEST_STEP][PASSED] - tap(findTestObject("MOBILE/Auth/Register/android.widget.EditText - Email"), 0): Tapped on element 'Object Repository/MOBILE/Auth/Register/android.widget.EditText - Email'

2022-05-17 15:05:38 - [MESSAGE][WARNING] - Timeout '0' is invalid. Using default page load timeout: '30'

2022-05-17 15:05:39 - [MESSAGE][PASSED] - Tapped on element 'Object Repository/MOBILE/Auth/Register/android.widget.EditText - Email'

2022-05-17 15:05:39 - [TEST_STEP][PASSED] - if (findTestData("WEB/Register").getValue(2, i) != ""): Text 'salsabila1@gmail.com' has been set to element 'Object Repository/MOBILE/Auth/Register/android.widget.EditText - Email'

2022-05-17 15:05:40 - [TEST_STEP][PASSED] - setText(findTestObject("MOBILE/Auth/Register/android.widget.EditText - Email"), findTestData("WEB/Register").getValue(2, i), 0): Text 'salsabila1@gmail.com' has been set to element 'Object Repository/MOBILE/Auth/Register/android.widget.EditText - Email'

2022-05-17 15:05:40 - [MESSAGE][WARNING] - Timeout '0' is invalid. Using default page load timeout: '30'

2022-05-17 15:05:42 - [MESSAGE][PASSED] - Text 'salsabila1@gmail.com' has been set to element 'Object Repository/MOBILE/Auth/Register/android.widget.EditText - Email'

2022-05-17 15:05:42 - [TEST_STEP][PASSED] - tap(findTestObject("MOBILE/Auth/Register/android.widget.EditText - Password"), 0): Tapped on element 'Object Repository/MOBILE/Auth/Register/android.widget.EditText - Password'

2022-05-17 15:05:43 - [MESSAGE][WARNING] - Timeout '0' is invalid. Using default page load timeout: '30'

2022-05-17 15:05:43 - [MESSAGE][PASSED] - Tapped on element 'Object Repository/MOBILE/Auth/Register/android.widget.EditText - Password'

2022-05-17 15:05:43 - [TEST_STEP][PASSED] - if (findTestData("WEB/Register").getValue(3, i) != ""): Text 'salsabila' has been set to element 'Object Repository/MOBILE/Auth/Register/android.widget.EditText - Password'

2022-05-17 15:05:43 - [TEST_STEP][PASSED] - setText(findTestObject("MOBILE/Auth/Register/android.widget.EditText - Password"), findTestData("WEB/Register").getValue(3, i), 0): Text 'salsabila' has been set to element 'Object Repository/MOBILE/Auth/Register/android.widget.EditText - Password'

2022-05-17 15:05:44 - [MESSAGE][WARNING] - Timeout '0' is invalid. Using default page load timeout: '30'

2022-05-17 15:05:45 - [MESSAGE][PASSED] - Text 'salsabila' has been set to element 'Object Repository/MOBILE/Auth/Register/android.widget.EditText - Password'

2022-05-17 15:05:45 - [TEST_STEP][PASSED] - pressBack(): Press back button successfully

2022-05-17 15:05:46 - [MESSAGE][PASSED] - Press back button successfully

2022-05-17 15:05:46 - [TEST_STEP][PASSED] - tap(findTestObject("MOBILE/Auth/Register/android.widget.Button - Register button"), 1): Tapped on element 'Object Repository/MOBILE/Auth/Register/android.widget.Button - Register button'

2022-05-17 15:05:48 - [MESSAGE][PASSED] - Tapped on element 'Object Repository/MOBILE/Auth/Register/android.widget.Button - Register button'

2022-05-17 15:05:48 - [TEST_STEP][PASSED] - if (findTestData("WEB/Register").getValue(4, i) == "negative"): Element 'Object Repository/MOBILE/Auth/Register/android.widget.EditText - Fullname' is visible

2022-05-17 15:05:48 - [TEST_STEP][PASSED] - verifyElementVisible(findTestObject("MOBILE/Auth/Register/android.widget.EditText - Fullname"), 0, CONTINUE_ON_FAILURE): Element 'Object Repository/MOBILE/Auth/Register/android.widget.EditText - Fullname' is visible

2022-05-17 15:05:48 - [MESSAGE][WARNING] - Timeout '0' is invalid. Using default page load timeout: '30'

2022-05-17 15:05:48 - [MESSAGE][PASSED] - Element 'Object Repository/MOBILE/Auth/Register/android.widget.EditText - Fullname' is visible

2022-05-17 15:05:48 - [TEST_STEP][PASSED] - pressBack(): Press back button successfully

2022-05-17 15:05:48 - [MESSAGE][PASSED] - Press back button successfully

2022-05-17 15:05:48 - [TEST_STEP][PASSED] - closeApplication(): Close app successfully

2022-05-17 15:05:48 - [MESSAGE][PASSED] - Close app successfully

2022-05-17 15:05:48 - [TEST_STEP][PASSED] - startExistingApplication("com.example.frontend_mobile"): Starting app with application ID: 'com.example.frontend_mobile'

2022-05-17 15:05:50 - [MESSAGE][INFO] - Appium server started on port 58,975

2022-05-17 15:06:03 - [MESSAGE][PASSED] - Starting app with application ID: 'com.example.frontend_mobile'

2022-05-17 15:06:03 - [TEST_STEP][PASSED] - delay(5, CONTINUE_ON_FAILURE): Delayed 5 second(s)

2022-05-17 15:06:08 - [MESSAGE][PASSED] - Delayed 5 second(s)

2022-05-17 15:06:08 - [TEST_STEP][PASSED] - tap(findTestObject("MOBILE/Auth/Register/android.widget.Button - Login 2"), 0): Tapped on element 'Object Repository/MOBILE/Auth/Register/android.widget.Button - Login 2'

2022-05-17 15:06:08 - [MESSAGE][WARNING] - Timeout '0' is invalid. Using default page load timeout: '30'

2022-05-17 15:06:11 - [MESSAGE][PASSED] - Tapped on element 'Object Repository/MOBILE/Auth/Register/android.widget.Button - Login 2'

2022-05-17 15:06:11 - [TEST_STEP][PASSED] - tap(findTestObject("MOBILE/Auth/Register/android.widget.Button - Register a"), 0): Tapped on element 'Object Repository/MOBILE/Auth/Register/android.widget.Button - Register a'

2022-05-17 15:06:11 - [MESSAGE][WARNING] - Timeout '0' is invalid. Using default page load timeout: '30'

2022-05-17 15:06:11 - [MESSAGE][PASSED] - Tapped on element 'Object Repository/MOBILE/Auth/Register/android.widget.Button - Register a'

2022-05-17 15:06:11 - [TEST_STEP][PASSED] - tap(findTestObject("MOBILE/Auth/Register/android.widget.EditText - Fullname"), 0): Tapped on element 'Object Repository/MOBILE/Auth/Register/android.widget.EditText - Fullname'

2022-05-17 15:06:11 - [MESSAGE][WARNING] - Timeout '0' is invalid. Using default page load timeout: '30'

2022-05-17 15:06:12 - [MESSAGE][PASSED] - Tapped on element 'Object Repository/MOBILE/Auth/Register/android.widget.EditText - Fullname'

2022-05-17 15:06:12 - [TEST_STEP][PASSED] - if (findTestData("WEB/Register").getValue(1, i) != ""): Text 'Salsabila' has been set to element 'Object Repository/MOBILE/Auth/Register/android.widget.EditText - Fullname'

2022-05-17 15:06:12 - [TEST_STEP][PASSED] - setText(findTestObject("MOBILE/Auth/Register/android.widget.EditText - Fullname"), findTestData("WEB/Register").getValue(1, i), 0): Text 'Salsabila' has been set to element 'Object Repository/MOBILE/Auth/Register/android.widget.EditText - Fullname'

2022-05-17 15:06:13 - [MESSAGE][WARNING] - Timeout '0' is invalid. Using default page load timeout: '30'

2022-05-17 15:06:14 - [MESSAGE][PASSED] - Text 'Salsabila' has been set to element 'Object Repository/MOBILE/Auth/Register/android.widget.EditText - Fullname'

2022-05-17 15:06:14 - [TEST_STEP][PASSED] - tap(findTestObject("MOBILE/Auth/Register/android.widget.EditText - Email"), 0): Tapped on element 'Object Repository/MOBILE/Auth/Register/android.widget.EditText - Email'

2022-05-17 15:06:14 - [MESSAGE][WARNING] - Timeout '0' is invalid. Using default page load timeout: '30'

2022-05-17 15:06:15 - [MESSAGE][PASSED] - Tapped on element 'Object Repository/MOBILE/Auth/Register/android.widget.EditText - Email'

2022-05-17 15:06:15 - [TEST_STEP][PASSED] - if (findTestData("WEB/Register").getValue(2, i) != ""): null

2022-05-17 15:06:15 - [TEST_STEP][PASSED] - else: Element 'Object Repository/MOBILE/Auth/Register/android.widget.EditText - Email' text is cleared

2022-05-17 15:06:15 - [TEST_STEP][PASSED] - clearText(findTestObject("MOBILE/Auth/Register/android.widget.EditText - Email"), 0): Element 'Object Repository/MOBILE/Auth/Register/android.widget.EditText - Email' text is cleared

2022-05-17 15:06:15 - [MESSAGE][WARNING] - Timeout '0' is invalid. Using default page load timeout: '30'

2022-05-17 15:06:16 - [MESSAGE][PASSED] - Element 'Object Repository/MOBILE/Auth/Register/android.widget.EditText - Email' text is cleared

2022-05-17 15:06:16 - [TEST_STEP][PASSED] - tap(findTestObject("MOBILE/Auth/Register/android.widget.EditText - Password"), 0): Tapped on element 'Object Repository/MOBILE/Auth/Register/android.widget.EditText - Password'

2022-05-17 15:06:16 - [MESSAGE][WARNING] - Timeout '0' is invalid. Using default page load timeout: '30'

2022-05-17 15:06:17 - [MESSAGE][PASSED] - Tapped on element 'Object Repository/MOBILE/Auth/Register/android.widget.EditText - Password'

2022-05-17 15:06:17 - [TEST_STEP][PASSED] - if (findTestData("WEB/Register").getValue(3, i) != ""): Text 'salsabila' has been set to element 'Object Repository/MOBILE/Auth/Register/android.widget.EditText - Password'

2022-05-17 15:06:17 - [TEST_STEP][PASSED] - setText(findTestObject("MOBILE/Auth/Register/android.widget.EditText - Password"), findTestData("WEB/Register").getValue(3, i), 0): Text 'salsabila' has been set to element 'Object Repository/MOBILE/Auth/Register/android.widget.EditText - Password'

2022-05-17 15:06:17 - [MESSAGE][WARNING] - Timeout '0' is invalid. Using default page load timeout: '30'

2022-05-17 15:06:18 - [MESSAGE][PASSED] - Text 'salsabila' has been set to element 'Object Repository/MOBILE/Auth/Register/android.widget.EditText - Password'

2022-05-17 15:06:18 - [TEST_STEP][PASSED] - pressBack(): Press back button successfully

2022-05-17 15:06:19 - [MESSAGE][PASSED] - Press back button successfully

2022-05-17 15:06:19 - [TEST_STEP][PASSED] - tap(findTestObject("MOBILE/Auth/Register/android.widget.Button - Register button"), 1): Tapped on element 'Object Repository/MOBILE/Auth/Register/android.widget.Button - Register button'

2022-05-17 15:06:20 - [MESSAGE][PASSED] - Tapped on element 'Object Repository/MOBILE/Auth/Register/android.widget.Button - Register button'

2022-05-17 15:06:20 - [TEST_STEP][PASSED] - if (findTestData("WEB/Register").getValue(4, i) == "negative"): Element 'Object Repository/MOBILE/Auth/Register/android.widget.EditText - Fullname' is visible

2022-05-17 15:06:20 - [TEST_STEP][PASSED] - verifyElementVisible(findTestObject("MOBILE/Auth/Register/android.widget.EditText - Fullname"), 0, CONTINUE_ON_FAILURE): Element 'Object Repository/MOBILE/Auth/Register/android.widget.EditText - Fullname' is visible

2022-05-17 15:06:20 - [MESSAGE][WARNING] - Timeout '0' is invalid. Using default page load timeout: '30'

2022-05-17 15:06:21 - [MESSAGE][PASSED] - Element 'Object Repository/MOBILE/Auth/Register/android.widget.EditText - Fullname' is visible

2022-05-17 15:06:21 - [TEST_STEP][PASSED] - pressBack(): Press back button successfully

2022-05-17 15:06:21 - [MESSAGE][PASSED] - Press back button successfully

2022-05-17 15:06:21 - [TEST_STEP][PASSED] - closeApplication(): Close app successfully

2022-05-17 15:06:21 - [MESSAGE][PASSED] - Close app successfully

2022-05-17 15:06:21 - [TEST_STEP][PASSED] - startExistingApplication("com.example.frontend_mobile"): Starting app with application ID: 'com.example.frontend_mobile'

2022-05-17 15:06:23 - [MESSAGE][INFO] - Appium server started on port 59,166

2022-05-17 15:06:34 - [MESSAGE][PASSED] - Starting app with application ID: 'com.example.frontend_mobile'

2022-05-17 15:06:34 - [TEST_STEP][PASSED] - delay(5, CONTINUE_ON_FAILURE): Delayed 5 second(s)

2022-05-17 15:06:39 - [MESSAGE][PASSED] - Delayed 5 second(s)

2022-05-17 15:06:39 - [TEST_STEP][PASSED] - tap(findTestObject("MOBILE/Auth/Register/android.widget.Button - Login 2"), 0): Tapped on element 'Object Repository/MOBILE/Auth/Register/android.widget.Button - Login 2'

2022-05-17 15:06:39 - [MESSAGE][WARNING] - Timeout '0' is invalid. Using default page load timeout: '30'

2022-05-17 15:06:41 - [MESSAGE][PASSED] - Tapped on element 'Object Repository/MOBILE/Auth/Register/android.widget.Button - Login 2'

2022-05-17 15:06:41 - [TEST_STEP][PASSED] - tap(findTestObject("MOBILE/Auth/Register/android.widget.Button - Register a"), 0): Tapped on element 'Object Repository/MOBILE/Auth/Register/android.widget.Button - Register a'

2022-05-17 15:06:41 - [MESSAGE][WARNING] - Timeout '0' is invalid. Using default page load timeout: '30'

2022-05-17 15:06:42 - [MESSAGE][PASSED] - Tapped on element 'Object Repository/MOBILE/Auth/Register/android.widget.Button - Register a'

2022-05-17 15:06:42 - [TEST_STEP][PASSED] - tap(findTestObject("MOBILE/Auth/Register/android.widget.EditText - Fullname"), 0): Tapped on element 'Object Repository/MOBILE/Auth/Register/android.widget.EditText - Fullname'

2022-05-17 15:06:42 - [MESSAGE][WARNING] - Timeout '0' is invalid. Using default page load timeout: '30'

2022-05-17 15:06:43 - [MESSAGE][PASSED] - Tapped on element 'Object Repository/MOBILE/Auth/Register/android.widget.EditText - Fullname'

2022-05-17 15:06:43 - [TEST_STEP][PASSED] - if (findTestData("WEB/Register").getValue(1, i) != ""): Text 'Salsabila' has been set to element 'Object Repository/MOBILE/Auth/Register/android.widget.EditText - Fullname'

2022-05-17 15:06:43 - [TEST_STEP][PASSED] - setText(findTestObject("MOBILE/Auth/Register/android.widget.EditText - Fullname"), findTestData("WEB/Register").getValue(1, i), 0): Text 'Salsabila' has been set to element 'Object Repository/MOBILE/Auth/Register/android.widget.EditText - Fullname'

2022-05-17 15:06:43 - [MESSAGE][WARNING] - Timeout '0' is invalid. Using default page load timeout: '30'

2022-05-17 15:06:45 - [MESSAGE][PASSED] - Text 'Salsabila' has been set to element 'Object Repository/MOBILE/Auth/Register/android.widget.EditText - Fullname'

2022-05-17 15:06:45 - [TEST_STEP][PASSED] - tap(findTestObject("MOBILE/Auth/Register/android.widget.EditText - Email"), 0): Tapped on element 'Object Repository/MOBILE/Auth/Register/android.widget.EditText - Email'

2022-05-17 15:06:45 - [MESSAGE][WARNING] - Timeout '0' is invalid. Using default page load timeout: '30'

2022-05-17 15:06:46 - [MESSAGE][PASSED] - Tapped on element 'Object Repository/MOBILE/Auth/Register/android.widget.EditText - Email'

2022-05-17 15:06:46 - [TEST_STEP][PASSED] - if (findTestData("WEB/Register").getValue(2, i) != ""): Text 'salsabila1@gmail.com' has been set to element 'Object Repository/MOBILE/Auth/Register/android.widget.EditText - Email'

2022-05-17 15:06:46 - [TEST_STEP][PASSED] - setText(findTestObject("MOBILE/Auth/Register/android.widget.EditText - Email"), findTestData("WEB/Register").getValue(2, i), 0): Text 'salsabila1@gmail.com' has been set to element 'Object Repository/MOBILE/Auth/Register/android.widget.EditText - Email'

2022-05-17 15:06:46 - [MESSAGE][WARNING] - Timeout '0' is invalid. Using default page load timeout: '30'

2022-05-17 15:06:48 - [MESSAGE][PASSED] - Text 'salsabila1@gmail.com' has been set to element 'Object Repository/MOBILE/Auth/Register/android.widget.EditText - Email'

2022-05-17 15:06:48 - [TEST_STEP][PASSED] - tap(findTestObject("MOBILE/Auth/Register/android.widget.EditText - Password"), 0): Tapped on element 'Object Repository/MOBILE/Auth/Register/android.widget.EditText - Password'

2022-05-17 15:06:48 - [MESSAGE][WARNING] - Timeout '0' is invalid. Using default page load timeout: '30'

2022-05-17 15:06:49 - [MESSAGE][PASSED] - Tapped on element 'Object Repository/MOBILE/Auth/Register/android.widget.EditText - Password'

2022-05-17 15:06:49 - [TEST_STEP][PASSED] - if (findTestData("WEB/Register").getValue(3, i) != ""): null

2022-05-17 15:06:49 - [TEST_STEP][PASSED] - else: Element 'Object Repository/MOBILE/Auth/Register/android.widget.EditText - Password' text is cleared

2022-05-17 15:06:49 - [TEST_STEP][PASSED] - clearText(findTestObject("MOBILE/Auth/Register/android.widget.EditText - Password"), 0): Element 'Object Repository/MOBILE/Auth/Register/android.widget.EditText - Password' text is cleared

2022-05-17 15:06:49 - [MESSAGE][WARNING] - Timeout '0' is invalid. Using default page load timeout: '30'

2022-05-17 15:06:50 - [MESSAGE][PASSED] - Element 'Object Repository/MOBILE/Auth/Register/android.widget.EditText - Password' text is cleared

2022-05-17 15:06:50 - [TEST_STEP][PASSED] - pressBack(): Press back button successfully

2022-05-17 15:06:51 - [MESSAGE][PASSED] - Press back button successfully

2022-05-17 15:06:51 - [TEST_STEP][PASSED] - tap(findTestObject("MOBILE/Auth/Register/android.widget.Button - Register button"), 1): Tapped on element 'Object Repository/MOBILE/Auth/Register/android.widget.Button - Register button'

2022-05-17 15:06:52 - [MESSAGE][PASSED] - Tapped on element 'Object Repository/MOBILE/Auth/Register/android.widget.Button - Register button'

2022-05-17 15:06:52 - [TEST_STEP][PASSED] - if (findTestData("WEB/Register").getValue(4, i) == "negative"): Element 'Object Repository/MOBILE/Auth/Register/android.widget.EditText - Fullname' is visible

2022-05-17 15:06:52 - [TEST_STEP][PASSED] - verifyElementVisible(findTestObject("MOBILE/Auth/Register/android.widget.EditText - Fullname"), 0, CONTINUE_ON_FAILURE): Element 'Object Repository/MOBILE/Auth/Register/android.widget.EditText - Fullname' is visible

2022-05-17 15:06:52 - [MESSAGE][WARNING] - Timeout '0' is invalid. Using default page load timeout: '30'

2022-05-17 15:06:53 - [MESSAGE][PASSED] - Element 'Object Repository/MOBILE/Auth/Register/android.widget.EditText - Fullname' is visible

2022-05-17 15:06:53 - [TEST_STEP][PASSED] - pressBack(): Press back button successfully

2022-05-17 15:06:53 - [MESSAGE][PASSED] - Press back button successfully

2022-05-17 15:06:53 - [TEST_STEP][PASSED] - closeApplication(): Close app successfully

2022-05-17 15:06:53 - [MESSAGE][PASSED] - Close app successfully

2022-05-17 15:06:53 - [TEST_STEP][PASSED] - startExistingApplication("com.example.frontend_mobile"): Starting app with application ID: 'com.example.frontend_mobile'

2022-05-17 15:06:55 - [MESSAGE][INFO] - Appium server started on port 59,358

2022-05-17 15:07:06 - [MESSAGE][PASSED] - Starting app with application ID: 'com.example.frontend_mobile'

2022-05-17 15:07:06 - [TEST_STEP][PASSED] - delay(5, CONTINUE_ON_FAILURE): Delayed 5 second(s)

2022-05-17 15:07:11 - [MESSAGE][PASSED] - Delayed 5 second(s)

2022-05-17 15:07:11 - [TEST_STEP][PASSED] - tap(findTestObject("MOBILE/Auth/Register/android.widget.Button - Login 2"), 0): Tapped on element 'Object Repository/MOBILE/Auth/Register/android.widget.Button - Login 2'

2022-05-17 15:07:11 - [MESSAGE][WARNING] - Timeout '0' is invalid. Using default page load timeout: '30'

2022-05-17 15:07:13 - [MESSAGE][PASSED] - Tapped on element 'Object Repository/MOBILE/Auth/Register/android.widget.Button - Login 2'

2022-05-17 15:07:13 - [TEST_STEP][PASSED] - tap(findTestObject("MOBILE/Auth/Register/android.widget.Button - Register a"), 0): Tapped on element 'Object Repository/MOBILE/Auth/Register/android.widget.Button - Register a'

2022-05-17 15:07:13 - [MESSAGE][WARNING] - Timeout '0' is invalid. Using default page load timeout: '30'

2022-05-17 15:07:14 - [MESSAGE][PASSED] - Tapped on element 'Object Repository/MOBILE/Auth/Register/android.widget.Button - Register a'

2022-05-17 15:07:14 - [TEST_STEP][PASSED] - tap(findTestObject("MOBILE/Auth/Register/android.widget.EditText - Fullname"), 0): Tapped on element 'Object Repository/MOBILE/Auth/Register/android.widget.EditText - Fullname'

2022-05-17 15:07:14 - [MESSAGE][WARNING] - Timeout '0' is invalid. Using default page load timeout: '30'

2022-05-17 15:07:16 - [MESSAGE][PASSED] - Tapped on element 'Object Repository/MOBILE/Auth/Register/android.widget.EditText - Fullname'

2022-05-17 15:07:16 - [TEST_STEP][PASSED] - if (findTestData("WEB/Register").getValue(1, i) != ""): Text 'Salsabila' has been set to element 'Object Repository/MOBILE/Auth/Register/android.widget.EditText - Fullname'

2022-05-17 15:07:16 - [TEST_STEP][PASSED] - setText(findTestObject("MOBILE/Auth/Register/android.widget.EditText - Fullname"), findTestData("WEB/Register").getValue(1, i), 0): Text 'Salsabila' has been set to element 'Object Repository/MOBILE/Auth/Register/android.widget.EditText - Fullname'

2022-05-17 15:07:16 - [MESSAGE][WARNING] - Timeout '0' is invalid. Using default page load timeout: '30'

2022-05-17 15:07:17 - [MESSAGE][PASSED] - Text 'Salsabila' has been set to element 'Object Repository/MOBILE/Auth/Register/android.widget.EditText - Fullname'

2022-05-17 15:07:17 - [TEST_STEP][PASSED] - tap(findTestObject("MOBILE/Auth/Register/android.widget.EditText - Email"), 0): Tapped on element 'Object Repository/MOBILE/Auth/Register/android.widget.EditText - Email'

2022-05-17 15:07:17 - [MESSAGE][WARNING] - Timeout '0' is invalid. Using default page load timeout: '30'

2022-05-17 15:07:19 - [MESSAGE][PASSED] - Tapped on element 'Object Repository/MOBILE/Auth/Register/android.widget.EditText - Email'

2022-05-17 15:07:19 - [TEST_STEP][PASSED] - if (findTestData("WEB/Register").getValue(2, i) != ""): Text 'salsa@gmail.com' has been set to element 'Object Repository/MOBILE/Auth/Register/android.widget.EditText - Email'

2022-05-17 15:07:19 - [TEST_STEP][PASSED] - setText(findTestObject("MOBILE/Auth/Register/android.widget.EditText - Email"), findTestData("WEB/Register").getValue(2, i), 0): Text 'salsa@gmail.com' has been set to element 'Object Repository/MOBILE/Auth/Register/android.widget.EditText - Email'

2022-05-17 15:07:19 - [MESSAGE][WARNING] - Timeout '0' is invalid. Using default page load timeout: '30'

2022-05-17 15:07:20 - [MESSAGE][PASSED] - Text 'salsa@gmail.com' has been set to element 'Object Repository/MOBILE/Auth/Register/android.widget.EditText - Email'

2022-05-17 15:07:20 - [TEST_STEP][PASSED] - tap(findTestObject("MOBILE/Auth/Register/android.widget.EditText - Password"), 0): Tapped on element 'Object Repository/MOBILE/Auth/Register/android.widget.EditText - Password'

2022-05-17 15:07:20 - [MESSAGE][WARNING] - Timeout '0' is invalid. Using default page load timeout: '30'

2022-05-17 15:07:21 - [MESSAGE][PASSED] - Tapped on element 'Object Repository/MOBILE/Auth/Register/android.widget.EditText - Password'

2022-05-17 15:07:21 - [TEST_STEP][PASSED] - if (findTestData("WEB/Register").getValue(3, i) != ""): Text 'salsa' has been set to element 'Object Repository/MOBILE/Auth/Register/android.widget.EditText - Password'

2022-05-17 15:07:21 - [TEST_STEP][PASSED] - setText(findTestObject("MOBILE/Auth/Register/android.widget.EditText - Password"), findTestData("WEB/Register").getValue(3, i), 0): Text 'salsa' has been set to element 'Object Repository/MOBILE/Auth/Register/android.widget.EditText - Password'

2022-05-17 15:07:21 - [MESSAGE][WARNING] - Timeout '0' is invalid. Using default page load timeout: '30'

2022-05-17 15:07:22 - [MESSAGE][PASSED] - Text 'salsa' has been set to element 'Object Repository/MOBILE/Auth/Register/android.widget.EditText - Password'

2022-05-17 15:07:22 - [TEST_STEP][PASSED] - pressBack(): Press back button successfully

2022-05-17 15:07:23 - [MESSAGE][PASSED] - Press back button successfully

2022-05-17 15:07:23 - [TEST_STEP][PASSED] - tap(findTestObject("MOBILE/Auth/Register/android.widget.Button - Register button"), 1): Tapped on element 'Object Repository/MOBILE/Auth/Register/android.widget.Button - Register button'

2022-05-17 15:07:24 - [MESSAGE][PASSED] - Tapped on element 'Object Repository/MOBILE/Auth/Register/android.widget.Button - Register button'

2022-05-17 15:07:24 - [TEST_STEP][PASSED] - if (findTestData("WEB/Register").getValue(4, i) == "negative"): Element 'Object Repository/MOBILE/Auth/Register/android.widget.EditText - Fullname' is visible

2022-05-17 15:07:24 - [TEST_STEP][PASSED] - verifyElementVisible(findTestObject("MOBILE/Auth/Register/android.widget.EditText - Fullname"), 0, CONTINUE_ON_FAILURE): Element 'Object Repository/MOBILE/Auth/Register/android.widget.EditText - Fullname' is visible

2022-05-17 15:07:24 - [MESSAGE][WARNING] - Timeout '0' is invalid. Using default page load timeout: '30'

2022-05-17 15:07:25 - [MESSAGE][PASSED] - Element 'Object Repository/MOBILE/Auth/Register/android.widget.EditText - Fullname' is visible

2022-05-17 15:07:25 - [TEST_STEP][PASSED] - pressBack(): Press back button successfully

2022-05-17 15:07:26 - [MESSAGE][PASSED] - Press back button successfully

2022-05-17 15:07:26 - [TEST_STEP][PASSED] - closeApplication(): Close app successfully

2022-05-17 15:07:26 - [MESSAGE][PASSED] - Close app successfully

2022-05-17 15:07:26 - [TEST_STEP][PASSED] - startExistingApplication("com.example.frontend_mobile"): Starting app with application ID: 'com.example.frontend_mobile'

2022-05-17 15:07:28 - [MESSAGE][INFO] - Appium server started on port 59,548

2022-05-17 15:07:39 - [MESSAGE][PASSED] - Starting app with application ID: 'com.example.frontend_mobile'

2022-05-17 15:07:39 - [TEST_STEP][PASSED] - delay(5, CONTINUE_ON_FAILURE): Delayed 5 second(s)

2022-05-17 15:07:44 - [MESSAGE][PASSED] - Delayed 5 second(s)

2022-05-17 15:07:44 - [TEST_STEP][PASSED] - tap(findTestObject("MOBILE/Auth/Register/android.widget.Button - Login 2"), 0): Tapped on element 'Object Repository/MOBILE/Auth/Register/android.widget.Button - Login 2'

2022-05-17 15:07:44 - [MESSAGE][WARNING] - Timeout '0' is invalid. Using default page load timeout: '30'

2022-05-17 15:07:45 - [MESSAGE][PASSED] - Tapped on element 'Object Repository/MOBILE/Auth/Register/android.widget.Button - Login 2'

2022-05-17 15:07:45 - [TEST_STEP][PASSED] - tap(findTestObject("MOBILE/Auth/Register/android.widget.Button - Register a"), 0): Tapped on element 'Object Repository/MOBILE/Auth/Register/android.widget.Button - Register a'

2022-05-17 15:07:45 - [MESSAGE][WARNING] - Timeout '0' is invalid. Using default page load timeout: '30'

2022-05-17 15:07:46 - [MESSAGE][PASSED] - Tapped on element 'Object Repository/MOBILE/Auth/Register/android.widget.Button - Register a'

2022-05-17 15:07:46 - [TEST_STEP][PASSED] - tap(findTestObject("MOBILE/Auth/Register/android.widget.EditText - Fullname"), 0): Tapped on element 'Object Repository/MOBILE/Auth/Register/android.widget.EditText - Fullname'

2022-05-17 15:07:46 - [MESSAGE][WARNING] - Timeout '0' is invalid. Using default page load timeout: '30'

2022-05-17 15:07:47 - [MESSAGE][PASSED] - Tapped on element 'Object Repository/MOBILE/Auth/Register/android.widget.EditText - Fullname'

2022-05-17 15:07:47 - [TEST_STEP][PASSED] - if (findTestData("WEB/Register").getValue(1, i) != ""): Text 'Salsabila' has been set to element 'Object Repository/MOBILE/Auth/Register/android.widget.EditText - Fullname'

2022-05-17 15:07:47 - [TEST_STEP][PASSED] - setText(findTestObject("MOBILE/Auth/Register/android.widget.EditText - Fullname"), findTestData("WEB/Register").getValue(1, i), 0): Text 'Salsabila' has been set to element 'Object Repository/MOBILE/Auth/Register/android.widget.EditText - Fullname'

2022-05-17 15:07:47 - [MESSAGE][WARNING] - Timeout '0' is invalid. Using default page load timeout: '30'

2022-05-17 15:07:49 - [MESSAGE][PASSED] - Text 'Salsabila' has been set to element 'Object Repository/MOBILE/Auth/Register/android.widget.EditText - Fullname'

2022-05-17 15:07:49 - [TEST_STEP][PASSED] - tap(findTestObject("MOBILE/Auth/Register/android.widget.EditText - Email"), 0): Tapped on element 'Object Repository/MOBILE/Auth/Register/android.widget.EditText - Email'

2022-05-17 15:07:49 - [MESSAGE][WARNING] - Timeout '0' is invalid. Using default page load timeout: '30'

2022-05-17 15:07:50 - [MESSAGE][PASSED] - Tapped on element 'Object Repository/MOBILE/Auth/Register/android.widget.EditText - Email'

2022-05-17 15:07:50 - [TEST_STEP][PASSED] - if (findTestData("WEB/Register").getValue(2, i) != ""): Text 'halosalsa36' has been set to element 'Object Repository/MOBILE/Auth/Register/android.widget.EditText - Email'

2022-05-17 15:07:50 - [TEST_STEP][PASSED] - setText(findTestObject("MOBILE/Auth/Register/android.widget.EditText - Email"), findTestData("WEB/Register").getValue(2, i), 0): Text 'halosalsa36' has been set to element 'Object Repository/MOBILE/Auth/Register/android.widget.EditText - Email'

2022-05-17 15:07:51 - [MESSAGE][WARNING] - Timeout '0' is invalid. Using default page load timeout: '30'

2022-05-17 15:07:51 - [MESSAGE][PASSED] - Text 'halosalsa36' has been set to element 'Object Repository/MOBILE/Auth/Register/android.widget.EditText - Email'

2022-05-17 15:07:51 - [TEST_STEP][PASSED] - tap(findTestObject("MOBILE/Auth/Register/android.widget.EditText - Password"), 0): Tapped on element 'Object Repository/MOBILE/Auth/Register/android.widget.EditText - Password'

2022-05-17 15:07:51 - [MESSAGE][WARNING] - Timeout '0' is invalid. Using default page load timeout: '30'

2022-05-17 15:07:53 - [MESSAGE][PASSED] - Tapped on element 'Object Repository/MOBILE/Auth/Register/android.widget.EditText - Password'

2022-05-17 15:07:53 - [TEST_STEP][PASSED] - if (findTestData("WEB/Register").getValue(3, i) != ""): Text 'salsabila' has been set to element 'Object Repository/MOBILE/Auth/Register/android.widget.EditText - Password'

2022-05-17 15:07:53 - [TEST_STEP][PASSED] - setText(findTestObject("MOBILE/Auth/Register/android.widget.EditText - Password"), findTestData("WEB/Register").getValue(3, i), 0): Text 'salsabila' has been set to element 'Object Repository/MOBILE/Auth/Register/android.widget.EditText - Password'

2022-05-17 15:07:53 - [MESSAGE][WARNING] - Timeout '0' is invalid. Using default page load timeout: '30'

2022-05-17 15:07:53 - [MESSAGE][PASSED] - Text 'salsabila' has been set to element 'Object Repository/MOBILE/Auth/Register/android.widget.EditText - Password'

2022-05-17 15:07:53 - [TEST_STEP][PASSED] - pressBack(): Press back button successfully

2022-05-17 15:07:54 - [MESSAGE][PASSED] - Press back button successfully

2022-05-17 15:07:54 - [TEST_STEP][PASSED] - tap(findTestObject("MOBILE/Auth/Register/android.widget.Button - Register button"), 1): Tapped on element 'Object Repository/MOBILE/Auth/Register/android.widget.Button - Register button'

2022-05-17 15:07:55 - [MESSAGE][PASSED] - Tapped on element 'Object Repository/MOBILE/Auth/Register/android.widget.Button - Register button'

2022-05-17 15:07:55 - [TEST_STEP][FAILED] - if (findTestData("WEB/Register").getValue(4, i) == "negative"): Failed to check for element 'Object Repository/MOBILE/Auth/Register/android.widget.EditText - Fullname' visible (Root cause: org.openqa.selenium.StaleElementReferenceException: Cached elements 'By.xpath: //hierarchy/android.widget.FrameLayout[1]/android.widget.LinearLayout[1]/android.widget.FrameLayout[1]/android.widget.FrameLayout[1]/android.view.View[1]/android.view.View[1]/android.view.View[1]/android.view.View[1]/android.widget.EditText[1]' do not exist in DOM anymore
For documentation on this error, please visit: https://www.seleniumhq.org/exceptions/stale_element_reference.html
Build info: version: '3.141.59', revision: 'e82be7d358', time: '2018-11-14T08:25:53'
System info: host: 'SALSABILA', ip: '192.168.200.173', os.name: 'Windows 10', os.arch: 'amd64', os.version: '10.0', java.version: '1.8.0_282'
Driver info: com.kms.katalon.core.appium.driver.SwipeableAndroidDriver
Capabilities {appActivity: .Settings, appPackage: com.android.settings, autoGrantPermissions: true, automationName: uiautomator2, chromedriverPort: 59549, databaseEnabled: false, desired: {appActivity: .Settings, appPackage: com.android.settings, autoGrantPermissions: true, automationName: uiautomator2, chromedriverPort: 59549, deviceName: Xiaomi M2003J15SC (Android 11), newCommandTimeout: 1800, platform: ANDROID, platformName: android, platformVersion: 11, systemPort: 8281, udid: aeebca410407}, deviceApiLevel: 30, deviceManufacturer: Xiaomi, deviceModel: M2003J15SC, deviceName: aeebca410407, deviceScreenDensity: 352, deviceScreenSize: 1080x2340, deviceUDID: aeebca410407, javascriptEnabled: true, locationContextEnabled: false, networkConnectionEnabled: true, newCommandTimeout: 1800, pixelRatio: 2.2, platform: ANDROID, platformName: Android, platformVersion: 11, statBarHeight: 100, systemPort: 8281, takesScreenshot: true, udid: aeebca410407, viewportRect: {height: 2036, left: 0, top: 100, width: 1080}, warnings: {}, webStorageEnabled: false}
Session ID: ab33a8e3-6e8e-47b4-ad55-358bcf7d1345
	at org.openqa.selenium.remote.http.W3CHttpResponseCodec.createException(W3CHttpResponseCodec.java:187)
	at org.openqa.selenium.remote.http.W3CHttpResponseCodec.decode(W3CHttpResponseCodec.java:122)
	at org.openqa.selenium.remote.http.W3CHttpResponseCodec.decode(W3CHttpResponseCodec.java:49)
	at org.openqa.selenium.remote.HttpCommandExecutor.execute(HttpCommandExecutor.java:158)
	at io.appium.java_client.remote.AppiumCommandExecutor.execute(AppiumCommandExecutor.java:239)
	at org.openqa.selenium.remote.RemoteWebDriver.execute(RemoteWebDriver.java:552)
	at io.appium.java_client.DefaultGenericMobileDriver.execute(DefaultGenericMobileDriver.java:42)
	at io.appium.java_client.AppiumDriver.execute(AppiumDriver.java:1)
	at io.appium.java_client.android.AndroidDriver.execute(AndroidDriver.java:1)
	at com.kms.katalon.core.appium.driver.SwipeableAndroidDriver.execute(SwipeableAndroidDriver.java:1)
	at org.openqa.selenium.remote.RemoteWebElement.execute(RemoteWebElement.java:285)
	at io.appium.java_client.DefaultGenericMobileElement.execute(DefaultGenericMobileElement.java:45)
	at io.appium.java_client.MobileElement.execute(MobileElement.java:1)
	at io.appium.java_client.android.AndroidElement.execute(AndroidElement.java:1)
	at org.openqa.selenium.remote.RemoteWebElement.getLocation(RemoteWebElement.java:337)
	at org.openqa.selenium.WebElement$getLocation.call(Unknown Source)
	at com.kms.katalon.core.mobile.keyword.internal.MobileAbstractKeyword.findElement(MobileAbstractKeyword.groovy:86)
	at com.kms.katalon.core.mobile.keyword.builtin.VerifyElementVisibleKeyword.access$1(VerifyElementVisibleKeyword.groovy)
	at com.kms.katalon.core.mobile.keyword.builtin.VerifyElementVisibleKeyword$_verifyElementVisible_closure1.doCall(VerifyElementVisibleKeyword.groovy:72)
	at com.kms.katalon.core.mobile.keyword.builtin.VerifyElementVisibleKeyword$_verifyElementVisible_closure1.call(VerifyElementVisibleKeyword.groovy)
	at com.kms.katalon.core.mobile.keyword.internal.MobileKeywordMain.runKeyword(MobileKeywordMain.groovy:21)
	at com.kms.katalon.core.mobile.keyword.builtin.VerifyElementVisibleKeyword.verifyElementVisible(VerifyElementVisibleKeyword.groovy:85)
	at com.kms.katalon.core.mobile.keyword.builtin.VerifyElementVisibleKeyword.execute(VerifyElementVisibleKeyword.groovy:64)
	at com.kms.katalon.core.keyword.internal.KeywordExecutor.executeKeywordForPlatform(KeywordExecutor.groovy:74)
	at com.kms.katalon.core.mobile.keyword.MobileBuiltInKeywords.verifyElementVisible(MobileBuiltInKeywords.groovy:1880)
	at com.kms.katalon.core.mobile.keyword.MobileBuiltInKeywords$verifyElementVisible$3.call(Unknown Source)
	at Register.run(Register:61)
	at com.kms.katalon.core.main.ScriptEngine.run(ScriptEngine.java:194)
	at com.kms.katalon.core.main.ScriptEngine.runScriptAsRawText(ScriptEngine.java:119)
	at com.kms.katalon.core.main.TestCaseExecutor.runScript(TestCaseExecutor.java:442)
	at com.kms.katalon.core.main.TestCaseExecutor.doExecute(TestCaseExecutor.java:433)
	at com.kms.katalon.core.main.TestCaseExecutor.processExecutionPhase(TestCaseExecutor.java:412)
	at com.kms.katalon.core.main.TestCaseExecutor.accessMainPhase(TestCaseExecutor.java:404)
	at com.kms.katalon.core.main.TestCaseExecutor.execute(TestCaseExecutor.java:281)
	at com.kms.katalon.core.main.TestSuiteExecutor.accessTestCaseMainPhase(TestSuiteExecutor.java:202)
	at com.kms.katalon.core.main.TestSuiteExecutor.accessTestSuiteMainPhase(TestSuiteExecutor.java:164)
	at com.kms.katalon.core.main.TestSuiteExecutor.execute(TestSuiteExecutor.java:105)
	at com.kms.katalon.core.main.TestCaseMain.startTestSuite(TestCaseMain.java:185)
	at com.kms.katalon.core.main.TestCaseMain$startTestSuite$0.call(Unknown Source)
	at TempTestSuite1652774665794.run(TempTestSuite1652774665794.groovy:36)
)

2022-05-17 15:07:55 - [TEST_STEP][FAILED] - verifyElementVisible(findTestObject("MOBILE/Auth/Register/android.widget.EditText - Fullname"), 0, CONTINUE_ON_FAILURE): Failed to check for element 'Object Repository/MOBILE/Auth/Register/android.widget.EditText - Fullname' visible (Root cause: org.openqa.selenium.StaleElementReferenceException: Cached elements 'By.xpath: //hierarchy/android.widget.FrameLayout[1]/android.widget.LinearLayout[1]/android.widget.FrameLayout[1]/android.widget.FrameLayout[1]/android.view.View[1]/android.view.View[1]/android.view.View[1]/android.view.View[1]/android.widget.EditText[1]' do not exist in DOM anymore
For documentation on this error, please visit: https://www.seleniumhq.org/exceptions/stale_element_reference.html
Build info: version: '3.141.59', revision: 'e82be7d358', time: '2018-11-14T08:25:53'
System info: host: 'SALSABILA', ip: '192.168.200.173', os.name: 'Windows 10', os.arch: 'amd64', os.version: '10.0', java.version: '1.8.0_282'
Driver info: com.kms.katalon.core.appium.driver.SwipeableAndroidDriver
Capabilities {appActivity: .Settings, appPackage: com.android.settings, autoGrantPermissions: true, automationName: uiautomator2, chromedriverPort: 59549, databaseEnabled: false, desired: {appActivity: .Settings, appPackage: com.android.settings, autoGrantPermissions: true, automationName: uiautomator2, chromedriverPort: 59549, deviceName: Xiaomi M2003J15SC (Android 11), newCommandTimeout: 1800, platform: ANDROID, platformName: android, platformVersion: 11, systemPort: 8281, udid: aeebca410407}, deviceApiLevel: 30, deviceManufacturer: Xiaomi, deviceModel: M2003J15SC, deviceName: aeebca410407, deviceScreenDensity: 352, deviceScreenSize: 1080x2340, deviceUDID: aeebca410407, javascriptEnabled: true, locationContextEnabled: false, networkConnectionEnabled: true, newCommandTimeout: 1800, pixelRatio: 2.2, platform: ANDROID, platformName: Android, platformVersion: 11, statBarHeight: 100, systemPort: 8281, takesScreenshot: true, udid: aeebca410407, viewportRect: {height: 2036, left: 0, top: 100, width: 1080}, warnings: {}, webStorageEnabled: false}
Session ID: ab33a8e3-6e8e-47b4-ad55-358bcf7d1345
	at org.openqa.selenium.remote.http.W3CHttpResponseCodec.createException(W3CHttpResponseCodec.java:187)
	at org.openqa.selenium.remote.http.W3CHttpResponseCodec.decode(W3CHttpResponseCodec.java:122)
	at org.openqa.selenium.remote.http.W3CHttpResponseCodec.decode(W3CHttpResponseCodec.java:49)
	at org.openqa.selenium.remote.HttpCommandExecutor.execute(HttpCommandExecutor.java:158)
	at io.appium.java_client.remote.AppiumCommandExecutor.execute(AppiumCommandExecutor.java:239)
	at org.openqa.selenium.remote.RemoteWebDriver.execute(RemoteWebDriver.java:552)
	at io.appium.java_client.DefaultGenericMobileDriver.execute(DefaultGenericMobileDriver.java:42)
	at io.appium.java_client.AppiumDriver.execute(AppiumDriver.java:1)
	at io.appium.java_client.android.AndroidDriver.execute(AndroidDriver.java:1)
	at com.kms.katalon.core.appium.driver.SwipeableAndroidDriver.execute(SwipeableAndroidDriver.java:1)
	at org.openqa.selenium.remote.RemoteWebElement.execute(RemoteWebElement.java:285)
	at io.appium.java_client.DefaultGenericMobileElement.execute(DefaultGenericMobileElement.java:45)
	at io.appium.java_client.MobileElement.execute(MobileElement.java:1)
	at io.appium.java_client.android.AndroidElement.execute(AndroidElement.java:1)
	at org.openqa.selenium.remote.RemoteWebElement.getLocation(RemoteWebElement.java:337)
	at org.openqa.selenium.WebElement$getLocation.call(Unknown Source)
	at com.kms.katalon.core.mobile.keyword.internal.MobileAbstractKeyword.findElement(MobileAbstractKeyword.groovy:86)
	at com.kms.katalon.core.mobile.keyword.builtin.VerifyElementVisibleKeyword.access$1(VerifyElementVisibleKeyword.groovy)
	at com.kms.katalon.core.mobile.keyword.builtin.VerifyElementVisibleKeyword$_verifyElementVisible_closure1.doCall(VerifyElementVisibleKeyword.groovy:72)
	at com.kms.katalon.core.mobile.keyword.builtin.VerifyElementVisibleKeyword$_verifyElementVisible_closure1.call(VerifyElementVisibleKeyword.groovy)
	at com.kms.katalon.core.mobile.keyword.internal.MobileKeywordMain.runKeyword(MobileKeywordMain.groovy:21)
	at com.kms.katalon.core.mobile.keyword.builtin.VerifyElementVisibleKeyword.verifyElementVisible(VerifyElementVisibleKeyword.groovy:85)
	at com.kms.katalon.core.mobile.keyword.builtin.VerifyElementVisibleKeyword.execute(VerifyElementVisibleKeyword.groovy:64)
	at com.kms.katalon.core.keyword.internal.KeywordExecutor.executeKeywordForPlatform(KeywordExecutor.groovy:74)
	at com.kms.katalon.core.mobile.keyword.MobileBuiltInKeywords.verifyElementVisible(MobileBuiltInKeywords.groovy:1880)
	at com.kms.katalon.core.mobile.keyword.MobileBuiltInKeywords$verifyElementVisible$3.call(Unknown Source)
	at Register.run(Register:61)
	at com.kms.katalon.core.main.ScriptEngine.run(ScriptEngine.java:194)
	at com.kms.katalon.core.main.ScriptEngine.runScriptAsRawText(ScriptEngine.java:119)
	at com.kms.katalon.core.main.TestCaseExecutor.runScript(TestCaseExecutor.java:442)
	at com.kms.katalon.core.main.TestCaseExecutor.doExecute(TestCaseExecutor.java:433)
	at com.kms.katalon.core.main.TestCaseExecutor.processExecutionPhase(TestCaseExecutor.java:412)
	at com.kms.katalon.core.main.TestCaseExecutor.accessMainPhase(TestCaseExecutor.java:404)
	at com.kms.katalon.core.main.TestCaseExecutor.execute(TestCaseExecutor.java:281)
	at com.kms.katalon.core.main.TestSuiteExecutor.accessTestCaseMainPhase(TestSuiteExecutor.java:202)
	at com.kms.katalon.core.main.TestSuiteExecutor.accessTestSuiteMainPhase(TestSuiteExecutor.java:164)
	at com.kms.katalon.core.main.TestSuiteExecutor.execute(TestSuiteExecutor.java:105)
	at com.kms.katalon.core.main.TestCaseMain.startTestSuite(TestCaseMain.java:185)
	at com.kms.katalon.core.main.TestCaseMain$startTestSuite$0.call(Unknown Source)
	at TempTestSuite1652774665794.run(TempTestSuite1652774665794.groovy:36)
)

2022-05-17 15:07:55 - [MESSAGE][WARNING] - Timeout '0' is invalid. Using default page load timeout: '30'

2022-05-17 15:07:57 - [MESSAGE][FAILED] - Failed to check for element 'Object Repository/MOBILE/Auth/Register/android.widget.EditText - Fullname' visible (Root cause: org.openqa.selenium.StaleElementReferenceException: Cached elements 'By.xpath: //hierarchy/android.widget.FrameLayout[1]/android.widget.LinearLayout[1]/android.widget.FrameLayout[1]/android.widget.FrameLayout[1]/android.view.View[1]/android.view.View[1]/android.view.View[1]/android.view.View[1]/android.widget.EditText[1]' do not exist in DOM anymore
For documentation on this error, please visit: https://www.seleniumhq.org/exceptions/stale_element_reference.html
Build info: version: '3.141.59', revision: 'e82be7d358', time: '2018-11-14T08:25:53'
System info: host: 'SALSABILA', ip: '192.168.200.173', os.name: 'Windows 10', os.arch: 'amd64', os.version: '10.0', java.version: '1.8.0_282'
Driver info: com.kms.katalon.core.appium.driver.SwipeableAndroidDriver
Capabilities {appActivity: .Settings, appPackage: com.android.settings, autoGrantPermissions: true, automationName: uiautomator2, chromedriverPort: 59549, databaseEnabled: false, desired: {appActivity: .Settings, appPackage: com.android.settings, autoGrantPermissions: true, automationName: uiautomator2, chromedriverPort: 59549, deviceName: Xiaomi M2003J15SC (Android 11), newCommandTimeout: 1800, platform: ANDROID, platformName: android, platformVersion: 11, systemPort: 8281, udid: aeebca410407}, deviceApiLevel: 30, deviceManufacturer: Xiaomi, deviceModel: M2003J15SC, deviceName: aeebca410407, deviceScreenDensity: 352, deviceScreenSize: 1080x2340, deviceUDID: aeebca410407, javascriptEnabled: true, locationContextEnabled: false, networkConnectionEnabled: true, newCommandTimeout: 1800, pixelRatio: 2.2, platform: ANDROID, platformName: Android, platformVersion: 11, statBarHeight: 100, systemPort: 8281, takesScreenshot: true, udid: aeebca410407, viewportRect: {height: 2036, left: 0, top: 100, width: 1080}, warnings: {}, webStorageEnabled: false}
Session ID: ab33a8e3-6e8e-47b4-ad55-358bcf7d1345
	at org.openqa.selenium.remote.http.W3CHttpResponseCodec.createException(W3CHttpResponseCodec.java:187)
	at org.openqa.selenium.remote.http.W3CHttpResponseCodec.decode(W3CHttpResponseCodec.java:122)
	at org.openqa.selenium.remote.http.W3CHttpResponseCodec.decode(W3CHttpResponseCodec.java:49)
	at org.openqa.selenium.remote.HttpCommandExecutor.execute(HttpCommandExecutor.java:158)
	at io.appium.java_client.remote.AppiumCommandExecutor.execute(AppiumCommandExecutor.java:239)
	at org.openqa.selenium.remote.RemoteWebDriver.execute(RemoteWebDriver.java:552)
	at io.appium.java_client.DefaultGenericMobileDriver.execute(DefaultGenericMobileDriver.java:42)
	at io.appium.java_client.AppiumDriver.execute(AppiumDriver.java:1)
	at io.appium.java_client.android.AndroidDriver.execute(AndroidDriver.java:1)
	at com.kms.katalon.core.appium.driver.SwipeableAndroidDriver.execute(SwipeableAndroidDriver.java:1)
	at org.openqa.selenium.remote.RemoteWebElement.execute(RemoteWebElement.java:285)
	at io.appium.java_client.DefaultGenericMobileElement.execute(DefaultGenericMobileElement.java:45)
	at io.appium.java_client.MobileElement.execute(MobileElement.java:1)
	at io.appium.java_client.android.AndroidElement.execute(AndroidElement.java:1)
	at org.openqa.selenium.remote.RemoteWebElement.getLocation(RemoteWebElement.java:337)
	at org.openqa.selenium.WebElement$getLocation.call(Unknown Source)
	at com.kms.katalon.core.mobile.keyword.internal.MobileAbstractKeyword.findElement(MobileAbstractKeyword.groovy:86)
	at com.kms.katalon.core.mobile.keyword.builtin.VerifyElementVisibleKeyword.access$1(VerifyElementVisibleKeyword.groovy)
	at com.kms.katalon.core.mobile.keyword.builtin.VerifyElementVisibleKeyword$_verifyElementVisible_closure1.doCall(VerifyElementVisibleKeyword.groovy:72)
	at com.kms.katalon.core.mobile.keyword.builtin.VerifyElementVisibleKeyword$_verifyElementVisible_closure1.call(VerifyElementVisibleKeyword.groovy)
	at com.kms.katalon.core.mobile.keyword.internal.MobileKeywordMain.runKeyword(MobileKeywordMain.groovy:21)
	at com.kms.katalon.core.mobile.keyword.builtin.VerifyElementVisibleKeyword.verifyElementVisible(VerifyElementVisibleKeyword.groovy:85)
	at com.kms.katalon.core.mobile.keyword.builtin.VerifyElementVisibleKeyword.execute(VerifyElementVisibleKeyword.groovy:64)
	at com.kms.katalon.core.keyword.internal.KeywordExecutor.executeKeywordForPlatform(KeywordExecutor.groovy:74)
	at com.kms.katalon.core.mobile.keyword.MobileBuiltInKeywords.verifyElementVisible(MobileBuiltInKeywords.groovy:1880)
	at com.kms.katalon.core.mobile.keyword.MobileBuiltInKeywords$verifyElementVisible$3.call(Unknown Source)
	at Register.run(Register:61)
	at com.kms.katalon.core.main.ScriptEngine.run(ScriptEngine.java:194)
	at com.kms.katalon.core.main.ScriptEngine.runScriptAsRawText(ScriptEngine.java:119)
	at com.kms.katalon.core.main.TestCaseExecutor.runScript(TestCaseExecutor.java:442)
	at com.kms.katalon.core.main.TestCaseExecutor.doExecute(TestCaseExecutor.java:433)
	at com.kms.katalon.core.main.TestCaseExecutor.processExecutionPhase(TestCaseExecutor.java:412)
	at com.kms.katalon.core.main.TestCaseExecutor.accessMainPhase(TestCaseExecutor.java:404)
	at com.kms.katalon.core.main.TestCaseExecutor.execute(TestCaseExecutor.java:281)
	at com.kms.katalon.core.main.TestSuiteExecutor.accessTestCaseMainPhase(TestSuiteExecutor.java:202)
	at com.kms.katalon.core.main.TestSuiteExecutor.accessTestSuiteMainPhase(TestSuiteExecutor.java:164)
	at com.kms.katalon.core.main.TestSuiteExecutor.execute(TestSuiteExecutor.java:105)
	at com.kms.katalon.core.main.TestCaseMain.startTestSuite(TestCaseMain.java:185)
	at com.kms.katalon.core.main.TestCaseMain$startTestSuite$0.call(Unknown Source)
	at TempTestSuite1652774665794.run(TempTestSuite1652774665794.groovy:36)
)
[[ATTACHMENT|F:\\1. UNNES\\6. Semester 6\\2 - MSIB\\final-project-qe-alta4\\final-project-qe-alta\\Reports\\20220517_150425\\MOBILE\\MOBILE\\20220517_150425\\1652774876908.png]]

2022-05-17 15:07:57 - [TEST_STEP][PASSED] - pressBack(): Press back button successfully

2022-05-17 15:07:58 - [MESSAGE][PASSED] - Press back button successfully

2022-05-17 15:07:58 - [TEST_STEP][PASSED] - closeApplication(): Close app successfully

2022-05-17 15:07:58 - [MESSAGE][PASSED] - Close app successfully

2022-05-17 15:07:58 - [TEST_STEP][PASSED] - startExistingApplication("com.example.frontend_mobile"): Starting app with application ID: 'com.example.frontend_mobile'

2022-05-17 15:08:00 - [MESSAGE][INFO] - Appium server started on port 59,742

2022-05-17 15:08:11 - [MESSAGE][PASSED] - Starting app with application ID: 'com.example.frontend_mobile'

2022-05-17 15:08:11 - [TEST_STEP][PASSED] - delay(5, CONTINUE_ON_FAILURE): Delayed 5 second(s)

2022-05-17 15:08:16 - [MESSAGE][PASSED] - Delayed 5 second(s)

2022-05-17 15:08:16 - [TEST_STEP][PASSED] - tap(findTestObject("MOBILE/Auth/Register/android.widget.Button - Login 2"), 0): Tapped on element 'Object Repository/MOBILE/Auth/Register/android.widget.Button - Login 2'

2022-05-17 15:08:16 - [MESSAGE][WARNING] - Timeout '0' is invalid. Using default page load timeout: '30'

2022-05-17 15:08:18 - [MESSAGE][PASSED] - Tapped on element 'Object Repository/MOBILE/Auth/Register/android.widget.Button - Login 2'

2022-05-17 15:08:18 - [TEST_STEP][PASSED] - tap(findTestObject("MOBILE/Auth/Register/android.widget.Button - Register a"), 0): Tapped on element 'Object Repository/MOBILE/Auth/Register/android.widget.Button - Register a'

2022-05-17 15:08:18 - [MESSAGE][WARNING] - Timeout '0' is invalid. Using default page load timeout: '30'

2022-05-17 15:08:19 - [MESSAGE][PASSED] - Tapped on element 'Object Repository/MOBILE/Auth/Register/android.widget.Button - Register a'

2022-05-17 15:08:19 - [TEST_STEP][PASSED] - tap(findTestObject("MOBILE/Auth/Register/android.widget.EditText - Fullname"), 0): Tapped on element 'Object Repository/MOBILE/Auth/Register/android.widget.EditText - Fullname'

2022-05-17 15:08:19 - [MESSAGE][WARNING] - Timeout '0' is invalid. Using default page load timeout: '30'

2022-05-17 15:08:20 - [MESSAGE][PASSED] - Tapped on element 'Object Repository/MOBILE/Auth/Register/android.widget.EditText - Fullname'

2022-05-17 15:08:20 - [TEST_STEP][PASSED] - if (findTestData("WEB/Register").getValue(1, i) != ""): Text 'Salsabila' has been set to element 'Object Repository/MOBILE/Auth/Register/android.widget.EditText - Fullname'

2022-05-17 15:08:20 - [TEST_STEP][PASSED] - setText(findTestObject("MOBILE/Auth/Register/android.widget.EditText - Fullname"), findTestData("WEB/Register").getValue(1, i), 0): Text 'Salsabila' has been set to element 'Object Repository/MOBILE/Auth/Register/android.widget.EditText - Fullname'

2022-05-17 15:08:20 - [MESSAGE][WARNING] - Timeout '0' is invalid. Using default page load timeout: '30'

2022-05-17 15:08:22 - [MESSAGE][PASSED] - Text 'Salsabila' has been set to element 'Object Repository/MOBILE/Auth/Register/android.widget.EditText - Fullname'

2022-05-17 15:08:22 - [TEST_STEP][PASSED] - tap(findTestObject("MOBILE/Auth/Register/android.widget.EditText - Email"), 0): Tapped on element 'Object Repository/MOBILE/Auth/Register/android.widget.EditText - Email'

2022-05-17 15:08:22 - [MESSAGE][WARNING] - Timeout '0' is invalid. Using default page load timeout: '30'

2022-05-17 15:08:23 - [MESSAGE][PASSED] - Tapped on element 'Object Repository/MOBILE/Auth/Register/android.widget.EditText - Email'

2022-05-17 15:08:23 - [TEST_STEP][PASSED] - if (findTestData("WEB/Register").getValue(2, i) != ""): Text 'halosalsa36@gmail.com' has been set to element 'Object Repository/MOBILE/Auth/Register/android.widget.EditText - Email'

2022-05-17 15:08:23 - [TEST_STEP][PASSED] - setText(findTestObject("MOBILE/Auth/Register/android.widget.EditText - Email"), findTestData("WEB/Register").getValue(2, i), 0): Text 'halosalsa36@gmail.com' has been set to element 'Object Repository/MOBILE/Auth/Register/android.widget.EditText - Email'

2022-05-17 15:08:24 - [MESSAGE][WARNING] - Timeout '0' is invalid. Using default page load timeout: '30'

2022-05-17 15:08:24 - [MESSAGE][PASSED] - Text 'halosalsa36@gmail.com' has been set to element 'Object Repository/MOBILE/Auth/Register/android.widget.EditText - Email'

2022-05-17 15:08:24 - [TEST_STEP][PASSED] - tap(findTestObject("MOBILE/Auth/Register/android.widget.EditText - Password"), 0): Tapped on element 'Object Repository/MOBILE/Auth/Register/android.widget.EditText - Password'

2022-05-17 15:08:24 - [MESSAGE][WARNING] - Timeout '0' is invalid. Using default page load timeout: '30'

2022-05-17 15:08:25 - [MESSAGE][PASSED] - Tapped on element 'Object Repository/MOBILE/Auth/Register/android.widget.EditText - Password'

2022-05-17 15:08:25 - [TEST_STEP][PASSED] - if (findTestData("WEB/Register").getValue(3, i) != ""): Text 'sabila' has been set to element 'Object Repository/MOBILE/Auth/Register/android.widget.EditText - Password'

2022-05-17 15:08:25 - [TEST_STEP][PASSED] - setText(findTestObject("MOBILE/Auth/Register/android.widget.EditText - Password"), findTestData("WEB/Register").getValue(3, i), 0): Text 'sabila' has been set to element 'Object Repository/MOBILE/Auth/Register/android.widget.EditText - Password'

2022-05-17 15:08:25 - [MESSAGE][WARNING] - Timeout '0' is invalid. Using default page load timeout: '30'

2022-05-17 15:08:27 - [MESSAGE][PASSED] - Text 'sabila' has been set to element 'Object Repository/MOBILE/Auth/Register/android.widget.EditText - Password'

2022-05-17 15:08:27 - [TEST_STEP][PASSED] - pressBack(): Press back button successfully

2022-05-17 15:08:27 - [MESSAGE][PASSED] - Press back button successfully

2022-05-17 15:08:27 - [TEST_STEP][PASSED] - tap(findTestObject("MOBILE/Auth/Register/android.widget.Button - Register button"), 1): Tapped on element 'Object Repository/MOBILE/Auth/Register/android.widget.Button - Register button'

2022-05-17 15:08:29 - [MESSAGE][PASSED] - Tapped on element 'Object Repository/MOBILE/Auth/Register/android.widget.Button - Register button'

2022-05-17 15:08:29 - [TEST_STEP][PASSED] - if (findTestData("WEB/Register").getValue(4, i) == "negative"): null

2022-05-17 15:08:29 - [TEST_STEP][PASSED] - else: Element 'Object Repository/MOBILE/Auth/Register/android.widget.Button - Login 2' is visible

2022-05-17 15:08:29 - [TEST_STEP][PASSED] - verifyElementVisible(findTestObject("MOBILE/Auth/Register/android.widget.Button - Login 2"), 0, CONTINUE_ON_FAILURE): Element 'Object Repository/MOBILE/Auth/Register/android.widget.Button - Login 2' is visible

2022-05-17 15:08:29 - [MESSAGE][WARNING] - Timeout '0' is invalid. Using default page load timeout: '30'

2022-05-17 15:08:30 - [MESSAGE][PASSED] - Element 'Object Repository/MOBILE/Auth/Register/android.widget.Button - Login 2' is visible

2022-05-17 15:08:30 - [TEST_STEP][PASSED] - pressBack(): Press back button successfully

2022-05-17 15:08:31 - [MESSAGE][PASSED] - Press back button successfully

2022-05-17 15:08:31 - [TEST_STEP][PASSED] - closeApplication(): Close app successfully

2022-05-17 15:08:31 - [MESSAGE][PASSED] - Close app successfully]]></system-out>
         <system-err><![CDATA[2022-05-17 15:04:31 - [TEST_CASE][FAILED] - Test Cases/MOBILE/Auth/Register: Test Cases/MOBILE/Auth/Register FAILED.
Reason:
com.kms.katalon.core.exception.StepFailedException: Failed to check for element 'Object Repository/MOBILE/Auth/Register/android.widget.EditText - Fullname' visible (Root cause: org.openqa.selenium.StaleElementReferenceException: Cached elements 'By.xpath: //hierarchy/android.widget.FrameLayout[1]/android.widget.LinearLayout[1]/android.widget.FrameLayout[1]/android.widget.FrameLayout[1]/android.view.View[1]/android.view.View[1]/android.view.View[1]/android.view.View[1]/android.widget.EditText[1]' do not exist in DOM anymore
For documentation on this error, please visit: https://www.seleniumhq.org/exceptions/stale_element_reference.html
Build info: version: '3.141.59', revision: 'e82be7d358', time: '2018-11-14T08:25:53'
System info: host: 'SALSABILA', ip: '192.168.200.173', os.name: 'Windows 10', os.arch: 'amd64', os.version: '10.0', java.version: '1.8.0_282'
Driver info: com.kms.katalon.core.appium.driver.SwipeableAndroidDriver
Capabilities {appActivity: .Settings, appPackage: com.android.settings, autoGrantPermissions: true, automationName: uiautomator2, chromedriverPort: 59549, databaseEnabled: false, desired: {appActivity: .Settings, appPackage: com.android.settings, autoGrantPermissions: true, automationName: uiautomator2, chromedriverPort: 59549, deviceName: Xiaomi M2003J15SC (Android 11), newCommandTimeout: 1800, platform: ANDROID, platformName: android, platformVersion: 11, systemPort: 8281, udid: aeebca410407}, deviceApiLevel: 30, deviceManufacturer: Xiaomi, deviceModel: M2003J15SC, deviceName: aeebca410407, deviceScreenDensity: 352, deviceScreenSize: 1080x2340, deviceUDID: aeebca410407, javascriptEnabled: true, locationContextEnabled: false, networkConnectionEnabled: true, newCommandTimeout: 1800, pixelRatio: 2.2, platform: ANDROID, platformName: Android, platformVersion: 11, statBarHeight: 100, systemPort: 8281, takesScreenshot: true, udid: aeebca410407, viewportRect: {height: 2036, left: 0, top: 100, width: 1080}, warnings: {}, webStorageEnabled: false}
Session ID: ab33a8e3-6e8e-47b4-ad55-358bcf7d1345
	at org.openqa.selenium.remote.http.W3CHttpResponseCodec.createException(W3CHttpResponseCodec.java:187)
	at org.openqa.selenium.remote.http.W3CHttpResponseCodec.decode(W3CHttpResponseCodec.java:122)
	at org.openqa.selenium.remote.http.W3CHttpResponseCodec.decode(W3CHttpResponseCodec.java:49)
	at org.openqa.selenium.remote.HttpCommandExecutor.execute(HttpCommandExecutor.java:158)
	at io.appium.java_client.remote.AppiumCommandExecutor.execute(AppiumCommandExecutor.java:239)
	at org.openqa.selenium.remote.RemoteWebDriver.execute(RemoteWebDriver.java:552)
	at io.appium.java_client.DefaultGenericMobileDriver.execute(DefaultGenericMobileDriver.java:42)
	at io.appium.java_client.AppiumDriver.execute(AppiumDriver.java:1)
	at io.appium.java_client.android.AndroidDriver.execute(AndroidDriver.java:1)
	at com.kms.katalon.core.appium.driver.SwipeableAndroidDriver.execute(SwipeableAndroidDriver.java:1)
	at org.openqa.selenium.remote.RemoteWebElement.execute(RemoteWebElement.java:285)
	at io.appium.java_client.DefaultGenericMobileElement.execute(DefaultGenericMobileElement.java:45)
	at io.appium.java_client.MobileElement.execute(MobileElement.java:1)
	at io.appium.java_client.android.AndroidElement.execute(AndroidElement.java:1)
	at org.openqa.selenium.remote.RemoteWebElement.getLocation(RemoteWebElement.java:337)
	at org.openqa.selenium.WebElement$getLocation.call(Unknown Source)
	at com.kms.katalon.core.mobile.keyword.internal.MobileAbstractKeyword.findElement(MobileAbstractKeyword.groovy:86)
	at com.kms.katalon.core.mobile.keyword.builtin.VerifyElementVisibleKeyword.access$1(VerifyElementVisibleKeyword.groovy)
	at com.kms.katalon.core.mobile.keyword.builtin.VerifyElementVisibleKeyword$_verifyElementVisible_closure1.doCall(VerifyElementVisibleKeyword.groovy:72)
	at com.kms.katalon.core.mobile.keyword.builtin.VerifyElementVisibleKeyword$_verifyElementVisible_closure1.call(VerifyElementVisibleKeyword.groovy)
	at com.kms.katalon.core.mobile.keyword.internal.MobileKeywordMain.runKeyword(MobileKeywordMain.groovy:21)
	at com.kms.katalon.core.mobile.keyword.builtin.VerifyElementVisibleKeyword.verifyElementVisible(VerifyElementVisibleKeyword.groovy:85)
	at com.kms.katalon.core.mobile.keyword.builtin.VerifyElementVisibleKeyword.execute(VerifyElementVisibleKeyword.groovy:64)
	at com.kms.katalon.core.keyword.internal.KeywordExecutor.executeKeywordForPlatform(KeywordExecutor.groovy:74)
	at com.kms.katalon.core.mobile.keyword.MobileBuiltInKeywords.verifyElementVisible(MobileBuiltInKeywords.groovy:1880)
	at com.kms.katalon.core.mobile.keyword.MobileBuiltInKeywords$verifyElementVisible$3.call(Unknown Source)
	at Register.run(Register:61)
	at com.kms.katalon.core.main.ScriptEngine.run(ScriptEngine.java:194)
	at com.kms.katalon.core.main.ScriptEngine.runScriptAsRawText(ScriptEngine.java:119)
	at com.kms.katalon.core.main.TestCaseExecutor.runScript(TestCaseExecutor.java:442)
	at com.kms.katalon.core.main.TestCaseExecutor.doExecute(TestCaseExecutor.java:433)
	at com.kms.katalon.core.main.TestCaseExecutor.processExecutionPhase(TestCaseExecutor.java:412)
	at com.kms.katalon.core.main.TestCaseExecutor.accessMainPhase(TestCaseExecutor.java:404)
	at com.kms.katalon.core.main.TestCaseExecutor.execute(TestCaseExecutor.java:281)
	at com.kms.katalon.core.main.TestSuiteExecutor.accessTestCaseMainPhase(TestSuiteExecutor.java:202)
	at com.kms.katalon.core.main.TestSuiteExecutor.accessTestSuiteMainPhase(TestSuiteExecutor.java:164)
	at com.kms.katalon.core.main.TestSuiteExecutor.execute(TestSuiteExecutor.java:105)
	at com.kms.katalon.core.main.TestCaseMain.startTestSuite(TestCaseMain.java:185)
	at com.kms.katalon.core.main.TestCaseMain$startTestSuite$0.call(Unknown Source)
	at TempTestSuite1652774665794.run(TempTestSuite1652774665794.groovy:36)
)
	at com.kms.katalon.core.keyword.internal.KeywordMain.stepFailed(KeywordMain.groovy:39)
	at com.kms.katalon.core.mobile.keyword.internal.MobileKeywordMain.stepFailed(MobileKeywordMain.groovy:40)
	at com.kms.katalon.core.mobile.keyword.internal.MobileKeywordMain.runKeyword(MobileKeywordMain.groovy:23)
	at com.kms.katalon.core.mobile.keyword.builtin.VerifyElementVisibleKeyword.verifyElementVisible(VerifyElementVisibleKeyword.groovy:85)
	at com.kms.katalon.core.mobile.keyword.builtin.VerifyElementVisibleKeyword.execute(VerifyElementVisibleKeyword.groovy:64)
	at com.kms.katalon.core.keyword.internal.KeywordExecutor.executeKeywordForPlatform(KeywordExecutor.groovy:74)
	at com.kms.katalon.core.mobile.keyword.MobileBuiltInKeywords.verifyElementVisible(MobileBuiltInKeywords.groovy:1880)
	at com.kms.katalon.core.mobile.keyword.MobileBuiltInKeywords$verifyElementVisible$3.call(Unknown Source)
	at Register.run(Register:61)
	at com.kms.katalon.core.main.ScriptEngine.run(ScriptEngine.java:194)
	at com.kms.katalon.core.main.ScriptEngine.runScriptAsRawText(ScriptEngine.java:119)
	at com.kms.katalon.core.main.TestCaseExecutor.runScript(TestCaseExecutor.java:442)
	at com.kms.katalon.core.main.TestCaseExecutor.doExecute(TestCaseExecutor.java:433)
	at com.kms.katalon.core.main.TestCaseExecutor.processExecutionPhase(TestCaseExecutor.java:412)
	at com.kms.katalon.core.main.TestCaseExecutor.accessMainPhase(TestCaseExecutor.java:404)
	at com.kms.katalon.core.main.TestCaseExecutor.execute(TestCaseExecutor.java:281)
	at com.kms.katalon.core.main.TestSuiteExecutor.accessTestCaseMainPhase(TestSuiteExecutor.java:202)
	at com.kms.katalon.core.main.TestSuiteExecutor.accessTestSuiteMainPhase(TestSuiteExecutor.java:164)
	at com.kms.katalon.core.main.TestSuiteExecutor.execute(TestSuiteExecutor.java:105)
	at com.kms.katalon.core.main.TestCaseMain.startTestSuite(TestCaseMain.java:185)
	at com.kms.katalon.core.main.TestCaseMain$startTestSuite$0.call(Unknown Source)
	at TempTestSuite1652774665794.run(TempTestSuite1652774665794.groovy:36)
Caused by: org.openqa.selenium.StaleElementReferenceException: Cached elements 'By.xpath: //hierarchy/android.widget.FrameLayout[1]/android.widget.LinearLayout[1]/android.widget.FrameLayout[1]/android.widget.FrameLayout[1]/android.view.View[1]/android.view.View[1]/android.view.View[1]/android.view.View[1]/android.widget.EditText[1]' do not exist in DOM anymore
For documentation on this error, please visit: https://www.seleniumhq.org/exceptions/stale_element_reference.html
Build info: version: '3.141.59', revision: 'e82be7d358', time: '2018-11-14T08:25:53'
System info: host: 'SALSABILA', ip: '192.168.200.173', os.name: 'Windows 10', os.arch: 'amd64', os.version: '10.0', java.version: '1.8.0_282'
Driver info: com.kms.katalon.core.appium.driver.SwipeableAndroidDriver
Capabilities {appActivity: .Settings, appPackage: com.android.settings, autoGrantPermissions: true, automationName: uiautomator2, chromedriverPort: 59549, databaseEnabled: false, desired: {appActivity: .Settings, appPackage: com.android.settings, autoGrantPermissions: true, automationName: uiautomator2, chromedriverPort: 59549, deviceName: Xiaomi M2003J15SC (Android 11), newCommandTimeout: 1800, platform: ANDROID, platformName: android, platformVersion: 11, systemPort: 8281, udid: aeebca410407}, deviceApiLevel: 30, deviceManufacturer: Xiaomi, deviceModel: M2003J15SC, deviceName: aeebca410407, deviceScreenDensity: 352, deviceScreenSize: 1080x2340, deviceUDID: aeebca410407, javascriptEnabled: true, locationContextEnabled: false, networkConnectionEnabled: true, newCommandTimeout: 1800, pixelRatio: 2.2, platform: ANDROID, platformName: Android, platformVersion: 11, statBarHeight: 100, systemPort: 8281, takesScreenshot: true, udid: aeebca410407, viewportRect: {height: 2036, left: 0, top: 100, width: 1080}, warnings: {}, webStorageEnabled: false}
Session ID: ab33a8e3-6e8e-47b4-ad55-358bcf7d1345
	at org.openqa.selenium.remote.http.W3CHttpResponseCodec.createException(W3CHttpResponseCodec.java:187)
	at org.openqa.selenium.remote.http.W3CHttpResponseCodec.decode(W3CHttpResponseCodec.java:122)
	at org.openqa.selenium.remote.http.W3CHttpResponseCodec.decode(W3CHttpResponseCodec.java:49)
	at org.openqa.selenium.remote.HttpCommandExecutor.execute(HttpCommandExecutor.java:158)
	at io.appium.java_client.remote.AppiumCommandExecutor.execute(AppiumCommandExecutor.java:239)
	at org.openqa.selenium.remote.RemoteWebDriver.execute(RemoteWebDriver.java:552)
	at io.appium.java_client.DefaultGenericMobileDriver.execute(DefaultGenericMobileDriver.java:42)
	at io.appium.java_client.AppiumDriver.execute(AppiumDriver.java:1)
	at io.appium.java_client.android.AndroidDriver.execute(AndroidDriver.java:1)
	at com.kms.katalon.core.appium.driver.SwipeableAndroidDriver.execute(SwipeableAndroidDriver.java:1)
	at org.openqa.selenium.remote.RemoteWebElement.execute(RemoteWebElement.java:285)
	at io.appium.java_client.DefaultGenericMobileElement.execute(DefaultGenericMobileElement.java:45)
	at io.appium.java_client.MobileElement.execute(MobileElement.java:1)
	at io.appium.java_client.android.AndroidElement.execute(AndroidElement.java:1)
	at org.openqa.selenium.remote.RemoteWebElement.getLocation(RemoteWebElement.java:337)
	at org.openqa.selenium.WebElement$getLocation.call(Unknown Source)
	at com.kms.katalon.core.mobile.keyword.internal.MobileAbstractKeyword.findElement(MobileAbstractKeyword.groovy:86)
	at com.kms.katalon.core.mobile.keyword.builtin.VerifyElementVisibleKeyword.access$1(VerifyElementVisibleKeyword.groovy)
	at com.kms.katalon.core.mobile.keyword.builtin.VerifyElementVisibleKeyword$_verifyElementVisible_closure1.doCall(VerifyElementVisibleKeyword.groovy:72)
	at com.kms.katalon.core.mobile.keyword.builtin.VerifyElementVisibleKeyword$_verifyElementVisible_closure1.call(VerifyElementVisibleKeyword.groovy)
	at com.kms.katalon.core.mobile.keyword.internal.MobileKeywordMain.runKeyword(MobileKeywordMain.groovy:21)
	... 19 more]]></system-err>
      </testcase>
      <testcase name="Test Cases/MOBILE/Auth/Login" time="276.838" classname="Test Cases/MOBILE/Auth/Login" status="FAILED">
         <failure type="FAILED" message="Test Cases/MOBILE/Auth/Login FAILED.
Reason:
com.kms.katalon.core.exception.StepFailedException: Element 'Object Repository/MOBILE/Auth/Login/android.widget.EditText - Email' not found
	at com.kms.katalon.core.keyword.internal.KeywordMain.stepFailed(KeywordMain.groovy:39)
	at com.kms.katalon.core.mobile.keyword.internal.MobileKeywordMain.stepFailed(MobileKeywordMain.groovy:40)
	at com.kms.katalon.core.mobile.keyword.builtin.VerifyElementVisibleKeyword$_verifyElementVisible_closure1.doCall(VerifyElementVisibleKeyword.groovy:82)
	at com.kms.katalon.core.mobile.keyword.builtin.VerifyElementVisibleKeyword$_verifyElementVisible_closure1.call(VerifyElementVisibleKeyword.groovy)
	at com.kms.katalon.core.mobile.keyword.internal.MobileKeywordMain.runKeyword(MobileKeywordMain.groovy:21)
	at com.kms.katalon.core.mobile.keyword.builtin.VerifyElementVisibleKeyword.verifyElementVisible(VerifyElementVisibleKeyword.groovy:85)
	at com.kms.katalon.core.mobile.keyword.builtin.VerifyElementVisibleKeyword.execute(VerifyElementVisibleKeyword.groovy:64)
	at com.kms.katalon.core.keyword.internal.KeywordExecutor.executeKeywordForPlatform(KeywordExecutor.groovy:74)
	at com.kms.katalon.core.mobile.keyword.MobileBuiltInKeywords.verifyElementVisible(MobileBuiltInKeywords.groovy:1880)
	at com.kms.katalon.core.mobile.keyword.MobileBuiltInKeywords$verifyElementVisible$3.call(Unknown Source)
	at Login.run(Login:44)
	at com.kms.katalon.core.main.ScriptEngine.run(ScriptEngine.java:194)
	at com.kms.katalon.core.main.ScriptEngine.runScriptAsRawText(ScriptEngine.java:119)
	at com.kms.katalon.core.main.TestCaseExecutor.runScript(TestCaseExecutor.java:442)
	at com.kms.katalon.core.main.TestCaseExecutor.doExecute(TestCaseExecutor.java:433)
	at com.kms.katalon.core.main.TestCaseExecutor.processExecutionPhase(TestCaseExecutor.java:412)
	at com.kms.katalon.core.main.TestCaseExecutor.accessMainPhase(TestCaseExecutor.java:404)
	at com.kms.katalon.core.main.TestCaseExecutor.execute(TestCaseExecutor.java:281)
	at com.kms.katalon.core.main.TestSuiteExecutor.accessTestCaseMainPhase(TestSuiteExecutor.java:202)
	at com.kms.katalon.core.main.TestSuiteExecutor.accessTestSuiteMainPhase(TestSuiteExecutor.java:164)
	at com.kms.katalon.core.main.TestSuiteExecutor.execute(TestSuiteExecutor.java:105)
	at com.kms.katalon.core.main.TestCaseMain.startTestSuite(TestCaseMain.java:185)
	at com.kms.katalon.core.main.TestCaseMain$startTestSuite$0.call(Unknown Source)
	at TempTestSuite1652774665794.run(TempTestSuite1652774665794.groovy:36)
"/>
         <system-out><![CDATA[2022-05-17 15:08:31 - [TEST_CASE][FAILED] - Test Cases/MOBILE/Auth/Login: Test Cases/MOBILE/Auth/Login FAILED.
Reason:
com.kms.katalon.core.exception.StepFailedException: Element 'Object Repository/MOBILE/Auth/Login/android.widget.EditText - Email' not found
	at com.kms.katalon.core.keyword.internal.KeywordMain.stepFailed(KeywordMain.groovy:39)
	at com.kms.katalon.core.mobile.keyword.internal.MobileKeywordMain.stepFailed(MobileKeywordMain.groovy:40)
	at com.kms.katalon.core.mobile.keyword.builtin.VerifyElementVisibleKeyword$_verifyElementVisible_closure1.doCall(VerifyElementVisibleKeyword.groovy:82)
	at com.kms.katalon.core.mobile.keyword.builtin.VerifyElementVisibleKeyword$_verifyElementVisible_closure1.call(VerifyElementVisibleKeyword.groovy)
	at com.kms.katalon.core.mobile.keyword.internal.MobileKeywordMain.runKeyword(MobileKeywordMain.groovy:21)
	at com.kms.katalon.core.mobile.keyword.builtin.VerifyElementVisibleKeyword.verifyElementVisible(VerifyElementVisibleKeyword.groovy:85)
	at com.kms.katalon.core.mobile.keyword.builtin.VerifyElementVisibleKeyword.execute(VerifyElementVisibleKeyword.groovy:64)
	at com.kms.katalon.core.keyword.internal.KeywordExecutor.executeKeywordForPlatform(KeywordExecutor.groovy:74)
	at com.kms.katalon.core.mobile.keyword.MobileBuiltInKeywords.verifyElementVisible(MobileBuiltInKeywords.groovy:1880)
	at com.kms.katalon.core.mobile.keyword.MobileBuiltInKeywords$verifyElementVisible$3.call(Unknown Source)
	at Login.run(Login:44)
	at com.kms.katalon.core.main.ScriptEngine.run(ScriptEngine.java:194)
	at com.kms.katalon.core.main.ScriptEngine.runScriptAsRawText(ScriptEngine.java:119)
	at com.kms.katalon.core.main.TestCaseExecutor.runScript(TestCaseExecutor.java:442)
	at com.kms.katalon.core.main.TestCaseExecutor.doExecute(TestCaseExecutor.java:433)
	at com.kms.katalon.core.main.TestCaseExecutor.processExecutionPhase(TestCaseExecutor.java:412)
	at com.kms.katalon.core.main.TestCaseExecutor.accessMainPhase(TestCaseExecutor.java:404)
	at com.kms.katalon.core.main.TestCaseExecutor.execute(TestCaseExecutor.java:281)
	at com.kms.katalon.core.main.TestSuiteExecutor.accessTestCaseMainPhase(TestSuiteExecutor.java:202)
	at com.kms.katalon.core.main.TestSuiteExecutor.accessTestSuiteMainPhase(TestSuiteExecutor.java:164)
	at com.kms.katalon.core.main.TestSuiteExecutor.execute(TestSuiteExecutor.java:105)
	at com.kms.katalon.core.main.TestCaseMain.startTestSuite(TestCaseMain.java:185)
	at com.kms.katalon.core.main.TestCaseMain$startTestSuite$0.call(Unknown Source)
	at TempTestSuite1652774665794.run(TempTestSuite1652774665794.groovy:36)


2022-05-17 15:08:31 - [TEST_STEP][FAILED] - for ([i = 1, i <= 7, (i++)]): null

2022-05-17 15:08:31 - [TEST_STEP][PASSED] - startExistingApplication("com.example.frontend_mobile"): Starting app with application ID: 'com.example.frontend_mobile'

2022-05-17 15:08:33 - [MESSAGE][INFO] - Appium server started on port 59,931

2022-05-17 15:08:44 - [MESSAGE][PASSED] - Starting app with application ID: 'com.example.frontend_mobile'

2022-05-17 15:08:44 - [TEST_STEP][PASSED] - delay(7, CONTINUE_ON_FAILURE): Delayed 7 second(s)

2022-05-17 15:08:51 - [MESSAGE][PASSED] - Delayed 7 second(s)

2022-05-17 15:08:51 - [TEST_STEP][PASSED] - tap(findTestObject("MOBILE/Auth/Login/android.widget.Button - Login"), 0): Tapped on element 'Object Repository/MOBILE/Auth/Login/android.widget.Button - Login'

2022-05-17 15:08:52 - [MESSAGE][WARNING] - Timeout '0' is invalid. Using default page load timeout: '30'

2022-05-17 15:08:53 - [MESSAGE][PASSED] - Tapped on element 'Object Repository/MOBILE/Auth/Login/android.widget.Button - Login'

2022-05-17 15:08:53 - [TEST_STEP][PASSED] - tap(findTestObject("MOBILE/Auth/Login/android.widget.EditText - Email"), 0): Tapped on element 'Object Repository/MOBILE/Auth/Login/android.widget.EditText - Email'

2022-05-17 15:08:53 - [MESSAGE][WARNING] - Timeout '0' is invalid. Using default page load timeout: '30'

2022-05-17 15:08:55 - [MESSAGE][PASSED] - Tapped on element 'Object Repository/MOBILE/Auth/Login/android.widget.EditText - Email'

2022-05-17 15:08:55 - [TEST_STEP][PASSED] - setText(findTestObject("MOBILE/Auth/Login/android.widget.EditText - Email"), findTestData("WEB/Login").getValue(1, i), 0): Text '' has been set to element 'Object Repository/MOBILE/Auth/Login/android.widget.EditText - Email'

2022-05-17 15:08:55 - [MESSAGE][WARNING] - Timeout '0' is invalid. Using default page load timeout: '30'

2022-05-17 15:08:56 - [MESSAGE][PASSED] - Text '' has been set to element 'Object Repository/MOBILE/Auth/Login/android.widget.EditText - Email'

2022-05-17 15:08:56 - [TEST_STEP][PASSED] - tap(findTestObject("MOBILE/Auth/Login/android.widget.EditText - Password"), 0): Tapped on element 'Object Repository/MOBILE/Auth/Login/android.widget.EditText - Password'

2022-05-17 15:08:56 - [MESSAGE][WARNING] - Timeout '0' is invalid. Using default page load timeout: '30'

2022-05-17 15:08:56 - [MESSAGE][PASSED] - Tapped on element 'Object Repository/MOBILE/Auth/Login/android.widget.EditText - Password'

2022-05-17 15:08:56 - [TEST_STEP][PASSED] - setText(findTestObject("MOBILE/Auth/Login/android.widget.EditText - Password"), findTestData("WEB/Login").getValue(2, i), 0): Text '' has been set to element 'Object Repository/MOBILE/Auth/Login/android.widget.EditText - Password'

2022-05-17 15:08:56 - [MESSAGE][WARNING] - Timeout '0' is invalid. Using default page load timeout: '30'

2022-05-17 15:08:57 - [MESSAGE][PASSED] - Text '' has been set to element 'Object Repository/MOBILE/Auth/Login/android.widget.EditText - Password'

2022-05-17 15:08:57 - [TEST_STEP][PASSED] - pressBack(): Press back button successfully

2022-05-17 15:08:57 - [MESSAGE][PASSED] - Press back button successfully

2022-05-17 15:08:57 - [TEST_STEP][PASSED] - tap(findTestObject("MOBILE/Auth/Login/android.widget.Button - Login Button"), 0): Tapped on element 'Object Repository/MOBILE/Auth/Login/android.widget.Button - Login Button'

2022-05-17 15:08:58 - [MESSAGE][WARNING] - Timeout '0' is invalid. Using default page load timeout: '30'

2022-05-17 15:08:59 - [MESSAGE][PASSED] - Tapped on element 'Object Repository/MOBILE/Auth/Login/android.widget.Button - Login Button'

2022-05-17 15:08:59 - [TEST_STEP][PASSED] - delay(3, CONTINUE_ON_FAILURE): Delayed 3 second(s)

2022-05-17 15:09:02 - [MESSAGE][PASSED] - Delayed 3 second(s)

2022-05-17 15:09:02 - [TEST_STEP][PASSED] - if (findTestData("WEB/Login").getValue(3, i) == "negative"): Element 'Object Repository/MOBILE/Auth/Login/android.widget.EditText - Email' is visible

2022-05-17 15:09:02 - [TEST_STEP][PASSED] - verifyElementVisible(findTestObject("MOBILE/Auth/Login/android.widget.EditText - Email"), 0, CONTINUE_ON_FAILURE): Element 'Object Repository/MOBILE/Auth/Login/android.widget.EditText - Email' is visible

2022-05-17 15:09:02 - [MESSAGE][WARNING] - Timeout '0' is invalid. Using default page load timeout: '30'

2022-05-17 15:09:02 - [MESSAGE][PASSED] - Element 'Object Repository/MOBILE/Auth/Login/android.widget.EditText - Email' is visible

2022-05-17 15:09:02 - [TEST_STEP][PASSED] - pressBack(): Press back button successfully

2022-05-17 15:09:03 - [MESSAGE][PASSED] - Press back button successfully

2022-05-17 15:09:03 - [TEST_STEP][PASSED] - closeApplication(): Close app successfully

2022-05-17 15:09:03 - [MESSAGE][PASSED] - Close app successfully

2022-05-17 15:09:03 - [TEST_STEP][PASSED] - startExistingApplication("com.example.frontend_mobile"): Starting app with application ID: 'com.example.frontend_mobile'

2022-05-17 15:09:05 - [MESSAGE][INFO] - Appium server started on port 60,120

2022-05-17 15:09:16 - [MESSAGE][PASSED] - Starting app with application ID: 'com.example.frontend_mobile'

2022-05-17 15:09:16 - [TEST_STEP][PASSED] - delay(7, CONTINUE_ON_FAILURE): Delayed 7 second(s)

2022-05-17 15:09:23 - [MESSAGE][PASSED] - Delayed 7 second(s)

2022-05-17 15:09:23 - [TEST_STEP][PASSED] - tap(findTestObject("MOBILE/Auth/Login/android.widget.Button - Login"), 0): Tapped on element 'Object Repository/MOBILE/Auth/Login/android.widget.Button - Login'

2022-05-17 15:09:23 - [MESSAGE][WARNING] - Timeout '0' is invalid. Using default page load timeout: '30'

2022-05-17 15:09:24 - [MESSAGE][PASSED] - Tapped on element 'Object Repository/MOBILE/Auth/Login/android.widget.Button - Login'

2022-05-17 15:09:24 - [TEST_STEP][PASSED] - tap(findTestObject("MOBILE/Auth/Login/android.widget.EditText - Email"), 0): Tapped on element 'Object Repository/MOBILE/Auth/Login/android.widget.EditText - Email'

2022-05-17 15:09:24 - [MESSAGE][WARNING] - Timeout '0' is invalid. Using default page load timeout: '30'

2022-05-17 15:09:25 - [MESSAGE][PASSED] - Tapped on element 'Object Repository/MOBILE/Auth/Login/android.widget.EditText - Email'

2022-05-17 15:09:25 - [TEST_STEP][PASSED] - setText(findTestObject("MOBILE/Auth/Login/android.widget.EditText - Email"), findTestData("WEB/Login").getValue(1, i), 0): Text '' has been set to element 'Object Repository/MOBILE/Auth/Login/android.widget.EditText - Email'

2022-05-17 15:09:25 - [MESSAGE][WARNING] - Timeout '0' is invalid. Using default page load timeout: '30'

2022-05-17 15:09:27 - [MESSAGE][PASSED] - Text '' has been set to element 'Object Repository/MOBILE/Auth/Login/android.widget.EditText - Email'

2022-05-17 15:09:27 - [TEST_STEP][PASSED] - tap(findTestObject("MOBILE/Auth/Login/android.widget.EditText - Password"), 0): Tapped on element 'Object Repository/MOBILE/Auth/Login/android.widget.EditText - Password'

2022-05-17 15:09:27 - [MESSAGE][WARNING] - Timeout '0' is invalid. Using default page load timeout: '30'

2022-05-17 15:09:27 - [MESSAGE][PASSED] - Tapped on element 'Object Repository/MOBILE/Auth/Login/android.widget.EditText - Password'

2022-05-17 15:09:27 - [TEST_STEP][PASSED] - setText(findTestObject("MOBILE/Auth/Login/android.widget.EditText - Password"), findTestData("WEB/Login").getValue(2, i), 0): Text 'salsabila' has been set to element 'Object Repository/MOBILE/Auth/Login/android.widget.EditText - Password'

2022-05-17 15:09:27 - [MESSAGE][WARNING] - Timeout '0' is invalid. Using default page load timeout: '30'

2022-05-17 15:09:28 - [MESSAGE][PASSED] - Text 'salsabila' has been set to element 'Object Repository/MOBILE/Auth/Login/android.widget.EditText - Password'

2022-05-17 15:09:28 - [TEST_STEP][PASSED] - pressBack(): Press back button successfully

2022-05-17 15:09:29 - [MESSAGE][PASSED] - Press back button successfully

2022-05-17 15:09:29 - [TEST_STEP][PASSED] - tap(findTestObject("MOBILE/Auth/Login/android.widget.Button - Login Button"), 0): Tapped on element 'Object Repository/MOBILE/Auth/Login/android.widget.Button - Login Button'

2022-05-17 15:09:29 - [MESSAGE][WARNING] - Timeout '0' is invalid. Using default page load timeout: '30'

2022-05-17 15:09:31 - [MESSAGE][PASSED] - Tapped on element 'Object Repository/MOBILE/Auth/Login/android.widget.Button - Login Button'

2022-05-17 15:09:31 - [TEST_STEP][PASSED] - delay(3, CONTINUE_ON_FAILURE): Delayed 3 second(s)

2022-05-17 15:09:34 - [MESSAGE][PASSED] - Delayed 3 second(s)

2022-05-17 15:09:34 - [TEST_STEP][PASSED] - if (findTestData("WEB/Login").getValue(3, i) == "negative"): Element 'Object Repository/MOBILE/Auth/Login/android.widget.EditText - Email' is visible

2022-05-17 15:09:34 - [TEST_STEP][PASSED] - verifyElementVisible(findTestObject("MOBILE/Auth/Login/android.widget.EditText - Email"), 0, CONTINUE_ON_FAILURE): Element 'Object Repository/MOBILE/Auth/Login/android.widget.EditText - Email' is visible

2022-05-17 15:09:34 - [MESSAGE][WARNING] - Timeout '0' is invalid. Using default page load timeout: '30'

2022-05-17 15:09:35 - [MESSAGE][PASSED] - Element 'Object Repository/MOBILE/Auth/Login/android.widget.EditText - Email' is visible

2022-05-17 15:09:35 - [TEST_STEP][PASSED] - pressBack(): Press back button successfully

2022-05-17 15:09:35 - [MESSAGE][PASSED] - Press back button successfully

2022-05-17 15:09:35 - [TEST_STEP][PASSED] - closeApplication(): Close app successfully

2022-05-17 15:09:35 - [MESSAGE][PASSED] - Close app successfully

2022-05-17 15:09:35 - [TEST_STEP][PASSED] - startExistingApplication("com.example.frontend_mobile"): Starting app with application ID: 'com.example.frontend_mobile'

2022-05-17 15:09:37 - [MESSAGE][INFO] - Appium server started on port 60,310

2022-05-17 15:09:49 - [MESSAGE][PASSED] - Starting app with application ID: 'com.example.frontend_mobile'

2022-05-17 15:09:49 - [TEST_STEP][PASSED] - delay(7, CONTINUE_ON_FAILURE): Delayed 7 second(s)

2022-05-17 15:09:56 - [MESSAGE][PASSED] - Delayed 7 second(s)

2022-05-17 15:09:56 - [TEST_STEP][PASSED] - tap(findTestObject("MOBILE/Auth/Login/android.widget.Button - Login"), 0): Tapped on element 'Object Repository/MOBILE/Auth/Login/android.widget.Button - Login'

2022-05-17 15:09:56 - [MESSAGE][WARNING] - Timeout '0' is invalid. Using default page load timeout: '30'

2022-05-17 15:09:57 - [MESSAGE][PASSED] - Tapped on element 'Object Repository/MOBILE/Auth/Login/android.widget.Button - Login'

2022-05-17 15:09:57 - [TEST_STEP][PASSED] - tap(findTestObject("MOBILE/Auth/Login/android.widget.EditText - Email"), 0): Tapped on element 'Object Repository/MOBILE/Auth/Login/android.widget.EditText - Email'

2022-05-17 15:09:57 - [MESSAGE][WARNING] - Timeout '0' is invalid. Using default page load timeout: '30'

2022-05-17 15:09:59 - [MESSAGE][PASSED] - Tapped on element 'Object Repository/MOBILE/Auth/Login/android.widget.EditText - Email'

2022-05-17 15:09:59 - [TEST_STEP][PASSED] - setText(findTestObject("MOBILE/Auth/Login/android.widget.EditText - Email"), findTestData("WEB/Login").getValue(1, i), 0): Text 'salsabila@gmail.com' has been set to element 'Object Repository/MOBILE/Auth/Login/android.widget.EditText - Email'

2022-05-17 15:09:59 - [MESSAGE][WARNING] - Timeout '0' is invalid. Using default page load timeout: '30'

2022-05-17 15:10:00 - [MESSAGE][PASSED] - Text 'salsabila@gmail.com' has been set to element 'Object Repository/MOBILE/Auth/Login/android.widget.EditText - Email'

2022-05-17 15:10:00 - [TEST_STEP][PASSED] - tap(findTestObject("MOBILE/Auth/Login/android.widget.EditText - Password"), 0): Tapped on element 'Object Repository/MOBILE/Auth/Login/android.widget.EditText - Password'

2022-05-17 15:10:00 - [MESSAGE][WARNING] - Timeout '0' is invalid. Using default page load timeout: '30'

2022-05-17 15:10:03 - [MESSAGE][PASSED] - Tapped on element 'Object Repository/MOBILE/Auth/Login/android.widget.EditText - Password'

2022-05-17 15:10:03 - [TEST_STEP][PASSED] - setText(findTestObject("MOBILE/Auth/Login/android.widget.EditText - Password"), findTestData("WEB/Login").getValue(2, i), 0): Text '' has been set to element 'Object Repository/MOBILE/Auth/Login/android.widget.EditText - Password'

2022-05-17 15:10:03 - [MESSAGE][WARNING] - Timeout '0' is invalid. Using default page load timeout: '30'

2022-05-17 15:10:04 - [MESSAGE][PASSED] - Text '' has been set to element 'Object Repository/MOBILE/Auth/Login/android.widget.EditText - Password'

2022-05-17 15:10:04 - [TEST_STEP][PASSED] - pressBack(): Press back button successfully

2022-05-17 15:10:04 - [MESSAGE][PASSED] - Press back button successfully

2022-05-17 15:10:04 - [TEST_STEP][PASSED] - tap(findTestObject("MOBILE/Auth/Login/android.widget.Button - Login Button"), 0): Tapped on element 'Object Repository/MOBILE/Auth/Login/android.widget.Button - Login Button'

2022-05-17 15:10:04 - [MESSAGE][WARNING] - Timeout '0' is invalid. Using default page load timeout: '30'

2022-05-17 15:10:07 - [MESSAGE][PASSED] - Tapped on element 'Object Repository/MOBILE/Auth/Login/android.widget.Button - Login Button'

2022-05-17 15:10:07 - [TEST_STEP][PASSED] - delay(3, CONTINUE_ON_FAILURE): Delayed 3 second(s)

2022-05-17 15:10:10 - [MESSAGE][PASSED] - Delayed 3 second(s)

2022-05-17 15:10:10 - [TEST_STEP][PASSED] - if (findTestData("WEB/Login").getValue(3, i) == "negative"): Element 'Object Repository/MOBILE/Auth/Login/android.widget.EditText - Email' is visible

2022-05-17 15:10:10 - [TEST_STEP][PASSED] - verifyElementVisible(findTestObject("MOBILE/Auth/Login/android.widget.EditText - Email"), 0, CONTINUE_ON_FAILURE): Element 'Object Repository/MOBILE/Auth/Login/android.widget.EditText - Email' is visible

2022-05-17 15:10:10 - [MESSAGE][WARNING] - Timeout '0' is invalid. Using default page load timeout: '30'

2022-05-17 15:10:11 - [MESSAGE][PASSED] - Element 'Object Repository/MOBILE/Auth/Login/android.widget.EditText - Email' is visible

2022-05-17 15:10:11 - [TEST_STEP][PASSED] - pressBack(): Press back button successfully

2022-05-17 15:10:12 - [MESSAGE][PASSED] - Press back button successfully

2022-05-17 15:10:12 - [TEST_STEP][PASSED] - closeApplication(): Close app successfully

2022-05-17 15:10:12 - [MESSAGE][PASSED] - Close app successfully

2022-05-17 15:10:12 - [TEST_STEP][PASSED] - startExistingApplication("com.example.frontend_mobile"): Starting app with application ID: 'com.example.frontend_mobile'

2022-05-17 15:10:15 - [MESSAGE][INFO] - Appium server started on port 60,501

2022-05-17 15:10:29 - [MESSAGE][PASSED] - Starting app with application ID: 'com.example.frontend_mobile'

2022-05-17 15:10:29 - [TEST_STEP][PASSED] - delay(7, CONTINUE_ON_FAILURE): Delayed 7 second(s)

2022-05-17 15:10:36 - [MESSAGE][PASSED] - Delayed 7 second(s)

2022-05-17 15:10:36 - [TEST_STEP][PASSED] - tap(findTestObject("MOBILE/Auth/Login/android.widget.Button - Login"), 0): Tapped on element 'Object Repository/MOBILE/Auth/Login/android.widget.Button - Login'

2022-05-17 15:10:36 - [MESSAGE][WARNING] - Timeout '0' is invalid. Using default page load timeout: '30'

2022-05-17 15:10:38 - [MESSAGE][PASSED] - Tapped on element 'Object Repository/MOBILE/Auth/Login/android.widget.Button - Login'

2022-05-17 15:10:38 - [TEST_STEP][PASSED] - tap(findTestObject("MOBILE/Auth/Login/android.widget.EditText - Email"), 0): Tapped on element 'Object Repository/MOBILE/Auth/Login/android.widget.EditText - Email'

2022-05-17 15:10:38 - [MESSAGE][WARNING] - Timeout '0' is invalid. Using default page load timeout: '30'

2022-05-17 15:10:39 - [MESSAGE][PASSED] - Tapped on element 'Object Repository/MOBILE/Auth/Login/android.widget.EditText - Email'

2022-05-17 15:10:39 - [TEST_STEP][PASSED] - setText(findTestObject("MOBILE/Auth/Login/android.widget.EditText - Email"), findTestData("WEB/Login").getValue(1, i), 0): Text 'salsabila@gmail.com' has been set to element 'Object Repository/MOBILE/Auth/Login/android.widget.EditText - Email'

2022-05-17 15:10:39 - [MESSAGE][WARNING] - Timeout '0' is invalid. Using default page load timeout: '30'

2022-05-17 15:10:40 - [MESSAGE][PASSED] - Text 'salsabila@gmail.com' has been set to element 'Object Repository/MOBILE/Auth/Login/android.widget.EditText - Email'

2022-05-17 15:10:40 - [TEST_STEP][PASSED] - tap(findTestObject("MOBILE/Auth/Login/android.widget.EditText - Password"), 0): Tapped on element 'Object Repository/MOBILE/Auth/Login/android.widget.EditText - Password'

2022-05-17 15:10:40 - [MESSAGE][WARNING] - Timeout '0' is invalid. Using default page load timeout: '30'

2022-05-17 15:10:42 - [MESSAGE][PASSED] - Tapped on element 'Object Repository/MOBILE/Auth/Login/android.widget.EditText - Password'

2022-05-17 15:10:42 - [TEST_STEP][PASSED] - setText(findTestObject("MOBILE/Auth/Login/android.widget.EditText - Password"), findTestData("WEB/Login").getValue(2, i), 0): Text 'bila' has been set to element 'Object Repository/MOBILE/Auth/Login/android.widget.EditText - Password'

2022-05-17 15:10:42 - [MESSAGE][WARNING] - Timeout '0' is invalid. Using default page load timeout: '30'

2022-05-17 15:10:43 - [MESSAGE][PASSED] - Text 'bila' has been set to element 'Object Repository/MOBILE/Auth/Login/android.widget.EditText - Password'

2022-05-17 15:10:43 - [TEST_STEP][PASSED] - pressBack(): Press back button successfully

2022-05-17 15:10:43 - [MESSAGE][PASSED] - Press back button successfully

2022-05-17 15:10:43 - [TEST_STEP][PASSED] - tap(findTestObject("MOBILE/Auth/Login/android.widget.Button - Login Button"), 0): Tapped on element 'Object Repository/MOBILE/Auth/Login/android.widget.Button - Login Button'

2022-05-17 15:10:43 - [MESSAGE][WARNING] - Timeout '0' is invalid. Using default page load timeout: '30'

2022-05-17 15:10:44 - [MESSAGE][PASSED] - Tapped on element 'Object Repository/MOBILE/Auth/Login/android.widget.Button - Login Button'

2022-05-17 15:10:44 - [TEST_STEP][PASSED] - delay(3, CONTINUE_ON_FAILURE): Delayed 3 second(s)

2022-05-17 15:10:47 - [MESSAGE][PASSED] - Delayed 3 second(s)

2022-05-17 15:10:47 - [TEST_STEP][PASSED] - if (findTestData("WEB/Login").getValue(3, i) == "negative"): Element 'Object Repository/MOBILE/Auth/Login/android.widget.EditText - Email' is visible

2022-05-17 15:10:47 - [TEST_STEP][PASSED] - verifyElementVisible(findTestObject("MOBILE/Auth/Login/android.widget.EditText - Email"), 0, CONTINUE_ON_FAILURE): Element 'Object Repository/MOBILE/Auth/Login/android.widget.EditText - Email' is visible

2022-05-17 15:10:47 - [MESSAGE][WARNING] - Timeout '0' is invalid. Using default page load timeout: '30'

2022-05-17 15:10:48 - [MESSAGE][PASSED] - Element 'Object Repository/MOBILE/Auth/Login/android.widget.EditText - Email' is visible

2022-05-17 15:10:48 - [TEST_STEP][PASSED] - pressBack(): Press back button successfully

2022-05-17 15:10:48 - [MESSAGE][PASSED] - Press back button successfully

2022-05-17 15:10:48 - [TEST_STEP][PASSED] - closeApplication(): Close app successfully

2022-05-17 15:10:48 - [MESSAGE][PASSED] - Close app successfully

2022-05-17 15:10:48 - [TEST_STEP][PASSED] - startExistingApplication("com.example.frontend_mobile"): Starting app with application ID: 'com.example.frontend_mobile'

2022-05-17 15:10:50 - [MESSAGE][INFO] - Appium server started on port 60,695

2022-05-17 15:11:03 - [MESSAGE][PASSED] - Starting app with application ID: 'com.example.frontend_mobile'

2022-05-17 15:11:03 - [TEST_STEP][PASSED] - delay(7, CONTINUE_ON_FAILURE): Delayed 7 second(s)

2022-05-17 15:11:10 - [MESSAGE][PASSED] - Delayed 7 second(s)

2022-05-17 15:11:10 - [TEST_STEP][PASSED] - tap(findTestObject("MOBILE/Auth/Login/android.widget.Button - Login"), 0): Tapped on element 'Object Repository/MOBILE/Auth/Login/android.widget.Button - Login'

2022-05-17 15:11:10 - [MESSAGE][WARNING] - Timeout '0' is invalid. Using default page load timeout: '30'

2022-05-17 15:11:11 - [MESSAGE][PASSED] - Tapped on element 'Object Repository/MOBILE/Auth/Login/android.widget.Button - Login'

2022-05-17 15:11:11 - [TEST_STEP][PASSED] - tap(findTestObject("MOBILE/Auth/Login/android.widget.EditText - Email"), 0): Tapped on element 'Object Repository/MOBILE/Auth/Login/android.widget.EditText - Email'

2022-05-17 15:11:11 - [MESSAGE][WARNING] - Timeout '0' is invalid. Using default page load timeout: '30'

2022-05-17 15:11:12 - [MESSAGE][PASSED] - Tapped on element 'Object Repository/MOBILE/Auth/Login/android.widget.EditText - Email'

2022-05-17 15:11:12 - [TEST_STEP][PASSED] - setText(findTestObject("MOBILE/Auth/Login/android.widget.EditText - Email"), findTestData("WEB/Login").getValue(1, i), 0): Text 'salsabila0123@gmail.com' has been set to element 'Object Repository/MOBILE/Auth/Login/android.widget.EditText - Email'

2022-05-17 15:11:12 - [MESSAGE][WARNING] - Timeout '0' is invalid. Using default page load timeout: '30'

2022-05-17 15:11:15 - [MESSAGE][PASSED] - Text 'salsabila0123@gmail.com' has been set to element 'Object Repository/MOBILE/Auth/Login/android.widget.EditText - Email'

2022-05-17 15:11:15 - [TEST_STEP][PASSED] - tap(findTestObject("MOBILE/Auth/Login/android.widget.EditText - Password"), 0): Tapped on element 'Object Repository/MOBILE/Auth/Login/android.widget.EditText - Password'

2022-05-17 15:11:15 - [MESSAGE][WARNING] - Timeout '0' is invalid. Using default page load timeout: '30'

2022-05-17 15:11:16 - [MESSAGE][PASSED] - Tapped on element 'Object Repository/MOBILE/Auth/Login/android.widget.EditText - Password'

2022-05-17 15:11:16 - [TEST_STEP][PASSED] - setText(findTestObject("MOBILE/Auth/Login/android.widget.EditText - Password"), findTestData("WEB/Login").getValue(2, i), 0): Text 'salsabila' has been set to element 'Object Repository/MOBILE/Auth/Login/android.widget.EditText - Password'

2022-05-17 15:11:16 - [MESSAGE][WARNING] - Timeout '0' is invalid. Using default page load timeout: '30'

2022-05-17 15:11:18 - [MESSAGE][PASSED] - Text 'salsabila' has been set to element 'Object Repository/MOBILE/Auth/Login/android.widget.EditText - Password'

2022-05-17 15:11:18 - [TEST_STEP][PASSED] - pressBack(): Press back button successfully

2022-05-17 15:11:18 - [MESSAGE][PASSED] - Press back button successfully

2022-05-17 15:11:18 - [TEST_STEP][PASSED] - tap(findTestObject("MOBILE/Auth/Login/android.widget.Button - Login Button"), 0): Tapped on element 'Object Repository/MOBILE/Auth/Login/android.widget.Button - Login Button'

2022-05-17 15:11:19 - [MESSAGE][WARNING] - Timeout '0' is invalid. Using default page load timeout: '30'

2022-05-17 15:11:20 - [MESSAGE][PASSED] - Tapped on element 'Object Repository/MOBILE/Auth/Login/android.widget.Button - Login Button'

2022-05-17 15:11:20 - [TEST_STEP][PASSED] - delay(3, CONTINUE_ON_FAILURE): Delayed 3 second(s)

2022-05-17 15:11:23 - [MESSAGE][PASSED] - Delayed 3 second(s)

2022-05-17 15:11:23 - [TEST_STEP][PASSED] - if (findTestData("WEB/Login").getValue(3, i) == "negative"): Element 'Object Repository/MOBILE/Auth/Login/android.widget.EditText - Email' is visible

2022-05-17 15:11:23 - [TEST_STEP][PASSED] - verifyElementVisible(findTestObject("MOBILE/Auth/Login/android.widget.EditText - Email"), 0, CONTINUE_ON_FAILURE): Element 'Object Repository/MOBILE/Auth/Login/android.widget.EditText - Email' is visible

2022-05-17 15:11:23 - [MESSAGE][WARNING] - Timeout '0' is invalid. Using default page load timeout: '30'

2022-05-17 15:11:24 - [MESSAGE][PASSED] - Element 'Object Repository/MOBILE/Auth/Login/android.widget.EditText - Email' is visible

2022-05-17 15:11:24 - [TEST_STEP][PASSED] - pressBack(): Press back button successfully

2022-05-17 15:11:25 - [MESSAGE][PASSED] - Press back button successfully

2022-05-17 15:11:25 - [TEST_STEP][PASSED] - closeApplication(): Close app successfully

2022-05-17 15:11:25 - [MESSAGE][PASSED] - Close app successfully

2022-05-17 15:11:25 - [TEST_STEP][PASSED] - startExistingApplication("com.example.frontend_mobile"): Starting app with application ID: 'com.example.frontend_mobile'

2022-05-17 15:11:27 - [MESSAGE][INFO] - Appium server started on port 60,891

2022-05-17 15:11:40 - [MESSAGE][PASSED] - Starting app with application ID: 'com.example.frontend_mobile'

2022-05-17 15:11:40 - [TEST_STEP][PASSED] - delay(7, CONTINUE_ON_FAILURE): Delayed 7 second(s)

2022-05-17 15:11:47 - [MESSAGE][PASSED] - Delayed 7 second(s)

2022-05-17 15:11:47 - [TEST_STEP][PASSED] - tap(findTestObject("MOBILE/Auth/Login/android.widget.Button - Login"), 0): Tapped on element 'Object Repository/MOBILE/Auth/Login/android.widget.Button - Login'

2022-05-17 15:11:47 - [MESSAGE][WARNING] - Timeout '0' is invalid. Using default page load timeout: '30'

2022-05-17 15:11:48 - [MESSAGE][PASSED] - Tapped on element 'Object Repository/MOBILE/Auth/Login/android.widget.Button - Login'

2022-05-17 15:11:48 - [TEST_STEP][PASSED] - tap(findTestObject("MOBILE/Auth/Login/android.widget.EditText - Email"), 0): Tapped on element 'Object Repository/MOBILE/Auth/Login/android.widget.EditText - Email'

2022-05-17 15:11:49 - [MESSAGE][WARNING] - Timeout '0' is invalid. Using default page load timeout: '30'

2022-05-17 15:11:50 - [MESSAGE][PASSED] - Tapped on element 'Object Repository/MOBILE/Auth/Login/android.widget.EditText - Email'

2022-05-17 15:11:50 - [TEST_STEP][PASSED] - setText(findTestObject("MOBILE/Auth/Login/android.widget.EditText - Email"), findTestData("WEB/Login").getValue(1, i), 0): Text 'halosalsa' has been set to element 'Object Repository/MOBILE/Auth/Login/android.widget.EditText - Email'

2022-05-17 15:11:50 - [MESSAGE][WARNING] - Timeout '0' is invalid. Using default page load timeout: '30'

2022-05-17 15:11:51 - [MESSAGE][PASSED] - Text 'halosalsa' has been set to element 'Object Repository/MOBILE/Auth/Login/android.widget.EditText - Email'

2022-05-17 15:11:51 - [TEST_STEP][PASSED] - tap(findTestObject("MOBILE/Auth/Login/android.widget.EditText - Password"), 0): Tapped on element 'Object Repository/MOBILE/Auth/Login/android.widget.EditText - Password'

2022-05-17 15:11:51 - [MESSAGE][WARNING] - Timeout '0' is invalid. Using default page load timeout: '30'

2022-05-17 15:11:52 - [MESSAGE][PASSED] - Tapped on element 'Object Repository/MOBILE/Auth/Login/android.widget.EditText - Password'

2022-05-17 15:11:52 - [TEST_STEP][PASSED] - setText(findTestObject("MOBILE/Auth/Login/android.widget.EditText - Password"), findTestData("WEB/Login").getValue(2, i), 0): Text 'salsabila' has been set to element 'Object Repository/MOBILE/Auth/Login/android.widget.EditText - Password'

2022-05-17 15:11:52 - [MESSAGE][WARNING] - Timeout '0' is invalid. Using default page load timeout: '30'

2022-05-17 15:11:53 - [MESSAGE][PASSED] - Text 'salsabila' has been set to element 'Object Repository/MOBILE/Auth/Login/android.widget.EditText - Password'

2022-05-17 15:11:53 - [TEST_STEP][PASSED] - pressBack(): Press back button successfully

2022-05-17 15:11:55 - [MESSAGE][PASSED] - Press back button successfully

2022-05-17 15:11:55 - [TEST_STEP][PASSED] - tap(findTestObject("MOBILE/Auth/Login/android.widget.Button - Login Button"), 0): Tapped on element 'Object Repository/MOBILE/Auth/Login/android.widget.Button - Login Button'

2022-05-17 15:11:55 - [MESSAGE][WARNING] - Timeout '0' is invalid. Using default page load timeout: '30'

2022-05-17 15:11:56 - [MESSAGE][PASSED] - Tapped on element 'Object Repository/MOBILE/Auth/Login/android.widget.Button - Login Button'

2022-05-17 15:11:56 - [TEST_STEP][PASSED] - delay(3, CONTINUE_ON_FAILURE): Delayed 3 second(s)

2022-05-17 15:11:59 - [MESSAGE][PASSED] - Delayed 3 second(s)

2022-05-17 15:11:59 - [TEST_STEP][FAILED] - if (findTestData("WEB/Login").getValue(3, i) == "negative"): Element 'Object Repository/MOBILE/Auth/Login/android.widget.EditText - Email' not found

2022-05-17 15:11:59 - [TEST_STEP][FAILED] - verifyElementVisible(findTestObject("MOBILE/Auth/Login/android.widget.EditText - Email"), 0, CONTINUE_ON_FAILURE): Element 'Object Repository/MOBILE/Auth/Login/android.widget.EditText - Email' not found

2022-05-17 15:11:59 - [MESSAGE][WARNING] - Timeout '0' is invalid. Using default page load timeout: '30'

2022-05-17 15:12:30 - [MESSAGE][FAILED] - Element 'Object Repository/MOBILE/Auth/Login/android.widget.EditText - Email' not found
[[ATTACHMENT|F:\\1. UNNES\\6. Semester 6\\2 - MSIB\\final-project-qe-alta4\\final-project-qe-alta\\Reports\\20220517_150425\\MOBILE\\MOBILE\\20220517_150425\\1652775149558.png]]

2022-05-17 15:12:30 - [TEST_STEP][PASSED] - pressBack(): Press back button successfully

2022-05-17 15:12:31 - [MESSAGE][PASSED] - Press back button successfully

2022-05-17 15:12:31 - [TEST_STEP][PASSED] - closeApplication(): Close app successfully

2022-05-17 15:12:31 - [MESSAGE][PASSED] - Close app successfully

2022-05-17 15:12:31 - [TEST_STEP][PASSED] - startExistingApplication("com.example.frontend_mobile"): Starting app with application ID: 'com.example.frontend_mobile'

2022-05-17 15:12:34 - [MESSAGE][INFO] - Appium server started on port 61,090

2022-05-17 15:12:46 - [MESSAGE][PASSED] - Starting app with application ID: 'com.example.frontend_mobile'

2022-05-17 15:12:46 - [TEST_STEP][PASSED] - delay(7, CONTINUE_ON_FAILURE): Delayed 7 second(s)

2022-05-17 15:12:53 - [MESSAGE][PASSED] - Delayed 7 second(s)

2022-05-17 15:12:53 - [TEST_STEP][PASSED] - tap(findTestObject("MOBILE/Auth/Login/android.widget.Button - Login"), 0): Tapped on element 'Object Repository/MOBILE/Auth/Login/android.widget.Button - Login'

2022-05-17 15:12:53 - [MESSAGE][WARNING] - Timeout '0' is invalid. Using default page load timeout: '30'

2022-05-17 15:12:56 - [MESSAGE][PASSED] - Tapped on element 'Object Repository/MOBILE/Auth/Login/android.widget.Button - Login'

2022-05-17 15:12:56 - [TEST_STEP][PASSED] - tap(findTestObject("MOBILE/Auth/Login/android.widget.EditText - Email"), 0): Tapped on element 'Object Repository/MOBILE/Auth/Login/android.widget.EditText - Email'

2022-05-17 15:12:57 - [MESSAGE][WARNING] - Timeout '0' is invalid. Using default page load timeout: '30'

2022-05-17 15:12:59 - [MESSAGE][PASSED] - Tapped on element 'Object Repository/MOBILE/Auth/Login/android.widget.EditText - Email'

2022-05-17 15:12:59 - [TEST_STEP][PASSED] - setText(findTestObject("MOBILE/Auth/Login/android.widget.EditText - Email"), findTestData("WEB/Login").getValue(1, i), 0): Text 'salsabila@gmail.com' has been set to element 'Object Repository/MOBILE/Auth/Login/android.widget.EditText - Email'

2022-05-17 15:12:59 - [MESSAGE][WARNING] - Timeout '0' is invalid. Using default page load timeout: '30'

2022-05-17 15:12:59 - [MESSAGE][PASSED] - Text 'salsabila@gmail.com' has been set to element 'Object Repository/MOBILE/Auth/Login/android.widget.EditText - Email'

2022-05-17 15:12:59 - [TEST_STEP][PASSED] - tap(findTestObject("MOBILE/Auth/Login/android.widget.EditText - Password"), 0): Tapped on element 'Object Repository/MOBILE/Auth/Login/android.widget.EditText - Password'

2022-05-17 15:12:59 - [MESSAGE][WARNING] - Timeout '0' is invalid. Using default page load timeout: '30'

2022-05-17 15:13:00 - [MESSAGE][PASSED] - Tapped on element 'Object Repository/MOBILE/Auth/Login/android.widget.EditText - Password'

2022-05-17 15:13:00 - [TEST_STEP][PASSED] - setText(findTestObject("MOBILE/Auth/Login/android.widget.EditText - Password"), findTestData("WEB/Login").getValue(2, i), 0): Text 'salsabila' has been set to element 'Object Repository/MOBILE/Auth/Login/android.widget.EditText - Password'

2022-05-17 15:13:00 - [MESSAGE][WARNING] - Timeout '0' is invalid. Using default page load timeout: '30'

2022-05-17 15:13:01 - [MESSAGE][PASSED] - Text 'salsabila' has been set to element 'Object Repository/MOBILE/Auth/Login/android.widget.EditText - Password'

2022-05-17 15:13:01 - [TEST_STEP][PASSED] - pressBack(): Press back button successfully

2022-05-17 15:13:02 - [MESSAGE][PASSED] - Press back button successfully

2022-05-17 15:13:02 - [TEST_STEP][PASSED] - tap(findTestObject("MOBILE/Auth/Login/android.widget.Button - Login Button"), 0): Tapped on element 'Object Repository/MOBILE/Auth/Login/android.widget.Button - Login Button'

2022-05-17 15:13:02 - [MESSAGE][WARNING] - Timeout '0' is invalid. Using default page load timeout: '30'

2022-05-17 15:13:03 - [MESSAGE][PASSED] - Tapped on element 'Object Repository/MOBILE/Auth/Login/android.widget.Button - Login Button'

2022-05-17 15:13:03 - [TEST_STEP][PASSED] - delay(3, CONTINUE_ON_FAILURE): Delayed 3 second(s)

2022-05-17 15:13:06 - [MESSAGE][PASSED] - Delayed 3 second(s)

2022-05-17 15:13:06 - [TEST_STEP][PASSED] - if (findTestData("WEB/Login").getValue(3, i) == "negative"): null

2022-05-17 15:13:07 - [TEST_STEP][PASSED] - else: Element 'Object Repository/MOBILE/Auth/Login/android.widget.Button - Logout' is visible

2022-05-17 15:13:07 - [TEST_STEP][PASSED] - verifyElementVisible(findTestObject("MOBILE/Auth/Login/android.widget.Button - Logout"), 0, CONTINUE_ON_FAILURE): Element 'Object Repository/MOBILE/Auth/Login/android.widget.Button - Logout' is visible

2022-05-17 15:13:07 - [MESSAGE][WARNING] - Timeout '0' is invalid. Using default page load timeout: '30'

2022-05-17 15:13:07 - [MESSAGE][PASSED] - Element 'Object Repository/MOBILE/Auth/Login/android.widget.Button - Logout' is visible

2022-05-17 15:13:07 - [TEST_STEP][PASSED] - pressBack(): Press back button successfully

2022-05-17 15:13:07 - [MESSAGE][PASSED] - Press back button successfully

2022-05-17 15:13:07 - [TEST_STEP][PASSED] - closeApplication(): Close app successfully

2022-05-17 15:13:08 - [MESSAGE][PASSED] - Close app successfully]]></system-out>
         <system-err><![CDATA[2022-05-17 15:08:31 - [TEST_CASE][FAILED] - Test Cases/MOBILE/Auth/Login: Test Cases/MOBILE/Auth/Login FAILED.
Reason:
com.kms.katalon.core.exception.StepFailedException: Element 'Object Repository/MOBILE/Auth/Login/android.widget.EditText - Email' not found
	at com.kms.katalon.core.keyword.internal.KeywordMain.stepFailed(KeywordMain.groovy:39)
	at com.kms.katalon.core.mobile.keyword.internal.MobileKeywordMain.stepFailed(MobileKeywordMain.groovy:40)
	at com.kms.katalon.core.mobile.keyword.builtin.VerifyElementVisibleKeyword$_verifyElementVisible_closure1.doCall(VerifyElementVisibleKeyword.groovy:82)
	at com.kms.katalon.core.mobile.keyword.builtin.VerifyElementVisibleKeyword$_verifyElementVisible_closure1.call(VerifyElementVisibleKeyword.groovy)
	at com.kms.katalon.core.mobile.keyword.internal.MobileKeywordMain.runKeyword(MobileKeywordMain.groovy:21)
	at com.kms.katalon.core.mobile.keyword.builtin.VerifyElementVisibleKeyword.verifyElementVisible(VerifyElementVisibleKeyword.groovy:85)
	at com.kms.katalon.core.mobile.keyword.builtin.VerifyElementVisibleKeyword.execute(VerifyElementVisibleKeyword.groovy:64)
	at com.kms.katalon.core.keyword.internal.KeywordExecutor.executeKeywordForPlatform(KeywordExecutor.groovy:74)
	at com.kms.katalon.core.mobile.keyword.MobileBuiltInKeywords.verifyElementVisible(MobileBuiltInKeywords.groovy:1880)
	at com.kms.katalon.core.mobile.keyword.MobileBuiltInKeywords$verifyElementVisible$3.call(Unknown Source)
	at Login.run(Login:44)
	at com.kms.katalon.core.main.ScriptEngine.run(ScriptEngine.java:194)
	at com.kms.katalon.core.main.ScriptEngine.runScriptAsRawText(ScriptEngine.java:119)
	at com.kms.katalon.core.main.TestCaseExecutor.runScript(TestCaseExecutor.java:442)
	at com.kms.katalon.core.main.TestCaseExecutor.doExecute(TestCaseExecutor.java:433)
	at com.kms.katalon.core.main.TestCaseExecutor.processExecutionPhase(TestCaseExecutor.java:412)
	at com.kms.katalon.core.main.TestCaseExecutor.accessMainPhase(TestCaseExecutor.java:404)
	at com.kms.katalon.core.main.TestCaseExecutor.execute(TestCaseExecutor.java:281)
	at com.kms.katalon.core.main.TestSuiteExecutor.accessTestCaseMainPhase(TestSuiteExecutor.java:202)
	at com.kms.katalon.core.main.TestSuiteExecutor.accessTestSuiteMainPhase(TestSuiteExecutor.java:164)
	at com.kms.katalon.core.main.TestSuiteExecutor.execute(TestSuiteExecutor.java:105)
	at com.kms.katalon.core.main.TestCaseMain.startTestSuite(TestCaseMain.java:185)
	at com.kms.katalon.core.main.TestCaseMain$startTestSuite$0.call(Unknown Source)
	at TempTestSuite1652774665794.run(TempTestSuite1652774665794.groovy:36)]]></system-err>
      </testcase>
      <testcase name="Test Cases/MOBILE/Auth/Logout" time="39.826" classname="Test Cases/MOBILE/Auth/Logout" status="PASSED">
         <system-out><![CDATA[2022-05-17 15:13:08 - [TEST_CASE][PASSED] - Test Cases/MOBILE/Auth/Logout: Test Cases/MOBILE/Auth/Logout

2022-05-17 15:13:08 - [TEST_STEP][PASSED] - callTestCase(findTestCase("MOBILE/Auth/Login_Success"), [:], CONTINUE_ON_FAILURE): Call Test Case 'Test Cases/MOBILE/Auth/Login_Success' successfully

2022-05-17 15:13:08 - [TEST_CASE][PASSED] - Test Cases/MOBILE/Auth/Login_Success: Test Cases/MOBILE/Auth/Login_Success

2022-05-17 15:13:09 - [TEST_STEP][PASSED] - startExistingApplication("com.example.frontend_mobile"): Starting app with application ID: 'com.example.frontend_mobile'

2022-05-17 15:13:11 - [MESSAGE][INFO] - Appium server started on port 61,283

2022-05-17 15:13:24 - [MESSAGE][PASSED] - Starting app with application ID: 'com.example.frontend_mobile'

2022-05-17 15:13:24 - [TEST_STEP][PASSED] - delay(7, CONTINUE_ON_FAILURE): Delayed 7 second(s)

2022-05-17 15:13:31 - [MESSAGE][PASSED] - Delayed 7 second(s)

2022-05-17 15:13:31 - [TEST_STEP][PASSED] - tap(findTestObject("MOBILE/Auth/Register/android.widget.Button - Login 2"), 0): Tapped on element 'Object Repository/MOBILE/Auth/Register/android.widget.Button - Login 2'

2022-05-17 15:13:31 - [MESSAGE][WARNING] - Timeout '0' is invalid. Using default page load timeout: '30'

2022-05-17 15:13:32 - [MESSAGE][PASSED] - Tapped on element 'Object Repository/MOBILE/Auth/Register/android.widget.Button - Login 2'

2022-05-17 15:13:32 - [TEST_STEP][PASSED] - tap(findTestObject("MOBILE/Auth/Login/android.widget.EditText - Email"), 0): Tapped on element 'Object Repository/MOBILE/Auth/Login/android.widget.EditText - Email'

2022-05-17 15:13:32 - [MESSAGE][WARNING] - Timeout '0' is invalid. Using default page load timeout: '30'

2022-05-17 15:13:34 - [MESSAGE][PASSED] - Tapped on element 'Object Repository/MOBILE/Auth/Login/android.widget.EditText - Email'

2022-05-17 15:13:34 - [TEST_STEP][PASSED] - setText(findTestObject("MOBILE/Auth/Login/android.widget.EditText - Email"), "salsa@gmail.com", 0): Text 'salsa@gmail.com' has been set to element 'Object Repository/MOBILE/Auth/Login/android.widget.EditText - Email'

2022-05-17 15:13:34 - [MESSAGE][WARNING] - Timeout '0' is invalid. Using default page load timeout: '30'

2022-05-17 15:13:35 - [MESSAGE][PASSED] - Text 'salsa@gmail.com' has been set to element 'Object Repository/MOBILE/Auth/Login/android.widget.EditText - Email'

2022-05-17 15:13:35 - [TEST_STEP][PASSED] - tap(findTestObject("MOBILE/Auth/Login/android.widget.EditText - Password"), 0): Tapped on element 'Object Repository/MOBILE/Auth/Login/android.widget.EditText - Password'

2022-05-17 15:13:35 - [MESSAGE][WARNING] - Timeout '0' is invalid. Using default page load timeout: '30'

2022-05-17 15:13:36 - [MESSAGE][PASSED] - Tapped on element 'Object Repository/MOBILE/Auth/Login/android.widget.EditText - Password'

2022-05-17 15:13:36 - [TEST_STEP][PASSED] - setText(findTestObject("MOBILE/Auth/Login/android.widget.EditText - Password"), "salsa", 0): Text 'salsa' has been set to element 'Object Repository/MOBILE/Auth/Login/android.widget.EditText - Password'

2022-05-17 15:13:36 - [MESSAGE][WARNING] - Timeout '0' is invalid. Using default page load timeout: '30'

2022-05-17 15:13:37 - [MESSAGE][PASSED] - Text 'salsa' has been set to element 'Object Repository/MOBILE/Auth/Login/android.widget.EditText - Password'

2022-05-17 15:13:37 - [TEST_STEP][PASSED] - tap(findTestObject("MOBILE/Auth/Login/android.widget.Button - Login Button"), 0): Tapped on element 'Object Repository/MOBILE/Auth/Login/android.widget.Button - Login Button'

2022-05-17 15:13:38 - [MESSAGE][WARNING] - Timeout '0' is invalid. Using default page load timeout: '30'

2022-05-17 15:13:39 - [MESSAGE][PASSED] - Tapped on element 'Object Repository/MOBILE/Auth/Login/android.widget.Button - Login Button'

2022-05-17 15:13:39 - [TEST_STEP][PASSED] - delay(5, CONTINUE_ON_FAILURE): Delayed 5 second(s)

2022-05-17 15:13:44 - [MESSAGE][PASSED] - Delayed 5 second(s)

2022-05-17 15:13:44 - [TEST_STEP][PASSED] - verifyElementExist(findTestObject("MOBILE/Auth/Login/android.widget.Button - Logout"), 0): Element 'Object Repository/MOBILE/Auth/Login/android.widget.Button - Logout' is exist

2022-05-17 15:13:44 - [MESSAGE][WARNING] - Timeout '0' is invalid. Using default page load timeout: '30'

2022-05-17 15:13:44 - [MESSAGE][PASSED] - Element 'Object Repository/MOBILE/Auth/Login/android.widget.Button - Logout' is exist

2022-05-17 15:13:44 - [MESSAGE][PASSED] - Call Test Case 'Test Cases/MOBILE/Auth/Login_Success' successfully

2022-05-17 15:13:44 - [TEST_STEP][PASSED] - tap(findTestObject("MOBILE/Auth/Login/android.widget.Button - Logout"), 0): Tapped on element 'Object Repository/MOBILE/Auth/Login/android.widget.Button - Logout'

2022-05-17 15:13:44 - [MESSAGE][WARNING] - Timeout '0' is invalid. Using default page load timeout: '30'

2022-05-17 15:13:46 - [MESSAGE][PASSED] - Tapped on element 'Object Repository/MOBILE/Auth/Login/android.widget.Button - Logout'

2022-05-17 15:13:46 - [TEST_STEP][PASSED] - verifyElementVisible(findTestObject("MOBILE/Auth/Login/android.widget.Button - Login Button"), 0): Element 'Object Repository/MOBILE/Auth/Login/android.widget.Button - Login Button' is visible

2022-05-17 15:13:46 - [MESSAGE][WARNING] - Timeout '0' is invalid. Using default page load timeout: '30'

2022-05-17 15:13:47 - [MESSAGE][PASSED] - Element 'Object Repository/MOBILE/Auth/Login/android.widget.Button - Login Button' is visible

2022-05-17 15:13:47 - [TEST_STEP][PASSED] - closeApplication(): Close app successfully

2022-05-17 15:13:48 - [MESSAGE][PASSED] - Close app successfully]]></system-out>
         <system-err><![CDATA[]]></system-err>
      </testcase>
      <system-out><![CDATA[2022-05-17 15:04:30 - [TEST_SUITE][FAILED] - MOBILE: Test Cases/MOBILE/Auth/Register FAILED.
Reason:
com.kms.katalon.core.exception.StepFailedException: Failed to check for element 'Object Repository/MOBILE/Auth/Register/android.widget.EditText - Fullname' visible (Root cause: org.openqa.selenium.StaleElementReferenceException: Cached elements 'By.xpath: //hierarchy/android.widget.FrameLayout[1]/android.widget.LinearLayout[1]/android.widget.FrameLayout[1]/android.widget.FrameLayout[1]/android.view.View[1]/android.view.View[1]/android.view.View[1]/android.view.View[1]/android.widget.EditText[1]' do not exist in DOM anymore
For documentation on this error, please visit: https://www.seleniumhq.org/exceptions/stale_element_reference.html
Build info: version: '3.141.59', revision: 'e82be7d358', time: '2018-11-14T08:25:53'
System info: host: 'SALSABILA', ip: '192.168.200.173', os.name: 'Windows 10', os.arch: 'amd64', os.version: '10.0', java.version: '1.8.0_282'
Driver info: com.kms.katalon.core.appium.driver.SwipeableAndroidDriver
Capabilities {appActivity: .Settings, appPackage: com.android.settings, autoGrantPermissions: true, automationName: uiautomator2, chromedriverPort: 59549, databaseEnabled: false, desired: {appActivity: .Settings, appPackage: com.android.settings, autoGrantPermissions: true, automationName: uiautomator2, chromedriverPort: 59549, deviceName: Xiaomi M2003J15SC (Android 11), newCommandTimeout: 1800, platform: ANDROID, platformName: android, platformVersion: 11, systemPort: 8281, udid: aeebca410407}, deviceApiLevel: 30, deviceManufacturer: Xiaomi, deviceModel: M2003J15SC, deviceName: aeebca410407, deviceScreenDensity: 352, deviceScreenSize: 1080x2340, deviceUDID: aeebca410407, javascriptEnabled: true, locationContextEnabled: false, networkConnectionEnabled: true, newCommandTimeout: 1800, pixelRatio: 2.2, platform: ANDROID, platformName: Android, platformVersion: 11, statBarHeight: 100, systemPort: 8281, takesScreenshot: true, udid: aeebca410407, viewportRect: {height: 2036, left: 0, top: 100, width: 1080}, warnings: {}, webStorageEnabled: false}
Session ID: ab33a8e3-6e8e-47b4-ad55-358bcf7d1345
	at org.openqa.selenium.remote.http.W3CHttpResponseCodec.createException(W3CHttpResponseCodec.java:187)
	at org.openqa.selenium.remote.http.W3CHttpResponseCodec.decode(W3CHttpResponseCodec.java:122)
	at org.openqa.selenium.remote.http.W3CHttpResponseCodec.decode(W3CHttpResponseCodec.java:49)
	at org.openqa.selenium.remote.HttpCommandExecutor.execute(HttpCommandExecutor.java:158)
	at io.appium.java_client.remote.AppiumCommandExecutor.execute(AppiumCommandExecutor.java:239)
	at org.openqa.selenium.remote.RemoteWebDriver.execute(RemoteWebDriver.java:552)
	at io.appium.java_client.DefaultGenericMobileDriver.execute(DefaultGenericMobileDriver.java:42)
	at io.appium.java_client.AppiumDriver.execute(AppiumDriver.java:1)
	at io.appium.java_client.android.AndroidDriver.execute(AndroidDriver.java:1)
	at com.kms.katalon.core.appium.driver.SwipeableAndroidDriver.execute(SwipeableAndroidDriver.java:1)
	at org.openqa.selenium.remote.RemoteWebElement.execute(RemoteWebElement.java:285)
	at io.appium.java_client.DefaultGenericMobileElement.execute(DefaultGenericMobileElement.java:45)
	at io.appium.java_client.MobileElement.execute(MobileElement.java:1)
	at io.appium.java_client.android.AndroidElement.execute(AndroidElement.java:1)
	at org.openqa.selenium.remote.RemoteWebElement.getLocation(RemoteWebElement.java:337)
	at org.openqa.selenium.WebElement$getLocation.call(Unknown Source)
	at com.kms.katalon.core.mobile.keyword.internal.MobileAbstractKeyword.findElement(MobileAbstractKeyword.groovy:86)
	at com.kms.katalon.core.mobile.keyword.builtin.VerifyElementVisibleKeyword.access$1(VerifyElementVisibleKeyword.groovy)
	at com.kms.katalon.core.mobile.keyword.builtin.VerifyElementVisibleKeyword$_verifyElementVisible_closure1.doCall(VerifyElementVisibleKeyword.groovy:72)
	at com.kms.katalon.core.mobile.keyword.builtin.VerifyElementVisibleKeyword$_verifyElementVisible_closure1.call(VerifyElementVisibleKeyword.groovy)
	at com.kms.katalon.core.mobile.keyword.internal.MobileKeywordMain.runKeyword(MobileKeywordMain.groovy:21)
	at com.kms.katalon.core.mobile.keyword.builtin.VerifyElementVisibleKeyword.verifyElementVisible(VerifyElementVisibleKeyword.groovy:85)
	at com.kms.katalon.core.mobile.keyword.builtin.VerifyElementVisibleKeyword.execute(VerifyElementVisibleKeyword.groovy:64)
	at com.kms.katalon.core.keyword.internal.KeywordExecutor.executeKeywordForPlatform(KeywordExecutor.groovy:74)
	at com.kms.katalon.core.mobile.keyword.MobileBuiltInKeywords.verifyElementVisible(MobileBuiltInKeywords.groovy:1880)
	at com.kms.katalon.core.mobile.keyword.MobileBuiltInKeywords$verifyElementVisible$3.call(Unknown Source)
	at Register.run(Register:61)
	at com.kms.katalon.core.main.ScriptEngine.run(ScriptEngine.java:194)
	at com.kms.katalon.core.main.ScriptEngine.runScriptAsRawText(ScriptEngine.java:119)
	at com.kms.katalon.core.main.TestCaseExecutor.runScript(TestCaseExecutor.java:442)
	at com.kms.katalon.core.main.TestCaseExecutor.doExecute(TestCaseExecutor.java:433)
	at com.kms.katalon.core.main.TestCaseExecutor.processExecutionPhase(TestCaseExecutor.java:412)
	at com.kms.katalon.core.main.TestCaseExecutor.accessMainPhase(TestCaseExecutor.java:404)
	at com.kms.katalon.core.main.TestCaseExecutor.execute(TestCaseExecutor.java:281)
	at com.kms.katalon.core.main.TestSuiteExecutor.accessTestCaseMainPhase(TestSuiteExecutor.java:202)
	at com.kms.katalon.core.main.TestSuiteExecutor.accessTestSuiteMainPhase(TestSuiteExecutor.java:164)
	at com.kms.katalon.core.main.TestSuiteExecutor.execute(TestSuiteExecutor.java:105)
	at com.kms.katalon.core.main.TestCaseMain.startTestSuite(TestCaseMain.java:185)
	at com.kms.katalon.core.main.TestCaseMain$startTestSuite$0.call(Unknown Source)
	at TempTestSuite1652774665794.run(TempTestSuite1652774665794.groovy:36)
)
	at com.kms.katalon.core.keyword.internal.KeywordMain.stepFailed(KeywordMain.groovy:39)
	at com.kms.katalon.core.mobile.keyword.internal.MobileKeywordMain.stepFailed(MobileKeywordMain.groovy:40)
	at com.kms.katalon.core.mobile.keyword.internal.MobileKeywordMain.runKeyword(MobileKeywordMain.groovy:23)
	at com.kms.katalon.core.mobile.keyword.builtin.VerifyElementVisibleKeyword.verifyElementVisible(VerifyElementVisibleKeyword.groovy:85)
	at com.kms.katalon.core.mobile.keyword.builtin.VerifyElementVisibleKeyword.execute(VerifyElementVisibleKeyword.groovy:64)
	at com.kms.katalon.core.keyword.internal.KeywordExecutor.executeKeywordForPlatform(KeywordExecutor.groovy:74)
	at com.kms.katalon.core.mobile.keyword.MobileBuiltInKeywords.verifyElementVisible(MobileBuiltInKeywords.groovy:1880)
	at com.kms.katalon.core.mobile.keyword.MobileBuiltInKeywords$verifyElementVisible$3.call(Unknown Source)
	at Register.run(Register:61)
	at com.kms.katalon.core.main.ScriptEngine.run(ScriptEngine.java:194)
	at com.kms.katalon.core.main.ScriptEngine.runScriptAsRawText(ScriptEngine.java:119)
	at com.kms.katalon.core.main.TestCaseExecutor.runScript(TestCaseExecutor.java:442)
	at com.kms.katalon.core.main.TestCaseExecutor.doExecute(TestCaseExecutor.java:433)
	at com.kms.katalon.core.main.TestCaseExecutor.processExecutionPhase(TestCaseExecutor.java:412)
	at com.kms.katalon.core.main.TestCaseExecutor.accessMainPhase(TestCaseExecutor.java:404)
	at com.kms.katalon.core.main.TestCaseExecutor.execute(TestCaseExecutor.java:281)
	at com.kms.katalon.core.main.TestSuiteExecutor.accessTestCaseMainPhase(TestSuiteExecutor.java:202)
	at com.kms.katalon.core.main.TestSuiteExecutor.accessTestSuiteMainPhase(TestSuiteExecutor.java:164)
	at com.kms.katalon.core.main.TestSuiteExecutor.execute(TestSuiteExecutor.java:105)
	at com.kms.katalon.core.main.TestCaseMain.startTestSuite(TestCaseMain.java:185)
	at com.kms.katalon.core.main.TestCaseMain$startTestSuite$0.call(Unknown Source)
	at TempTestSuite1652774665794.run(TempTestSuite1652774665794.groovy:36)
Caused by: org.openqa.selenium.StaleElementReferenceException: Cached elements 'By.xpath: //hierarchy/android.widget.FrameLayout[1]/android.widget.LinearLayout[1]/android.widget.FrameLayout[1]/android.widget.FrameLayout[1]/android.view.View[1]/android.view.View[1]/android.view.View[1]/android.view.View[1]/android.widget.EditText[1]' do not exist in DOM anymore
For documentation on this error, please visit: https://www.seleniumhq.org/exceptions/stale_element_reference.html
Build info: version: '3.141.59', revision: 'e82be7d358', time: '2018-11-14T08:25:53'
System info: host: 'SALSABILA', ip: '192.168.200.173', os.name: 'Windows 10', os.arch: 'amd64', os.version: '10.0', java.version: '1.8.0_282'
Driver info: com.kms.katalon.core.appium.driver.SwipeableAndroidDriver
Capabilities {appActivity: .Settings, appPackage: com.android.settings, autoGrantPermissions: true, automationName: uiautomator2, chromedriverPort: 59549, databaseEnabled: false, desired: {appActivity: .Settings, appPackage: com.android.settings, autoGrantPermissions: true, automationName: uiautomator2, chromedriverPort: 59549, deviceName: Xiaomi M2003J15SC (Android 11), newCommandTimeout: 1800, platform: ANDROID, platformName: android, platformVersion: 11, systemPort: 8281, udid: aeebca410407}, deviceApiLevel: 30, deviceManufacturer: Xiaomi, deviceModel: M2003J15SC, deviceName: aeebca410407, deviceScreenDensity: 352, deviceScreenSize: 1080x2340, deviceUDID: aeebca410407, javascriptEnabled: true, locationContextEnabled: false, networkConnectionEnabled: true, newCommandTimeout: 1800, pixelRatio: 2.2, platform: ANDROID, platformName: Android, platformVersion: 11, statBarHeight: 100, systemPort: 8281, takesScreenshot: true, udid: aeebca410407, viewportRect: {height: 2036, left: 0, top: 100, width: 1080}, warnings: {}, webStorageEnabled: false}
Session ID: ab33a8e3-6e8e-47b4-ad55-358bcf7d1345
	at org.openqa.selenium.remote.http.W3CHttpResponseCodec.createException(W3CHttpResponseCodec.java:187)
	at org.openqa.selenium.remote.http.W3CHttpResponseCodec.decode(W3CHttpResponseCodec.java:122)
	at org.openqa.selenium.remote.http.W3CHttpResponseCodec.decode(W3CHttpResponseCodec.java:49)
	at org.openqa.selenium.remote.HttpCommandExecutor.execute(HttpCommandExecutor.java:158)
	at io.appium.java_client.remote.AppiumCommandExecutor.execute(AppiumCommandExecutor.java:239)
	at org.openqa.selenium.remote.RemoteWebDriver.execute(RemoteWebDriver.java:552)
	at io.appium.java_client.DefaultGenericMobileDriver.execute(DefaultGenericMobileDriver.java:42)
	at io.appium.java_client.AppiumDriver.execute(AppiumDriver.java:1)
	at io.appium.java_client.android.AndroidDriver.execute(AndroidDriver.java:1)
	at com.kms.katalon.core.appium.driver.SwipeableAndroidDriver.execute(SwipeableAndroidDriver.java:1)
	at org.openqa.selenium.remote.RemoteWebElement.execute(RemoteWebElement.java:285)
	at io.appium.java_client.DefaultGenericMobileElement.execute(DefaultGenericMobileElement.java:45)
	at io.appium.java_client.MobileElement.execute(MobileElement.java:1)
	at io.appium.java_client.android.AndroidElement.execute(AndroidElement.java:1)
	at org.openqa.selenium.remote.RemoteWebElement.getLocation(RemoteWebElement.java:337)
	at org.openqa.selenium.WebElement$getLocation.call(Unknown Source)
	at com.kms.katalon.core.mobile.keyword.internal.MobileAbstractKeyword.findElement(MobileAbstractKeyword.groovy:86)
	at com.kms.katalon.core.mobile.keyword.builtin.VerifyElementVisibleKeyword.access$1(VerifyElementVisibleKeyword.groovy)
	at com.kms.katalon.core.mobile.keyword.builtin.VerifyElementVisibleKeyword$_verifyElementVisible_closure1.doCall(VerifyElementVisibleKeyword.groovy:72)
	at com.kms.katalon.core.mobile.keyword.builtin.VerifyElementVisibleKeyword$_verifyElementVisible_closure1.call(VerifyElementVisibleKeyword.groovy)
	at com.kms.katalon.core.mobile.keyword.internal.MobileKeywordMain.runKeyword(MobileKeywordMain.groovy:21)
	... 19 more]]></system-out>
      <system-err><![CDATA[2022-05-17 15:04:30 - [TEST_SUITE][FAILED] - MOBILE: Test Cases/MOBILE/Auth/Register FAILED.
Reason:
com.kms.katalon.core.exception.StepFailedException: Failed to check for element 'Object Repository/MOBILE/Auth/Register/android.widget.EditText - Fullname' visible (Root cause: org.openqa.selenium.StaleElementReferenceException: Cached elements 'By.xpath: //hierarchy/android.widget.FrameLayout[1]/android.widget.LinearLayout[1]/android.widget.FrameLayout[1]/android.widget.FrameLayout[1]/android.view.View[1]/android.view.View[1]/android.view.View[1]/android.view.View[1]/android.widget.EditText[1]' do not exist in DOM anymore
For documentation on this error, please visit: https://www.seleniumhq.org/exceptions/stale_element_reference.html
Build info: version: '3.141.59', revision: 'e82be7d358', time: '2018-11-14T08:25:53'
System info: host: 'SALSABILA', ip: '192.168.200.173', os.name: 'Windows 10', os.arch: 'amd64', os.version: '10.0', java.version: '1.8.0_282'
Driver info: com.kms.katalon.core.appium.driver.SwipeableAndroidDriver
Capabilities {appActivity: .Settings, appPackage: com.android.settings, autoGrantPermissions: true, automationName: uiautomator2, chromedriverPort: 59549, databaseEnabled: false, desired: {appActivity: .Settings, appPackage: com.android.settings, autoGrantPermissions: true, automationName: uiautomator2, chromedriverPort: 59549, deviceName: Xiaomi M2003J15SC (Android 11), newCommandTimeout: 1800, platform: ANDROID, platformName: android, platformVersion: 11, systemPort: 8281, udid: aeebca410407}, deviceApiLevel: 30, deviceManufacturer: Xiaomi, deviceModel: M2003J15SC, deviceName: aeebca410407, deviceScreenDensity: 352, deviceScreenSize: 1080x2340, deviceUDID: aeebca410407, javascriptEnabled: true, locationContextEnabled: false, networkConnectionEnabled: true, newCommandTimeout: 1800, pixelRatio: 2.2, platform: ANDROID, platformName: Android, platformVersion: 11, statBarHeight: 100, systemPort: 8281, takesScreenshot: true, udid: aeebca410407, viewportRect: {height: 2036, left: 0, top: 100, width: 1080}, warnings: {}, webStorageEnabled: false}
Session ID: ab33a8e3-6e8e-47b4-ad55-358bcf7d1345
	at org.openqa.selenium.remote.http.W3CHttpResponseCodec.createException(W3CHttpResponseCodec.java:187)
	at org.openqa.selenium.remote.http.W3CHttpResponseCodec.decode(W3CHttpResponseCodec.java:122)
	at org.openqa.selenium.remote.http.W3CHttpResponseCodec.decode(W3CHttpResponseCodec.java:49)
	at org.openqa.selenium.remote.HttpCommandExecutor.execute(HttpCommandExecutor.java:158)
	at io.appium.java_client.remote.AppiumCommandExecutor.execute(AppiumCommandExecutor.java:239)
	at org.openqa.selenium.remote.RemoteWebDriver.execute(RemoteWebDriver.java:552)
	at io.appium.java_client.DefaultGenericMobileDriver.execute(DefaultGenericMobileDriver.java:42)
	at io.appium.java_client.AppiumDriver.execute(AppiumDriver.java:1)
	at io.appium.java_client.android.AndroidDriver.execute(AndroidDriver.java:1)
	at com.kms.katalon.core.appium.driver.SwipeableAndroidDriver.execute(SwipeableAndroidDriver.java:1)
	at org.openqa.selenium.remote.RemoteWebElement.execute(RemoteWebElement.java:285)
	at io.appium.java_client.DefaultGenericMobileElement.execute(DefaultGenericMobileElement.java:45)
	at io.appium.java_client.MobileElement.execute(MobileElement.java:1)
	at io.appium.java_client.android.AndroidElement.execute(AndroidElement.java:1)
	at org.openqa.selenium.remote.RemoteWebElement.getLocation(RemoteWebElement.java:337)
	at org.openqa.selenium.WebElement$getLocation.call(Unknown Source)
	at com.kms.katalon.core.mobile.keyword.internal.MobileAbstractKeyword.findElement(MobileAbstractKeyword.groovy:86)
	at com.kms.katalon.core.mobile.keyword.builtin.VerifyElementVisibleKeyword.access$1(VerifyElementVisibleKeyword.groovy)
	at com.kms.katalon.core.mobile.keyword.builtin.VerifyElementVisibleKeyword$_verifyElementVisible_closure1.doCall(VerifyElementVisibleKeyword.groovy:72)
	at com.kms.katalon.core.mobile.keyword.builtin.VerifyElementVisibleKeyword$_verifyElementVisible_closure1.call(VerifyElementVisibleKeyword.groovy)
	at com.kms.katalon.core.mobile.keyword.internal.MobileKeywordMain.runKeyword(MobileKeywordMain.groovy:21)
	at com.kms.katalon.core.mobile.keyword.builtin.VerifyElementVisibleKeyword.verifyElementVisible(VerifyElementVisibleKeyword.groovy:85)
	at com.kms.katalon.core.mobile.keyword.builtin.VerifyElementVisibleKeyword.execute(VerifyElementVisibleKeyword.groovy:64)
	at com.kms.katalon.core.keyword.internal.KeywordExecutor.executeKeywordForPlatform(KeywordExecutor.groovy:74)
	at com.kms.katalon.core.mobile.keyword.MobileBuiltInKeywords.verifyElementVisible(MobileBuiltInKeywords.groovy:1880)
	at com.kms.katalon.core.mobile.keyword.MobileBuiltInKeywords$verifyElementVisible$3.call(Unknown Source)
	at Register.run(Register:61)
	at com.kms.katalon.core.main.ScriptEngine.run(ScriptEngine.java:194)
	at com.kms.katalon.core.main.ScriptEngine.runScriptAsRawText(ScriptEngine.java:119)
	at com.kms.katalon.core.main.TestCaseExecutor.runScript(TestCaseExecutor.java:442)
	at com.kms.katalon.core.main.TestCaseExecutor.doExecute(TestCaseExecutor.java:433)
	at com.kms.katalon.core.main.TestCaseExecutor.processExecutionPhase(TestCaseExecutor.java:412)
	at com.kms.katalon.core.main.TestCaseExecutor.accessMainPhase(TestCaseExecutor.java:404)
	at com.kms.katalon.core.main.TestCaseExecutor.execute(TestCaseExecutor.java:281)
	at com.kms.katalon.core.main.TestSuiteExecutor.accessTestCaseMainPhase(TestSuiteExecutor.java:202)
	at com.kms.katalon.core.main.TestSuiteExecutor.accessTestSuiteMainPhase(TestSuiteExecutor.java:164)
	at com.kms.katalon.core.main.TestSuiteExecutor.execute(TestSuiteExecutor.java:105)
	at com.kms.katalon.core.main.TestCaseMain.startTestSuite(TestCaseMain.java:185)
	at com.kms.katalon.core.main.TestCaseMain$startTestSuite$0.call(Unknown Source)
	at TempTestSuite1652774665794.run(TempTestSuite1652774665794.groovy:36)
)
	at com.kms.katalon.core.keyword.internal.KeywordMain.stepFailed(KeywordMain.groovy:39)
	at com.kms.katalon.core.mobile.keyword.internal.MobileKeywordMain.stepFailed(MobileKeywordMain.groovy:40)
	at com.kms.katalon.core.mobile.keyword.internal.MobileKeywordMain.runKeyword(MobileKeywordMain.groovy:23)
	at com.kms.katalon.core.mobile.keyword.builtin.VerifyElementVisibleKeyword.verifyElementVisible(VerifyElementVisibleKeyword.groovy:85)
	at com.kms.katalon.core.mobile.keyword.builtin.VerifyElementVisibleKeyword.execute(VerifyElementVisibleKeyword.groovy:64)
	at com.kms.katalon.core.keyword.internal.KeywordExecutor.executeKeywordForPlatform(KeywordExecutor.groovy:74)
	at com.kms.katalon.core.mobile.keyword.MobileBuiltInKeywords.verifyElementVisible(MobileBuiltInKeywords.groovy:1880)
	at com.kms.katalon.core.mobile.keyword.MobileBuiltInKeywords$verifyElementVisible$3.call(Unknown Source)
	at Register.run(Register:61)
	at com.kms.katalon.core.main.ScriptEngine.run(ScriptEngine.java:194)
	at com.kms.katalon.core.main.ScriptEngine.runScriptAsRawText(ScriptEngine.java:119)
	at com.kms.katalon.core.main.TestCaseExecutor.runScript(TestCaseExecutor.java:442)
	at com.kms.katalon.core.main.TestCaseExecutor.doExecute(TestCaseExecutor.java:433)
	at com.kms.katalon.core.main.TestCaseExecutor.processExecutionPhase(TestCaseExecutor.java:412)
	at com.kms.katalon.core.main.TestCaseExecutor.accessMainPhase(TestCaseExecutor.java:404)
	at com.kms.katalon.core.main.TestCaseExecutor.execute(TestCaseExecutor.java:281)
	at com.kms.katalon.core.main.TestSuiteExecutor.accessTestCaseMainPhase(TestSuiteExecutor.java:202)
	at com.kms.katalon.core.main.TestSuiteExecutor.accessTestSuiteMainPhase(TestSuiteExecutor.java:164)
	at com.kms.katalon.core.main.TestSuiteExecutor.execute(TestSuiteExecutor.java:105)
	at com.kms.katalon.core.main.TestCaseMain.startTestSuite(TestCaseMain.java:185)
	at com.kms.katalon.core.main.TestCaseMain$startTestSuite$0.call(Unknown Source)
	at TempTestSuite1652774665794.run(TempTestSuite1652774665794.groovy:36)
Caused by: org.openqa.selenium.StaleElementReferenceException: Cached elements 'By.xpath: //hierarchy/android.widget.FrameLayout[1]/android.widget.LinearLayout[1]/android.widget.FrameLayout[1]/android.widget.FrameLayout[1]/android.view.View[1]/android.view.View[1]/android.view.View[1]/android.view.View[1]/android.widget.EditText[1]' do not exist in DOM anymore
For documentation on this error, please visit: https://www.seleniumhq.org/exceptions/stale_element_reference.html
Build info: version: '3.141.59', revision: 'e82be7d358', time: '2018-11-14T08:25:53'
System info: host: 'SALSABILA', ip: '192.168.200.173', os.name: 'Windows 10', os.arch: 'amd64', os.version: '10.0', java.version: '1.8.0_282'
Driver info: com.kms.katalon.core.appium.driver.SwipeableAndroidDriver
Capabilities {appActivity: .Settings, appPackage: com.android.settings, autoGrantPermissions: true, automationName: uiautomator2, chromedriverPort: 59549, databaseEnabled: false, desired: {appActivity: .Settings, appPackage: com.android.settings, autoGrantPermissions: true, automationName: uiautomator2, chromedriverPort: 59549, deviceName: Xiaomi M2003J15SC (Android 11), newCommandTimeout: 1800, platform: ANDROID, platformName: android, platformVersion: 11, systemPort: 8281, udid: aeebca410407}, deviceApiLevel: 30, deviceManufacturer: Xiaomi, deviceModel: M2003J15SC, deviceName: aeebca410407, deviceScreenDensity: 352, deviceScreenSize: 1080x2340, deviceUDID: aeebca410407, javascriptEnabled: true, locationContextEnabled: false, networkConnectionEnabled: true, newCommandTimeout: 1800, pixelRatio: 2.2, platform: ANDROID, platformName: Android, platformVersion: 11, statBarHeight: 100, systemPort: 8281, takesScreenshot: true, udid: aeebca410407, viewportRect: {height: 2036, left: 0, top: 100, width: 1080}, warnings: {}, webStorageEnabled: false}
Session ID: ab33a8e3-6e8e-47b4-ad55-358bcf7d1345
	at org.openqa.selenium.remote.http.W3CHttpResponseCodec.createException(W3CHttpResponseCodec.java:187)
	at org.openqa.selenium.remote.http.W3CHttpResponseCodec.decode(W3CHttpResponseCodec.java:122)
	at org.openqa.selenium.remote.http.W3CHttpResponseCodec.decode(W3CHttpResponseCodec.java:49)
	at org.openqa.selenium.remote.HttpCommandExecutor.execute(HttpCommandExecutor.java:158)
	at io.appium.java_client.remote.AppiumCommandExecutor.execute(AppiumCommandExecutor.java:239)
	at org.openqa.selenium.remote.RemoteWebDriver.execute(RemoteWebDriver.java:552)
	at io.appium.java_client.DefaultGenericMobileDriver.execute(DefaultGenericMobileDriver.java:42)
	at io.appium.java_client.AppiumDriver.execute(AppiumDriver.java:1)
	at io.appium.java_client.android.AndroidDriver.execute(AndroidDriver.java:1)
	at com.kms.katalon.core.appium.driver.SwipeableAndroidDriver.execute(SwipeableAndroidDriver.java:1)
	at org.openqa.selenium.remote.RemoteWebElement.execute(RemoteWebElement.java:285)
	at io.appium.java_client.DefaultGenericMobileElement.execute(DefaultGenericMobileElement.java:45)
	at io.appium.java_client.MobileElement.execute(MobileElement.java:1)
	at io.appium.java_client.android.AndroidElement.execute(AndroidElement.java:1)
	at org.openqa.selenium.remote.RemoteWebElement.getLocation(RemoteWebElement.java:337)
	at org.openqa.selenium.WebElement$getLocation.call(Unknown Source)
	at com.kms.katalon.core.mobile.keyword.internal.MobileAbstractKeyword.findElement(MobileAbstractKeyword.groovy:86)
	at com.kms.katalon.core.mobile.keyword.builtin.VerifyElementVisibleKeyword.access$1(VerifyElementVisibleKeyword.groovy)
	at com.kms.katalon.core.mobile.keyword.builtin.VerifyElementVisibleKeyword$_verifyElementVisible_closure1.doCall(VerifyElementVisibleKeyword.groovy:72)
	at com.kms.katalon.core.mobile.keyword.builtin.VerifyElementVisibleKeyword$_verifyElementVisible_closure1.call(VerifyElementVisibleKeyword.groovy)
	at com.kms.katalon.core.mobile.keyword.internal.MobileKeywordMain.runKeyword(MobileKeywordMain.groovy:21)
	... 19 more]]></system-err>
   </testsuite>
</testsuites>
