<?xml version="1.0" encoding="UTF-8"?>
<testsuites name="MOBILE" time="314.202" tests="3" failures="1" errors="0">
   <testsuite name="MOBILE" tests="3" failures="1" errors="0" time="314.202" skipped="0" timestamp="2022-05-16 23:48:00" hostname="salsa - SALSABILA" id="Test Suites/MOBILE/MOBILE">
      <properties>
         <property name="deviceName" value="Xiaomi M2003J15SC (Android 11)"/>
         <property name="devicePlatform" value=""/>
         <property name="logFolder" value="F:\\1. UNNES\\6. Semester 6\\2 - MSIB\\final-project-qe-alta4\\final-project-qe-alta\\Reports\\20220516_234756\\MOBILE\\MOBILE\\20220516_234756"/>
         <property name="logFiles" value="F:\\1. UNNES\\6. Semester 6\\2 - MSIB\\final-project-qe-alta4\\final-project-qe-alta\\Reports\\20220516_234756\\MOBILE\\MOBILE\\20220516_234756\\appium.log, F:\\1. UNNES\\6. Semester 6\\2 - MSIB\\final-project-qe-alta4\\final-project-qe-alta\\Reports\\20220516_234756\\MOBILE\\MOBILE\\20220516_234756\\execution0.log"/>
         <property name="attachments" value="F:\\1. UNNES\\6. Semester 6\\2 - MSIB\\final-project-qe-alta4\\final-project-qe-alta\\Reports\\20220516_234756\\MOBILE\\MOBILE\\20220516_234756\\1652719880801.png, F:\\1. UNNES\\6. Semester 6\\2 - MSIB\\final-project-qe-alta4\\final-project-qe-alta\\Reports\\20220516_234756\\MOBILE\\MOBILE\\20220516_234756\\1652719908940.png, F:\\1. UNNES\\6. Semester 6\\2 - MSIB\\final-project-qe-alta4\\final-project-qe-alta\\Reports\\20220516_234756\\MOBILE\\MOBILE\\20220516_234756\\1652719936265.png, F:\\1. UNNES\\6. Semester 6\\2 - MSIB\\final-project-qe-alta4\\final-project-qe-alta\\Reports\\20220516_234756\\MOBILE\\MOBILE\\20220516_234756\\1652719964294.png, F:\\1. UNNES\\6. Semester 6\\2 - MSIB\\final-project-qe-alta4\\final-project-qe-alta\\Reports\\20220516_234756\\MOBILE\\MOBILE\\20220516_234756\\1652719992416.png"/>
         <property name="hostName" value="salsa - SALSABILA"/>
         <property name="os" value="Windows 10 64bit"/>
         <property name="appiumServerStatus" value="{&quot;value&quot;:{&quot;build&quot;:{&quot;version&quot;:&quot;1.22.3&quot;}},&quot;sessionId&quot;:null,&quot;status&quot;:0}"/>
         <property name="katalonVersion" value="8.2.5.208"/>
         <property name="deviceOS" value="Android"/>
         <property name="appiumVersion" value="1.22.3"/>
         <property name="deviceModel" value="M2003J15SC"/>
         <property name="hostAddress" value="192.168.200.173"/>
         <property name="deviceManufacturer" value="Xiaomi"/>
         <property name="deviceId" value="aeebca410407"/>
         <property name="deviceName" value="Xiaomi M2003J15SC (Android 11)"/>
         <property name="deviceOSVersion" value="11"/>
      </properties>
      <testcase name="Test Cases/MOBILE/Auth/Login" time="152.702" classname="Test Cases/MOBILE/Auth/Login" status="PASSED">
         <system-out><![CDATA[2022-05-16 23:48:00 - [TEST_CASE][PASSED] - Test Cases/MOBILE/Auth/Login: Test Cases/MOBILE/Auth/Login

2022-05-16 23:48:01 - [TEST_STEP][PASSED] - for ([i = 1, i <= 7, (i++)]): Press back button successfully

2022-05-16 23:48:01 - [TEST_STEP][PASSED] - startExistingApplication("com.example.frontend_mobile"): Starting app with application ID: 'com.example.frontend_mobile'

2022-05-16 23:48:04 - [MESSAGE][INFO] - Appium server started on port 52,175

2022-05-16 23:48:18 - [MESSAGE][PASSED] - Starting app with application ID: 'com.example.frontend_mobile'

2022-05-16 23:48:18 - [TEST_STEP][PASSED] - tap(findTestObject("MOBILE/Auth/Register/android.widget.Button - Login 2"), 0): Tapped on element 'Object Repository/MOBILE/Auth/Register/android.widget.Button - Login 2'

2022-05-16 23:48:18 - [MESSAGE][WARNING] - Timeout '0' is invalid. Using default page load timeout: '30'

2022-05-16 23:48:21 - [MESSAGE][PASSED] - Tapped on element 'Object Repository/MOBILE/Auth/Register/android.widget.Button - Login 2'

2022-05-16 23:48:21 - [TEST_STEP][PASSED] - tap(findTestObject("MOBILE/Auth/Login/android.widget.EditText - Email"), 0): Tapped on element 'Object Repository/MOBILE/Auth/Login/android.widget.EditText - Email'

2022-05-16 23:48:21 - [MESSAGE][WARNING] - Timeout '0' is invalid. Using default page load timeout: '30'

2022-05-16 23:48:24 - [MESSAGE][PASSED] - Tapped on element 'Object Repository/MOBILE/Auth/Login/android.widget.EditText - Email'

2022-05-16 23:48:24 - [TEST_STEP][PASSED] - setText(findTestObject("MOBILE/Auth/Login/android.widget.EditText - Email"), findTestData("WEB/Login").getValue(1, i), 0): Text '' has been set to element 'Object Repository/MOBILE/Auth/Login/android.widget.EditText - Email'

2022-05-16 23:48:25 - [MESSAGE][WARNING] - Timeout '0' is invalid. Using default page load timeout: '30'

2022-05-16 23:48:25 - [MESSAGE][PASSED] - Text '' has been set to element 'Object Repository/MOBILE/Auth/Login/android.widget.EditText - Email'

2022-05-16 23:48:25 - [TEST_STEP][PASSED] - tap(findTestObject("MOBILE/Auth/Login/android.widget.EditText - Password"), 0): Tapped on element 'Object Repository/MOBILE/Auth/Login/android.widget.EditText - Password'

2022-05-16 23:48:25 - [MESSAGE][WARNING] - Timeout '0' is invalid. Using default page load timeout: '30'

2022-05-16 23:48:26 - [MESSAGE][PASSED] - Tapped on element 'Object Repository/MOBILE/Auth/Login/android.widget.EditText - Password'

2022-05-16 23:48:26 - [TEST_STEP][PASSED] - setText(findTestObject("MOBILE/Auth/Login/android.widget.EditText - Password"), findTestData("WEB/Login").getValue(2, i), 0): Text '' has been set to element 'Object Repository/MOBILE/Auth/Login/android.widget.EditText - Password'

2022-05-16 23:48:26 - [MESSAGE][WARNING] - Timeout '0' is invalid. Using default page load timeout: '30'

2022-05-16 23:48:27 - [MESSAGE][PASSED] - Text '' has been set to element 'Object Repository/MOBILE/Auth/Login/android.widget.EditText - Password'

2022-05-16 23:48:27 - [TEST_STEP][PASSED] - tap(findTestObject("MOBILE/Auth/Login/android.widget.Button - Login Button"), 0): Tapped on element 'Object Repository/MOBILE/Auth/Login/android.widget.Button - Login Button'

2022-05-16 23:48:27 - [MESSAGE][WARNING] - Timeout '0' is invalid. Using default page load timeout: '30'

2022-05-16 23:48:28 - [MESSAGE][PASSED] - Tapped on element 'Object Repository/MOBILE/Auth/Login/android.widget.Button - Login Button'

2022-05-16 23:48:28 - [TEST_STEP][PASSED] - pressBack(): Press back button successfully

2022-05-16 23:48:28 - [MESSAGE][PASSED] - Press back button successfully

2022-05-16 23:48:28 - [TEST_STEP][PASSED] - if (findTestData("WEB/Login").getValue(3, i) == "negative"): Element 'Object Repository/MOBILE/Auth/Login/android.widget.Button - Login Button' is exist

2022-05-16 23:48:28 - [TEST_STEP][PASSED] - verifyElementExist(findTestObject("MOBILE/Auth/Login/android.widget.Button - Login Button"), 3): Element 'Object Repository/MOBILE/Auth/Login/android.widget.Button - Login Button' is exist

2022-05-16 23:48:29 - [MESSAGE][PASSED] - Element 'Object Repository/MOBILE/Auth/Login/android.widget.Button - Login Button' is exist

2022-05-16 23:48:29 - [TEST_STEP][PASSED] - pressBack(): Press back button successfully

2022-05-16 23:48:30 - [MESSAGE][PASSED] - Press back button successfully

2022-05-16 23:48:30 - [TEST_STEP][PASSED] - startExistingApplication("com.example.frontend_mobile"): Starting app with application ID: 'com.example.frontend_mobile'

2022-05-16 23:48:40 - [MESSAGE][PASSED] - Starting app with application ID: 'com.example.frontend_mobile'

2022-05-16 23:48:40 - [TEST_STEP][PASSED] - tap(findTestObject("MOBILE/Auth/Register/android.widget.Button - Login 2"), 0): Tapped on element 'Object Repository/MOBILE/Auth/Register/android.widget.Button - Login 2'

2022-05-16 23:48:40 - [MESSAGE][WARNING] - Timeout '0' is invalid. Using default page load timeout: '30'

2022-05-16 23:48:42 - [MESSAGE][PASSED] - Tapped on element 'Object Repository/MOBILE/Auth/Register/android.widget.Button - Login 2'

2022-05-16 23:48:42 - [TEST_STEP][PASSED] - tap(findTestObject("MOBILE/Auth/Login/android.widget.EditText - Email"), 0): Tapped on element 'Object Repository/MOBILE/Auth/Login/android.widget.EditText - Email'

2022-05-16 23:48:42 - [MESSAGE][WARNING] - Timeout '0' is invalid. Using default page load timeout: '30'

2022-05-16 23:48:43 - [MESSAGE][PASSED] - Tapped on element 'Object Repository/MOBILE/Auth/Login/android.widget.EditText - Email'

2022-05-16 23:48:43 - [TEST_STEP][PASSED] - setText(findTestObject("MOBILE/Auth/Login/android.widget.EditText - Email"), findTestData("WEB/Login").getValue(1, i), 0): Text '' has been set to element 'Object Repository/MOBILE/Auth/Login/android.widget.EditText - Email'

2022-05-16 23:48:44 - [MESSAGE][WARNING] - Timeout '0' is invalid. Using default page load timeout: '30'

2022-05-16 23:48:45 - [MESSAGE][PASSED] - Text '' has been set to element 'Object Repository/MOBILE/Auth/Login/android.widget.EditText - Email'

2022-05-16 23:48:45 - [TEST_STEP][PASSED] - tap(findTestObject("MOBILE/Auth/Login/android.widget.EditText - Password"), 0): Tapped on element 'Object Repository/MOBILE/Auth/Login/android.widget.EditText - Password'

2022-05-16 23:48:45 - [MESSAGE][WARNING] - Timeout '0' is invalid. Using default page load timeout: '30'

2022-05-16 23:48:45 - [MESSAGE][PASSED] - Tapped on element 'Object Repository/MOBILE/Auth/Login/android.widget.EditText - Password'

2022-05-16 23:48:45 - [TEST_STEP][PASSED] - setText(findTestObject("MOBILE/Auth/Login/android.widget.EditText - Password"), findTestData("WEB/Login").getValue(2, i), 0): Text 'salsabila' has been set to element 'Object Repository/MOBILE/Auth/Login/android.widget.EditText - Password'

2022-05-16 23:48:45 - [MESSAGE][WARNING] - Timeout '0' is invalid. Using default page load timeout: '30'

2022-05-16 23:48:46 - [MESSAGE][PASSED] - Text 'salsabila' has been set to element 'Object Repository/MOBILE/Auth/Login/android.widget.EditText - Password'

2022-05-16 23:48:46 - [TEST_STEP][PASSED] - tap(findTestObject("MOBILE/Auth/Login/android.widget.Button - Login Button"), 0): Tapped on element 'Object Repository/MOBILE/Auth/Login/android.widget.Button - Login Button'

2022-05-16 23:48:46 - [MESSAGE][WARNING] - Timeout '0' is invalid. Using default page load timeout: '30'

2022-05-16 23:48:48 - [MESSAGE][PASSED] - Tapped on element 'Object Repository/MOBILE/Auth/Login/android.widget.Button - Login Button'

2022-05-16 23:48:48 - [TEST_STEP][PASSED] - pressBack(): Press back button successfully

2022-05-16 23:48:48 - [MESSAGE][PASSED] - Press back button successfully

2022-05-16 23:48:48 - [TEST_STEP][PASSED] - if (findTestData("WEB/Login").getValue(3, i) == "negative"): Element 'Object Repository/MOBILE/Auth/Login/android.widget.Button - Login Button' is exist

2022-05-16 23:48:48 - [TEST_STEP][PASSED] - verifyElementExist(findTestObject("MOBILE/Auth/Login/android.widget.Button - Login Button"), 3): Element 'Object Repository/MOBILE/Auth/Login/android.widget.Button - Login Button' is exist

2022-05-16 23:48:49 - [MESSAGE][PASSED] - Element 'Object Repository/MOBILE/Auth/Login/android.widget.Button - Login Button' is exist

2022-05-16 23:48:49 - [TEST_STEP][PASSED] - pressBack(): Press back button successfully

2022-05-16 23:48:50 - [MESSAGE][PASSED] - Press back button successfully

2022-05-16 23:48:50 - [TEST_STEP][PASSED] - startExistingApplication("com.example.frontend_mobile"): Starting app with application ID: 'com.example.frontend_mobile'

2022-05-16 23:49:00 - [MESSAGE][PASSED] - Starting app with application ID: 'com.example.frontend_mobile'

2022-05-16 23:49:00 - [TEST_STEP][PASSED] - tap(findTestObject("MOBILE/Auth/Register/android.widget.Button - Login 2"), 0): Tapped on element 'Object Repository/MOBILE/Auth/Register/android.widget.Button - Login 2'

2022-05-16 23:49:00 - [MESSAGE][WARNING] - Timeout '0' is invalid. Using default page load timeout: '30'

2022-05-16 23:49:02 - [MESSAGE][PASSED] - Tapped on element 'Object Repository/MOBILE/Auth/Register/android.widget.Button - Login 2'

2022-05-16 23:49:02 - [TEST_STEP][PASSED] - tap(findTestObject("MOBILE/Auth/Login/android.widget.EditText - Email"), 0): Tapped on element 'Object Repository/MOBILE/Auth/Login/android.widget.EditText - Email'

2022-05-16 23:49:02 - [MESSAGE][WARNING] - Timeout '0' is invalid. Using default page load timeout: '30'

2022-05-16 23:49:03 - [MESSAGE][PASSED] - Tapped on element 'Object Repository/MOBILE/Auth/Login/android.widget.EditText - Email'

2022-05-16 23:49:03 - [TEST_STEP][PASSED] - setText(findTestObject("MOBILE/Auth/Login/android.widget.EditText - Email"), findTestData("WEB/Login").getValue(1, i), 0): Text 'salsabila@gmail.com' has been set to element 'Object Repository/MOBILE/Auth/Login/android.widget.EditText - Email'

2022-05-16 23:49:04 - [MESSAGE][WARNING] - Timeout '0' is invalid. Using default page load timeout: '30'

2022-05-16 23:49:05 - [MESSAGE][PASSED] - Text 'salsabila@gmail.com' has been set to element 'Object Repository/MOBILE/Auth/Login/android.widget.EditText - Email'

2022-05-16 23:49:05 - [TEST_STEP][PASSED] - tap(findTestObject("MOBILE/Auth/Login/android.widget.EditText - Password"), 0): Tapped on element 'Object Repository/MOBILE/Auth/Login/android.widget.EditText - Password'

2022-05-16 23:49:05 - [MESSAGE][WARNING] - Timeout '0' is invalid. Using default page load timeout: '30'

2022-05-16 23:49:05 - [MESSAGE][PASSED] - Tapped on element 'Object Repository/MOBILE/Auth/Login/android.widget.EditText - Password'

2022-05-16 23:49:05 - [TEST_STEP][PASSED] - setText(findTestObject("MOBILE/Auth/Login/android.widget.EditText - Password"), findTestData("WEB/Login").getValue(2, i), 0): Text '' has been set to element 'Object Repository/MOBILE/Auth/Login/android.widget.EditText - Password'

2022-05-16 23:49:06 - [MESSAGE][WARNING] - Timeout '0' is invalid. Using default page load timeout: '30'

2022-05-16 23:49:06 - [MESSAGE][PASSED] - Text '' has been set to element 'Object Repository/MOBILE/Auth/Login/android.widget.EditText - Password'

2022-05-16 23:49:06 - [TEST_STEP][PASSED] - tap(findTestObject("MOBILE/Auth/Login/android.widget.Button - Login Button"), 0): Tapped on element 'Object Repository/MOBILE/Auth/Login/android.widget.Button - Login Button'

2022-05-16 23:49:06 - [MESSAGE][WARNING] - Timeout '0' is invalid. Using default page load timeout: '30'

2022-05-16 23:49:07 - [MESSAGE][PASSED] - Tapped on element 'Object Repository/MOBILE/Auth/Login/android.widget.Button - Login Button'

2022-05-16 23:49:07 - [TEST_STEP][PASSED] - pressBack(): Press back button successfully

2022-05-16 23:49:08 - [MESSAGE][PASSED] - Press back button successfully

2022-05-16 23:49:08 - [TEST_STEP][PASSED] - if (findTestData("WEB/Login").getValue(3, i) == "negative"): Element 'Object Repository/MOBILE/Auth/Login/android.widget.Button - Login Button' is exist

2022-05-16 23:49:08 - [TEST_STEP][PASSED] - verifyElementExist(findTestObject("MOBILE/Auth/Login/android.widget.Button - Login Button"), 3): Element 'Object Repository/MOBILE/Auth/Login/android.widget.Button - Login Button' is exist

2022-05-16 23:49:09 - [MESSAGE][PASSED] - Element 'Object Repository/MOBILE/Auth/Login/android.widget.Button - Login Button' is exist

2022-05-16 23:49:09 - [TEST_STEP][PASSED] - pressBack(): Press back button successfully

2022-05-16 23:49:09 - [MESSAGE][PASSED] - Press back button successfully

2022-05-16 23:49:09 - [TEST_STEP][PASSED] - startExistingApplication("com.example.frontend_mobile"): Starting app with application ID: 'com.example.frontend_mobile'

2022-05-16 23:49:19 - [MESSAGE][PASSED] - Starting app with application ID: 'com.example.frontend_mobile'

2022-05-16 23:49:19 - [TEST_STEP][PASSED] - tap(findTestObject("MOBILE/Auth/Register/android.widget.Button - Login 2"), 0): Tapped on element 'Object Repository/MOBILE/Auth/Register/android.widget.Button - Login 2'

2022-05-16 23:49:19 - [MESSAGE][WARNING] - Timeout '0' is invalid. Using default page load timeout: '30'

2022-05-16 23:49:21 - [MESSAGE][PASSED] - Tapped on element 'Object Repository/MOBILE/Auth/Register/android.widget.Button - Login 2'

2022-05-16 23:49:21 - [TEST_STEP][PASSED] - tap(findTestObject("MOBILE/Auth/Login/android.widget.EditText - Email"), 0): Tapped on element 'Object Repository/MOBILE/Auth/Login/android.widget.EditText - Email'

2022-05-16 23:49:22 - [MESSAGE][WARNING] - Timeout '0' is invalid. Using default page load timeout: '30'

2022-05-16 23:49:22 - [MESSAGE][PASSED] - Tapped on element 'Object Repository/MOBILE/Auth/Login/android.widget.EditText - Email'

2022-05-16 23:49:22 - [TEST_STEP][PASSED] - setText(findTestObject("MOBILE/Auth/Login/android.widget.EditText - Email"), findTestData("WEB/Login").getValue(1, i), 0): Text 'salsabila@gmail.com' has been set to element 'Object Repository/MOBILE/Auth/Login/android.widget.EditText - Email'

2022-05-16 23:49:22 - [MESSAGE][WARNING] - Timeout '0' is invalid. Using default page load timeout: '30'

2022-05-16 23:49:24 - [MESSAGE][PASSED] - Text 'salsabila@gmail.com' has been set to element 'Object Repository/MOBILE/Auth/Login/android.widget.EditText - Email'

2022-05-16 23:49:24 - [TEST_STEP][PASSED] - tap(findTestObject("MOBILE/Auth/Login/android.widget.EditText - Password"), 0): Tapped on element 'Object Repository/MOBILE/Auth/Login/android.widget.EditText - Password'

2022-05-16 23:49:24 - [MESSAGE][WARNING] - Timeout '0' is invalid. Using default page load timeout: '30'

2022-05-16 23:49:25 - [MESSAGE][PASSED] - Tapped on element 'Object Repository/MOBILE/Auth/Login/android.widget.EditText - Password'

2022-05-16 23:49:25 - [TEST_STEP][PASSED] - setText(findTestObject("MOBILE/Auth/Login/android.widget.EditText - Password"), findTestData("WEB/Login").getValue(2, i), 0): Text 'bila' has been set to element 'Object Repository/MOBILE/Auth/Login/android.widget.EditText - Password'

2022-05-16 23:49:25 - [MESSAGE][WARNING] - Timeout '0' is invalid. Using default page load timeout: '30'

2022-05-16 23:49:26 - [MESSAGE][PASSED] - Text 'bila' has been set to element 'Object Repository/MOBILE/Auth/Login/android.widget.EditText - Password'

2022-05-16 23:49:26 - [TEST_STEP][PASSED] - tap(findTestObject("MOBILE/Auth/Login/android.widget.Button - Login Button"), 0): Tapped on element 'Object Repository/MOBILE/Auth/Login/android.widget.Button - Login Button'

2022-05-16 23:49:26 - [MESSAGE][WARNING] - Timeout '0' is invalid. Using default page load timeout: '30'

2022-05-16 23:49:27 - [MESSAGE][PASSED] - Tapped on element 'Object Repository/MOBILE/Auth/Login/android.widget.Button - Login Button'

2022-05-16 23:49:27 - [TEST_STEP][PASSED] - pressBack(): Press back button successfully

2022-05-16 23:49:27 - [MESSAGE][PASSED] - Press back button successfully

2022-05-16 23:49:27 - [TEST_STEP][PASSED] - if (findTestData("WEB/Login").getValue(3, i) == "negative"): Element 'Object Repository/MOBILE/Auth/Login/android.widget.Button - Login Button' is exist

2022-05-16 23:49:27 - [TEST_STEP][PASSED] - verifyElementExist(findTestObject("MOBILE/Auth/Login/android.widget.Button - Login Button"), 3): Element 'Object Repository/MOBILE/Auth/Login/android.widget.Button - Login Button' is exist

2022-05-16 23:49:28 - [MESSAGE][PASSED] - Element 'Object Repository/MOBILE/Auth/Login/android.widget.Button - Login Button' is exist

2022-05-16 23:49:28 - [TEST_STEP][PASSED] - pressBack(): Press back button successfully

2022-05-16 23:49:28 - [MESSAGE][PASSED] - Press back button successfully

2022-05-16 23:49:28 - [TEST_STEP][PASSED] - startExistingApplication("com.example.frontend_mobile"): Starting app with application ID: 'com.example.frontend_mobile'

2022-05-16 23:49:40 - [MESSAGE][PASSED] - Starting app with application ID: 'com.example.frontend_mobile'

2022-05-16 23:49:40 - [TEST_STEP][PASSED] - tap(findTestObject("MOBILE/Auth/Register/android.widget.Button - Login 2"), 0): Tapped on element 'Object Repository/MOBILE/Auth/Register/android.widget.Button - Login 2'

2022-05-16 23:49:40 - [MESSAGE][WARNING] - Timeout '0' is invalid. Using default page load timeout: '30'

2022-05-16 23:49:42 - [MESSAGE][PASSED] - Tapped on element 'Object Repository/MOBILE/Auth/Register/android.widget.Button - Login 2'

2022-05-16 23:49:42 - [TEST_STEP][PASSED] - tap(findTestObject("MOBILE/Auth/Login/android.widget.EditText - Email"), 0): Tapped on element 'Object Repository/MOBILE/Auth/Login/android.widget.EditText - Email'

2022-05-16 23:49:43 - [MESSAGE][WARNING] - Timeout '0' is invalid. Using default page load timeout: '30'

2022-05-16 23:49:44 - [MESSAGE][PASSED] - Tapped on element 'Object Repository/MOBILE/Auth/Login/android.widget.EditText - Email'

2022-05-16 23:49:44 - [TEST_STEP][PASSED] - setText(findTestObject("MOBILE/Auth/Login/android.widget.EditText - Email"), findTestData("WEB/Login").getValue(1, i), 0): Text 'salsabila0123@gmail.com' has been set to element 'Object Repository/MOBILE/Auth/Login/android.widget.EditText - Email'

2022-05-16 23:49:44 - [MESSAGE][WARNING] - Timeout '0' is invalid. Using default page load timeout: '30'

2022-05-16 23:49:45 - [MESSAGE][PASSED] - Text 'salsabila0123@gmail.com' has been set to element 'Object Repository/MOBILE/Auth/Login/android.widget.EditText - Email'

2022-05-16 23:49:45 - [TEST_STEP][PASSED] - tap(findTestObject("MOBILE/Auth/Login/android.widget.EditText - Password"), 0): Tapped on element 'Object Repository/MOBILE/Auth/Login/android.widget.EditText - Password'

2022-05-16 23:49:45 - [MESSAGE][WARNING] - Timeout '0' is invalid. Using default page load timeout: '30'

2022-05-16 23:49:46 - [MESSAGE][PASSED] - Tapped on element 'Object Repository/MOBILE/Auth/Login/android.widget.EditText - Password'

2022-05-16 23:49:46 - [TEST_STEP][PASSED] - setText(findTestObject("MOBILE/Auth/Login/android.widget.EditText - Password"), findTestData("WEB/Login").getValue(2, i), 0): Text 'salsabila' has been set to element 'Object Repository/MOBILE/Auth/Login/android.widget.EditText - Password'

2022-05-16 23:49:46 - [MESSAGE][WARNING] - Timeout '0' is invalid. Using default page load timeout: '30'

2022-05-16 23:49:47 - [MESSAGE][PASSED] - Text 'salsabila' has been set to element 'Object Repository/MOBILE/Auth/Login/android.widget.EditText - Password'

2022-05-16 23:49:47 - [TEST_STEP][PASSED] - tap(findTestObject("MOBILE/Auth/Login/android.widget.Button - Login Button"), 0): Tapped on element 'Object Repository/MOBILE/Auth/Login/android.widget.Button - Login Button'

2022-05-16 23:49:47 - [MESSAGE][WARNING] - Timeout '0' is invalid. Using default page load timeout: '30'

2022-05-16 23:49:48 - [MESSAGE][PASSED] - Tapped on element 'Object Repository/MOBILE/Auth/Login/android.widget.Button - Login Button'

2022-05-16 23:49:48 - [TEST_STEP][PASSED] - pressBack(): Press back button successfully

2022-05-16 23:49:49 - [MESSAGE][PASSED] - Press back button successfully

2022-05-16 23:49:49 - [TEST_STEP][PASSED] - if (findTestData("WEB/Login").getValue(3, i) == "negative"): Element 'Object Repository/MOBILE/Auth/Login/android.widget.Button - Login Button' is exist

2022-05-16 23:49:49 - [TEST_STEP][PASSED] - verifyElementExist(findTestObject("MOBILE/Auth/Login/android.widget.Button - Login Button"), 3): Element 'Object Repository/MOBILE/Auth/Login/android.widget.Button - Login Button' is exist

2022-05-16 23:49:50 - [MESSAGE][PASSED] - Element 'Object Repository/MOBILE/Auth/Login/android.widget.Button - Login Button' is exist

2022-05-16 23:49:50 - [TEST_STEP][PASSED] - pressBack(): Press back button successfully

2022-05-16 23:49:50 - [MESSAGE][PASSED] - Press back button successfully

2022-05-16 23:49:50 - [TEST_STEP][PASSED] - startExistingApplication("com.example.frontend_mobile"): Starting app with application ID: 'com.example.frontend_mobile'

2022-05-16 23:50:01 - [MESSAGE][PASSED] - Starting app with application ID: 'com.example.frontend_mobile'

2022-05-16 23:50:01 - [TEST_STEP][PASSED] - tap(findTestObject("MOBILE/Auth/Register/android.widget.Button - Login 2"), 0): Tapped on element 'Object Repository/MOBILE/Auth/Register/android.widget.Button - Login 2'

2022-05-16 23:50:01 - [MESSAGE][WARNING] - Timeout '0' is invalid. Using default page load timeout: '30'

2022-05-16 23:50:03 - [MESSAGE][PASSED] - Tapped on element 'Object Repository/MOBILE/Auth/Register/android.widget.Button - Login 2'

2022-05-16 23:50:03 - [TEST_STEP][PASSED] - tap(findTestObject("MOBILE/Auth/Login/android.widget.EditText - Email"), 0): Tapped on element 'Object Repository/MOBILE/Auth/Login/android.widget.EditText - Email'

2022-05-16 23:50:03 - [MESSAGE][WARNING] - Timeout '0' is invalid. Using default page load timeout: '30'

2022-05-16 23:50:04 - [MESSAGE][PASSED] - Tapped on element 'Object Repository/MOBILE/Auth/Login/android.widget.EditText - Email'

2022-05-16 23:50:04 - [TEST_STEP][PASSED] - setText(findTestObject("MOBILE/Auth/Login/android.widget.EditText - Email"), findTestData("WEB/Login").getValue(1, i), 0): Text 'halosalsa' has been set to element 'Object Repository/MOBILE/Auth/Login/android.widget.EditText - Email'

2022-05-16 23:50:04 - [MESSAGE][WARNING] - Timeout '0' is invalid. Using default page load timeout: '30'

2022-05-16 23:50:05 - [MESSAGE][PASSED] - Text 'halosalsa' has been set to element 'Object Repository/MOBILE/Auth/Login/android.widget.EditText - Email'

2022-05-16 23:50:05 - [TEST_STEP][PASSED] - tap(findTestObject("MOBILE/Auth/Login/android.widget.EditText - Password"), 0): Tapped on element 'Object Repository/MOBILE/Auth/Login/android.widget.EditText - Password'

2022-05-16 23:50:05 - [MESSAGE][WARNING] - Timeout '0' is invalid. Using default page load timeout: '30'

2022-05-16 23:50:06 - [MESSAGE][PASSED] - Tapped on element 'Object Repository/MOBILE/Auth/Login/android.widget.EditText - Password'

2022-05-16 23:50:06 - [TEST_STEP][PASSED] - setText(findTestObject("MOBILE/Auth/Login/android.widget.EditText - Password"), findTestData("WEB/Login").getValue(2, i), 0): Text 'salsabila' has been set to element 'Object Repository/MOBILE/Auth/Login/android.widget.EditText - Password'

2022-05-16 23:50:06 - [MESSAGE][WARNING] - Timeout '0' is invalid. Using default page load timeout: '30'

2022-05-16 23:50:08 - [MESSAGE][PASSED] - Text 'salsabila' has been set to element 'Object Repository/MOBILE/Auth/Login/android.widget.EditText - Password'

2022-05-16 23:50:08 - [TEST_STEP][PASSED] - tap(findTestObject("MOBILE/Auth/Login/android.widget.Button - Login Button"), 0): Tapped on element 'Object Repository/MOBILE/Auth/Login/android.widget.Button - Login Button'

2022-05-16 23:50:08 - [MESSAGE][WARNING] - Timeout '0' is invalid. Using default page load timeout: '30'

2022-05-16 23:50:08 - [MESSAGE][PASSED] - Tapped on element 'Object Repository/MOBILE/Auth/Login/android.widget.Button - Login Button'

2022-05-16 23:50:08 - [TEST_STEP][PASSED] - pressBack(): Press back button successfully

2022-05-16 23:50:09 - [MESSAGE][PASSED] - Press back button successfully

2022-05-16 23:50:09 - [TEST_STEP][PASSED] - if (findTestData("WEB/Login").getValue(3, i) == "negative"): Element 'Object Repository/MOBILE/Auth/Login/android.widget.Button - Login Button' is exist

2022-05-16 23:50:09 - [TEST_STEP][PASSED] - verifyElementExist(findTestObject("MOBILE/Auth/Login/android.widget.Button - Login Button"), 3): Element 'Object Repository/MOBILE/Auth/Login/android.widget.Button - Login Button' is exist

2022-05-16 23:50:10 - [MESSAGE][PASSED] - Element 'Object Repository/MOBILE/Auth/Login/android.widget.Button - Login Button' is exist

2022-05-16 23:50:10 - [TEST_STEP][PASSED] - pressBack(): Press back button successfully

2022-05-16 23:50:10 - [MESSAGE][PASSED] - Press back button successfully

2022-05-16 23:50:10 - [TEST_STEP][PASSED] - startExistingApplication("com.example.frontend_mobile"): Starting app with application ID: 'com.example.frontend_mobile'

2022-05-16 23:50:21 - [MESSAGE][PASSED] - Starting app with application ID: 'com.example.frontend_mobile'

2022-05-16 23:50:21 - [TEST_STEP][PASSED] - tap(findTestObject("MOBILE/Auth/Register/android.widget.Button - Login 2"), 0): Tapped on element 'Object Repository/MOBILE/Auth/Register/android.widget.Button - Login 2'

2022-05-16 23:50:21 - [MESSAGE][WARNING] - Timeout '0' is invalid. Using default page load timeout: '30'

2022-05-16 23:50:24 - [MESSAGE][PASSED] - Tapped on element 'Object Repository/MOBILE/Auth/Register/android.widget.Button - Login 2'

2022-05-16 23:50:24 - [TEST_STEP][PASSED] - tap(findTestObject("MOBILE/Auth/Login/android.widget.EditText - Email"), 0): Tapped on element 'Object Repository/MOBILE/Auth/Login/android.widget.EditText - Email'

2022-05-16 23:50:24 - [MESSAGE][WARNING] - Timeout '0' is invalid. Using default page load timeout: '30'

2022-05-16 23:50:26 - [MESSAGE][PASSED] - Tapped on element 'Object Repository/MOBILE/Auth/Login/android.widget.EditText - Email'

2022-05-16 23:50:26 - [TEST_STEP][PASSED] - setText(findTestObject("MOBILE/Auth/Login/android.widget.EditText - Email"), findTestData("WEB/Login").getValue(1, i), 0): Text 'salsabila@gmail.com' has been set to element 'Object Repository/MOBILE/Auth/Login/android.widget.EditText - Email'

2022-05-16 23:50:26 - [MESSAGE][WARNING] - Timeout '0' is invalid. Using default page load timeout: '30'

2022-05-16 23:50:28 - [MESSAGE][PASSED] - Text 'salsabila@gmail.com' has been set to element 'Object Repository/MOBILE/Auth/Login/android.widget.EditText - Email'

2022-05-16 23:50:28 - [TEST_STEP][PASSED] - tap(findTestObject("MOBILE/Auth/Login/android.widget.EditText - Password"), 0): Tapped on element 'Object Repository/MOBILE/Auth/Login/android.widget.EditText - Password'

2022-05-16 23:50:28 - [MESSAGE][WARNING] - Timeout '0' is invalid. Using default page load timeout: '30'

2022-05-16 23:50:29 - [MESSAGE][PASSED] - Tapped on element 'Object Repository/MOBILE/Auth/Login/android.widget.EditText - Password'

2022-05-16 23:50:29 - [TEST_STEP][PASSED] - setText(findTestObject("MOBILE/Auth/Login/android.widget.EditText - Password"), findTestData("WEB/Login").getValue(2, i), 0): Text 'salsabila' has been set to element 'Object Repository/MOBILE/Auth/Login/android.widget.EditText - Password'

2022-05-16 23:50:29 - [MESSAGE][WARNING] - Timeout '0' is invalid. Using default page load timeout: '30'

2022-05-16 23:50:30 - [MESSAGE][PASSED] - Text 'salsabila' has been set to element 'Object Repository/MOBILE/Auth/Login/android.widget.EditText - Password'

2022-05-16 23:50:30 - [TEST_STEP][PASSED] - tap(findTestObject("MOBILE/Auth/Login/android.widget.Button - Login Button"), 0): Tapped on element 'Object Repository/MOBILE/Auth/Login/android.widget.Button - Login Button'

2022-05-16 23:50:30 - [MESSAGE][WARNING] - Timeout '0' is invalid. Using default page load timeout: '30'

2022-05-16 23:50:31 - [MESSAGE][PASSED] - Tapped on element 'Object Repository/MOBILE/Auth/Login/android.widget.Button - Login Button'

2022-05-16 23:50:31 - [TEST_STEP][PASSED] - pressBack(): Press back button successfully

2022-05-16 23:50:31 - [MESSAGE][PASSED] - Press back button successfully

2022-05-16 23:50:31 - [TEST_STEP][PASSED] - if (findTestData("WEB/Login").getValue(3, i) == "negative"): null

2022-05-16 23:50:31 - [TEST_STEP][PASSED] - else: Element 'Object Repository/MOBILE/Auth/Logout/android.widget.Button - Logout' is exist

2022-05-16 23:50:31 - [TEST_STEP][PASSED] - verifyElementExist(findTestObject("MOBILE/Auth/Logout/android.widget.Button - Logout"), 3): Element 'Object Repository/MOBILE/Auth/Logout/android.widget.Button - Logout' is exist

2022-05-16 23:50:33 - [MESSAGE][PASSED] - Element 'Object Repository/MOBILE/Auth/Logout/android.widget.Button - Logout' is exist

2022-05-16 23:50:33 - [TEST_STEP][PASSED] - pressBack(): Press back button successfully

2022-05-16 23:50:33 - [MESSAGE][PASSED] - Press back button successfully]]></system-out>
         <system-err><![CDATA[]]></system-err>
      </testcase>
      <testcase name="Test Cases/MOBILE/Auth/Logout" time="25.142" classname="Test Cases/MOBILE/Auth/Logout" status="PASSED">
         <system-out><![CDATA[2022-05-16 23:50:33 - [TEST_CASE][PASSED] - Test Cases/MOBILE/Auth/Logout: Test Cases/MOBILE/Auth/Logout

2022-05-16 23:50:33 - [TEST_STEP][PASSED] - callTestCase(findTestCase("MOBILE/Auth/Login_Success"), [:], CONTINUE_ON_FAILURE): Call Test Case 'Test Cases/MOBILE/Auth/Login_Success' successfully

2022-05-16 23:50:33 - [TEST_CASE][PASSED] - Test Cases/MOBILE/Auth/Login_Success: Test Cases/MOBILE/Auth/Login_Success

2022-05-16 23:50:34 - [TEST_STEP][PASSED] - startExistingApplication("com.example.frontend_mobile"): Starting app with application ID: 'com.example.frontend_mobile'

2022-05-16 23:50:44 - [MESSAGE][PASSED] - Starting app with application ID: 'com.example.frontend_mobile'

2022-05-16 23:50:44 - [TEST_STEP][PASSED] - tap(findTestObject("MOBILE/Auth/Register/android.widget.Button - Login 2"), 0): Tapped on element 'Object Repository/MOBILE/Auth/Register/android.widget.Button - Login 2'

2022-05-16 23:50:44 - [MESSAGE][WARNING] - Timeout '0' is invalid. Using default page load timeout: '30'

2022-05-16 23:50:48 - [MESSAGE][PASSED] - Tapped on element 'Object Repository/MOBILE/Auth/Register/android.widget.Button - Login 2'

2022-05-16 23:50:48 - [TEST_STEP][PASSED] - tap(findTestObject("MOBILE/Auth/Login/android.widget.EditText - Email"), 0): Tapped on element 'Object Repository/MOBILE/Auth/Login/android.widget.EditText - Email'

2022-05-16 23:50:48 - [MESSAGE][WARNING] - Timeout '0' is invalid. Using default page load timeout: '30'

2022-05-16 23:50:50 - [MESSAGE][PASSED] - Tapped on element 'Object Repository/MOBILE/Auth/Login/android.widget.EditText - Email'

2022-05-16 23:50:50 - [TEST_STEP][PASSED] - setText(findTestObject("MOBILE/Auth/Login/android.widget.EditText - Email"), "salsa@gmail.com", 0): Text 'salsa@gmail.com' has been set to element 'Object Repository/MOBILE/Auth/Login/android.widget.EditText - Email'

2022-05-16 23:50:50 - [MESSAGE][WARNING] - Timeout '0' is invalid. Using default page load timeout: '30'

2022-05-16 23:50:52 - [MESSAGE][PASSED] - Text 'salsa@gmail.com' has been set to element 'Object Repository/MOBILE/Auth/Login/android.widget.EditText - Email'

2022-05-16 23:50:52 - [TEST_STEP][PASSED] - tap(findTestObject("MOBILE/Auth/Login/android.widget.EditText - Password"), 0): Tapped on element 'Object Repository/MOBILE/Auth/Login/android.widget.EditText - Password'

2022-05-16 23:50:52 - [MESSAGE][WARNING] - Timeout '0' is invalid. Using default page load timeout: '30'

2022-05-16 23:50:53 - [MESSAGE][PASSED] - Tapped on element 'Object Repository/MOBILE/Auth/Login/android.widget.EditText - Password'

2022-05-16 23:50:53 - [TEST_STEP][PASSED] - setText(findTestObject("MOBILE/Auth/Login/android.widget.EditText - Password"), "salsa", 0): Text 'salsa' has been set to element 'Object Repository/MOBILE/Auth/Login/android.widget.EditText - Password'

2022-05-16 23:50:53 - [MESSAGE][WARNING] - Timeout '0' is invalid. Using default page load timeout: '30'

2022-05-16 23:50:54 - [MESSAGE][PASSED] - Text 'salsa' has been set to element 'Object Repository/MOBILE/Auth/Login/android.widget.EditText - Password'

2022-05-16 23:50:54 - [TEST_STEP][PASSED] - tap(findTestObject("MOBILE/Auth/Login/android.widget.Button - Login Button"), 0): Tapped on element 'Object Repository/MOBILE/Auth/Login/android.widget.Button - Login Button'

2022-05-16 23:50:54 - [MESSAGE][WARNING] - Timeout '0' is invalid. Using default page load timeout: '30'

2022-05-16 23:50:55 - [MESSAGE][PASSED] - Tapped on element 'Object Repository/MOBILE/Auth/Login/android.widget.Button - Login Button'

2022-05-16 23:50:55 - [TEST_STEP][PASSED] - verifyElementVisible(findTestObject("MOBILE/Auth/Login/android.widget.Button - Logout"), 0): Element 'Object Repository/MOBILE/Auth/Login/android.widget.Button - Logout' is visible

2022-05-16 23:50:55 - [MESSAGE][WARNING] - Timeout '0' is invalid. Using default page load timeout: '30'

2022-05-16 23:50:56 - [MESSAGE][PASSED] - Element 'Object Repository/MOBILE/Auth/Login/android.widget.Button - Logout' is visible

2022-05-16 23:50:56 - [MESSAGE][PASSED] - Call Test Case 'Test Cases/MOBILE/Auth/Login_Success' successfully

2022-05-16 23:50:56 - [TEST_STEP][PASSED] - tap(findTestObject("MOBILE/Auth/Login/android.widget.Button - Logout"), 0): Tapped on element 'Object Repository/MOBILE/Auth/Login/android.widget.Button - Logout'

2022-05-16 23:50:56 - [MESSAGE][WARNING] - Timeout '0' is invalid. Using default page load timeout: '30'

2022-05-16 23:50:57 - [MESSAGE][PASSED] - Tapped on element 'Object Repository/MOBILE/Auth/Login/android.widget.Button - Logout'

2022-05-16 23:50:57 - [TEST_STEP][PASSED] - verifyElementVisible(findTestObject("MOBILE/Auth/Login/android.widget.Button - Login Button"), 0): Element 'Object Repository/MOBILE/Auth/Login/android.widget.Button - Login Button' is visible

2022-05-16 23:50:57 - [MESSAGE][WARNING] - Timeout '0' is invalid. Using default page load timeout: '30'

2022-05-16 23:50:58 - [MESSAGE][PASSED] - Element 'Object Repository/MOBILE/Auth/Login/android.widget.Button - Login Button' is visible]]></system-out>
         <system-err><![CDATA[]]></system-err>
      </testcase>
      <testcase name="Test Cases/MOBILE/Auth/Register" time="0.128" classname="Test Cases/MOBILE/Auth/Register" status="FAILED">
         <failure type="FAILED" message="Test Cases/MOBILE/Auth/Register FAILED.
Reason:
com.kms.katalon.core.exception.StepFailedException: Unable to start app with application ID: 'com.example.frontend_mobile' (Root cause: java.io.IOException: GetExitCodeProcess error=6, The handle is invalid
	at com.kms.katalon.core.appium.driver.AppiumDriverManager.isAppiumServerStarted(AppiumDriverManager.java:194)
	at com.kms.katalon.core.appium.driver.AppiumDriverManager.startAppiumServerJS(AppiumDriverManager.java:258)
	at com.kms.katalon.core.appium.driver.AppiumDriverManager.startAppiumServerJS(AppiumDriverManager.java:407)
	at com.kms.katalon.core.appium.driver.AppiumDriverManager.ensureServicesStarted(AppiumDriverManager.java:244)
	at com.kms.katalon.core.appium.driver.AppiumDriverManager.createMobileDriver(AppiumDriverManager.java:473)
	at com.kms.katalon.core.mobile.keyword.internal.MobileDriverFactory.startMobileDriver(MobileDriverFactory.java:417)
	at com.kms.katalon.core.mobile.keyword.internal.MobileDriverFactory$startMobileDriver.call(Unknown Source)
	at com.kms.katalon.core.mobile.keyword.builtin.StartExistingApplicationKeyword$_startApplication_closure1.doCall(StartExistingApplicationKeyword.groovy:40)
	at com.kms.katalon.core.mobile.keyword.builtin.StartExistingApplicationKeyword$_startApplication_closure1.doCall(StartExistingApplicationKeyword.groovy)
	at com.kms.katalon.core.mobile.keyword.internal.MobileKeywordMain.runKeyword(MobileKeywordMain.groovy:21)
	at com.kms.katalon.core.mobile.keyword.internal.MobileKeywordMain$runKeyword.call(Unknown Source)
	at com.kms.katalon.core.mobile.keyword.builtin.StartExistingApplicationKeyword.startApplication(StartExistingApplicationKeyword.groovy:43)
	at com.kms.katalon.core.mobile.keyword.builtin.StartExistingApplicationKeyword.execute(StartExistingApplicationKeyword.groovy:34)
	at com.kms.katalon.core.keyword.internal.KeywordExecutor.executeKeywordForPlatform(KeywordExecutor.groovy:74)
	at com.kms.katalon.core.mobile.keyword.MobileBuiltInKeywords.startExistingApplication(MobileBuiltInKeywords.groovy:92)
	at com.kms.katalon.core.mobile.keyword.MobileBuiltInKeywords$startExistingApplication.call(Unknown Source)
	at Register.run(Register:21)
	at com.kms.katalon.core.main.ScriptEngine.run(ScriptEngine.java:194)
	at com.kms.katalon.core.main.ScriptEngine.runScriptAsRawText(ScriptEngine.java:119)
	at com.kms.katalon.core.main.TestCaseExecutor.runScript(TestCaseExecutor.java:442)
	at com.kms.katalon.core.main.TestCaseExecutor.doExecute(TestCaseExecutor.java:433)
	at com.kms.katalon.core.main.TestCaseExecutor.processExecutionPhase(TestCaseExecutor.java:412)
	at com.kms.katalon.core.main.TestCaseExecutor.accessMainPhase(TestCaseExecutor.java:404)
	at com.kms.katalon.core.main.TestCaseExecutor.execute(TestCaseExecutor.java:281)
	at com.kms.katalon.core.main.TestCaseExecutor.execute(TestCaseExecutor.java:363)
	at com.kms.katalon.core.main.TestCaseExecutor.execute(TestCaseExecutor.java:363)
	at com.kms.katalon.core.main.TestCaseExecutor.execute(TestCaseExecutor.java:363)
	at com.kms.katalon.core.main.TestSuiteExecutor.accessTestCaseMainPhase(TestSuiteExecutor.java:202)
	at com.kms.katalon.core.main.TestSuiteExecutor.accessTestSuiteMainPhase(TestSuiteExecutor.java:164)
	at com.kms.katalon.core.main.TestSuiteExecutor.execute(TestSuiteExecutor.java:105)
	at com.kms.katalon.core.main.TestCaseMain.startTestSuite(TestCaseMain.java:185)
	at com.kms.katalon.core.main.TestCaseMain$startTestSuite$0.call(Unknown Source)
	at TempTestSuite1652719676363.run(TempTestSuite1652719676363.groovy:36)
)
	at com.kms.katalon.core.keyword.internal.KeywordMain.stepFailed(KeywordMain.groovy:39)
	at com.kms.katalon.core.mobile.keyword.internal.MobileKeywordMain.stepFailed(MobileKeywordMain.groovy:40)
	at com.kms.katalon.core.mobile.keyword.internal.MobileKeywordMain.runKeyword(MobileKeywordMain.groovy:23)
	at com.kms.katalon.core.mobile.keyword.internal.MobileKeywordMain$runKeyword.call(Unknown Source)
	at com.kms.katalon.core.mobile.keyword.builtin.StartExistingApplicationKeyword.startApplication(StartExistingApplicationKeyword.groovy:43)
	at com.kms.katalon.core.mobile.keyword.builtin.StartExistingApplicationKeyword.execute(StartExistingApplicationKeyword.groovy:34)
	at com.kms.katalon.core.keyword.internal.KeywordExecutor.executeKeywordForPlatform(KeywordExecutor.groovy:74)
	at com.kms.katalon.core.mobile.keyword.MobileBuiltInKeywords.startExistingApplication(MobileBuiltInKeywords.groovy:92)
	at com.kms.katalon.core.mobile.keyword.MobileBuiltInKeywords$startExistingApplication.call(Unknown Source)
	at Register.run(Register:21)
	at com.kms.katalon.core.main.ScriptEngine.run(ScriptEngine.java:194)
	at com.kms.katalon.core.main.ScriptEngine.runScriptAsRawText(ScriptEngine.java:119)
	at com.kms.katalon.core.main.TestCaseExecutor.runScript(TestCaseExecutor.java:442)
	at com.kms.katalon.core.main.TestCaseExecutor.doExecute(TestCaseExecutor.java:433)
	at com.kms.katalon.core.main.TestCaseExecutor.processExecutionPhase(TestCaseExecutor.java:412)
	at com.kms.katalon.core.main.TestCaseExecutor.accessMainPhase(TestCaseExecutor.java:404)
	at com.kms.katalon.core.main.TestCaseExecutor.execute(TestCaseExecutor.java:281)
	at com.kms.katalon.core.main.TestCaseExecutor.execute(TestCaseExecutor.java:363)
	at com.kms.katalon.core.main.TestCaseExecutor.execute(TestCaseExecutor.java:363)
	at com.kms.katalon.core.main.TestCaseExecutor.execute(TestCaseExecutor.java:363)
	at com.kms.katalon.core.main.TestSuiteExecutor.accessTestCaseMainPhase(TestSuiteExecutor.java:202)
	at com.kms.katalon.core.main.TestSuiteExecutor.accessTestSuiteMainPhase(TestSuiteExecutor.java:164)
	at com.kms.katalon.core.main.TestSuiteExecutor.execute(TestSuiteExecutor.java:105)
	at com.kms.katalon.core.main.TestCaseMain.startTestSuite(TestCaseMain.java:185)
	at com.kms.katalon.core.main.TestCaseMain$startTestSuite$0.call(Unknown Source)
	at TempTestSuite1652719676363.run(TempTestSuite1652719676363.groovy:36)
Caused by: java.io.IOException: GetExitCodeProcess error=6, The handle is invalid
	at com.kms.katalon.core.appium.driver.AppiumDriverManager.isAppiumServerStarted(AppiumDriverManager.java:194)
	at com.kms.katalon.core.appium.driver.AppiumDriverManager.startAppiumServerJS(AppiumDriverManager.java:258)
	at com.kms.katalon.core.appium.driver.AppiumDriverManager.startAppiumServerJS(AppiumDriverManager.java:407)
	at com.kms.katalon.core.appium.driver.AppiumDriverManager.ensureServicesStarted(AppiumDriverManager.java:244)
	at com.kms.katalon.core.appium.driver.AppiumDriverManager.createMobileDriver(AppiumDriverManager.java:473)
	at com.kms.katalon.core.mobile.keyword.internal.MobileDriverFactory.startMobileDriver(MobileDriverFactory.java:417)
	at com.kms.katalon.core.mobile.keyword.internal.MobileDriverFactory$startMobileDriver.call(Unknown Source)
	at com.kms.katalon.core.mobile.keyword.builtin.StartExistingApplicationKeyword$_startApplication_closure1.doCall(StartExistingApplicationKeyword.groovy:40)
	at com.kms.katalon.core.mobile.keyword.builtin.StartExistingApplicationKeyword$_startApplication_closure1.doCall(StartExistingApplicationKeyword.groovy)
	at com.kms.katalon.core.mobile.keyword.internal.MobileKeywordMain.runKeyword(MobileKeywordMain.groovy:21)
	... 23 more
"/>
         <system-out><![CDATA[2022-05-16 23:53:14 - [TEST_CASE][FAILED] - Test Cases/MOBILE/Auth/Register: Test Cases/MOBILE/Auth/Register FAILED.
Reason:
com.kms.katalon.core.exception.StepFailedException: Unable to start app with application ID: 'com.example.frontend_mobile' (Root cause: java.io.IOException: GetExitCodeProcess error=6, The handle is invalid
	at com.kms.katalon.core.appium.driver.AppiumDriverManager.isAppiumServerStarted(AppiumDriverManager.java:194)
	at com.kms.katalon.core.appium.driver.AppiumDriverManager.startAppiumServerJS(AppiumDriverManager.java:258)
	at com.kms.katalon.core.appium.driver.AppiumDriverManager.startAppiumServerJS(AppiumDriverManager.java:407)
	at com.kms.katalon.core.appium.driver.AppiumDriverManager.ensureServicesStarted(AppiumDriverManager.java:244)
	at com.kms.katalon.core.appium.driver.AppiumDriverManager.createMobileDriver(AppiumDriverManager.java:473)
	at com.kms.katalon.core.mobile.keyword.internal.MobileDriverFactory.startMobileDriver(MobileDriverFactory.java:417)
	at com.kms.katalon.core.mobile.keyword.internal.MobileDriverFactory$startMobileDriver.call(Unknown Source)
	at com.kms.katalon.core.mobile.keyword.builtin.StartExistingApplicationKeyword$_startApplication_closure1.doCall(StartExistingApplicationKeyword.groovy:40)
	at com.kms.katalon.core.mobile.keyword.builtin.StartExistingApplicationKeyword$_startApplication_closure1.doCall(StartExistingApplicationKeyword.groovy)
	at com.kms.katalon.core.mobile.keyword.internal.MobileKeywordMain.runKeyword(MobileKeywordMain.groovy:21)
	at com.kms.katalon.core.mobile.keyword.internal.MobileKeywordMain$runKeyword.call(Unknown Source)
	at com.kms.katalon.core.mobile.keyword.builtin.StartExistingApplicationKeyword.startApplication(StartExistingApplicationKeyword.groovy:43)
	at com.kms.katalon.core.mobile.keyword.builtin.StartExistingApplicationKeyword.execute(StartExistingApplicationKeyword.groovy:34)
	at com.kms.katalon.core.keyword.internal.KeywordExecutor.executeKeywordForPlatform(KeywordExecutor.groovy:74)
	at com.kms.katalon.core.mobile.keyword.MobileBuiltInKeywords.startExistingApplication(MobileBuiltInKeywords.groovy:92)
	at com.kms.katalon.core.mobile.keyword.MobileBuiltInKeywords$startExistingApplication.call(Unknown Source)
	at Register.run(Register:21)
	at com.kms.katalon.core.main.ScriptEngine.run(ScriptEngine.java:194)
	at com.kms.katalon.core.main.ScriptEngine.runScriptAsRawText(ScriptEngine.java:119)
	at com.kms.katalon.core.main.TestCaseExecutor.runScript(TestCaseExecutor.java:442)
	at com.kms.katalon.core.main.TestCaseExecutor.doExecute(TestCaseExecutor.java:433)
	at com.kms.katalon.core.main.TestCaseExecutor.processExecutionPhase(TestCaseExecutor.java:412)
	at com.kms.katalon.core.main.TestCaseExecutor.accessMainPhase(TestCaseExecutor.java:404)
	at com.kms.katalon.core.main.TestCaseExecutor.execute(TestCaseExecutor.java:281)
	at com.kms.katalon.core.main.TestCaseExecutor.execute(TestCaseExecutor.java:363)
	at com.kms.katalon.core.main.TestCaseExecutor.execute(TestCaseExecutor.java:363)
	at com.kms.katalon.core.main.TestCaseExecutor.execute(TestCaseExecutor.java:363)
	at com.kms.katalon.core.main.TestSuiteExecutor.accessTestCaseMainPhase(TestSuiteExecutor.java:202)
	at com.kms.katalon.core.main.TestSuiteExecutor.accessTestSuiteMainPhase(TestSuiteExecutor.java:164)
	at com.kms.katalon.core.main.TestSuiteExecutor.execute(TestSuiteExecutor.java:105)
	at com.kms.katalon.core.main.TestCaseMain.startTestSuite(TestCaseMain.java:185)
	at com.kms.katalon.core.main.TestCaseMain$startTestSuite$0.call(Unknown Source)
	at TempTestSuite1652719676363.run(TempTestSuite1652719676363.groovy:36)
)
	at com.kms.katalon.core.keyword.internal.KeywordMain.stepFailed(KeywordMain.groovy:39)
	at com.kms.katalon.core.mobile.keyword.internal.MobileKeywordMain.stepFailed(MobileKeywordMain.groovy:40)
	at com.kms.katalon.core.mobile.keyword.internal.MobileKeywordMain.runKeyword(MobileKeywordMain.groovy:23)
	at com.kms.katalon.core.mobile.keyword.internal.MobileKeywordMain$runKeyword.call(Unknown Source)
	at com.kms.katalon.core.mobile.keyword.builtin.StartExistingApplicationKeyword.startApplication(StartExistingApplicationKeyword.groovy:43)
	at com.kms.katalon.core.mobile.keyword.builtin.StartExistingApplicationKeyword.execute(StartExistingApplicationKeyword.groovy:34)
	at com.kms.katalon.core.keyword.internal.KeywordExecutor.executeKeywordForPlatform(KeywordExecutor.groovy:74)
	at com.kms.katalon.core.mobile.keyword.MobileBuiltInKeywords.startExistingApplication(MobileBuiltInKeywords.groovy:92)
	at com.kms.katalon.core.mobile.keyword.MobileBuiltInKeywords$startExistingApplication.call(Unknown Source)
	at Register.run(Register:21)
	at com.kms.katalon.core.main.ScriptEngine.run(ScriptEngine.java:194)
	at com.kms.katalon.core.main.ScriptEngine.runScriptAsRawText(ScriptEngine.java:119)
	at com.kms.katalon.core.main.TestCaseExecutor.runScript(TestCaseExecutor.java:442)
	at com.kms.katalon.core.main.TestCaseExecutor.doExecute(TestCaseExecutor.java:433)
	at com.kms.katalon.core.main.TestCaseExecutor.processExecutionPhase(TestCaseExecutor.java:412)
	at com.kms.katalon.core.main.TestCaseExecutor.accessMainPhase(TestCaseExecutor.java:404)
	at com.kms.katalon.core.main.TestCaseExecutor.execute(TestCaseExecutor.java:281)
	at com.kms.katalon.core.main.TestCaseExecutor.execute(TestCaseExecutor.java:363)
	at com.kms.katalon.core.main.TestCaseExecutor.execute(TestCaseExecutor.java:363)
	at com.kms.katalon.core.main.TestCaseExecutor.execute(TestCaseExecutor.java:363)
	at com.kms.katalon.core.main.TestSuiteExecutor.accessTestCaseMainPhase(TestSuiteExecutor.java:202)
	at com.kms.katalon.core.main.TestSuiteExecutor.accessTestSuiteMainPhase(TestSuiteExecutor.java:164)
	at com.kms.katalon.core.main.TestSuiteExecutor.execute(TestSuiteExecutor.java:105)
	at com.kms.katalon.core.main.TestCaseMain.startTestSuite(TestCaseMain.java:185)
	at com.kms.katalon.core.main.TestCaseMain$startTestSuite$0.call(Unknown Source)
	at TempTestSuite1652719676363.run(TempTestSuite1652719676363.groovy:36)
Caused by: java.io.IOException: GetExitCodeProcess error=6, The handle is invalid
	at com.kms.katalon.core.appium.driver.AppiumDriverManager.isAppiumServerStarted(AppiumDriverManager.java:194)
	at com.kms.katalon.core.appium.driver.AppiumDriverManager.startAppiumServerJS(AppiumDriverManager.java:258)
	at com.kms.katalon.core.appium.driver.AppiumDriverManager.startAppiumServerJS(AppiumDriverManager.java:407)
	at com.kms.katalon.core.appium.driver.AppiumDriverManager.ensureServicesStarted(AppiumDriverManager.java:244)
	at com.kms.katalon.core.appium.driver.AppiumDriverManager.createMobileDriver(AppiumDriverManager.java:473)
	at com.kms.katalon.core.mobile.keyword.internal.MobileDriverFactory.startMobileDriver(MobileDriverFactory.java:417)
	at com.kms.katalon.core.mobile.keyword.internal.MobileDriverFactory$startMobileDriver.call(Unknown Source)
	at com.kms.katalon.core.mobile.keyword.builtin.StartExistingApplicationKeyword$_startApplication_closure1.doCall(StartExistingApplicationKeyword.groovy:40)
	at com.kms.katalon.core.mobile.keyword.builtin.StartExistingApplicationKeyword$_startApplication_closure1.doCall(StartExistingApplicationKeyword.groovy)
	at com.kms.katalon.core.mobile.keyword.internal.MobileKeywordMain.runKeyword(MobileKeywordMain.groovy:21)
	... 23 more


2022-05-16 23:53:14 - [TEST_STEP][FAILED] - for ([i = 1, i <= 7, (i++)]): null

2022-05-16 23:53:14 - [TEST_STEP][FAILED] - startExistingApplication("com.example.frontend_mobile"): Unable to start app with application ID: 'com.example.frontend_mobile' (Root cause: java.io.IOException: GetExitCodeProcess error=6, The handle is invalid
	at com.kms.katalon.core.appium.driver.AppiumDriverManager.isAppiumServerStarted(AppiumDriverManager.java:194)
	at com.kms.katalon.core.appium.driver.AppiumDriverManager.startAppiumServerJS(AppiumDriverManager.java:258)
	at com.kms.katalon.core.appium.driver.AppiumDriverManager.startAppiumServerJS(AppiumDriverManager.java:407)
	at com.kms.katalon.core.appium.driver.AppiumDriverManager.ensureServicesStarted(AppiumDriverManager.java:244)
	at com.kms.katalon.core.appium.driver.AppiumDriverManager.createMobileDriver(AppiumDriverManager.java:473)
	at com.kms.katalon.core.mobile.keyword.internal.MobileDriverFactory.startMobileDriver(MobileDriverFactory.java:417)
	at com.kms.katalon.core.mobile.keyword.internal.MobileDriverFactory$startMobileDriver.call(Unknown Source)
	at com.kms.katalon.core.mobile.keyword.builtin.StartExistingApplicationKeyword$_startApplication_closure1.doCall(StartExistingApplicationKeyword.groovy:40)
	at com.kms.katalon.core.mobile.keyword.builtin.StartExistingApplicationKeyword$_startApplication_closure1.doCall(StartExistingApplicationKeyword.groovy)
	at com.kms.katalon.core.mobile.keyword.internal.MobileKeywordMain.runKeyword(MobileKeywordMain.groovy:21)
	at com.kms.katalon.core.mobile.keyword.internal.MobileKeywordMain$runKeyword.call(Unknown Source)
	at com.kms.katalon.core.mobile.keyword.builtin.StartExistingApplicationKeyword.startApplication(StartExistingApplicationKeyword.groovy:43)
	at com.kms.katalon.core.mobile.keyword.builtin.StartExistingApplicationKeyword.execute(StartExistingApplicationKeyword.groovy:34)
	at com.kms.katalon.core.keyword.internal.KeywordExecutor.executeKeywordForPlatform(KeywordExecutor.groovy:74)
	at com.kms.katalon.core.mobile.keyword.MobileBuiltInKeywords.startExistingApplication(MobileBuiltInKeywords.groovy:92)
	at com.kms.katalon.core.mobile.keyword.MobileBuiltInKeywords$startExistingApplication.call(Unknown Source)
	at Register.run(Register:21)
	at com.kms.katalon.core.main.ScriptEngine.run(ScriptEngine.java:194)
	at com.kms.katalon.core.main.ScriptEngine.runScriptAsRawText(ScriptEngine.java:119)
	at com.kms.katalon.core.main.TestCaseExecutor.runScript(TestCaseExecutor.java:442)
	at com.kms.katalon.core.main.TestCaseExecutor.doExecute(TestCaseExecutor.java:433)
	at com.kms.katalon.core.main.TestCaseExecutor.processExecutionPhase(TestCaseExecutor.java:412)
	at com.kms.katalon.core.main.TestCaseExecutor.accessMainPhase(TestCaseExecutor.java:404)
	at com.kms.katalon.core.main.TestCaseExecutor.execute(TestCaseExecutor.java:281)
	at com.kms.katalon.core.main.TestCaseExecutor.execute(TestCaseExecutor.java:363)
	at com.kms.katalon.core.main.TestCaseExecutor.execute(TestCaseExecutor.java:363)
	at com.kms.katalon.core.main.TestCaseExecutor.execute(TestCaseExecutor.java:363)
	at com.kms.katalon.core.main.TestSuiteExecutor.accessTestCaseMainPhase(TestSuiteExecutor.java:202)
	at com.kms.katalon.core.main.TestSuiteExecutor.accessTestSuiteMainPhase(TestSuiteExecutor.java:164)
	at com.kms.katalon.core.main.TestSuiteExecutor.execute(TestSuiteExecutor.java:105)
	at com.kms.katalon.core.main.TestCaseMain.startTestSuite(TestCaseMain.java:185)
	at com.kms.katalon.core.main.TestCaseMain$startTestSuite$0.call(Unknown Source)
	at TempTestSuite1652719676363.run(TempTestSuite1652719676363.groovy:36)
)

2022-05-16 23:53:14 - [MESSAGE][FAILED] - Unable to start app with application ID: 'com.example.frontend_mobile' (Root cause: java.io.IOException: GetExitCodeProcess error=6, The handle is invalid
	at com.kms.katalon.core.appium.driver.AppiumDriverManager.isAppiumServerStarted(AppiumDriverManager.java:194)
	at com.kms.katalon.core.appium.driver.AppiumDriverManager.startAppiumServerJS(AppiumDriverManager.java:258)
	at com.kms.katalon.core.appium.driver.AppiumDriverManager.startAppiumServerJS(AppiumDriverManager.java:407)
	at com.kms.katalon.core.appium.driver.AppiumDriverManager.ensureServicesStarted(AppiumDriverManager.java:244)
	at com.kms.katalon.core.appium.driver.AppiumDriverManager.createMobileDriver(AppiumDriverManager.java:473)
	at com.kms.katalon.core.mobile.keyword.internal.MobileDriverFactory.startMobileDriver(MobileDriverFactory.java:417)
	at com.kms.katalon.core.mobile.keyword.internal.MobileDriverFactory$startMobileDriver.call(Unknown Source)
	at com.kms.katalon.core.mobile.keyword.builtin.StartExistingApplicationKeyword$_startApplication_closure1.doCall(StartExistingApplicationKeyword.groovy:40)
	at com.kms.katalon.core.mobile.keyword.builtin.StartExistingApplicationKeyword$_startApplication_closure1.doCall(StartExistingApplicationKeyword.groovy)
	at com.kms.katalon.core.mobile.keyword.internal.MobileKeywordMain.runKeyword(MobileKeywordMain.groovy:21)
	at com.kms.katalon.core.mobile.keyword.internal.MobileKeywordMain$runKeyword.call(Unknown Source)
	at com.kms.katalon.core.mobile.keyword.builtin.StartExistingApplicationKeyword.startApplication(StartExistingApplicationKeyword.groovy:43)
	at com.kms.katalon.core.mobile.keyword.builtin.StartExistingApplicationKeyword.execute(StartExistingApplicationKeyword.groovy:34)
	at com.kms.katalon.core.keyword.internal.KeywordExecutor.executeKeywordForPlatform(KeywordExecutor.groovy:74)
	at com.kms.katalon.core.mobile.keyword.MobileBuiltInKeywords.startExistingApplication(MobileBuiltInKeywords.groovy:92)
	at com.kms.katalon.core.mobile.keyword.MobileBuiltInKeywords$startExistingApplication.call(Unknown Source)
	at Register.run(Register:21)
	at com.kms.katalon.core.main.ScriptEngine.run(ScriptEngine.java:194)
	at com.kms.katalon.core.main.ScriptEngine.runScriptAsRawText(ScriptEngine.java:119)
	at com.kms.katalon.core.main.TestCaseExecutor.runScript(TestCaseExecutor.java:442)
	at com.kms.katalon.core.main.TestCaseExecutor.doExecute(TestCaseExecutor.java:433)
	at com.kms.katalon.core.main.TestCaseExecutor.processExecutionPhase(TestCaseExecutor.java:412)
	at com.kms.katalon.core.main.TestCaseExecutor.accessMainPhase(TestCaseExecutor.java:404)
	at com.kms.katalon.core.main.TestCaseExecutor.execute(TestCaseExecutor.java:281)
	at com.kms.katalon.core.main.TestCaseExecutor.execute(TestCaseExecutor.java:363)
	at com.kms.katalon.core.main.TestCaseExecutor.execute(TestCaseExecutor.java:363)
	at com.kms.katalon.core.main.TestCaseExecutor.execute(TestCaseExecutor.java:363)
	at com.kms.katalon.core.main.TestSuiteExecutor.accessTestCaseMainPhase(TestSuiteExecutor.java:202)
	at com.kms.katalon.core.main.TestSuiteExecutor.accessTestSuiteMainPhase(TestSuiteExecutor.java:164)
	at com.kms.katalon.core.main.TestSuiteExecutor.execute(TestSuiteExecutor.java:105)
	at com.kms.katalon.core.main.TestCaseMain.startTestSuite(TestCaseMain.java:185)
	at com.kms.katalon.core.main.TestCaseMain$startTestSuite$0.call(Unknown Source)
	at TempTestSuite1652719676363.run(TempTestSuite1652719676363.groovy:36)
)

2022-05-16 23:53:14 - [TEST_STEP][PASSED] - tap(findTestObject("MOBILE/Auth/Register/android.widget.Button - Login 2"), 0): Timeout '0' is invalid. Using default page load timeout: '30'

2022-05-16 23:53:14 - [MESSAGE][WARNING] - Timeout '0' is invalid. Using default page load timeout: '30']]></system-out>
         <system-err><![CDATA[2022-05-16 23:53:14 - [TEST_CASE][FAILED] - Test Cases/MOBILE/Auth/Register: Test Cases/MOBILE/Auth/Register FAILED.
Reason:
com.kms.katalon.core.exception.StepFailedException: Unable to start app with application ID: 'com.example.frontend_mobile' (Root cause: java.io.IOException: GetExitCodeProcess error=6, The handle is invalid
	at com.kms.katalon.core.appium.driver.AppiumDriverManager.isAppiumServerStarted(AppiumDriverManager.java:194)
	at com.kms.katalon.core.appium.driver.AppiumDriverManager.startAppiumServerJS(AppiumDriverManager.java:258)
	at com.kms.katalon.core.appium.driver.AppiumDriverManager.startAppiumServerJS(AppiumDriverManager.java:407)
	at com.kms.katalon.core.appium.driver.AppiumDriverManager.ensureServicesStarted(AppiumDriverManager.java:244)
	at com.kms.katalon.core.appium.driver.AppiumDriverManager.createMobileDriver(AppiumDriverManager.java:473)
	at com.kms.katalon.core.mobile.keyword.internal.MobileDriverFactory.startMobileDriver(MobileDriverFactory.java:417)
	at com.kms.katalon.core.mobile.keyword.internal.MobileDriverFactory$startMobileDriver.call(Unknown Source)
	at com.kms.katalon.core.mobile.keyword.builtin.StartExistingApplicationKeyword$_startApplication_closure1.doCall(StartExistingApplicationKeyword.groovy:40)
	at com.kms.katalon.core.mobile.keyword.builtin.StartExistingApplicationKeyword$_startApplication_closure1.doCall(StartExistingApplicationKeyword.groovy)
	at com.kms.katalon.core.mobile.keyword.internal.MobileKeywordMain.runKeyword(MobileKeywordMain.groovy:21)
	at com.kms.katalon.core.mobile.keyword.internal.MobileKeywordMain$runKeyword.call(Unknown Source)
	at com.kms.katalon.core.mobile.keyword.builtin.StartExistingApplicationKeyword.startApplication(StartExistingApplicationKeyword.groovy:43)
	at com.kms.katalon.core.mobile.keyword.builtin.StartExistingApplicationKeyword.execute(StartExistingApplicationKeyword.groovy:34)
	at com.kms.katalon.core.keyword.internal.KeywordExecutor.executeKeywordForPlatform(KeywordExecutor.groovy:74)
	at com.kms.katalon.core.mobile.keyword.MobileBuiltInKeywords.startExistingApplication(MobileBuiltInKeywords.groovy:92)
	at com.kms.katalon.core.mobile.keyword.MobileBuiltInKeywords$startExistingApplication.call(Unknown Source)
	at Register.run(Register:21)
	at com.kms.katalon.core.main.ScriptEngine.run(ScriptEngine.java:194)
	at com.kms.katalon.core.main.ScriptEngine.runScriptAsRawText(ScriptEngine.java:119)
	at com.kms.katalon.core.main.TestCaseExecutor.runScript(TestCaseExecutor.java:442)
	at com.kms.katalon.core.main.TestCaseExecutor.doExecute(TestCaseExecutor.java:433)
	at com.kms.katalon.core.main.TestCaseExecutor.processExecutionPhase(TestCaseExecutor.java:412)
	at com.kms.katalon.core.main.TestCaseExecutor.accessMainPhase(TestCaseExecutor.java:404)
	at com.kms.katalon.core.main.TestCaseExecutor.execute(TestCaseExecutor.java:281)
	at com.kms.katalon.core.main.TestCaseExecutor.execute(TestCaseExecutor.java:363)
	at com.kms.katalon.core.main.TestCaseExecutor.execute(TestCaseExecutor.java:363)
	at com.kms.katalon.core.main.TestCaseExecutor.execute(TestCaseExecutor.java:363)
	at com.kms.katalon.core.main.TestSuiteExecutor.accessTestCaseMainPhase(TestSuiteExecutor.java:202)
	at com.kms.katalon.core.main.TestSuiteExecutor.accessTestSuiteMainPhase(TestSuiteExecutor.java:164)
	at com.kms.katalon.core.main.TestSuiteExecutor.execute(TestSuiteExecutor.java:105)
	at com.kms.katalon.core.main.TestCaseMain.startTestSuite(TestCaseMain.java:185)
	at com.kms.katalon.core.main.TestCaseMain$startTestSuite$0.call(Unknown Source)
	at TempTestSuite1652719676363.run(TempTestSuite1652719676363.groovy:36)
)
	at com.kms.katalon.core.keyword.internal.KeywordMain.stepFailed(KeywordMain.groovy:39)
	at com.kms.katalon.core.mobile.keyword.internal.MobileKeywordMain.stepFailed(MobileKeywordMain.groovy:40)
	at com.kms.katalon.core.mobile.keyword.internal.MobileKeywordMain.runKeyword(MobileKeywordMain.groovy:23)
	at com.kms.katalon.core.mobile.keyword.internal.MobileKeywordMain$runKeyword.call(Unknown Source)
	at com.kms.katalon.core.mobile.keyword.builtin.StartExistingApplicationKeyword.startApplication(StartExistingApplicationKeyword.groovy:43)
	at com.kms.katalon.core.mobile.keyword.builtin.StartExistingApplicationKeyword.execute(StartExistingApplicationKeyword.groovy:34)
	at com.kms.katalon.core.keyword.internal.KeywordExecutor.executeKeywordForPlatform(KeywordExecutor.groovy:74)
	at com.kms.katalon.core.mobile.keyword.MobileBuiltInKeywords.startExistingApplication(MobileBuiltInKeywords.groovy:92)
	at com.kms.katalon.core.mobile.keyword.MobileBuiltInKeywords$startExistingApplication.call(Unknown Source)
	at Register.run(Register:21)
	at com.kms.katalon.core.main.ScriptEngine.run(ScriptEngine.java:194)
	at com.kms.katalon.core.main.ScriptEngine.runScriptAsRawText(ScriptEngine.java:119)
	at com.kms.katalon.core.main.TestCaseExecutor.runScript(TestCaseExecutor.java:442)
	at com.kms.katalon.core.main.TestCaseExecutor.doExecute(TestCaseExecutor.java:433)
	at com.kms.katalon.core.main.TestCaseExecutor.processExecutionPhase(TestCaseExecutor.java:412)
	at com.kms.katalon.core.main.TestCaseExecutor.accessMainPhase(TestCaseExecutor.java:404)
	at com.kms.katalon.core.main.TestCaseExecutor.execute(TestCaseExecutor.java:281)
	at com.kms.katalon.core.main.TestCaseExecutor.execute(TestCaseExecutor.java:363)
	at com.kms.katalon.core.main.TestCaseExecutor.execute(TestCaseExecutor.java:363)
	at com.kms.katalon.core.main.TestCaseExecutor.execute(TestCaseExecutor.java:363)
	at com.kms.katalon.core.main.TestSuiteExecutor.accessTestCaseMainPhase(TestSuiteExecutor.java:202)
	at com.kms.katalon.core.main.TestSuiteExecutor.accessTestSuiteMainPhase(TestSuiteExecutor.java:164)
	at com.kms.katalon.core.main.TestSuiteExecutor.execute(TestSuiteExecutor.java:105)
	at com.kms.katalon.core.main.TestCaseMain.startTestSuite(TestCaseMain.java:185)
	at com.kms.katalon.core.main.TestCaseMain$startTestSuite$0.call(Unknown Source)
	at TempTestSuite1652719676363.run(TempTestSuite1652719676363.groovy:36)
Caused by: java.io.IOException: GetExitCodeProcess error=6, The handle is invalid
	at com.kms.katalon.core.appium.driver.AppiumDriverManager.isAppiumServerStarted(AppiumDriverManager.java:194)
	at com.kms.katalon.core.appium.driver.AppiumDriverManager.startAppiumServerJS(AppiumDriverManager.java:258)
	at com.kms.katalon.core.appium.driver.AppiumDriverManager.startAppiumServerJS(AppiumDriverManager.java:407)
	at com.kms.katalon.core.appium.driver.AppiumDriverManager.ensureServicesStarted(AppiumDriverManager.java:244)
	at com.kms.katalon.core.appium.driver.AppiumDriverManager.createMobileDriver(AppiumDriverManager.java:473)
	at com.kms.katalon.core.mobile.keyword.internal.MobileDriverFactory.startMobileDriver(MobileDriverFactory.java:417)
	at com.kms.katalon.core.mobile.keyword.internal.MobileDriverFactory$startMobileDriver.call(Unknown Source)
	at com.kms.katalon.core.mobile.keyword.builtin.StartExistingApplicationKeyword$_startApplication_closure1.doCall(StartExistingApplicationKeyword.groovy:40)
	at com.kms.katalon.core.mobile.keyword.builtin.StartExistingApplicationKeyword$_startApplication_closure1.doCall(StartExistingApplicationKeyword.groovy)
	at com.kms.katalon.core.mobile.keyword.internal.MobileKeywordMain.runKeyword(MobileKeywordMain.groovy:21)
	... 23 more]]></system-err>
      </testcase>
      <system-out><![CDATA[2022-05-16 23:48:00 - [TEST_SUITE][FAILED] - MOBILE: Test Cases/MOBILE/Auth/Register FAILED.
Reason:
com.kms.katalon.core.exception.StepFailedException: Failed to check for element visible (Root cause: java.lang.IllegalArgumentException: Object is null
	at com.kms.katalon.core.helper.KeywordHelper.checkTestObjectParameter(KeywordHelper.java:33)
	at com.kms.katalon.core.mobile.keyword.builtin.VerifyElementVisibleKeyword$_verifyElementVisible_closure1.doCall(VerifyElementVisibleKeyword.groovy:70)
	at com.kms.katalon.core.mobile.keyword.builtin.VerifyElementVisibleKeyword$_verifyElementVisible_closure1.call(VerifyElementVisibleKeyword.groovy)
	at com.kms.katalon.core.mobile.keyword.internal.MobileKeywordMain.runKeyword(MobileKeywordMain.groovy:21)
	at com.kms.katalon.core.mobile.keyword.builtin.VerifyElementVisibleKeyword.verifyElementVisible(VerifyElementVisibleKeyword.groovy:85)
	at com.kms.katalon.core.mobile.keyword.builtin.VerifyElementVisibleKeyword.execute(VerifyElementVisibleKeyword.groovy:64)
	at com.kms.katalon.core.keyword.internal.KeywordExecutor.executeKeywordForPlatform(KeywordExecutor.groovy:74)
	at com.kms.katalon.core.mobile.keyword.MobileBuiltInKeywords.verifyElementVisible(MobileBuiltInKeywords.groovy:1880)
	at com.kms.katalon.core.mobile.keyword.MobileBuiltInKeywords$verifyElementVisible$6.call(Unknown Source)
	at Register.run(Register:59)
	at com.kms.katalon.core.main.ScriptEngine.run(ScriptEngine.java:194)
	at com.kms.katalon.core.main.ScriptEngine.runScriptAsRawText(ScriptEngine.java:119)
	at com.kms.katalon.core.main.TestCaseExecutor.runScript(TestCaseExecutor.java:442)
	at com.kms.katalon.core.main.TestCaseExecutor.doExecute(TestCaseExecutor.java:433)
	at com.kms.katalon.core.main.TestCaseExecutor.processExecutionPhase(TestCaseExecutor.java:412)
	at com.kms.katalon.core.main.TestCaseExecutor.accessMainPhase(TestCaseExecutor.java:404)
	at com.kms.katalon.core.main.TestCaseExecutor.execute(TestCaseExecutor.java:281)
	at com.kms.katalon.core.main.TestSuiteExecutor.accessTestCaseMainPhase(TestSuiteExecutor.java:202)
	at com.kms.katalon.core.main.TestSuiteExecutor.accessTestSuiteMainPhase(TestSuiteExecutor.java:164)
	at com.kms.katalon.core.main.TestSuiteExecutor.execute(TestSuiteExecutor.java:105)
	at com.kms.katalon.core.main.TestCaseMain.startTestSuite(TestCaseMain.java:185)
	at com.kms.katalon.core.main.TestCaseMain$startTestSuite$0.call(Unknown Source)
	at TempTestSuite1652719676363.run(TempTestSuite1652719676363.groovy:36)
)
	at com.kms.katalon.core.keyword.internal.KeywordMain.stepFailed(KeywordMain.groovy:39)
	at com.kms.katalon.core.mobile.keyword.internal.MobileKeywordMain.stepFailed(MobileKeywordMain.groovy:40)
	at com.kms.katalon.core.mobile.keyword.internal.MobileKeywordMain.runKeyword(MobileKeywordMain.groovy:23)
	at com.kms.katalon.core.mobile.keyword.builtin.VerifyElementVisibleKeyword.verifyElementVisible(VerifyElementVisibleKeyword.groovy:85)
	at com.kms.katalon.core.mobile.keyword.builtin.VerifyElementVisibleKeyword.execute(VerifyElementVisibleKeyword.groovy:64)
	at com.kms.katalon.core.keyword.internal.KeywordExecutor.executeKeywordForPlatform(KeywordExecutor.groovy:74)
	at com.kms.katalon.core.mobile.keyword.MobileBuiltInKeywords.verifyElementVisible(MobileBuiltInKeywords.groovy:1880)
	at com.kms.katalon.core.mobile.keyword.MobileBuiltInKeywords$verifyElementVisible$6.call(Unknown Source)
	at Register.run(Register:59)
	at com.kms.katalon.core.main.ScriptEngine.run(ScriptEngine.java:194)
	at com.kms.katalon.core.main.ScriptEngine.runScriptAsRawText(ScriptEngine.java:119)
	at com.kms.katalon.core.main.TestCaseExecutor.runScript(TestCaseExecutor.java:442)
	at com.kms.katalon.core.main.TestCaseExecutor.doExecute(TestCaseExecutor.java:433)
	at com.kms.katalon.core.main.TestCaseExecutor.processExecutionPhase(TestCaseExecutor.java:412)
	at com.kms.katalon.core.main.TestCaseExecutor.accessMainPhase(TestCaseExecutor.java:404)
	at com.kms.katalon.core.main.TestCaseExecutor.execute(TestCaseExecutor.java:281)
	at com.kms.katalon.core.main.TestSuiteExecutor.accessTestCaseMainPhase(TestSuiteExecutor.java:202)
	at com.kms.katalon.core.main.TestSuiteExecutor.accessTestSuiteMainPhase(TestSuiteExecutor.java:164)
	at com.kms.katalon.core.main.TestSuiteExecutor.execute(TestSuiteExecutor.java:105)
	at com.kms.katalon.core.main.TestCaseMain.startTestSuite(TestCaseMain.java:185)
	at com.kms.katalon.core.main.TestCaseMain$startTestSuite$0.call(Unknown Source)
	at TempTestSuite1652719676363.run(TempTestSuite1652719676363.groovy:36)
Caused by: java.lang.IllegalArgumentException: Object is null
	at com.kms.katalon.core.helper.KeywordHelper.checkTestObjectParameter(KeywordHelper.java:33)
	at com.kms.katalon.core.mobile.keyword.builtin.VerifyElementVisibleKeyword$_verifyElementVisible_closure1.doCall(VerifyElementVisibleKeyword.groovy:70)
	at com.kms.katalon.core.mobile.keyword.builtin.VerifyElementVisibleKeyword$_verifyElementVisible_closure1.call(VerifyElementVisibleKeyword.groovy)
	at com.kms.katalon.core.mobile.keyword.internal.MobileKeywordMain.runKeyword(MobileKeywordMain.groovy:21)
	... 19 more]]></system-out>
      <system-err><![CDATA[2022-05-16 23:48:00 - [TEST_SUITE][FAILED] - MOBILE: Test Cases/MOBILE/Auth/Register FAILED.
Reason:
com.kms.katalon.core.exception.StepFailedException: Failed to check for element visible (Root cause: java.lang.IllegalArgumentException: Object is null
	at com.kms.katalon.core.helper.KeywordHelper.checkTestObjectParameter(KeywordHelper.java:33)
	at com.kms.katalon.core.mobile.keyword.builtin.VerifyElementVisibleKeyword$_verifyElementVisible_closure1.doCall(VerifyElementVisibleKeyword.groovy:70)
	at com.kms.katalon.core.mobile.keyword.builtin.VerifyElementVisibleKeyword$_verifyElementVisible_closure1.call(VerifyElementVisibleKeyword.groovy)
	at com.kms.katalon.core.mobile.keyword.internal.MobileKeywordMain.runKeyword(MobileKeywordMain.groovy:21)
	at com.kms.katalon.core.mobile.keyword.builtin.VerifyElementVisibleKeyword.verifyElementVisible(VerifyElementVisibleKeyword.groovy:85)
	at com.kms.katalon.core.mobile.keyword.builtin.VerifyElementVisibleKeyword.execute(VerifyElementVisibleKeyword.groovy:64)
	at com.kms.katalon.core.keyword.internal.KeywordExecutor.executeKeywordForPlatform(KeywordExecutor.groovy:74)
	at com.kms.katalon.core.mobile.keyword.MobileBuiltInKeywords.verifyElementVisible(MobileBuiltInKeywords.groovy:1880)
	at com.kms.katalon.core.mobile.keyword.MobileBuiltInKeywords$verifyElementVisible$6.call(Unknown Source)
	at Register.run(Register:59)
	at com.kms.katalon.core.main.ScriptEngine.run(ScriptEngine.java:194)
	at com.kms.katalon.core.main.ScriptEngine.runScriptAsRawText(ScriptEngine.java:119)
	at com.kms.katalon.core.main.TestCaseExecutor.runScript(TestCaseExecutor.java:442)
	at com.kms.katalon.core.main.TestCaseExecutor.doExecute(TestCaseExecutor.java:433)
	at com.kms.katalon.core.main.TestCaseExecutor.processExecutionPhase(TestCaseExecutor.java:412)
	at com.kms.katalon.core.main.TestCaseExecutor.accessMainPhase(TestCaseExecutor.java:404)
	at com.kms.katalon.core.main.TestCaseExecutor.execute(TestCaseExecutor.java:281)
	at com.kms.katalon.core.main.TestSuiteExecutor.accessTestCaseMainPhase(TestSuiteExecutor.java:202)
	at com.kms.katalon.core.main.TestSuiteExecutor.accessTestSuiteMainPhase(TestSuiteExecutor.java:164)
	at com.kms.katalon.core.main.TestSuiteExecutor.execute(TestSuiteExecutor.java:105)
	at com.kms.katalon.core.main.TestCaseMain.startTestSuite(TestCaseMain.java:185)
	at com.kms.katalon.core.main.TestCaseMain$startTestSuite$0.call(Unknown Source)
	at TempTestSuite1652719676363.run(TempTestSuite1652719676363.groovy:36)
)
	at com.kms.katalon.core.keyword.internal.KeywordMain.stepFailed(KeywordMain.groovy:39)
	at com.kms.katalon.core.mobile.keyword.internal.MobileKeywordMain.stepFailed(MobileKeywordMain.groovy:40)
	at com.kms.katalon.core.mobile.keyword.internal.MobileKeywordMain.runKeyword(MobileKeywordMain.groovy:23)
	at com.kms.katalon.core.mobile.keyword.builtin.VerifyElementVisibleKeyword.verifyElementVisible(VerifyElementVisibleKeyword.groovy:85)
	at com.kms.katalon.core.mobile.keyword.builtin.VerifyElementVisibleKeyword.execute(VerifyElementVisibleKeyword.groovy:64)
	at com.kms.katalon.core.keyword.internal.KeywordExecutor.executeKeywordForPlatform(KeywordExecutor.groovy:74)
	at com.kms.katalon.core.mobile.keyword.MobileBuiltInKeywords.verifyElementVisible(MobileBuiltInKeywords.groovy:1880)
	at com.kms.katalon.core.mobile.keyword.MobileBuiltInKeywords$verifyElementVisible$6.call(Unknown Source)
	at Register.run(Register:59)
	at com.kms.katalon.core.main.ScriptEngine.run(ScriptEngine.java:194)
	at com.kms.katalon.core.main.ScriptEngine.runScriptAsRawText(ScriptEngine.java:119)
	at com.kms.katalon.core.main.TestCaseExecutor.runScript(TestCaseExecutor.java:442)
	at com.kms.katalon.core.main.TestCaseExecutor.doExecute(TestCaseExecutor.java:433)
	at com.kms.katalon.core.main.TestCaseExecutor.processExecutionPhase(TestCaseExecutor.java:412)
	at com.kms.katalon.core.main.TestCaseExecutor.accessMainPhase(TestCaseExecutor.java:404)
	at com.kms.katalon.core.main.TestCaseExecutor.execute(TestCaseExecutor.java:281)
	at com.kms.katalon.core.main.TestSuiteExecutor.accessTestCaseMainPhase(TestSuiteExecutor.java:202)
	at com.kms.katalon.core.main.TestSuiteExecutor.accessTestSuiteMainPhase(TestSuiteExecutor.java:164)
	at com.kms.katalon.core.main.TestSuiteExecutor.execute(TestSuiteExecutor.java:105)
	at com.kms.katalon.core.main.TestCaseMain.startTestSuite(TestCaseMain.java:185)
	at com.kms.katalon.core.main.TestCaseMain$startTestSuite$0.call(Unknown Source)
	at TempTestSuite1652719676363.run(TempTestSuite1652719676363.groovy:36)
Caused by: java.lang.IllegalArgumentException: Object is null
	at com.kms.katalon.core.helper.KeywordHelper.checkTestObjectParameter(KeywordHelper.java:33)
	at com.kms.katalon.core.mobile.keyword.builtin.VerifyElementVisibleKeyword$_verifyElementVisible_closure1.doCall(VerifyElementVisibleKeyword.groovy:70)
	at com.kms.katalon.core.mobile.keyword.builtin.VerifyElementVisibleKeyword$_verifyElementVisible_closure1.call(VerifyElementVisibleKeyword.groovy)
	at com.kms.katalon.core.mobile.keyword.internal.MobileKeywordMain.runKeyword(MobileKeywordMain.groovy:21)
	... 19 more]]></system-err>
   </testsuite>
</testsuites>
