<?xml version="1.0" encoding="UTF-8"?>
<testsuites name="MOBILE" time="803.502" tests="3" failures="2" errors="0">
   <testsuite name="MOBILE" tests="3" failures="2" errors="0" time="803.502" skipped="0" timestamp="2022-05-17 11:23:01" hostname="salsa - SALSABILA" id="Test Suites/MOBILE/MOBILE">
      <properties>
         <property name="deviceName" value="Xiaomi M2003J15SC (Android 11)"/>
         <property name="devicePlatform" value=""/>
         <property name="logFolder" value="F:\\1. UNNES\\6. Semester 6\\2 - MSIB\\final-project-qe-alta4\\final-project-qe-alta\\Reports\\20220517_112256\\MOBILE\\MOBILE\\20220517_112256"/>
         <property name="logFiles" value="F:\\1. UNNES\\6. Semester 6\\2 - MSIB\\final-project-qe-alta4\\final-project-qe-alta\\Reports\\20220517_112256\\MOBILE\\MOBILE\\20220517_112256\\appium.log, F:\\1. UNNES\\6. Semester 6\\2 - MSIB\\final-project-qe-alta4\\final-project-qe-alta\\Reports\\20220517_112256\\MOBILE\\MOBILE\\20220517_112256\\execution0.log"/>
         <property name="attachments" value="F:\\1. UNNES\\6. Semester 6\\2 - MSIB\\final-project-qe-alta4\\final-project-qe-alta\\Reports\\20220517_112256\\MOBILE\\MOBILE\\20220517_112256\\1652761610350.png, F:\\1. UNNES\\6. Semester 6\\2 - MSIB\\final-project-qe-alta4\\final-project-qe-alta\\Reports\\20220517_112256\\MOBILE\\MOBILE\\20220517_112256\\1652761641424.png, F:\\1. UNNES\\6. Semester 6\\2 - MSIB\\final-project-qe-alta4\\final-project-qe-alta\\Reports\\20220517_112256\\MOBILE\\MOBILE\\20220517_112256\\1652761672484.png, F:\\1. UNNES\\6. Semester 6\\2 - MSIB\\final-project-qe-alta4\\final-project-qe-alta\\Reports\\20220517_112256\\MOBILE\\MOBILE\\20220517_112256\\1652761703774.png, F:\\1. UNNES\\6. Semester 6\\2 - MSIB\\final-project-qe-alta4\\final-project-qe-alta\\Reports\\20220517_112256\\MOBILE\\MOBILE\\20220517_112256\\1652761734904.png, F:\\1. UNNES\\6. Semester 6\\2 - MSIB\\final-project-qe-alta4\\final-project-qe-alta\\Reports\\20220517_112256\\MOBILE\\MOBILE\\20220517_112256\\1652761737074.png, F:\\1. UNNES\\6. Semester 6\\2 - MSIB\\final-project-qe-alta4\\final-project-qe-alta\\Reports\\20220517_112256\\MOBILE\\MOBILE\\20220517_112256\\1652761744067.png, F:\\1. UNNES\\6. Semester 6\\2 - MSIB\\final-project-qe-alta4\\final-project-qe-alta\\Reports\\20220517_112256\\MOBILE\\MOBILE\\20220517_112256\\1652761944157.png, F:\\1. UNNES\\6. Semester 6\\2 - MSIB\\final-project-qe-alta4\\final-project-qe-alta\\Reports\\20220517_112256\\MOBILE\\MOBILE\\20220517_112256\\1652761976383.png, F:\\1. UNNES\\6. Semester 6\\2 - MSIB\\final-project-qe-alta4\\final-project-qe-alta\\Reports\\20220517_112256\\MOBILE\\MOBILE\\20220517_112256\\1652762007501.png, F:\\1. UNNES\\6. Semester 6\\2 - MSIB\\final-project-qe-alta4\\final-project-qe-alta\\Reports\\20220517_112256\\MOBILE\\MOBILE\\20220517_112256\\1652762044621.png, F:\\1. UNNES\\6. Semester 6\\2 - MSIB\\final-project-qe-alta4\\final-project-qe-alta\\Reports\\20220517_112256\\MOBILE\\MOBILE\\20220517_112256\\1652762077635.png, F:\\1. UNNES\\6. Semester 6\\2 - MSIB\\final-project-qe-alta4\\final-project-qe-alta\\Reports\\20220517_112256\\MOBILE\\MOBILE\\20220517_112256\\1652762114987.png, F:\\1. UNNES\\6. Semester 6\\2 - MSIB\\final-project-qe-alta4\\final-project-qe-alta\\Reports\\20220517_112256\\MOBILE\\MOBILE\\20220517_112256\\1652762121354.png"/>
         <property name="hostName" value="salsa - SALSABILA"/>
         <property name="os" value="Windows 10 64bit"/>
         <property name="appiumServerStatus" value="{&quot;value&quot;:{&quot;build&quot;:{&quot;version&quot;:&quot;1.22.3&quot;}},&quot;sessionId&quot;:null,&quot;status&quot;:0}"/>
         <property name="katalonVersion" value="8.2.5.208"/>
         <property name="deviceOS" value="Android"/>
         <property name="appiumVersion" value="1.22.3"/>
         <property name="deviceModel" value="M2003J15SC"/>
         <property name="hostAddress" value="192.168.200.173"/>
         <property name="deviceManufacturer" value="Xiaomi"/>
         <property name="deviceId" value="aeebca410407"/>
         <property name="deviceName" value="Xiaomi M2003J15SC (Android 11)"/>
         <property name="deviceOSVersion" value="11"/>
      </properties>
      <testcase name="Test Cases/MOBILE/Auth/Register" time="363.556" classname="Test Cases/MOBILE/Auth/Register" status="FAILED">
         <failure type="FAILED" message="Test Cases/MOBILE/Auth/Register FAILED.
Reason:
com.kms.katalon.core.exception.StepFailedException: Failed to set text into element (Root cause: org.openqa.selenium.StaleElementReferenceException: androidx.test.uiautomator.StaleObjectException
For documentation on this error, please visit: https://www.seleniumhq.org/exceptions/stale_element_reference.html
Build info: version: '3.141.59', revision: 'e82be7d358', time: '2018-11-14T08:25:53'
System info: host: 'SALSABILA', ip: '192.168.200.173', os.name: 'Windows 10', os.arch: 'amd64', os.version: '10.0', java.version: '1.8.0_282'
Driver info: com.kms.katalon.core.appium.driver.SwipeableAndroidDriver
Capabilities {appActivity: .Settings, appPackage: com.android.settings, autoGrantPermissions: true, automationName: uiautomator2, chromedriverPort: 50696, databaseEnabled: false, desired: {appActivity: .Settings, appPackage: com.android.settings, autoGrantPermissions: true, automationName: uiautomator2, chromedriverPort: 50696, deviceName: Xiaomi M2003J15SC (Android 11), newCommandTimeout: 1800, platform: ANDROID, platformName: android, platformVersion: 11, systemPort: 8298, udid: aeebca410407}, deviceApiLevel: 30, deviceManufacturer: Xiaomi, deviceModel: M2003J15SC, deviceName: aeebca410407, deviceScreenDensity: 352, deviceScreenSize: 1080x2340, deviceUDID: aeebca410407, javascriptEnabled: true, locationContextEnabled: false, networkConnectionEnabled: true, newCommandTimeout: 1800, pixelRatio: 2.2, platform: ANDROID, platformName: Android, platformVersion: 11, statBarHeight: 100, systemPort: 8298, takesScreenshot: true, udid: aeebca410407, viewportRect: {height: 2036, left: 0, top: 100, width: 1080}, warnings: {}, webStorageEnabled: false}
Session ID: 31949ba7-45ce-44bc-aeff-fdd414e1a41a
	at org.openqa.selenium.remote.http.W3CHttpResponseCodec.createException(W3CHttpResponseCodec.java:187)
	at org.openqa.selenium.remote.http.W3CHttpResponseCodec.decode(W3CHttpResponseCodec.java:122)
	at org.openqa.selenium.remote.http.W3CHttpResponseCodec.decode(W3CHttpResponseCodec.java:49)
	at org.openqa.selenium.remote.HttpCommandExecutor.execute(HttpCommandExecutor.java:158)
	at io.appium.java_client.remote.AppiumCommandExecutor.execute(AppiumCommandExecutor.java:239)
	at org.openqa.selenium.remote.RemoteWebDriver.execute(RemoteWebDriver.java:552)
	at io.appium.java_client.DefaultGenericMobileDriver.execute(DefaultGenericMobileDriver.java:42)
	at io.appium.java_client.AppiumDriver.execute(AppiumDriver.java:1)
	at io.appium.java_client.android.AndroidDriver.execute(AndroidDriver.java:1)
	at com.kms.katalon.core.appium.driver.SwipeableAndroidDriver.execute(SwipeableAndroidDriver.java:1)
	at org.openqa.selenium.remote.RemoteWebElement.execute(RemoteWebElement.java:285)
	at io.appium.java_client.DefaultGenericMobileElement.execute(DefaultGenericMobileElement.java:45)
	at io.appium.java_client.MobileElement.execute(MobileElement.java:1)
	at io.appium.java_client.android.AndroidElement.execute(AndroidElement.java:1)
	at org.openqa.selenium.remote.RemoteWebElement.sendKeys(RemoteWebElement.java:106)
	at com.kms.katalon.core.mobile.keyword.builtin.SetTextKeyword$_setText_closure1.doCall(SetTextKeyword.groovy:80)
	at com.kms.katalon.core.mobile.keyword.builtin.SetTextKeyword$_setText_closure1.call(SetTextKeyword.groovy)
	at com.kms.katalon.core.mobile.keyword.internal.MobileKeywordMain.runKeyword(MobileKeywordMain.groovy:21)
	at com.kms.katalon.core.mobile.keyword.builtin.SetTextKeyword.setText(SetTextKeyword.groovy:83)
	at com.kms.katalon.core.mobile.keyword.builtin.SetTextKeyword.execute(SetTextKeyword.groovy:66)
	at com.kms.katalon.core.keyword.internal.KeywordExecutor.executeKeywordForPlatform(KeywordExecutor.groovy:74)
	at com.kms.katalon.core.mobile.keyword.MobileBuiltInKeywords.setText(MobileBuiltInKeywords.groovy:1270)
	at com.kms.katalon.core.mobile.keyword.MobileBuiltInKeywords$setText$5.call(Unknown Source)
	at Register.run(Register:32)
	at com.kms.katalon.core.main.ScriptEngine.run(ScriptEngine.java:194)
	at com.kms.katalon.core.main.ScriptEngine.runScriptAsRawText(ScriptEngine.java:119)
	at com.kms.katalon.core.main.TestCaseExecutor.runScript(TestCaseExecutor.java:442)
	at com.kms.katalon.core.main.TestCaseExecutor.doExecute(TestCaseExecutor.java:433)
	at com.kms.katalon.core.main.TestCaseExecutor.processExecutionPhase(TestCaseExecutor.java:412)
	at com.kms.katalon.core.main.TestCaseExecutor.accessMainPhase(TestCaseExecutor.java:404)
	at com.kms.katalon.core.main.TestCaseExecutor.execute(TestCaseExecutor.java:281)
	at com.kms.katalon.core.main.TestSuiteExecutor.accessTestCaseMainPhase(TestSuiteExecutor.java:202)
	at com.kms.katalon.core.main.TestSuiteExecutor.accessTestSuiteMainPhase(TestSuiteExecutor.java:164)
	at com.kms.katalon.core.main.TestSuiteExecutor.execute(TestSuiteExecutor.java:105)
	at com.kms.katalon.core.main.TestCaseMain.startTestSuite(TestCaseMain.java:185)
	at com.kms.katalon.core.main.TestCaseMain$startTestSuite$0.call(Unknown Source)
	at TempTestSuite1652761376419.run(TempTestSuite1652761376419.groovy:36)
)
	at com.kms.katalon.core.keyword.internal.KeywordMain.stepFailed(KeywordMain.groovy:39)
	at com.kms.katalon.core.mobile.keyword.internal.MobileKeywordMain.stepFailed(MobileKeywordMain.groovy:40)
	at com.kms.katalon.core.mobile.keyword.internal.MobileKeywordMain.runKeyword(MobileKeywordMain.groovy:23)
	at com.kms.katalon.core.mobile.keyword.builtin.SetTextKeyword.setText(SetTextKeyword.groovy:83)
	at com.kms.katalon.core.mobile.keyword.builtin.SetTextKeyword.execute(SetTextKeyword.groovy:66)
	at com.kms.katalon.core.keyword.internal.KeywordExecutor.executeKeywordForPlatform(KeywordExecutor.groovy:74)
	at com.kms.katalon.core.mobile.keyword.MobileBuiltInKeywords.setText(MobileBuiltInKeywords.groovy:1270)
	at com.kms.katalon.core.mobile.keyword.MobileBuiltInKeywords$setText$5.call(Unknown Source)
	at Register.run(Register:32)
	at com.kms.katalon.core.main.ScriptEngine.run(ScriptEngine.java:194)
	at com.kms.katalon.core.main.ScriptEngine.runScriptAsRawText(ScriptEngine.java:119)
	at com.kms.katalon.core.main.TestCaseExecutor.runScript(TestCaseExecutor.java:442)
	at com.kms.katalon.core.main.TestCaseExecutor.doExecute(TestCaseExecutor.java:433)
	at com.kms.katalon.core.main.TestCaseExecutor.processExecutionPhase(TestCaseExecutor.java:412)
	at com.kms.katalon.core.main.TestCaseExecutor.accessMainPhase(TestCaseExecutor.java:404)
	at com.kms.katalon.core.main.TestCaseExecutor.execute(TestCaseExecutor.java:281)
	at com.kms.katalon.core.main.TestSuiteExecutor.accessTestCaseMainPhase(TestSuiteExecutor.java:202)
	at com.kms.katalon.core.main.TestSuiteExecutor.accessTestSuiteMainPhase(TestSuiteExecutor.java:164)
	at com.kms.katalon.core.main.TestSuiteExecutor.execute(TestSuiteExecutor.java:105)
	at com.kms.katalon.core.main.TestCaseMain.startTestSuite(TestCaseMain.java:185)
	at com.kms.katalon.core.main.TestCaseMain$startTestSuite$0.call(Unknown Source)
	at TempTestSuite1652761376419.run(TempTestSuite1652761376419.groovy:36)
Caused by: org.openqa.selenium.StaleElementReferenceException: androidx.test.uiautomator.StaleObjectException
For documentation on this error, please visit: https://www.seleniumhq.org/exceptions/stale_element_reference.html
Build info: version: '3.141.59', revision: 'e82be7d358', time: '2018-11-14T08:25:53'
System info: host: 'SALSABILA', ip: '192.168.200.173', os.name: 'Windows 10', os.arch: 'amd64', os.version: '10.0', java.version: '1.8.0_282'
Driver info: com.kms.katalon.core.appium.driver.SwipeableAndroidDriver
Capabilities {appActivity: .Settings, appPackage: com.android.settings, autoGrantPermissions: true, automationName: uiautomator2, chromedriverPort: 50696, databaseEnabled: false, desired: {appActivity: .Settings, appPackage: com.android.settings, autoGrantPermissions: true, automationName: uiautomator2, chromedriverPort: 50696, deviceName: Xiaomi M2003J15SC (Android 11), newCommandTimeout: 1800, platform: ANDROID, platformName: android, platformVersion: 11, systemPort: 8298, udid: aeebca410407}, deviceApiLevel: 30, deviceManufacturer: Xiaomi, deviceModel: M2003J15SC, deviceName: aeebca410407, deviceScreenDensity: 352, deviceScreenSize: 1080x2340, deviceUDID: aeebca410407, javascriptEnabled: true, locationContextEnabled: false, networkConnectionEnabled: true, newCommandTimeout: 1800, pixelRatio: 2.2, platform: ANDROID, platformName: Android, platformVersion: 11, statBarHeight: 100, systemPort: 8298, takesScreenshot: true, udid: aeebca410407, viewportRect: {height: 2036, left: 0, top: 100, width: 1080}, warnings: {}, webStorageEnabled: false}
Session ID: 31949ba7-45ce-44bc-aeff-fdd414e1a41a
	at org.openqa.selenium.remote.http.W3CHttpResponseCodec.createException(W3CHttpResponseCodec.java:187)
	at org.openqa.selenium.remote.http.W3CHttpResponseCodec.decode(W3CHttpResponseCodec.java:122)
	at org.openqa.selenium.remote.http.W3CHttpResponseCodec.decode(W3CHttpResponseCodec.java:49)
	at org.openqa.selenium.remote.HttpCommandExecutor.execute(HttpCommandExecutor.java:158)
	at io.appium.java_client.remote.AppiumCommandExecutor.execute(AppiumCommandExecutor.java:239)
	at org.openqa.selenium.remote.RemoteWebDriver.execute(RemoteWebDriver.java:552)
	at io.appium.java_client.DefaultGenericMobileDriver.execute(DefaultGenericMobileDriver.java:42)
	at io.appium.java_client.AppiumDriver.execute(AppiumDriver.java:1)
	at io.appium.java_client.android.AndroidDriver.execute(AndroidDriver.java:1)
	at com.kms.katalon.core.appium.driver.SwipeableAndroidDriver.execute(SwipeableAndroidDriver.java:1)
	at org.openqa.selenium.remote.RemoteWebElement.execute(RemoteWebElement.java:285)
	at io.appium.java_client.DefaultGenericMobileElement.execute(DefaultGenericMobileElement.java:45)
	at io.appium.java_client.MobileElement.execute(MobileElement.java:1)
	at io.appium.java_client.android.AndroidElement.execute(AndroidElement.java:1)
	at org.openqa.selenium.remote.RemoteWebElement.sendKeys(RemoteWebElement.java:106)
	at com.kms.katalon.core.mobile.keyword.builtin.SetTextKeyword$_setText_closure1.doCall(SetTextKeyword.groovy:80)
	at com.kms.katalon.core.mobile.keyword.builtin.SetTextKeyword$_setText_closure1.call(SetTextKeyword.groovy)
	at com.kms.katalon.core.mobile.keyword.internal.MobileKeywordMain.runKeyword(MobileKeywordMain.groovy:21)
	... 19 more
"/>
         <system-out><![CDATA[2022-05-17 11:23:02 - [TEST_CASE][FAILED] - Test Cases/MOBILE/Auth/Register: Test Cases/MOBILE/Auth/Register FAILED.
Reason:
com.kms.katalon.core.exception.StepFailedException: Failed to set text into element (Root cause: org.openqa.selenium.StaleElementReferenceException: androidx.test.uiautomator.StaleObjectException
For documentation on this error, please visit: https://www.seleniumhq.org/exceptions/stale_element_reference.html
Build info: version: '3.141.59', revision: 'e82be7d358', time: '2018-11-14T08:25:53'
System info: host: 'SALSABILA', ip: '192.168.200.173', os.name: 'Windows 10', os.arch: 'amd64', os.version: '10.0', java.version: '1.8.0_282'
Driver info: com.kms.katalon.core.appium.driver.SwipeableAndroidDriver
Capabilities {appActivity: .Settings, appPackage: com.android.settings, autoGrantPermissions: true, automationName: uiautomator2, chromedriverPort: 50696, databaseEnabled: false, desired: {appActivity: .Settings, appPackage: com.android.settings, autoGrantPermissions: true, automationName: uiautomator2, chromedriverPort: 50696, deviceName: Xiaomi M2003J15SC (Android 11), newCommandTimeout: 1800, platform: ANDROID, platformName: android, platformVersion: 11, systemPort: 8298, udid: aeebca410407}, deviceApiLevel: 30, deviceManufacturer: Xiaomi, deviceModel: M2003J15SC, deviceName: aeebca410407, deviceScreenDensity: 352, deviceScreenSize: 1080x2340, deviceUDID: aeebca410407, javascriptEnabled: true, locationContextEnabled: false, networkConnectionEnabled: true, newCommandTimeout: 1800, pixelRatio: 2.2, platform: ANDROID, platformName: Android, platformVersion: 11, statBarHeight: 100, systemPort: 8298, takesScreenshot: true, udid: aeebca410407, viewportRect: {height: 2036, left: 0, top: 100, width: 1080}, warnings: {}, webStorageEnabled: false}
Session ID: 31949ba7-45ce-44bc-aeff-fdd414e1a41a
	at org.openqa.selenium.remote.http.W3CHttpResponseCodec.createException(W3CHttpResponseCodec.java:187)
	at org.openqa.selenium.remote.http.W3CHttpResponseCodec.decode(W3CHttpResponseCodec.java:122)
	at org.openqa.selenium.remote.http.W3CHttpResponseCodec.decode(W3CHttpResponseCodec.java:49)
	at org.openqa.selenium.remote.HttpCommandExecutor.execute(HttpCommandExecutor.java:158)
	at io.appium.java_client.remote.AppiumCommandExecutor.execute(AppiumCommandExecutor.java:239)
	at org.openqa.selenium.remote.RemoteWebDriver.execute(RemoteWebDriver.java:552)
	at io.appium.java_client.DefaultGenericMobileDriver.execute(DefaultGenericMobileDriver.java:42)
	at io.appium.java_client.AppiumDriver.execute(AppiumDriver.java:1)
	at io.appium.java_client.android.AndroidDriver.execute(AndroidDriver.java:1)
	at com.kms.katalon.core.appium.driver.SwipeableAndroidDriver.execute(SwipeableAndroidDriver.java:1)
	at org.openqa.selenium.remote.RemoteWebElement.execute(RemoteWebElement.java:285)
	at io.appium.java_client.DefaultGenericMobileElement.execute(DefaultGenericMobileElement.java:45)
	at io.appium.java_client.MobileElement.execute(MobileElement.java:1)
	at io.appium.java_client.android.AndroidElement.execute(AndroidElement.java:1)
	at org.openqa.selenium.remote.RemoteWebElement.sendKeys(RemoteWebElement.java:106)
	at com.kms.katalon.core.mobile.keyword.builtin.SetTextKeyword$_setText_closure1.doCall(SetTextKeyword.groovy:80)
	at com.kms.katalon.core.mobile.keyword.builtin.SetTextKeyword$_setText_closure1.call(SetTextKeyword.groovy)
	at com.kms.katalon.core.mobile.keyword.internal.MobileKeywordMain.runKeyword(MobileKeywordMain.groovy:21)
	at com.kms.katalon.core.mobile.keyword.builtin.SetTextKeyword.setText(SetTextKeyword.groovy:83)
	at com.kms.katalon.core.mobile.keyword.builtin.SetTextKeyword.execute(SetTextKeyword.groovy:66)
	at com.kms.katalon.core.keyword.internal.KeywordExecutor.executeKeywordForPlatform(KeywordExecutor.groovy:74)
	at com.kms.katalon.core.mobile.keyword.MobileBuiltInKeywords.setText(MobileBuiltInKeywords.groovy:1270)
	at com.kms.katalon.core.mobile.keyword.MobileBuiltInKeywords$setText$5.call(Unknown Source)
	at Register.run(Register:32)
	at com.kms.katalon.core.main.ScriptEngine.run(ScriptEngine.java:194)
	at com.kms.katalon.core.main.ScriptEngine.runScriptAsRawText(ScriptEngine.java:119)
	at com.kms.katalon.core.main.TestCaseExecutor.runScript(TestCaseExecutor.java:442)
	at com.kms.katalon.core.main.TestCaseExecutor.doExecute(TestCaseExecutor.java:433)
	at com.kms.katalon.core.main.TestCaseExecutor.processExecutionPhase(TestCaseExecutor.java:412)
	at com.kms.katalon.core.main.TestCaseExecutor.accessMainPhase(TestCaseExecutor.java:404)
	at com.kms.katalon.core.main.TestCaseExecutor.execute(TestCaseExecutor.java:281)
	at com.kms.katalon.core.main.TestSuiteExecutor.accessTestCaseMainPhase(TestSuiteExecutor.java:202)
	at com.kms.katalon.core.main.TestSuiteExecutor.accessTestSuiteMainPhase(TestSuiteExecutor.java:164)
	at com.kms.katalon.core.main.TestSuiteExecutor.execute(TestSuiteExecutor.java:105)
	at com.kms.katalon.core.main.TestCaseMain.startTestSuite(TestCaseMain.java:185)
	at com.kms.katalon.core.main.TestCaseMain$startTestSuite$0.call(Unknown Source)
	at TempTestSuite1652761376419.run(TempTestSuite1652761376419.groovy:36)
)
	at com.kms.katalon.core.keyword.internal.KeywordMain.stepFailed(KeywordMain.groovy:39)
	at com.kms.katalon.core.mobile.keyword.internal.MobileKeywordMain.stepFailed(MobileKeywordMain.groovy:40)
	at com.kms.katalon.core.mobile.keyword.internal.MobileKeywordMain.runKeyword(MobileKeywordMain.groovy:23)
	at com.kms.katalon.core.mobile.keyword.builtin.SetTextKeyword.setText(SetTextKeyword.groovy:83)
	at com.kms.katalon.core.mobile.keyword.builtin.SetTextKeyword.execute(SetTextKeyword.groovy:66)
	at com.kms.katalon.core.keyword.internal.KeywordExecutor.executeKeywordForPlatform(KeywordExecutor.groovy:74)
	at com.kms.katalon.core.mobile.keyword.MobileBuiltInKeywords.setText(MobileBuiltInKeywords.groovy:1270)
	at com.kms.katalon.core.mobile.keyword.MobileBuiltInKeywords$setText$5.call(Unknown Source)
	at Register.run(Register:32)
	at com.kms.katalon.core.main.ScriptEngine.run(ScriptEngine.java:194)
	at com.kms.katalon.core.main.ScriptEngine.runScriptAsRawText(ScriptEngine.java:119)
	at com.kms.katalon.core.main.TestCaseExecutor.runScript(TestCaseExecutor.java:442)
	at com.kms.katalon.core.main.TestCaseExecutor.doExecute(TestCaseExecutor.java:433)
	at com.kms.katalon.core.main.TestCaseExecutor.processExecutionPhase(TestCaseExecutor.java:412)
	at com.kms.katalon.core.main.TestCaseExecutor.accessMainPhase(TestCaseExecutor.java:404)
	at com.kms.katalon.core.main.TestCaseExecutor.execute(TestCaseExecutor.java:281)
	at com.kms.katalon.core.main.TestSuiteExecutor.accessTestCaseMainPhase(TestSuiteExecutor.java:202)
	at com.kms.katalon.core.main.TestSuiteExecutor.accessTestSuiteMainPhase(TestSuiteExecutor.java:164)
	at com.kms.katalon.core.main.TestSuiteExecutor.execute(TestSuiteExecutor.java:105)
	at com.kms.katalon.core.main.TestCaseMain.startTestSuite(TestCaseMain.java:185)
	at com.kms.katalon.core.main.TestCaseMain$startTestSuite$0.call(Unknown Source)
	at TempTestSuite1652761376419.run(TempTestSuite1652761376419.groovy:36)
Caused by: org.openqa.selenium.StaleElementReferenceException: androidx.test.uiautomator.StaleObjectException
For documentation on this error, please visit: https://www.seleniumhq.org/exceptions/stale_element_reference.html
Build info: version: '3.141.59', revision: 'e82be7d358', time: '2018-11-14T08:25:53'
System info: host: 'SALSABILA', ip: '192.168.200.173', os.name: 'Windows 10', os.arch: 'amd64', os.version: '10.0', java.version: '1.8.0_282'
Driver info: com.kms.katalon.core.appium.driver.SwipeableAndroidDriver
Capabilities {appActivity: .Settings, appPackage: com.android.settings, autoGrantPermissions: true, automationName: uiautomator2, chromedriverPort: 50696, databaseEnabled: false, desired: {appActivity: .Settings, appPackage: com.android.settings, autoGrantPermissions: true, automationName: uiautomator2, chromedriverPort: 50696, deviceName: Xiaomi M2003J15SC (Android 11), newCommandTimeout: 1800, platform: ANDROID, platformName: android, platformVersion: 11, systemPort: 8298, udid: aeebca410407}, deviceApiLevel: 30, deviceManufacturer: Xiaomi, deviceModel: M2003J15SC, deviceName: aeebca410407, deviceScreenDensity: 352, deviceScreenSize: 1080x2340, deviceUDID: aeebca410407, javascriptEnabled: true, locationContextEnabled: false, networkConnectionEnabled: true, newCommandTimeout: 1800, pixelRatio: 2.2, platform: ANDROID, platformName: Android, platformVersion: 11, statBarHeight: 100, systemPort: 8298, takesScreenshot: true, udid: aeebca410407, viewportRect: {height: 2036, left: 0, top: 100, width: 1080}, warnings: {}, webStorageEnabled: false}
Session ID: 31949ba7-45ce-44bc-aeff-fdd414e1a41a
	at org.openqa.selenium.remote.http.W3CHttpResponseCodec.createException(W3CHttpResponseCodec.java:187)
	at org.openqa.selenium.remote.http.W3CHttpResponseCodec.decode(W3CHttpResponseCodec.java:122)
	at org.openqa.selenium.remote.http.W3CHttpResponseCodec.decode(W3CHttpResponseCodec.java:49)
	at org.openqa.selenium.remote.HttpCommandExecutor.execute(HttpCommandExecutor.java:158)
	at io.appium.java_client.remote.AppiumCommandExecutor.execute(AppiumCommandExecutor.java:239)
	at org.openqa.selenium.remote.RemoteWebDriver.execute(RemoteWebDriver.java:552)
	at io.appium.java_client.DefaultGenericMobileDriver.execute(DefaultGenericMobileDriver.java:42)
	at io.appium.java_client.AppiumDriver.execute(AppiumDriver.java:1)
	at io.appium.java_client.android.AndroidDriver.execute(AndroidDriver.java:1)
	at com.kms.katalon.core.appium.driver.SwipeableAndroidDriver.execute(SwipeableAndroidDriver.java:1)
	at org.openqa.selenium.remote.RemoteWebElement.execute(RemoteWebElement.java:285)
	at io.appium.java_client.DefaultGenericMobileElement.execute(DefaultGenericMobileElement.java:45)
	at io.appium.java_client.MobileElement.execute(MobileElement.java:1)
	at io.appium.java_client.android.AndroidElement.execute(AndroidElement.java:1)
	at org.openqa.selenium.remote.RemoteWebElement.sendKeys(RemoteWebElement.java:106)
	at com.kms.katalon.core.mobile.keyword.builtin.SetTextKeyword$_setText_closure1.doCall(SetTextKeyword.groovy:80)
	at com.kms.katalon.core.mobile.keyword.builtin.SetTextKeyword$_setText_closure1.call(SetTextKeyword.groovy)
	at com.kms.katalon.core.mobile.keyword.internal.MobileKeywordMain.runKeyword(MobileKeywordMain.groovy:21)
	... 19 more


2022-05-17 11:23:02 - [TEST_STEP][FAILED] - for ([i = 1, i <= 7, (i++)]): null

2022-05-17 11:23:02 - [TEST_STEP][PASSED] - startExistingApplication("com.example.frontend_mobile"): Starting app with application ID: 'com.example.frontend_mobile'

2022-05-17 11:23:06 - [MESSAGE][INFO] - Appium server started on port 49,309

2022-05-17 11:23:20 - [MESSAGE][PASSED] - Starting app with application ID: 'com.example.frontend_mobile'

2022-05-17 11:23:20 - [TEST_STEP][PASSED] - delay(5, CONTINUE_ON_FAILURE): Delayed 5 second(s)

2022-05-17 11:23:25 - [MESSAGE][PASSED] - Delayed 5 second(s)

2022-05-17 11:23:25 - [TEST_STEP][PASSED] - tap(findTestObject("MOBILE/Auth/Register/android.widget.Button - Login 2"), 0): Tapped on element 'Object Repository/MOBILE/Auth/Register/android.widget.Button - Login 2'

2022-05-17 11:23:25 - [MESSAGE][WARNING] - Timeout '0' is invalid. Using default page load timeout: '30'

2022-05-17 11:23:27 - [MESSAGE][PASSED] - Tapped on element 'Object Repository/MOBILE/Auth/Register/android.widget.Button - Login 2'

2022-05-17 11:23:27 - [TEST_STEP][PASSED] - tap(findTestObject("MOBILE/Auth/Register/android.widget.Button - Register a"), 0): Tapped on element 'Object Repository/MOBILE/Auth/Register/android.widget.Button - Register a'

2022-05-17 11:23:27 - [MESSAGE][WARNING] - Timeout '0' is invalid. Using default page load timeout: '30'

2022-05-17 11:23:28 - [MESSAGE][PASSED] - Tapped on element 'Object Repository/MOBILE/Auth/Register/android.widget.Button - Register a'

2022-05-17 11:23:28 - [TEST_STEP][PASSED] - tap(findTestObject("MOBILE/Auth/Register/android.widget.EditText - Fullname"), 0): Tapped on element 'Object Repository/MOBILE/Auth/Register/android.widget.EditText - Fullname'

2022-05-17 11:23:28 - [MESSAGE][WARNING] - Timeout '0' is invalid. Using default page load timeout: '30'

2022-05-17 11:23:29 - [MESSAGE][PASSED] - Tapped on element 'Object Repository/MOBILE/Auth/Register/android.widget.EditText - Fullname'

2022-05-17 11:23:29 - [TEST_STEP][PASSED] - if (findTestData("WEB/Register").getValue(1, i) != ""): null

2022-05-17 11:23:30 - [TEST_STEP][PASSED] - else: Element 'Object Repository/MOBILE/Auth/Register/android.widget.EditText - Fullname' text is cleared

2022-05-17 11:23:30 - [TEST_STEP][PASSED] - clearText(findTestObject("MOBILE/Auth/Register/android.widget.EditText - Fullname"), 0): Element 'Object Repository/MOBILE/Auth/Register/android.widget.EditText - Fullname' text is cleared

2022-05-17 11:23:30 - [MESSAGE][WARNING] - Timeout '0' is invalid. Using default page load timeout: '30'

2022-05-17 11:23:31 - [MESSAGE][PASSED] - Element 'Object Repository/MOBILE/Auth/Register/android.widget.EditText - Fullname' text is cleared

2022-05-17 11:23:31 - [TEST_STEP][PASSED] - tap(findTestObject("MOBILE/Auth/Register/android.widget.EditText - Email"), 0): Tapped on element 'Object Repository/MOBILE/Auth/Register/android.widget.EditText - Email'

2022-05-17 11:23:31 - [MESSAGE][WARNING] - Timeout '0' is invalid. Using default page load timeout: '30'

2022-05-17 11:23:32 - [MESSAGE][PASSED] - Tapped on element 'Object Repository/MOBILE/Auth/Register/android.widget.EditText - Email'

2022-05-17 11:23:32 - [TEST_STEP][PASSED] - if (findTestData("WEB/Register").getValue(2, i) != ""): null

2022-05-17 11:23:32 - [TEST_STEP][PASSED] - else: Element 'Object Repository/MOBILE/Auth/Register/android.widget.EditText - Email' text is cleared

2022-05-17 11:23:32 - [TEST_STEP][PASSED] - clearText(findTestObject("MOBILE/Auth/Register/android.widget.EditText - Email"), 0): Element 'Object Repository/MOBILE/Auth/Register/android.widget.EditText - Email' text is cleared

2022-05-17 11:23:32 - [MESSAGE][WARNING] - Timeout '0' is invalid. Using default page load timeout: '30'

2022-05-17 11:23:33 - [MESSAGE][PASSED] - Element 'Object Repository/MOBILE/Auth/Register/android.widget.EditText - Email' text is cleared

2022-05-17 11:23:33 - [TEST_STEP][PASSED] - tap(findTestObject("MOBILE/Auth/Register/android.widget.EditText - Password"), 0): Tapped on element 'Object Repository/MOBILE/Auth/Register/android.widget.EditText - Password'

2022-05-17 11:23:33 - [MESSAGE][WARNING] - Timeout '0' is invalid. Using default page load timeout: '30'

2022-05-17 11:23:34 - [MESSAGE][PASSED] - Tapped on element 'Object Repository/MOBILE/Auth/Register/android.widget.EditText - Password'

2022-05-17 11:23:34 - [TEST_STEP][PASSED] - if (findTestData("WEB/Register").getValue(3, i) != ""): null

2022-05-17 11:23:34 - [TEST_STEP][PASSED] - else: Element 'Object Repository/MOBILE/Auth/Register/android.widget.EditText - Password' text is cleared

2022-05-17 11:23:34 - [TEST_STEP][PASSED] - clearText(findTestObject("MOBILE/Auth/Register/android.widget.EditText - Password"), 0): Element 'Object Repository/MOBILE/Auth/Register/android.widget.EditText - Password' text is cleared

2022-05-17 11:23:34 - [MESSAGE][WARNING] - Timeout '0' is invalid. Using default page load timeout: '30'

2022-05-17 11:23:35 - [MESSAGE][PASSED] - Element 'Object Repository/MOBILE/Auth/Register/android.widget.EditText - Password' text is cleared

2022-05-17 11:23:35 - [TEST_STEP][PASSED] - pressBack(): Press back button successfully

2022-05-17 11:23:36 - [MESSAGE][PASSED] - Press back button successfully

2022-05-17 11:23:36 - [TEST_STEP][PASSED] - tap(findTestObject("MOBILE/Auth/Register/android.widget.Button - Register button"), 1): Tapped on element 'Object Repository/MOBILE/Auth/Register/android.widget.Button - Register button'

2022-05-17 11:23:37 - [MESSAGE][PASSED] - Tapped on element 'Object Repository/MOBILE/Auth/Register/android.widget.Button - Register button'

2022-05-17 11:23:37 - [TEST_STEP][PASSED] - if (findTestData("WEB/Register").getValue(4, i) == "negative"): Element 'Object Repository/MOBILE/Auth/Register/android.widget.Button - Register button' is visible

2022-05-17 11:23:37 - [TEST_STEP][PASSED] - verifyElementVisible(findTestObject("MOBILE/Auth/Register/android.widget.Button - Register button"), 5, CONTINUE_ON_FAILURE): Element 'Object Repository/MOBILE/Auth/Register/android.widget.Button - Register button' is visible

2022-05-17 11:23:38 - [MESSAGE][PASSED] - Element 'Object Repository/MOBILE/Auth/Register/android.widget.Button - Register button' is visible

2022-05-17 11:23:38 - [TEST_STEP][PASSED] - pressBack(): Press back button successfully

2022-05-17 11:23:38 - [MESSAGE][PASSED] - Press back button successfully

2022-05-17 11:23:38 - [TEST_STEP][PASSED] - closeApplication(): Close app successfully

2022-05-17 11:23:39 - [MESSAGE][PASSED] - Close app successfully

2022-05-17 11:23:39 - [TEST_STEP][PASSED] - startExistingApplication("com.example.frontend_mobile"): Starting app with application ID: 'com.example.frontend_mobile'

2022-05-17 11:23:41 - [MESSAGE][INFO] - Appium server started on port 49,531

2022-05-17 11:23:53 - [MESSAGE][PASSED] - Starting app with application ID: 'com.example.frontend_mobile'

2022-05-17 11:23:53 - [TEST_STEP][PASSED] - delay(5, CONTINUE_ON_FAILURE): Delayed 5 second(s)

2022-05-17 11:23:58 - [MESSAGE][PASSED] - Delayed 5 second(s)

2022-05-17 11:23:58 - [TEST_STEP][PASSED] - tap(findTestObject("MOBILE/Auth/Register/android.widget.Button - Login 2"), 0): Tapped on element 'Object Repository/MOBILE/Auth/Register/android.widget.Button - Login 2'

2022-05-17 11:23:59 - [MESSAGE][WARNING] - Timeout '0' is invalid. Using default page load timeout: '30'

2022-05-17 11:24:00 - [MESSAGE][PASSED] - Tapped on element 'Object Repository/MOBILE/Auth/Register/android.widget.Button - Login 2'

2022-05-17 11:24:00 - [TEST_STEP][PASSED] - tap(findTestObject("MOBILE/Auth/Register/android.widget.Button - Register a"), 0): Tapped on element 'Object Repository/MOBILE/Auth/Register/android.widget.Button - Register a'

2022-05-17 11:24:00 - [MESSAGE][WARNING] - Timeout '0' is invalid. Using default page load timeout: '30'

2022-05-17 11:24:02 - [MESSAGE][PASSED] - Tapped on element 'Object Repository/MOBILE/Auth/Register/android.widget.Button - Register a'

2022-05-17 11:24:02 - [TEST_STEP][PASSED] - tap(findTestObject("MOBILE/Auth/Register/android.widget.EditText - Fullname"), 0): Tapped on element 'Object Repository/MOBILE/Auth/Register/android.widget.EditText - Fullname'

2022-05-17 11:24:02 - [MESSAGE][WARNING] - Timeout '0' is invalid. Using default page load timeout: '30'

2022-05-17 11:24:03 - [MESSAGE][PASSED] - Tapped on element 'Object Repository/MOBILE/Auth/Register/android.widget.EditText - Fullname'

2022-05-17 11:24:03 - [TEST_STEP][PASSED] - if (findTestData("WEB/Register").getValue(1, i) != ""): null

2022-05-17 11:24:03 - [TEST_STEP][PASSED] - else: Element 'Object Repository/MOBILE/Auth/Register/android.widget.EditText - Fullname' text is cleared

2022-05-17 11:24:03 - [TEST_STEP][PASSED] - clearText(findTestObject("MOBILE/Auth/Register/android.widget.EditText - Fullname"), 0): Element 'Object Repository/MOBILE/Auth/Register/android.widget.EditText - Fullname' text is cleared

2022-05-17 11:24:03 - [MESSAGE][WARNING] - Timeout '0' is invalid. Using default page load timeout: '30'

2022-05-17 11:24:04 - [MESSAGE][PASSED] - Element 'Object Repository/MOBILE/Auth/Register/android.widget.EditText - Fullname' text is cleared

2022-05-17 11:24:04 - [TEST_STEP][PASSED] - tap(findTestObject("MOBILE/Auth/Register/android.widget.EditText - Email"), 0): Tapped on element 'Object Repository/MOBILE/Auth/Register/android.widget.EditText - Email'

2022-05-17 11:24:04 - [MESSAGE][WARNING] - Timeout '0' is invalid. Using default page load timeout: '30'

2022-05-17 11:24:06 - [MESSAGE][PASSED] - Tapped on element 'Object Repository/MOBILE/Auth/Register/android.widget.EditText - Email'

2022-05-17 11:24:06 - [TEST_STEP][PASSED] - if (findTestData("WEB/Register").getValue(2, i) != ""): Text 'salsabila1@gmail.com' has been set to element 'Object Repository/MOBILE/Auth/Register/android.widget.EditText - Email'

2022-05-17 11:24:06 - [TEST_STEP][PASSED] - setText(findTestObject("MOBILE/Auth/Register/android.widget.EditText - Email"), findTestData("WEB/Register").getValue(2, i), 0): Text 'salsabila1@gmail.com' has been set to element 'Object Repository/MOBILE/Auth/Register/android.widget.EditText - Email'

2022-05-17 11:24:06 - [MESSAGE][WARNING] - Timeout '0' is invalid. Using default page load timeout: '30'

2022-05-17 11:24:08 - [MESSAGE][PASSED] - Text 'salsabila1@gmail.com' has been set to element 'Object Repository/MOBILE/Auth/Register/android.widget.EditText - Email'

2022-05-17 11:24:08 - [TEST_STEP][PASSED] - tap(findTestObject("MOBILE/Auth/Register/android.widget.EditText - Password"), 0): Tapped on element 'Object Repository/MOBILE/Auth/Register/android.widget.EditText - Password'

2022-05-17 11:24:08 - [MESSAGE][WARNING] - Timeout '0' is invalid. Using default page load timeout: '30'

2022-05-17 11:24:09 - [MESSAGE][PASSED] - Tapped on element 'Object Repository/MOBILE/Auth/Register/android.widget.EditText - Password'

2022-05-17 11:24:09 - [TEST_STEP][PASSED] - if (findTestData("WEB/Register").getValue(3, i) != ""): Text 'salsabila' has been set to element 'Object Repository/MOBILE/Auth/Register/android.widget.EditText - Password'

2022-05-17 11:24:09 - [TEST_STEP][PASSED] - setText(findTestObject("MOBILE/Auth/Register/android.widget.EditText - Password"), findTestData("WEB/Register").getValue(3, i), 0): Text 'salsabila' has been set to element 'Object Repository/MOBILE/Auth/Register/android.widget.EditText - Password'

2022-05-17 11:24:09 - [MESSAGE][WARNING] - Timeout '0' is invalid. Using default page load timeout: '30'

2022-05-17 11:24:10 - [MESSAGE][PASSED] - Text 'salsabila' has been set to element 'Object Repository/MOBILE/Auth/Register/android.widget.EditText - Password'

2022-05-17 11:24:10 - [TEST_STEP][PASSED] - pressBack(): Press back button successfully

2022-05-17 11:24:10 - [MESSAGE][PASSED] - Press back button successfully

2022-05-17 11:24:10 - [TEST_STEP][PASSED] - tap(findTestObject("MOBILE/Auth/Register/android.widget.Button - Register button"), 1): Tapped on element 'Object Repository/MOBILE/Auth/Register/android.widget.Button - Register button'

2022-05-17 11:24:12 - [MESSAGE][PASSED] - Tapped on element 'Object Repository/MOBILE/Auth/Register/android.widget.Button - Register button'

2022-05-17 11:24:12 - [TEST_STEP][PASSED] - if (findTestData("WEB/Register").getValue(4, i) == "negative"): Element 'Object Repository/MOBILE/Auth/Register/android.widget.Button - Register button' is visible

2022-05-17 11:24:12 - [TEST_STEP][PASSED] - verifyElementVisible(findTestObject("MOBILE/Auth/Register/android.widget.Button - Register button"), 5, CONTINUE_ON_FAILURE): Element 'Object Repository/MOBILE/Auth/Register/android.widget.Button - Register button' is visible

2022-05-17 11:24:12 - [MESSAGE][PASSED] - Element 'Object Repository/MOBILE/Auth/Register/android.widget.Button - Register button' is visible

2022-05-17 11:24:12 - [TEST_STEP][PASSED] - pressBack(): Press back button successfully

2022-05-17 11:24:13 - [MESSAGE][PASSED] - Press back button successfully

2022-05-17 11:24:13 - [TEST_STEP][PASSED] - closeApplication(): Close app successfully

2022-05-17 11:24:13 - [MESSAGE][PASSED] - Close app successfully

2022-05-17 11:24:13 - [TEST_STEP][PASSED] - startExistingApplication("com.example.frontend_mobile"): Starting app with application ID: 'com.example.frontend_mobile'

2022-05-17 11:24:16 - [MESSAGE][INFO] - Appium server started on port 49,758

2022-05-17 11:24:28 - [MESSAGE][PASSED] - Starting app with application ID: 'com.example.frontend_mobile'

2022-05-17 11:24:28 - [TEST_STEP][PASSED] - delay(5, CONTINUE_ON_FAILURE): Delayed 5 second(s)

2022-05-17 11:24:33 - [MESSAGE][PASSED] - Delayed 5 second(s)

2022-05-17 11:24:33 - [TEST_STEP][PASSED] - tap(findTestObject("MOBILE/Auth/Register/android.widget.Button - Login 2"), 0): Tapped on element 'Object Repository/MOBILE/Auth/Register/android.widget.Button - Login 2'

2022-05-17 11:24:34 - [MESSAGE][WARNING] - Timeout '0' is invalid. Using default page load timeout: '30'

2022-05-17 11:24:35 - [MESSAGE][PASSED] - Tapped on element 'Object Repository/MOBILE/Auth/Register/android.widget.Button - Login 2'

2022-05-17 11:24:35 - [TEST_STEP][PASSED] - tap(findTestObject("MOBILE/Auth/Register/android.widget.Button - Register a"), 0): Tapped on element 'Object Repository/MOBILE/Auth/Register/android.widget.Button - Register a'

2022-05-17 11:24:35 - [MESSAGE][WARNING] - Timeout '0' is invalid. Using default page load timeout: '30'

2022-05-17 11:24:37 - [MESSAGE][PASSED] - Tapped on element 'Object Repository/MOBILE/Auth/Register/android.widget.Button - Register a'

2022-05-17 11:24:37 - [TEST_STEP][PASSED] - tap(findTestObject("MOBILE/Auth/Register/android.widget.EditText - Fullname"), 0): Tapped on element 'Object Repository/MOBILE/Auth/Register/android.widget.EditText - Fullname'

2022-05-17 11:24:37 - [MESSAGE][WARNING] - Timeout '0' is invalid. Using default page load timeout: '30'

2022-05-17 11:24:37 - [MESSAGE][PASSED] - Tapped on element 'Object Repository/MOBILE/Auth/Register/android.widget.EditText - Fullname'

2022-05-17 11:24:37 - [TEST_STEP][PASSED] - if (findTestData("WEB/Register").getValue(1, i) != ""): Text 'Salsabila' has been set to element 'Object Repository/MOBILE/Auth/Register/android.widget.EditText - Fullname'

2022-05-17 11:24:37 - [TEST_STEP][PASSED] - setText(findTestObject("MOBILE/Auth/Register/android.widget.EditText - Fullname"), findTestData("WEB/Register").getValue(1, i), 0): Text 'Salsabila' has been set to element 'Object Repository/MOBILE/Auth/Register/android.widget.EditText - Fullname'

2022-05-17 11:24:38 - [MESSAGE][WARNING] - Timeout '0' is invalid. Using default page load timeout: '30'

2022-05-17 11:24:40 - [MESSAGE][PASSED] - Text 'Salsabila' has been set to element 'Object Repository/MOBILE/Auth/Register/android.widget.EditText - Fullname'

2022-05-17 11:24:40 - [TEST_STEP][PASSED] - tap(findTestObject("MOBILE/Auth/Register/android.widget.EditText - Email"), 0): Tapped on element 'Object Repository/MOBILE/Auth/Register/android.widget.EditText - Email'

2022-05-17 11:24:40 - [MESSAGE][WARNING] - Timeout '0' is invalid. Using default page load timeout: '30'

2022-05-17 11:24:41 - [MESSAGE][PASSED] - Tapped on element 'Object Repository/MOBILE/Auth/Register/android.widget.EditText - Email'

2022-05-17 11:24:41 - [TEST_STEP][PASSED] - if (findTestData("WEB/Register").getValue(2, i) != ""): null

2022-05-17 11:24:41 - [TEST_STEP][PASSED] - else: Element 'Object Repository/MOBILE/Auth/Register/android.widget.EditText - Email' text is cleared

2022-05-17 11:24:41 - [TEST_STEP][PASSED] - clearText(findTestObject("MOBILE/Auth/Register/android.widget.EditText - Email"), 0): Element 'Object Repository/MOBILE/Auth/Register/android.widget.EditText - Email' text is cleared

2022-05-17 11:24:41 - [MESSAGE][WARNING] - Timeout '0' is invalid. Using default page load timeout: '30'

2022-05-17 11:24:42 - [MESSAGE][PASSED] - Element 'Object Repository/MOBILE/Auth/Register/android.widget.EditText - Email' text is cleared

2022-05-17 11:24:42 - [TEST_STEP][PASSED] - tap(findTestObject("MOBILE/Auth/Register/android.widget.EditText - Password"), 0): Tapped on element 'Object Repository/MOBILE/Auth/Register/android.widget.EditText - Password'

2022-05-17 11:24:42 - [MESSAGE][WARNING] - Timeout '0' is invalid. Using default page load timeout: '30'

2022-05-17 11:24:43 - [MESSAGE][PASSED] - Tapped on element 'Object Repository/MOBILE/Auth/Register/android.widget.EditText - Password'

2022-05-17 11:24:43 - [TEST_STEP][PASSED] - if (findTestData("WEB/Register").getValue(3, i) != ""): Text 'salsabila' has been set to element 'Object Repository/MOBILE/Auth/Register/android.widget.EditText - Password'

2022-05-17 11:24:43 - [TEST_STEP][PASSED] - setText(findTestObject("MOBILE/Auth/Register/android.widget.EditText - Password"), findTestData("WEB/Register").getValue(3, i), 0): Text 'salsabila' has been set to element 'Object Repository/MOBILE/Auth/Register/android.widget.EditText - Password'

2022-05-17 11:24:43 - [MESSAGE][WARNING] - Timeout '0' is invalid. Using default page load timeout: '30'

2022-05-17 11:24:44 - [MESSAGE][PASSED] - Text 'salsabila' has been set to element 'Object Repository/MOBILE/Auth/Register/android.widget.EditText - Password'

2022-05-17 11:24:44 - [TEST_STEP][PASSED] - pressBack(): Press back button successfully

2022-05-17 11:24:45 - [MESSAGE][PASSED] - Press back button successfully

2022-05-17 11:24:45 - [TEST_STEP][PASSED] - tap(findTestObject("MOBILE/Auth/Register/android.widget.Button - Register button"), 1): Tapped on element 'Object Repository/MOBILE/Auth/Register/android.widget.Button - Register button'

2022-05-17 11:24:46 - [MESSAGE][PASSED] - Tapped on element 'Object Repository/MOBILE/Auth/Register/android.widget.Button - Register button'

2022-05-17 11:24:46 - [TEST_STEP][PASSED] - if (findTestData("WEB/Register").getValue(4, i) == "negative"): Element 'Object Repository/MOBILE/Auth/Register/android.widget.Button - Register button' is visible

2022-05-17 11:24:46 - [TEST_STEP][PASSED] - verifyElementVisible(findTestObject("MOBILE/Auth/Register/android.widget.Button - Register button"), 5, CONTINUE_ON_FAILURE): Element 'Object Repository/MOBILE/Auth/Register/android.widget.Button - Register button' is visible

2022-05-17 11:24:47 - [MESSAGE][PASSED] - Element 'Object Repository/MOBILE/Auth/Register/android.widget.Button - Register button' is visible

2022-05-17 11:24:47 - [TEST_STEP][PASSED] - pressBack(): Press back button successfully

2022-05-17 11:24:47 - [MESSAGE][PASSED] - Press back button successfully

2022-05-17 11:24:47 - [TEST_STEP][PASSED] - closeApplication(): Close app successfully

2022-05-17 11:24:47 - [MESSAGE][PASSED] - Close app successfully

2022-05-17 11:24:47 - [TEST_STEP][PASSED] - startExistingApplication("com.example.frontend_mobile"): Starting app with application ID: 'com.example.frontend_mobile'

2022-05-17 11:24:49 - [MESSAGE][INFO] - Appium server started on port 50,068

2022-05-17 11:25:01 - [MESSAGE][PASSED] - Starting app with application ID: 'com.example.frontend_mobile'

2022-05-17 11:25:01 - [TEST_STEP][PASSED] - delay(5, CONTINUE_ON_FAILURE): Delayed 5 second(s)

2022-05-17 11:25:06 - [MESSAGE][PASSED] - Delayed 5 second(s)

2022-05-17 11:25:06 - [TEST_STEP][PASSED] - tap(findTestObject("MOBILE/Auth/Register/android.widget.Button - Login 2"), 0): Tapped on element 'Object Repository/MOBILE/Auth/Register/android.widget.Button - Login 2'

2022-05-17 11:25:06 - [MESSAGE][WARNING] - Timeout '0' is invalid. Using default page load timeout: '30'

2022-05-17 11:25:08 - [MESSAGE][PASSED] - Tapped on element 'Object Repository/MOBILE/Auth/Register/android.widget.Button - Login 2'

2022-05-17 11:25:08 - [TEST_STEP][PASSED] - tap(findTestObject("MOBILE/Auth/Register/android.widget.Button - Register a"), 0): Tapped on element 'Object Repository/MOBILE/Auth/Register/android.widget.Button - Register a'

2022-05-17 11:25:08 - [MESSAGE][WARNING] - Timeout '0' is invalid. Using default page load timeout: '30'

2022-05-17 11:25:09 - [MESSAGE][PASSED] - Tapped on element 'Object Repository/MOBILE/Auth/Register/android.widget.Button - Register a'

2022-05-17 11:25:09 - [TEST_STEP][PASSED] - tap(findTestObject("MOBILE/Auth/Register/android.widget.EditText - Fullname"), 0): Tapped on element 'Object Repository/MOBILE/Auth/Register/android.widget.EditText - Fullname'

2022-05-17 11:25:09 - [MESSAGE][WARNING] - Timeout '0' is invalid. Using default page load timeout: '30'

2022-05-17 11:25:10 - [MESSAGE][PASSED] - Tapped on element 'Object Repository/MOBILE/Auth/Register/android.widget.EditText - Fullname'

2022-05-17 11:25:10 - [TEST_STEP][PASSED] - if (findTestData("WEB/Register").getValue(1, i) != ""): Text 'Salsabila' has been set to element 'Object Repository/MOBILE/Auth/Register/android.widget.EditText - Fullname'

2022-05-17 11:25:10 - [TEST_STEP][PASSED] - setText(findTestObject("MOBILE/Auth/Register/android.widget.EditText - Fullname"), findTestData("WEB/Register").getValue(1, i), 0): Text 'Salsabila' has been set to element 'Object Repository/MOBILE/Auth/Register/android.widget.EditText - Fullname'

2022-05-17 11:25:10 - [MESSAGE][WARNING] - Timeout '0' is invalid. Using default page load timeout: '30'

2022-05-17 11:25:12 - [MESSAGE][PASSED] - Text 'Salsabila' has been set to element 'Object Repository/MOBILE/Auth/Register/android.widget.EditText - Fullname'

2022-05-17 11:25:12 - [TEST_STEP][PASSED] - tap(findTestObject("MOBILE/Auth/Register/android.widget.EditText - Email"), 0): Tapped on element 'Object Repository/MOBILE/Auth/Register/android.widget.EditText - Email'

2022-05-17 11:25:12 - [MESSAGE][WARNING] - Timeout '0' is invalid. Using default page load timeout: '30'

2022-05-17 11:25:13 - [MESSAGE][PASSED] - Tapped on element 'Object Repository/MOBILE/Auth/Register/android.widget.EditText - Email'

2022-05-17 11:25:13 - [TEST_STEP][PASSED] - if (findTestData("WEB/Register").getValue(2, i) != ""): Text 'salsabila1@gmail.com' has been set to element 'Object Repository/MOBILE/Auth/Register/android.widget.EditText - Email'

2022-05-17 11:25:13 - [TEST_STEP][PASSED] - setText(findTestObject("MOBILE/Auth/Register/android.widget.EditText - Email"), findTestData("WEB/Register").getValue(2, i), 0): Text 'salsabila1@gmail.com' has been set to element 'Object Repository/MOBILE/Auth/Register/android.widget.EditText - Email'

2022-05-17 11:25:13 - [MESSAGE][WARNING] - Timeout '0' is invalid. Using default page load timeout: '30'

2022-05-17 11:25:16 - [MESSAGE][PASSED] - Text 'salsabila1@gmail.com' has been set to element 'Object Repository/MOBILE/Auth/Register/android.widget.EditText - Email'

2022-05-17 11:25:16 - [TEST_STEP][PASSED] - tap(findTestObject("MOBILE/Auth/Register/android.widget.EditText - Password"), 0): Tapped on element 'Object Repository/MOBILE/Auth/Register/android.widget.EditText - Password'

2022-05-17 11:25:16 - [MESSAGE][WARNING] - Timeout '0' is invalid. Using default page load timeout: '30'

2022-05-17 11:25:17 - [MESSAGE][PASSED] - Tapped on element 'Object Repository/MOBILE/Auth/Register/android.widget.EditText - Password'

2022-05-17 11:25:17 - [TEST_STEP][PASSED] - if (findTestData("WEB/Register").getValue(3, i) != ""): null

2022-05-17 11:25:17 - [TEST_STEP][PASSED] - else: Element 'Object Repository/MOBILE/Auth/Register/android.widget.EditText - Password' text is cleared

2022-05-17 11:25:17 - [TEST_STEP][PASSED] - clearText(findTestObject("MOBILE/Auth/Register/android.widget.EditText - Password"), 0): Element 'Object Repository/MOBILE/Auth/Register/android.widget.EditText - Password' text is cleared

2022-05-17 11:25:17 - [MESSAGE][WARNING] - Timeout '0' is invalid. Using default page load timeout: '30'

2022-05-17 11:25:18 - [MESSAGE][PASSED] - Element 'Object Repository/MOBILE/Auth/Register/android.widget.EditText - Password' text is cleared

2022-05-17 11:25:18 - [TEST_STEP][PASSED] - pressBack(): Press back button successfully

2022-05-17 11:25:19 - [MESSAGE][PASSED] - Press back button successfully

2022-05-17 11:25:19 - [TEST_STEP][PASSED] - tap(findTestObject("MOBILE/Auth/Register/android.widget.Button - Register button"), 1): Tapped on element 'Object Repository/MOBILE/Auth/Register/android.widget.Button - Register button'

2022-05-17 11:25:20 - [MESSAGE][PASSED] - Tapped on element 'Object Repository/MOBILE/Auth/Register/android.widget.Button - Register button'

2022-05-17 11:25:20 - [TEST_STEP][PASSED] - if (findTestData("WEB/Register").getValue(4, i) == "negative"): Element 'Object Repository/MOBILE/Auth/Register/android.widget.Button - Register button' is visible

2022-05-17 11:25:20 - [TEST_STEP][PASSED] - verifyElementVisible(findTestObject("MOBILE/Auth/Register/android.widget.Button - Register button"), 5, CONTINUE_ON_FAILURE): Element 'Object Repository/MOBILE/Auth/Register/android.widget.Button - Register button' is visible

2022-05-17 11:25:21 - [MESSAGE][PASSED] - Element 'Object Repository/MOBILE/Auth/Register/android.widget.Button - Register button' is visible

2022-05-17 11:25:21 - [TEST_STEP][PASSED] - pressBack(): Press back button successfully

2022-05-17 11:25:21 - [MESSAGE][PASSED] - Press back button successfully

2022-05-17 11:25:21 - [TEST_STEP][PASSED] - closeApplication(): Close app successfully

2022-05-17 11:25:21 - [MESSAGE][PASSED] - Close app successfully

2022-05-17 11:25:21 - [TEST_STEP][PASSED] - startExistingApplication("com.example.frontend_mobile"): Starting app with application ID: 'com.example.frontend_mobile'

2022-05-17 11:25:24 - [MESSAGE][INFO] - Appium server started on port 50,300

2022-05-17 11:25:35 - [MESSAGE][PASSED] - Starting app with application ID: 'com.example.frontend_mobile'

2022-05-17 11:25:35 - [TEST_STEP][PASSED] - delay(5, CONTINUE_ON_FAILURE): Delayed 5 second(s)

2022-05-17 11:25:40 - [MESSAGE][PASSED] - Delayed 5 second(s)

2022-05-17 11:25:40 - [TEST_STEP][PASSED] - tap(findTestObject("MOBILE/Auth/Register/android.widget.Button - Login 2"), 0): Tapped on element 'Object Repository/MOBILE/Auth/Register/android.widget.Button - Login 2'

2022-05-17 11:25:40 - [MESSAGE][WARNING] - Timeout '0' is invalid. Using default page load timeout: '30'

2022-05-17 11:25:41 - [MESSAGE][PASSED] - Tapped on element 'Object Repository/MOBILE/Auth/Register/android.widget.Button - Login 2'

2022-05-17 11:25:41 - [TEST_STEP][PASSED] - tap(findTestObject("MOBILE/Auth/Register/android.widget.Button - Register a"), 0): Tapped on element 'Object Repository/MOBILE/Auth/Register/android.widget.Button - Register a'

2022-05-17 11:25:41 - [MESSAGE][WARNING] - Timeout '0' is invalid. Using default page load timeout: '30'

2022-05-17 11:25:42 - [MESSAGE][PASSED] - Tapped on element 'Object Repository/MOBILE/Auth/Register/android.widget.Button - Register a'

2022-05-17 11:25:42 - [TEST_STEP][PASSED] - tap(findTestObject("MOBILE/Auth/Register/android.widget.EditText - Fullname"), 0): Tapped on element 'Object Repository/MOBILE/Auth/Register/android.widget.EditText - Fullname'

2022-05-17 11:25:42 - [MESSAGE][WARNING] - Timeout '0' is invalid. Using default page load timeout: '30'

2022-05-17 11:25:43 - [MESSAGE][PASSED] - Tapped on element 'Object Repository/MOBILE/Auth/Register/android.widget.EditText - Fullname'

2022-05-17 11:25:43 - [TEST_STEP][PASSED] - if (findTestData("WEB/Register").getValue(1, i) != ""): Text 'Salsabila' has been set to element 'Object Repository/MOBILE/Auth/Register/android.widget.EditText - Fullname'

2022-05-17 11:25:43 - [TEST_STEP][PASSED] - setText(findTestObject("MOBILE/Auth/Register/android.widget.EditText - Fullname"), findTestData("WEB/Register").getValue(1, i), 0): Text 'Salsabila' has been set to element 'Object Repository/MOBILE/Auth/Register/android.widget.EditText - Fullname'

2022-05-17 11:25:44 - [MESSAGE][WARNING] - Timeout '0' is invalid. Using default page load timeout: '30'

2022-05-17 11:25:45 - [MESSAGE][PASSED] - Text 'Salsabila' has been set to element 'Object Repository/MOBILE/Auth/Register/android.widget.EditText - Fullname'

2022-05-17 11:25:45 - [TEST_STEP][PASSED] - tap(findTestObject("MOBILE/Auth/Register/android.widget.EditText - Email"), 0): Tapped on element 'Object Repository/MOBILE/Auth/Register/android.widget.EditText - Email'

2022-05-17 11:25:45 - [MESSAGE][WARNING] - Timeout '0' is invalid. Using default page load timeout: '30'

2022-05-17 11:25:46 - [MESSAGE][PASSED] - Tapped on element 'Object Repository/MOBILE/Auth/Register/android.widget.EditText - Email'

2022-05-17 11:25:46 - [TEST_STEP][PASSED] - if (findTestData("WEB/Register").getValue(2, i) != ""): Text 'salsa@gmail.com' has been set to element 'Object Repository/MOBILE/Auth/Register/android.widget.EditText - Email'

2022-05-17 11:25:46 - [TEST_STEP][PASSED] - setText(findTestObject("MOBILE/Auth/Register/android.widget.EditText - Email"), findTestData("WEB/Register").getValue(2, i), 0): Text 'salsa@gmail.com' has been set to element 'Object Repository/MOBILE/Auth/Register/android.widget.EditText - Email'

2022-05-17 11:25:46 - [MESSAGE][WARNING] - Timeout '0' is invalid. Using default page load timeout: '30'

2022-05-17 11:25:47 - [MESSAGE][PASSED] - Text 'salsa@gmail.com' has been set to element 'Object Repository/MOBILE/Auth/Register/android.widget.EditText - Email'

2022-05-17 11:25:47 - [TEST_STEP][PASSED] - tap(findTestObject("MOBILE/Auth/Register/android.widget.EditText - Password"), 0): Tapped on element 'Object Repository/MOBILE/Auth/Register/android.widget.EditText - Password'

2022-05-17 11:25:47 - [MESSAGE][WARNING] - Timeout '0' is invalid. Using default page load timeout: '30'

2022-05-17 11:25:48 - [MESSAGE][PASSED] - Tapped on element 'Object Repository/MOBILE/Auth/Register/android.widget.EditText - Password'

2022-05-17 11:25:48 - [TEST_STEP][PASSED] - if (findTestData("WEB/Register").getValue(3, i) != ""): Text 'salsa' has been set to element 'Object Repository/MOBILE/Auth/Register/android.widget.EditText - Password'

2022-05-17 11:25:48 - [TEST_STEP][PASSED] - setText(findTestObject("MOBILE/Auth/Register/android.widget.EditText - Password"), findTestData("WEB/Register").getValue(3, i), 0): Text 'salsa' has been set to element 'Object Repository/MOBILE/Auth/Register/android.widget.EditText - Password'

2022-05-17 11:25:48 - [MESSAGE][WARNING] - Timeout '0' is invalid. Using default page load timeout: '30'

2022-05-17 11:25:49 - [MESSAGE][PASSED] - Text 'salsa' has been set to element 'Object Repository/MOBILE/Auth/Register/android.widget.EditText - Password'

2022-05-17 11:25:49 - [TEST_STEP][PASSED] - pressBack(): Press back button successfully

2022-05-17 11:25:50 - [MESSAGE][PASSED] - Press back button successfully

2022-05-17 11:25:50 - [TEST_STEP][PASSED] - tap(findTestObject("MOBILE/Auth/Register/android.widget.Button - Register button"), 1): Tapped on element 'Object Repository/MOBILE/Auth/Register/android.widget.Button - Register button'

2022-05-17 11:25:51 - [MESSAGE][PASSED] - Tapped on element 'Object Repository/MOBILE/Auth/Register/android.widget.Button - Register button'

2022-05-17 11:25:51 - [TEST_STEP][PASSED] - if (findTestData("WEB/Register").getValue(4, i) == "negative"): Element 'Object Repository/MOBILE/Auth/Register/android.widget.Button - Register button' is visible

2022-05-17 11:25:51 - [TEST_STEP][PASSED] - verifyElementVisible(findTestObject("MOBILE/Auth/Register/android.widget.Button - Register button"), 5, CONTINUE_ON_FAILURE): Element 'Object Repository/MOBILE/Auth/Register/android.widget.Button - Register button' is visible

2022-05-17 11:25:52 - [MESSAGE][PASSED] - Element 'Object Repository/MOBILE/Auth/Register/android.widget.Button - Register button' is visible

2022-05-17 11:25:52 - [TEST_STEP][PASSED] - pressBack(): Press back button successfully

2022-05-17 11:25:52 - [MESSAGE][PASSED] - Press back button successfully

2022-05-17 11:25:52 - [TEST_STEP][PASSED] - closeApplication(): Close app successfully

2022-05-17 11:25:53 - [MESSAGE][PASSED] - Close app successfully

2022-05-17 11:25:53 - [TEST_STEP][PASSED] - startExistingApplication("com.example.frontend_mobile"): Starting app with application ID: 'com.example.frontend_mobile'

2022-05-17 11:25:54 - [MESSAGE][INFO] - Appium server started on port 50,493

2022-05-17 11:26:06 - [MESSAGE][PASSED] - Starting app with application ID: 'com.example.frontend_mobile'

2022-05-17 11:26:06 - [TEST_STEP][PASSED] - delay(5, CONTINUE_ON_FAILURE): Delayed 5 second(s)

2022-05-17 11:26:11 - [MESSAGE][PASSED] - Delayed 5 second(s)

2022-05-17 11:26:11 - [TEST_STEP][PASSED] - tap(findTestObject("MOBILE/Auth/Register/android.widget.Button - Login 2"), 0): Tapped on element 'Object Repository/MOBILE/Auth/Register/android.widget.Button - Login 2'

2022-05-17 11:26:11 - [MESSAGE][WARNING] - Timeout '0' is invalid. Using default page load timeout: '30'

2022-05-17 11:26:13 - [MESSAGE][PASSED] - Tapped on element 'Object Repository/MOBILE/Auth/Register/android.widget.Button - Login 2'

2022-05-17 11:26:13 - [TEST_STEP][PASSED] - tap(findTestObject("MOBILE/Auth/Register/android.widget.Button - Register a"), 0): Tapped on element 'Object Repository/MOBILE/Auth/Register/android.widget.Button - Register a'

2022-05-17 11:26:13 - [MESSAGE][WARNING] - Timeout '0' is invalid. Using default page load timeout: '30'

2022-05-17 11:26:15 - [MESSAGE][PASSED] - Tapped on element 'Object Repository/MOBILE/Auth/Register/android.widget.Button - Register a'

2022-05-17 11:26:15 - [TEST_STEP][PASSED] - tap(findTestObject("MOBILE/Auth/Register/android.widget.EditText - Fullname"), 0): Tapped on element 'Object Repository/MOBILE/Auth/Register/android.widget.EditText - Fullname'

2022-05-17 11:26:15 - [MESSAGE][WARNING] - Timeout '0' is invalid. Using default page load timeout: '30'

2022-05-17 11:26:16 - [MESSAGE][PASSED] - Tapped on element 'Object Repository/MOBILE/Auth/Register/android.widget.EditText - Fullname'

2022-05-17 11:26:16 - [TEST_STEP][PASSED] - if (findTestData("WEB/Register").getValue(1, i) != ""): Text 'Salsabila' has been set to element 'Object Repository/MOBILE/Auth/Register/android.widget.EditText - Fullname'

2022-05-17 11:26:16 - [TEST_STEP][PASSED] - setText(findTestObject("MOBILE/Auth/Register/android.widget.EditText - Fullname"), findTestData("WEB/Register").getValue(1, i), 0): Text 'Salsabila' has been set to element 'Object Repository/MOBILE/Auth/Register/android.widget.EditText - Fullname'

2022-05-17 11:26:16 - [MESSAGE][WARNING] - Timeout '0' is invalid. Using default page load timeout: '30'

2022-05-17 11:26:17 - [MESSAGE][PASSED] - Text 'Salsabila' has been set to element 'Object Repository/MOBILE/Auth/Register/android.widget.EditText - Fullname'

2022-05-17 11:26:17 - [TEST_STEP][PASSED] - tap(findTestObject("MOBILE/Auth/Register/android.widget.EditText - Email"), 0): Tapped on element 'Object Repository/MOBILE/Auth/Register/android.widget.EditText - Email'

2022-05-17 11:26:17 - [MESSAGE][WARNING] - Timeout '0' is invalid. Using default page load timeout: '30'

2022-05-17 11:26:19 - [MESSAGE][PASSED] - Tapped on element 'Object Repository/MOBILE/Auth/Register/android.widget.EditText - Email'

2022-05-17 11:26:19 - [TEST_STEP][PASSED] - if (findTestData("WEB/Register").getValue(2, i) != ""): Text 'halosalsa31' has been set to element 'Object Repository/MOBILE/Auth/Register/android.widget.EditText - Email'

2022-05-17 11:26:19 - [TEST_STEP][PASSED] - setText(findTestObject("MOBILE/Auth/Register/android.widget.EditText - Email"), findTestData("WEB/Register").getValue(2, i), 0): Text 'halosalsa31' has been set to element 'Object Repository/MOBILE/Auth/Register/android.widget.EditText - Email'

2022-05-17 11:26:19 - [MESSAGE][WARNING] - Timeout '0' is invalid. Using default page load timeout: '30'

2022-05-17 11:26:20 - [MESSAGE][PASSED] - Text 'halosalsa31' has been set to element 'Object Repository/MOBILE/Auth/Register/android.widget.EditText - Email'

2022-05-17 11:26:20 - [TEST_STEP][PASSED] - tap(findTestObject("MOBILE/Auth/Register/android.widget.EditText - Password"), 0): Tapped on element 'Object Repository/MOBILE/Auth/Register/android.widget.EditText - Password'

2022-05-17 11:26:20 - [MESSAGE][WARNING] - Timeout '0' is invalid. Using default page load timeout: '30'

2022-05-17 11:26:21 - [MESSAGE][PASSED] - Tapped on element 'Object Repository/MOBILE/Auth/Register/android.widget.EditText - Password'

2022-05-17 11:26:21 - [TEST_STEP][PASSED] - if (findTestData("WEB/Register").getValue(3, i) != ""): Text 'salsabila' has been set to element 'Object Repository/MOBILE/Auth/Register/android.widget.EditText - Password'

2022-05-17 11:26:21 - [TEST_STEP][PASSED] - setText(findTestObject("MOBILE/Auth/Register/android.widget.EditText - Password"), findTestData("WEB/Register").getValue(3, i), 0): Text 'salsabila' has been set to element 'Object Repository/MOBILE/Auth/Register/android.widget.EditText - Password'

2022-05-17 11:26:21 - [MESSAGE][WARNING] - Timeout '0' is invalid. Using default page load timeout: '30'

2022-05-17 11:26:22 - [MESSAGE][PASSED] - Text 'salsabila' has been set to element 'Object Repository/MOBILE/Auth/Register/android.widget.EditText - Password'

2022-05-17 11:26:22 - [TEST_STEP][PASSED] - pressBack(): Press back button successfully

2022-05-17 11:26:23 - [MESSAGE][PASSED] - Press back button successfully

2022-05-17 11:26:23 - [TEST_STEP][PASSED] - tap(findTestObject("MOBILE/Auth/Register/android.widget.Button - Register button"), 1): Tapped on element 'Object Repository/MOBILE/Auth/Register/android.widget.Button - Register button'

2022-05-17 11:26:25 - [MESSAGE][PASSED] - Tapped on element 'Object Repository/MOBILE/Auth/Register/android.widget.Button - Register button'

2022-05-17 11:26:25 - [TEST_STEP][PASSED] - if (findTestData("WEB/Register").getValue(4, i) == "negative"): Element 'Object Repository/MOBILE/Auth/Register/android.widget.Button - Register button' is visible

2022-05-17 11:26:25 - [TEST_STEP][PASSED] - verifyElementVisible(findTestObject("MOBILE/Auth/Register/android.widget.Button - Register button"), 5, CONTINUE_ON_FAILURE): Element 'Object Repository/MOBILE/Auth/Register/android.widget.Button - Register button' is visible

2022-05-17 11:26:25 - [MESSAGE][PASSED] - Element 'Object Repository/MOBILE/Auth/Register/android.widget.Button - Register button' is visible

2022-05-17 11:26:25 - [TEST_STEP][PASSED] - pressBack(): Press back button successfully

2022-05-17 11:26:26 - [MESSAGE][PASSED] - Press back button successfully

2022-05-17 11:26:26 - [TEST_STEP][PASSED] - closeApplication(): Close app successfully

2022-05-17 11:26:26 - [MESSAGE][PASSED] - Close app successfully

2022-05-17 11:26:26 - [TEST_STEP][PASSED] - startExistingApplication("com.example.frontend_mobile"): Starting app with application ID: 'com.example.frontend_mobile'

2022-05-17 11:26:28 - [MESSAGE][INFO] - Appium server started on port 50,695

2022-05-17 11:26:39 - [MESSAGE][PASSED] - Starting app with application ID: 'com.example.frontend_mobile'

2022-05-17 11:26:39 - [TEST_STEP][PASSED] - delay(5, CONTINUE_ON_FAILURE): Delayed 5 second(s)

2022-05-17 11:26:44 - [MESSAGE][PASSED] - Delayed 5 second(s)

2022-05-17 11:26:44 - [TEST_STEP][PASSED] - tap(findTestObject("MOBILE/Auth/Register/android.widget.Button - Login 2"), 0): Tapped on element 'Object Repository/MOBILE/Auth/Register/android.widget.Button - Login 2'

2022-05-17 11:26:44 - [MESSAGE][WARNING] - Timeout '0' is invalid. Using default page load timeout: '30'

2022-05-17 11:26:45 - [MESSAGE][PASSED] - Tapped on element 'Object Repository/MOBILE/Auth/Register/android.widget.Button - Login 2'

2022-05-17 11:26:45 - [TEST_STEP][PASSED] - tap(findTestObject("MOBILE/Auth/Register/android.widget.Button - Register a"), 0): Tapped on element 'Object Repository/MOBILE/Auth/Register/android.widget.Button - Register a'

2022-05-17 11:26:45 - [MESSAGE][WARNING] - Timeout '0' is invalid. Using default page load timeout: '30'

2022-05-17 11:26:46 - [MESSAGE][PASSED] - Tapped on element 'Object Repository/MOBILE/Auth/Register/android.widget.Button - Register a'

2022-05-17 11:26:46 - [TEST_STEP][PASSED] - tap(findTestObject("MOBILE/Auth/Register/android.widget.EditText - Fullname"), 0): Tapped on element 'Object Repository/MOBILE/Auth/Register/android.widget.EditText - Fullname'

2022-05-17 11:26:46 - [MESSAGE][WARNING] - Timeout '0' is invalid. Using default page load timeout: '30'

2022-05-17 11:26:48 - [MESSAGE][PASSED] - Tapped on element 'Object Repository/MOBILE/Auth/Register/android.widget.EditText - Fullname'

2022-05-17 11:26:48 - [TEST_STEP][FAILED] - if (findTestData("WEB/Register").getValue(1, i) != ""): Failed to set text into element (Root cause: org.openqa.selenium.StaleElementReferenceException: androidx.test.uiautomator.StaleObjectException
For documentation on this error, please visit: https://www.seleniumhq.org/exceptions/stale_element_reference.html
Build info: version: '3.141.59', revision: 'e82be7d358', time: '2018-11-14T08:25:53'
System info: host: 'SALSABILA', ip: '192.168.200.173', os.name: 'Windows 10', os.arch: 'amd64', os.version: '10.0', java.version: '1.8.0_282'
Driver info: com.kms.katalon.core.appium.driver.SwipeableAndroidDriver
Capabilities {appActivity: .Settings, appPackage: com.android.settings, autoGrantPermissions: true, automationName: uiautomator2, chromedriverPort: 50696, databaseEnabled: false, desired: {appActivity: .Settings, appPackage: com.android.settings, autoGrantPermissions: true, automationName: uiautomator2, chromedriverPort: 50696, deviceName: Xiaomi M2003J15SC (Android 11), newCommandTimeout: 1800, platform: ANDROID, platformName: android, platformVersion: 11, systemPort: 8298, udid: aeebca410407}, deviceApiLevel: 30, deviceManufacturer: Xiaomi, deviceModel: M2003J15SC, deviceName: aeebca410407, deviceScreenDensity: 352, deviceScreenSize: 1080x2340, deviceUDID: aeebca410407, javascriptEnabled: true, locationContextEnabled: false, networkConnectionEnabled: true, newCommandTimeout: 1800, pixelRatio: 2.2, platform: ANDROID, platformName: Android, platformVersion: 11, statBarHeight: 100, systemPort: 8298, takesScreenshot: true, udid: aeebca410407, viewportRect: {height: 2036, left: 0, top: 100, width: 1080}, warnings: {}, webStorageEnabled: false}
Session ID: 31949ba7-45ce-44bc-aeff-fdd414e1a41a
	at org.openqa.selenium.remote.http.W3CHttpResponseCodec.createException(W3CHttpResponseCodec.java:187)
	at org.openqa.selenium.remote.http.W3CHttpResponseCodec.decode(W3CHttpResponseCodec.java:122)
	at org.openqa.selenium.remote.http.W3CHttpResponseCodec.decode(W3CHttpResponseCodec.java:49)
	at org.openqa.selenium.remote.HttpCommandExecutor.execute(HttpCommandExecutor.java:158)
	at io.appium.java_client.remote.AppiumCommandExecutor.execute(AppiumCommandExecutor.java:239)
	at org.openqa.selenium.remote.RemoteWebDriver.execute(RemoteWebDriver.java:552)
	at io.appium.java_client.DefaultGenericMobileDriver.execute(DefaultGenericMobileDriver.java:42)
	at io.appium.java_client.AppiumDriver.execute(AppiumDriver.java:1)
	at io.appium.java_client.android.AndroidDriver.execute(AndroidDriver.java:1)
	at com.kms.katalon.core.appium.driver.SwipeableAndroidDriver.execute(SwipeableAndroidDriver.java:1)
	at org.openqa.selenium.remote.RemoteWebElement.execute(RemoteWebElement.java:285)
	at io.appium.java_client.DefaultGenericMobileElement.execute(DefaultGenericMobileElement.java:45)
	at io.appium.java_client.MobileElement.execute(MobileElement.java:1)
	at io.appium.java_client.android.AndroidElement.execute(AndroidElement.java:1)
	at org.openqa.selenium.remote.RemoteWebElement.sendKeys(RemoteWebElement.java:106)
	at com.kms.katalon.core.mobile.keyword.builtin.SetTextKeyword$_setText_closure1.doCall(SetTextKeyword.groovy:80)
	at com.kms.katalon.core.mobile.keyword.builtin.SetTextKeyword$_setText_closure1.call(SetTextKeyword.groovy)
	at com.kms.katalon.core.mobile.keyword.internal.MobileKeywordMain.runKeyword(MobileKeywordMain.groovy:21)
	at com.kms.katalon.core.mobile.keyword.builtin.SetTextKeyword.setText(SetTextKeyword.groovy:83)
	at com.kms.katalon.core.mobile.keyword.builtin.SetTextKeyword.execute(SetTextKeyword.groovy:66)
	at com.kms.katalon.core.keyword.internal.KeywordExecutor.executeKeywordForPlatform(KeywordExecutor.groovy:74)
	at com.kms.katalon.core.mobile.keyword.MobileBuiltInKeywords.setText(MobileBuiltInKeywords.groovy:1270)
	at com.kms.katalon.core.mobile.keyword.MobileBuiltInKeywords$setText$5.call(Unknown Source)
	at Register.run(Register:32)
	at com.kms.katalon.core.main.ScriptEngine.run(ScriptEngine.java:194)
	at com.kms.katalon.core.main.ScriptEngine.runScriptAsRawText(ScriptEngine.java:119)
	at com.kms.katalon.core.main.TestCaseExecutor.runScript(TestCaseExecutor.java:442)
	at com.kms.katalon.core.main.TestCaseExecutor.doExecute(TestCaseExecutor.java:433)
	at com.kms.katalon.core.main.TestCaseExecutor.processExecutionPhase(TestCaseExecutor.java:412)
	at com.kms.katalon.core.main.TestCaseExecutor.accessMainPhase(TestCaseExecutor.java:404)
	at com.kms.katalon.core.main.TestCaseExecutor.execute(TestCaseExecutor.java:281)
	at com.kms.katalon.core.main.TestSuiteExecutor.accessTestCaseMainPhase(TestSuiteExecutor.java:202)
	at com.kms.katalon.core.main.TestSuiteExecutor.accessTestSuiteMainPhase(TestSuiteExecutor.java:164)
	at com.kms.katalon.core.main.TestSuiteExecutor.execute(TestSuiteExecutor.java:105)
	at com.kms.katalon.core.main.TestCaseMain.startTestSuite(TestCaseMain.java:185)
	at com.kms.katalon.core.main.TestCaseMain$startTestSuite$0.call(Unknown Source)
	at TempTestSuite1652761376419.run(TempTestSuite1652761376419.groovy:36)
)

2022-05-17 11:26:48 - [TEST_STEP][FAILED] - setText(findTestObject("MOBILE/Auth/Register/android.widget.EditText - Fullname"), findTestData("WEB/Register").getValue(1, i), 0): Failed to set text into element (Root cause: org.openqa.selenium.StaleElementReferenceException: androidx.test.uiautomator.StaleObjectException
For documentation on this error, please visit: https://www.seleniumhq.org/exceptions/stale_element_reference.html
Build info: version: '3.141.59', revision: 'e82be7d358', time: '2018-11-14T08:25:53'
System info: host: 'SALSABILA', ip: '192.168.200.173', os.name: 'Windows 10', os.arch: 'amd64', os.version: '10.0', java.version: '1.8.0_282'
Driver info: com.kms.katalon.core.appium.driver.SwipeableAndroidDriver
Capabilities {appActivity: .Settings, appPackage: com.android.settings, autoGrantPermissions: true, automationName: uiautomator2, chromedriverPort: 50696, databaseEnabled: false, desired: {appActivity: .Settings, appPackage: com.android.settings, autoGrantPermissions: true, automationName: uiautomator2, chromedriverPort: 50696, deviceName: Xiaomi M2003J15SC (Android 11), newCommandTimeout: 1800, platform: ANDROID, platformName: android, platformVersion: 11, systemPort: 8298, udid: aeebca410407}, deviceApiLevel: 30, deviceManufacturer: Xiaomi, deviceModel: M2003J15SC, deviceName: aeebca410407, deviceScreenDensity: 352, deviceScreenSize: 1080x2340, deviceUDID: aeebca410407, javascriptEnabled: true, locationContextEnabled: false, networkConnectionEnabled: true, newCommandTimeout: 1800, pixelRatio: 2.2, platform: ANDROID, platformName: Android, platformVersion: 11, statBarHeight: 100, systemPort: 8298, takesScreenshot: true, udid: aeebca410407, viewportRect: {height: 2036, left: 0, top: 100, width: 1080}, warnings: {}, webStorageEnabled: false}
Session ID: 31949ba7-45ce-44bc-aeff-fdd414e1a41a
	at org.openqa.selenium.remote.http.W3CHttpResponseCodec.createException(W3CHttpResponseCodec.java:187)
	at org.openqa.selenium.remote.http.W3CHttpResponseCodec.decode(W3CHttpResponseCodec.java:122)
	at org.openqa.selenium.remote.http.W3CHttpResponseCodec.decode(W3CHttpResponseCodec.java:49)
	at org.openqa.selenium.remote.HttpCommandExecutor.execute(HttpCommandExecutor.java:158)
	at io.appium.java_client.remote.AppiumCommandExecutor.execute(AppiumCommandExecutor.java:239)
	at org.openqa.selenium.remote.RemoteWebDriver.execute(RemoteWebDriver.java:552)
	at io.appium.java_client.DefaultGenericMobileDriver.execute(DefaultGenericMobileDriver.java:42)
	at io.appium.java_client.AppiumDriver.execute(AppiumDriver.java:1)
	at io.appium.java_client.android.AndroidDriver.execute(AndroidDriver.java:1)
	at com.kms.katalon.core.appium.driver.SwipeableAndroidDriver.execute(SwipeableAndroidDriver.java:1)
	at org.openqa.selenium.remote.RemoteWebElement.execute(RemoteWebElement.java:285)
	at io.appium.java_client.DefaultGenericMobileElement.execute(DefaultGenericMobileElement.java:45)
	at io.appium.java_client.MobileElement.execute(MobileElement.java:1)
	at io.appium.java_client.android.AndroidElement.execute(AndroidElement.java:1)
	at org.openqa.selenium.remote.RemoteWebElement.sendKeys(RemoteWebElement.java:106)
	at com.kms.katalon.core.mobile.keyword.builtin.SetTextKeyword$_setText_closure1.doCall(SetTextKeyword.groovy:80)
	at com.kms.katalon.core.mobile.keyword.builtin.SetTextKeyword$_setText_closure1.call(SetTextKeyword.groovy)
	at com.kms.katalon.core.mobile.keyword.internal.MobileKeywordMain.runKeyword(MobileKeywordMain.groovy:21)
	at com.kms.katalon.core.mobile.keyword.builtin.SetTextKeyword.setText(SetTextKeyword.groovy:83)
	at com.kms.katalon.core.mobile.keyword.builtin.SetTextKeyword.execute(SetTextKeyword.groovy:66)
	at com.kms.katalon.core.keyword.internal.KeywordExecutor.executeKeywordForPlatform(KeywordExecutor.groovy:74)
	at com.kms.katalon.core.mobile.keyword.MobileBuiltInKeywords.setText(MobileBuiltInKeywords.groovy:1270)
	at com.kms.katalon.core.mobile.keyword.MobileBuiltInKeywords$setText$5.call(Unknown Source)
	at Register.run(Register:32)
	at com.kms.katalon.core.main.ScriptEngine.run(ScriptEngine.java:194)
	at com.kms.katalon.core.main.ScriptEngine.runScriptAsRawText(ScriptEngine.java:119)
	at com.kms.katalon.core.main.TestCaseExecutor.runScript(TestCaseExecutor.java:442)
	at com.kms.katalon.core.main.TestCaseExecutor.doExecute(TestCaseExecutor.java:433)
	at com.kms.katalon.core.main.TestCaseExecutor.processExecutionPhase(TestCaseExecutor.java:412)
	at com.kms.katalon.core.main.TestCaseExecutor.accessMainPhase(TestCaseExecutor.java:404)
	at com.kms.katalon.core.main.TestCaseExecutor.execute(TestCaseExecutor.java:281)
	at com.kms.katalon.core.main.TestSuiteExecutor.accessTestCaseMainPhase(TestSuiteExecutor.java:202)
	at com.kms.katalon.core.main.TestSuiteExecutor.accessTestSuiteMainPhase(TestSuiteExecutor.java:164)
	at com.kms.katalon.core.main.TestSuiteExecutor.execute(TestSuiteExecutor.java:105)
	at com.kms.katalon.core.main.TestCaseMain.startTestSuite(TestCaseMain.java:185)
	at com.kms.katalon.core.main.TestCaseMain$startTestSuite$0.call(Unknown Source)
	at TempTestSuite1652761376419.run(TempTestSuite1652761376419.groovy:36)
)

2022-05-17 11:26:48 - [MESSAGE][WARNING] - Timeout '0' is invalid. Using default page load timeout: '30'

2022-05-17 11:26:51 - [MESSAGE][FAILED] - Failed to set text into element (Root cause: org.openqa.selenium.StaleElementReferenceException: androidx.test.uiautomator.StaleObjectException
For documentation on this error, please visit: https://www.seleniumhq.org/exceptions/stale_element_reference.html
Build info: version: '3.141.59', revision: 'e82be7d358', time: '2018-11-14T08:25:53'
System info: host: 'SALSABILA', ip: '192.168.200.173', os.name: 'Windows 10', os.arch: 'amd64', os.version: '10.0', java.version: '1.8.0_282'
Driver info: com.kms.katalon.core.appium.driver.SwipeableAndroidDriver
Capabilities {appActivity: .Settings, appPackage: com.android.settings, autoGrantPermissions: true, automationName: uiautomator2, chromedriverPort: 50696, databaseEnabled: false, desired: {appActivity: .Settings, appPackage: com.android.settings, autoGrantPermissions: true, automationName: uiautomator2, chromedriverPort: 50696, deviceName: Xiaomi M2003J15SC (Android 11), newCommandTimeout: 1800, platform: ANDROID, platformName: android, platformVersion: 11, systemPort: 8298, udid: aeebca410407}, deviceApiLevel: 30, deviceManufacturer: Xiaomi, deviceModel: M2003J15SC, deviceName: aeebca410407, deviceScreenDensity: 352, deviceScreenSize: 1080x2340, deviceUDID: aeebca410407, javascriptEnabled: true, locationContextEnabled: false, networkConnectionEnabled: true, newCommandTimeout: 1800, pixelRatio: 2.2, platform: ANDROID, platformName: Android, platformVersion: 11, statBarHeight: 100, systemPort: 8298, takesScreenshot: true, udid: aeebca410407, viewportRect: {height: 2036, left: 0, top: 100, width: 1080}, warnings: {}, webStorageEnabled: false}
Session ID: 31949ba7-45ce-44bc-aeff-fdd414e1a41a
	at org.openqa.selenium.remote.http.W3CHttpResponseCodec.createException(W3CHttpResponseCodec.java:187)
	at org.openqa.selenium.remote.http.W3CHttpResponseCodec.decode(W3CHttpResponseCodec.java:122)
	at org.openqa.selenium.remote.http.W3CHttpResponseCodec.decode(W3CHttpResponseCodec.java:49)
	at org.openqa.selenium.remote.HttpCommandExecutor.execute(HttpCommandExecutor.java:158)
	at io.appium.java_client.remote.AppiumCommandExecutor.execute(AppiumCommandExecutor.java:239)
	at org.openqa.selenium.remote.RemoteWebDriver.execute(RemoteWebDriver.java:552)
	at io.appium.java_client.DefaultGenericMobileDriver.execute(DefaultGenericMobileDriver.java:42)
	at io.appium.java_client.AppiumDriver.execute(AppiumDriver.java:1)
	at io.appium.java_client.android.AndroidDriver.execute(AndroidDriver.java:1)
	at com.kms.katalon.core.appium.driver.SwipeableAndroidDriver.execute(SwipeableAndroidDriver.java:1)
	at org.openqa.selenium.remote.RemoteWebElement.execute(RemoteWebElement.java:285)
	at io.appium.java_client.DefaultGenericMobileElement.execute(DefaultGenericMobileElement.java:45)
	at io.appium.java_client.MobileElement.execute(MobileElement.java:1)
	at io.appium.java_client.android.AndroidElement.execute(AndroidElement.java:1)
	at org.openqa.selenium.remote.RemoteWebElement.sendKeys(RemoteWebElement.java:106)
	at com.kms.katalon.core.mobile.keyword.builtin.SetTextKeyword$_setText_closure1.doCall(SetTextKeyword.groovy:80)
	at com.kms.katalon.core.mobile.keyword.builtin.SetTextKeyword$_setText_closure1.call(SetTextKeyword.groovy)
	at com.kms.katalon.core.mobile.keyword.internal.MobileKeywordMain.runKeyword(MobileKeywordMain.groovy:21)
	at com.kms.katalon.core.mobile.keyword.builtin.SetTextKeyword.setText(SetTextKeyword.groovy:83)
	at com.kms.katalon.core.mobile.keyword.builtin.SetTextKeyword.execute(SetTextKeyword.groovy:66)
	at com.kms.katalon.core.keyword.internal.KeywordExecutor.executeKeywordForPlatform(KeywordExecutor.groovy:74)
	at com.kms.katalon.core.mobile.keyword.MobileBuiltInKeywords.setText(MobileBuiltInKeywords.groovy:1270)
	at com.kms.katalon.core.mobile.keyword.MobileBuiltInKeywords$setText$5.call(Unknown Source)
	at Register.run(Register:32)
	at com.kms.katalon.core.main.ScriptEngine.run(ScriptEngine.java:194)
	at com.kms.katalon.core.main.ScriptEngine.runScriptAsRawText(ScriptEngine.java:119)
	at com.kms.katalon.core.main.TestCaseExecutor.runScript(TestCaseExecutor.java:442)
	at com.kms.katalon.core.main.TestCaseExecutor.doExecute(TestCaseExecutor.java:433)
	at com.kms.katalon.core.main.TestCaseExecutor.processExecutionPhase(TestCaseExecutor.java:412)
	at com.kms.katalon.core.main.TestCaseExecutor.accessMainPhase(TestCaseExecutor.java:404)
	at com.kms.katalon.core.main.TestCaseExecutor.execute(TestCaseExecutor.java:281)
	at com.kms.katalon.core.main.TestSuiteExecutor.accessTestCaseMainPhase(TestSuiteExecutor.java:202)
	at com.kms.katalon.core.main.TestSuiteExecutor.accessTestSuiteMainPhase(TestSuiteExecutor.java:164)
	at com.kms.katalon.core.main.TestSuiteExecutor.execute(TestSuiteExecutor.java:105)
	at com.kms.katalon.core.main.TestCaseMain.startTestSuite(TestCaseMain.java:185)
	at com.kms.katalon.core.main.TestCaseMain$startTestSuite$0.call(Unknown Source)
	at TempTestSuite1652761376419.run(TempTestSuite1652761376419.groovy:36)
)
[[ATTACHMENT|F:\\1. UNNES\\6. Semester 6\\2 - MSIB\\final-project-qe-alta4\\final-project-qe-alta\\Reports\\20220517_112256\\MOBILE\\MOBILE\\20220517_112256\\1652761610350.png]]

2022-05-17 11:26:51 - [TEST_STEP][FAILED] - tap(findTestObject("MOBILE/Auth/Register/android.widget.EditText - Email"), 0): Object Object Repository/MOBILE/Auth/Register/android.widget.EditText - Email not found

2022-05-17 11:26:51 - [MESSAGE][WARNING] - Timeout '0' is invalid. Using default page load timeout: '30'

2022-05-17 11:27:22 - [MESSAGE][FAILED] - Object Object Repository/MOBILE/Auth/Register/android.widget.EditText - Email not found
[[ATTACHMENT|F:\\1. UNNES\\6. Semester 6\\2 - MSIB\\final-project-qe-alta4\\final-project-qe-alta\\Reports\\20220517_112256\\MOBILE\\MOBILE\\20220517_112256\\1652761641424.png]]

2022-05-17 11:27:22 - [TEST_STEP][FAILED] - if (findTestData("WEB/Register").getValue(2, i) != ""): Object Object Repository/MOBILE/Auth/Register/android.widget.EditText - Email not found

2022-05-17 11:27:22 - [TEST_STEP][FAILED] - setText(findTestObject("MOBILE/Auth/Register/android.widget.EditText - Email"), findTestData("WEB/Register").getValue(2, i), 0): Object Object Repository/MOBILE/Auth/Register/android.widget.EditText - Email not found

2022-05-17 11:27:22 - [MESSAGE][WARNING] - Timeout '0' is invalid. Using default page load timeout: '30'

2022-05-17 11:27:53 - [MESSAGE][FAILED] - Object Object Repository/MOBILE/Auth/Register/android.widget.EditText - Email not found
[[ATTACHMENT|F:\\1. UNNES\\6. Semester 6\\2 - MSIB\\final-project-qe-alta4\\final-project-qe-alta\\Reports\\20220517_112256\\MOBILE\\MOBILE\\20220517_112256\\1652761672484.png]]

2022-05-17 11:27:53 - [TEST_STEP][FAILED] - tap(findTestObject("MOBILE/Auth/Register/android.widget.EditText - Password"), 0): Object Object Repository/MOBILE/Auth/Register/android.widget.EditText - Password not found

2022-05-17 11:27:53 - [MESSAGE][WARNING] - Timeout '0' is invalid. Using default page load timeout: '30'

2022-05-17 11:28:24 - [MESSAGE][FAILED] - Object Object Repository/MOBILE/Auth/Register/android.widget.EditText - Password not found
[[ATTACHMENT|F:\\1. UNNES\\6. Semester 6\\2 - MSIB\\final-project-qe-alta4\\final-project-qe-alta\\Reports\\20220517_112256\\MOBILE\\MOBILE\\20220517_112256\\1652761703774.png]]

2022-05-17 11:28:24 - [TEST_STEP][FAILED] - if (findTestData("WEB/Register").getValue(3, i) != ""): Object Object Repository/MOBILE/Auth/Register/android.widget.EditText - Password not found

2022-05-17 11:28:24 - [TEST_STEP][FAILED] - setText(findTestObject("MOBILE/Auth/Register/android.widget.EditText - Password"), findTestData("WEB/Register").getValue(3, i), 0): Object Object Repository/MOBILE/Auth/Register/android.widget.EditText - Password not found

2022-05-17 11:28:24 - [MESSAGE][WARNING] - Timeout '0' is invalid. Using default page load timeout: '30'

2022-05-17 11:28:55 - [MESSAGE][FAILED] - Object Object Repository/MOBILE/Auth/Register/android.widget.EditText - Password not found
[[ATTACHMENT|F:\\1. UNNES\\6. Semester 6\\2 - MSIB\\final-project-qe-alta4\\final-project-qe-alta\\Reports\\20220517_112256\\MOBILE\\MOBILE\\20220517_112256\\1652761734904.png]]

2022-05-17 11:28:55 - [TEST_STEP][PASSED] - pressBack(): Press back button successfully

2022-05-17 11:28:56 - [MESSAGE][PASSED] - Press back button successfully

2022-05-17 11:28:56 - [TEST_STEP][FAILED] - tap(findTestObject("MOBILE/Auth/Register/android.widget.Button - Register button"), 1): Object Object Repository/MOBILE/Auth/Register/android.widget.Button - Register button not found

2022-05-17 11:28:57 - [MESSAGE][FAILED] - Object Object Repository/MOBILE/Auth/Register/android.widget.Button - Register button not found
[[ATTACHMENT|F:\\1. UNNES\\6. Semester 6\\2 - MSIB\\final-project-qe-alta4\\final-project-qe-alta\\Reports\\20220517_112256\\MOBILE\\MOBILE\\20220517_112256\\1652761737074.png]]

2022-05-17 11:28:57 - [TEST_STEP][PASSED] - if (findTestData("WEB/Register").getValue(4, i) == "negative"): null

2022-05-17 11:28:57 - [TEST_STEP][FAILED] - else: Element 'Object Repository/MOBILE/Auth/Register/android.widget.Button - Login 2' not found

2022-05-17 11:28:57 - [TEST_STEP][FAILED] - verifyElementVisible(findTestObject("MOBILE/Auth/Register/android.widget.Button - Login 2"), 5, CONTINUE_ON_FAILURE): Element 'Object Repository/MOBILE/Auth/Register/android.widget.Button - Login 2' not found

2022-05-17 11:29:04 - [MESSAGE][FAILED] - Element 'Object Repository/MOBILE/Auth/Register/android.widget.Button - Login 2' not found
[[ATTACHMENT|F:\\1. UNNES\\6. Semester 6\\2 - MSIB\\final-project-qe-alta4\\final-project-qe-alta\\Reports\\20220517_112256\\MOBILE\\MOBILE\\20220517_112256\\1652761744067.png]]

2022-05-17 11:29:04 - [TEST_STEP][PASSED] - pressBack(): Press back button successfully

2022-05-17 11:29:05 - [MESSAGE][PASSED] - Press back button successfully

2022-05-17 11:29:05 - [TEST_STEP][PASSED] - closeApplication(): Close app successfully

2022-05-17 11:29:05 - [MESSAGE][PASSED] - Close app successfully]]></system-out>
         <system-err><![CDATA[2022-05-17 11:23:02 - [TEST_CASE][FAILED] - Test Cases/MOBILE/Auth/Register: Test Cases/MOBILE/Auth/Register FAILED.
Reason:
com.kms.katalon.core.exception.StepFailedException: Failed to set text into element (Root cause: org.openqa.selenium.StaleElementReferenceException: androidx.test.uiautomator.StaleObjectException
For documentation on this error, please visit: https://www.seleniumhq.org/exceptions/stale_element_reference.html
Build info: version: '3.141.59', revision: 'e82be7d358', time: '2018-11-14T08:25:53'
System info: host: 'SALSABILA', ip: '192.168.200.173', os.name: 'Windows 10', os.arch: 'amd64', os.version: '10.0', java.version: '1.8.0_282'
Driver info: com.kms.katalon.core.appium.driver.SwipeableAndroidDriver
Capabilities {appActivity: .Settings, appPackage: com.android.settings, autoGrantPermissions: true, automationName: uiautomator2, chromedriverPort: 50696, databaseEnabled: false, desired: {appActivity: .Settings, appPackage: com.android.settings, autoGrantPermissions: true, automationName: uiautomator2, chromedriverPort: 50696, deviceName: Xiaomi M2003J15SC (Android 11), newCommandTimeout: 1800, platform: ANDROID, platformName: android, platformVersion: 11, systemPort: 8298, udid: aeebca410407}, deviceApiLevel: 30, deviceManufacturer: Xiaomi, deviceModel: M2003J15SC, deviceName: aeebca410407, deviceScreenDensity: 352, deviceScreenSize: 1080x2340, deviceUDID: aeebca410407, javascriptEnabled: true, locationContextEnabled: false, networkConnectionEnabled: true, newCommandTimeout: 1800, pixelRatio: 2.2, platform: ANDROID, platformName: Android, platformVersion: 11, statBarHeight: 100, systemPort: 8298, takesScreenshot: true, udid: aeebca410407, viewportRect: {height: 2036, left: 0, top: 100, width: 1080}, warnings: {}, webStorageEnabled: false}
Session ID: 31949ba7-45ce-44bc-aeff-fdd414e1a41a
	at org.openqa.selenium.remote.http.W3CHttpResponseCodec.createException(W3CHttpResponseCodec.java:187)
	at org.openqa.selenium.remote.http.W3CHttpResponseCodec.decode(W3CHttpResponseCodec.java:122)
	at org.openqa.selenium.remote.http.W3CHttpResponseCodec.decode(W3CHttpResponseCodec.java:49)
	at org.openqa.selenium.remote.HttpCommandExecutor.execute(HttpCommandExecutor.java:158)
	at io.appium.java_client.remote.AppiumCommandExecutor.execute(AppiumCommandExecutor.java:239)
	at org.openqa.selenium.remote.RemoteWebDriver.execute(RemoteWebDriver.java:552)
	at io.appium.java_client.DefaultGenericMobileDriver.execute(DefaultGenericMobileDriver.java:42)
	at io.appium.java_client.AppiumDriver.execute(AppiumDriver.java:1)
	at io.appium.java_client.android.AndroidDriver.execute(AndroidDriver.java:1)
	at com.kms.katalon.core.appium.driver.SwipeableAndroidDriver.execute(SwipeableAndroidDriver.java:1)
	at org.openqa.selenium.remote.RemoteWebElement.execute(RemoteWebElement.java:285)
	at io.appium.java_client.DefaultGenericMobileElement.execute(DefaultGenericMobileElement.java:45)
	at io.appium.java_client.MobileElement.execute(MobileElement.java:1)
	at io.appium.java_client.android.AndroidElement.execute(AndroidElement.java:1)
	at org.openqa.selenium.remote.RemoteWebElement.sendKeys(RemoteWebElement.java:106)
	at com.kms.katalon.core.mobile.keyword.builtin.SetTextKeyword$_setText_closure1.doCall(SetTextKeyword.groovy:80)
	at com.kms.katalon.core.mobile.keyword.builtin.SetTextKeyword$_setText_closure1.call(SetTextKeyword.groovy)
	at com.kms.katalon.core.mobile.keyword.internal.MobileKeywordMain.runKeyword(MobileKeywordMain.groovy:21)
	at com.kms.katalon.core.mobile.keyword.builtin.SetTextKeyword.setText(SetTextKeyword.groovy:83)
	at com.kms.katalon.core.mobile.keyword.builtin.SetTextKeyword.execute(SetTextKeyword.groovy:66)
	at com.kms.katalon.core.keyword.internal.KeywordExecutor.executeKeywordForPlatform(KeywordExecutor.groovy:74)
	at com.kms.katalon.core.mobile.keyword.MobileBuiltInKeywords.setText(MobileBuiltInKeywords.groovy:1270)
	at com.kms.katalon.core.mobile.keyword.MobileBuiltInKeywords$setText$5.call(Unknown Source)
	at Register.run(Register:32)
	at com.kms.katalon.core.main.ScriptEngine.run(ScriptEngine.java:194)
	at com.kms.katalon.core.main.ScriptEngine.runScriptAsRawText(ScriptEngine.java:119)
	at com.kms.katalon.core.main.TestCaseExecutor.runScript(TestCaseExecutor.java:442)
	at com.kms.katalon.core.main.TestCaseExecutor.doExecute(TestCaseExecutor.java:433)
	at com.kms.katalon.core.main.TestCaseExecutor.processExecutionPhase(TestCaseExecutor.java:412)
	at com.kms.katalon.core.main.TestCaseExecutor.accessMainPhase(TestCaseExecutor.java:404)
	at com.kms.katalon.core.main.TestCaseExecutor.execute(TestCaseExecutor.java:281)
	at com.kms.katalon.core.main.TestSuiteExecutor.accessTestCaseMainPhase(TestSuiteExecutor.java:202)
	at com.kms.katalon.core.main.TestSuiteExecutor.accessTestSuiteMainPhase(TestSuiteExecutor.java:164)
	at com.kms.katalon.core.main.TestSuiteExecutor.execute(TestSuiteExecutor.java:105)
	at com.kms.katalon.core.main.TestCaseMain.startTestSuite(TestCaseMain.java:185)
	at com.kms.katalon.core.main.TestCaseMain$startTestSuite$0.call(Unknown Source)
	at TempTestSuite1652761376419.run(TempTestSuite1652761376419.groovy:36)
)
	at com.kms.katalon.core.keyword.internal.KeywordMain.stepFailed(KeywordMain.groovy:39)
	at com.kms.katalon.core.mobile.keyword.internal.MobileKeywordMain.stepFailed(MobileKeywordMain.groovy:40)
	at com.kms.katalon.core.mobile.keyword.internal.MobileKeywordMain.runKeyword(MobileKeywordMain.groovy:23)
	at com.kms.katalon.core.mobile.keyword.builtin.SetTextKeyword.setText(SetTextKeyword.groovy:83)
	at com.kms.katalon.core.mobile.keyword.builtin.SetTextKeyword.execute(SetTextKeyword.groovy:66)
	at com.kms.katalon.core.keyword.internal.KeywordExecutor.executeKeywordForPlatform(KeywordExecutor.groovy:74)
	at com.kms.katalon.core.mobile.keyword.MobileBuiltInKeywords.setText(MobileBuiltInKeywords.groovy:1270)
	at com.kms.katalon.core.mobile.keyword.MobileBuiltInKeywords$setText$5.call(Unknown Source)
	at Register.run(Register:32)
	at com.kms.katalon.core.main.ScriptEngine.run(ScriptEngine.java:194)
	at com.kms.katalon.core.main.ScriptEngine.runScriptAsRawText(ScriptEngine.java:119)
	at com.kms.katalon.core.main.TestCaseExecutor.runScript(TestCaseExecutor.java:442)
	at com.kms.katalon.core.main.TestCaseExecutor.doExecute(TestCaseExecutor.java:433)
	at com.kms.katalon.core.main.TestCaseExecutor.processExecutionPhase(TestCaseExecutor.java:412)
	at com.kms.katalon.core.main.TestCaseExecutor.accessMainPhase(TestCaseExecutor.java:404)
	at com.kms.katalon.core.main.TestCaseExecutor.execute(TestCaseExecutor.java:281)
	at com.kms.katalon.core.main.TestSuiteExecutor.accessTestCaseMainPhase(TestSuiteExecutor.java:202)
	at com.kms.katalon.core.main.TestSuiteExecutor.accessTestSuiteMainPhase(TestSuiteExecutor.java:164)
	at com.kms.katalon.core.main.TestSuiteExecutor.execute(TestSuiteExecutor.java:105)
	at com.kms.katalon.core.main.TestCaseMain.startTestSuite(TestCaseMain.java:185)
	at com.kms.katalon.core.main.TestCaseMain$startTestSuite$0.call(Unknown Source)
	at TempTestSuite1652761376419.run(TempTestSuite1652761376419.groovy:36)
Caused by: org.openqa.selenium.StaleElementReferenceException: androidx.test.uiautomator.StaleObjectException
For documentation on this error, please visit: https://www.seleniumhq.org/exceptions/stale_element_reference.html
Build info: version: '3.141.59', revision: 'e82be7d358', time: '2018-11-14T08:25:53'
System info: host: 'SALSABILA', ip: '192.168.200.173', os.name: 'Windows 10', os.arch: 'amd64', os.version: '10.0', java.version: '1.8.0_282'
Driver info: com.kms.katalon.core.appium.driver.SwipeableAndroidDriver
Capabilities {appActivity: .Settings, appPackage: com.android.settings, autoGrantPermissions: true, automationName: uiautomator2, chromedriverPort: 50696, databaseEnabled: false, desired: {appActivity: .Settings, appPackage: com.android.settings, autoGrantPermissions: true, automationName: uiautomator2, chromedriverPort: 50696, deviceName: Xiaomi M2003J15SC (Android 11), newCommandTimeout: 1800, platform: ANDROID, platformName: android, platformVersion: 11, systemPort: 8298, udid: aeebca410407}, deviceApiLevel: 30, deviceManufacturer: Xiaomi, deviceModel: M2003J15SC, deviceName: aeebca410407, deviceScreenDensity: 352, deviceScreenSize: 1080x2340, deviceUDID: aeebca410407, javascriptEnabled: true, locationContextEnabled: false, networkConnectionEnabled: true, newCommandTimeout: 1800, pixelRatio: 2.2, platform: ANDROID, platformName: Android, platformVersion: 11, statBarHeight: 100, systemPort: 8298, takesScreenshot: true, udid: aeebca410407, viewportRect: {height: 2036, left: 0, top: 100, width: 1080}, warnings: {}, webStorageEnabled: false}
Session ID: 31949ba7-45ce-44bc-aeff-fdd414e1a41a
	at org.openqa.selenium.remote.http.W3CHttpResponseCodec.createException(W3CHttpResponseCodec.java:187)
	at org.openqa.selenium.remote.http.W3CHttpResponseCodec.decode(W3CHttpResponseCodec.java:122)
	at org.openqa.selenium.remote.http.W3CHttpResponseCodec.decode(W3CHttpResponseCodec.java:49)
	at org.openqa.selenium.remote.HttpCommandExecutor.execute(HttpCommandExecutor.java:158)
	at io.appium.java_client.remote.AppiumCommandExecutor.execute(AppiumCommandExecutor.java:239)
	at org.openqa.selenium.remote.RemoteWebDriver.execute(RemoteWebDriver.java:552)
	at io.appium.java_client.DefaultGenericMobileDriver.execute(DefaultGenericMobileDriver.java:42)
	at io.appium.java_client.AppiumDriver.execute(AppiumDriver.java:1)
	at io.appium.java_client.android.AndroidDriver.execute(AndroidDriver.java:1)
	at com.kms.katalon.core.appium.driver.SwipeableAndroidDriver.execute(SwipeableAndroidDriver.java:1)
	at org.openqa.selenium.remote.RemoteWebElement.execute(RemoteWebElement.java:285)
	at io.appium.java_client.DefaultGenericMobileElement.execute(DefaultGenericMobileElement.java:45)
	at io.appium.java_client.MobileElement.execute(MobileElement.java:1)
	at io.appium.java_client.android.AndroidElement.execute(AndroidElement.java:1)
	at org.openqa.selenium.remote.RemoteWebElement.sendKeys(RemoteWebElement.java:106)
	at com.kms.katalon.core.mobile.keyword.builtin.SetTextKeyword$_setText_closure1.doCall(SetTextKeyword.groovy:80)
	at com.kms.katalon.core.mobile.keyword.builtin.SetTextKeyword$_setText_closure1.call(SetTextKeyword.groovy)
	at com.kms.katalon.core.mobile.keyword.internal.MobileKeywordMain.runKeyword(MobileKeywordMain.groovy:21)
	... 19 more]]></system-err>
      </testcase>
      <testcase name="Test Cases/MOBILE/Auth/Login" time="408.578" classname="Test Cases/MOBILE/Auth/Login" status="FAILED">
         <failure type="FAILED" message="Test Cases/MOBILE/Auth/Login FAILED.
Reason:
com.kms.katalon.core.exception.StepFailedException: Object Object Repository/MOBILE/Auth/Login/android.widget.Button - Login not found
	at com.kms.katalon.core.keyword.internal.KeywordMain.stepFailed(KeywordMain.groovy:39)
	at com.kms.katalon.core.mobile.keyword.internal.MobileKeywordMain.stepFailed(MobileKeywordMain.groovy:40)
	at com.kms.katalon.core.mobile.keyword.builtin.TapKeyword$_tap_closure1.doCall(TapKeyword.groovy:79)
	at com.kms.katalon.core.mobile.keyword.builtin.TapKeyword$_tap_closure1.call(TapKeyword.groovy)
	at com.kms.katalon.core.mobile.keyword.internal.MobileKeywordMain.runKeyword(MobileKeywordMain.groovy:21)
	at com.kms.katalon.core.mobile.keyword.builtin.TapKeyword.tap(TapKeyword.groovy:86)
	at com.kms.katalon.core.mobile.keyword.builtin.TapKeyword.execute(TapKeyword.groovy:68)
	at com.kms.katalon.core.keyword.internal.KeywordExecutor.executeKeywordForPlatform(KeywordExecutor.groovy:74)
	at com.kms.katalon.core.mobile.keyword.MobileBuiltInKeywords.tap(MobileBuiltInKeywords.groovy:1355)
	at com.kms.katalon.core.mobile.keyword.MobileBuiltInKeywords$tap$0.call(Unknown Source)
	at Login.run(Login:25)
	at com.kms.katalon.core.main.ScriptEngine.run(ScriptEngine.java:194)
	at com.kms.katalon.core.main.ScriptEngine.runScriptAsRawText(ScriptEngine.java:119)
	at com.kms.katalon.core.main.TestCaseExecutor.runScript(TestCaseExecutor.java:442)
	at com.kms.katalon.core.main.TestCaseExecutor.doExecute(TestCaseExecutor.java:433)
	at com.kms.katalon.core.main.TestCaseExecutor.processExecutionPhase(TestCaseExecutor.java:412)
	at com.kms.katalon.core.main.TestCaseExecutor.accessMainPhase(TestCaseExecutor.java:404)
	at com.kms.katalon.core.main.TestCaseExecutor.execute(TestCaseExecutor.java:281)
	at com.kms.katalon.core.main.TestSuiteExecutor.accessTestCaseMainPhase(TestSuiteExecutor.java:202)
	at com.kms.katalon.core.main.TestSuiteExecutor.accessTestSuiteMainPhase(TestSuiteExecutor.java:164)
	at com.kms.katalon.core.main.TestSuiteExecutor.execute(TestSuiteExecutor.java:105)
	at com.kms.katalon.core.main.TestCaseMain.startTestSuite(TestCaseMain.java:185)
	at com.kms.katalon.core.main.TestCaseMain$startTestSuite$0.call(Unknown Source)
	at TempTestSuite1652761376419.run(TempTestSuite1652761376419.groovy:36)
"/>
         <system-out><![CDATA[2022-05-17 11:29:05 - [TEST_CASE][FAILED] - Test Cases/MOBILE/Auth/Login: Test Cases/MOBILE/Auth/Login FAILED.
Reason:
com.kms.katalon.core.exception.StepFailedException: Object Object Repository/MOBILE/Auth/Login/android.widget.Button - Login not found
	at com.kms.katalon.core.keyword.internal.KeywordMain.stepFailed(KeywordMain.groovy:39)
	at com.kms.katalon.core.mobile.keyword.internal.MobileKeywordMain.stepFailed(MobileKeywordMain.groovy:40)
	at com.kms.katalon.core.mobile.keyword.builtin.TapKeyword$_tap_closure1.doCall(TapKeyword.groovy:79)
	at com.kms.katalon.core.mobile.keyword.builtin.TapKeyword$_tap_closure1.call(TapKeyword.groovy)
	at com.kms.katalon.core.mobile.keyword.internal.MobileKeywordMain.runKeyword(MobileKeywordMain.groovy:21)
	at com.kms.katalon.core.mobile.keyword.builtin.TapKeyword.tap(TapKeyword.groovy:86)
	at com.kms.katalon.core.mobile.keyword.builtin.TapKeyword.execute(TapKeyword.groovy:68)
	at com.kms.katalon.core.keyword.internal.KeywordExecutor.executeKeywordForPlatform(KeywordExecutor.groovy:74)
	at com.kms.katalon.core.mobile.keyword.MobileBuiltInKeywords.tap(MobileBuiltInKeywords.groovy:1355)
	at com.kms.katalon.core.mobile.keyword.MobileBuiltInKeywords$tap$0.call(Unknown Source)
	at Login.run(Login:25)
	at com.kms.katalon.core.main.ScriptEngine.run(ScriptEngine.java:194)
	at com.kms.katalon.core.main.ScriptEngine.runScriptAsRawText(ScriptEngine.java:119)
	at com.kms.katalon.core.main.TestCaseExecutor.runScript(TestCaseExecutor.java:442)
	at com.kms.katalon.core.main.TestCaseExecutor.doExecute(TestCaseExecutor.java:433)
	at com.kms.katalon.core.main.TestCaseExecutor.processExecutionPhase(TestCaseExecutor.java:412)
	at com.kms.katalon.core.main.TestCaseExecutor.accessMainPhase(TestCaseExecutor.java:404)
	at com.kms.katalon.core.main.TestCaseExecutor.execute(TestCaseExecutor.java:281)
	at com.kms.katalon.core.main.TestSuiteExecutor.accessTestCaseMainPhase(TestSuiteExecutor.java:202)
	at com.kms.katalon.core.main.TestSuiteExecutor.accessTestSuiteMainPhase(TestSuiteExecutor.java:164)
	at com.kms.katalon.core.main.TestSuiteExecutor.execute(TestSuiteExecutor.java:105)
	at com.kms.katalon.core.main.TestCaseMain.startTestSuite(TestCaseMain.java:185)
	at com.kms.katalon.core.main.TestCaseMain$startTestSuite$0.call(Unknown Source)
	at TempTestSuite1652761376419.run(TempTestSuite1652761376419.groovy:36)


2022-05-17 11:29:06 - [TEST_STEP][FAILED] - for ([i = 1, i <= 7, (i++)]): null

2022-05-17 11:29:06 - [TEST_STEP][PASSED] - startExistingApplication("com.example.frontend_mobile"): Starting app with application ID: 'com.example.frontend_mobile'

2022-05-17 11:29:08 - [MESSAGE][INFO] - Appium server started on port 50,941

2022-05-17 11:29:20 - [MESSAGE][PASSED] - Starting app with application ID: 'com.example.frontend_mobile'

2022-05-17 11:29:20 - [TEST_STEP][PASSED] - delay(5, CONTINUE_ON_FAILURE): Delayed 5 second(s)

2022-05-17 11:29:25 - [MESSAGE][PASSED] - Delayed 5 second(s)

2022-05-17 11:29:25 - [TEST_STEP][PASSED] - tap(findTestObject("MOBILE/Auth/Login/android.widget.Button - Login"), 0): Tapped on element 'Object Repository/MOBILE/Auth/Login/android.widget.Button - Login'

2022-05-17 11:29:25 - [MESSAGE][WARNING] - Timeout '0' is invalid. Using default page load timeout: '30'

2022-05-17 11:29:26 - [MESSAGE][PASSED] - Tapped on element 'Object Repository/MOBILE/Auth/Login/android.widget.Button - Login'

2022-05-17 11:29:26 - [TEST_STEP][PASSED] - tap(findTestObject("MOBILE/Auth/Login/android.widget.EditText - Email"), 0): Tapped on element 'Object Repository/MOBILE/Auth/Login/android.widget.EditText - Email'

2022-05-17 11:29:26 - [MESSAGE][WARNING] - Timeout '0' is invalid. Using default page load timeout: '30'

2022-05-17 11:29:28 - [MESSAGE][PASSED] - Tapped on element 'Object Repository/MOBILE/Auth/Login/android.widget.EditText - Email'

2022-05-17 11:29:28 - [TEST_STEP][PASSED] - setText(findTestObject("MOBILE/Auth/Login/android.widget.EditText - Email"), findTestData("WEB/Login").getValue(1, i), 0): Text '' has been set to element 'Object Repository/MOBILE/Auth/Login/android.widget.EditText - Email'

2022-05-17 11:29:28 - [MESSAGE][WARNING] - Timeout '0' is invalid. Using default page load timeout: '30'

2022-05-17 11:29:29 - [MESSAGE][PASSED] - Text '' has been set to element 'Object Repository/MOBILE/Auth/Login/android.widget.EditText - Email'

2022-05-17 11:29:29 - [TEST_STEP][PASSED] - tap(findTestObject("MOBILE/Auth/Login/android.widget.EditText - Password"), 0): Tapped on element 'Object Repository/MOBILE/Auth/Login/android.widget.EditText - Password'

2022-05-17 11:29:29 - [MESSAGE][WARNING] - Timeout '0' is invalid. Using default page load timeout: '30'

2022-05-17 11:29:30 - [MESSAGE][PASSED] - Tapped on element 'Object Repository/MOBILE/Auth/Login/android.widget.EditText - Password'

2022-05-17 11:29:30 - [TEST_STEP][PASSED] - setText(findTestObject("MOBILE/Auth/Login/android.widget.EditText - Password"), findTestData("WEB/Login").getValue(2, i), 0): Text '' has been set to element 'Object Repository/MOBILE/Auth/Login/android.widget.EditText - Password'

2022-05-17 11:29:30 - [MESSAGE][WARNING] - Timeout '0' is invalid. Using default page load timeout: '30'

2022-05-17 11:29:32 - [MESSAGE][PASSED] - Text '' has been set to element 'Object Repository/MOBILE/Auth/Login/android.widget.EditText - Password'

2022-05-17 11:29:32 - [TEST_STEP][PASSED] - pressBack(): Press back button successfully

2022-05-17 11:29:32 - [MESSAGE][PASSED] - Press back button successfully

2022-05-17 11:29:32 - [TEST_STEP][PASSED] - tap(findTestObject("MOBILE/Auth/Login/android.widget.Button - Login Button"), 0): Tapped on element 'Object Repository/MOBILE/Auth/Login/android.widget.Button - Login Button'

2022-05-17 11:29:32 - [MESSAGE][WARNING] - Timeout '0' is invalid. Using default page load timeout: '30'

2022-05-17 11:29:33 - [MESSAGE][PASSED] - Tapped on element 'Object Repository/MOBILE/Auth/Login/android.widget.Button - Login Button'

2022-05-17 11:29:33 - [TEST_STEP][PASSED] - if (findTestData("WEB/Login").getValue(3, i) == "negative"): Element 'Object Repository/MOBILE/Auth/Login/android.widget.Button - Login Button' is visible

2022-05-17 11:29:33 - [TEST_STEP][PASSED] - verifyElementVisible(findTestObject("MOBILE/Auth/Login/android.widget.Button - Login Button"), 5, CONTINUE_ON_FAILURE): Element 'Object Repository/MOBILE/Auth/Login/android.widget.Button - Login Button' is visible

2022-05-17 11:29:34 - [MESSAGE][PASSED] - Element 'Object Repository/MOBILE/Auth/Login/android.widget.Button - Login Button' is visible

2022-05-17 11:29:34 - [TEST_STEP][PASSED] - pressBack(): Press back button successfully

2022-05-17 11:29:34 - [MESSAGE][PASSED] - Press back button successfully

2022-05-17 11:29:34 - [TEST_STEP][PASSED] - closeApplication(): Close app successfully

2022-05-17 11:29:35 - [MESSAGE][PASSED] - Close app successfully

2022-05-17 11:29:35 - [TEST_STEP][PASSED] - startExistingApplication("com.example.frontend_mobile"): Starting app with application ID: 'com.example.frontend_mobile'

2022-05-17 11:29:37 - [MESSAGE][INFO] - Appium server started on port 51,139

2022-05-17 11:29:49 - [MESSAGE][PASSED] - Starting app with application ID: 'com.example.frontend_mobile'

2022-05-17 11:29:49 - [TEST_STEP][PASSED] - delay(5, CONTINUE_ON_FAILURE): Delayed 5 second(s)

2022-05-17 11:29:54 - [MESSAGE][PASSED] - Delayed 5 second(s)

2022-05-17 11:29:54 - [TEST_STEP][PASSED] - tap(findTestObject("MOBILE/Auth/Login/android.widget.Button - Login"), 0): Tapped on element 'Object Repository/MOBILE/Auth/Login/android.widget.Button - Login'

2022-05-17 11:29:54 - [MESSAGE][WARNING] - Timeout '0' is invalid. Using default page load timeout: '30'

2022-05-17 11:29:55 - [MESSAGE][PASSED] - Tapped on element 'Object Repository/MOBILE/Auth/Login/android.widget.Button - Login'

2022-05-17 11:29:55 - [TEST_STEP][PASSED] - tap(findTestObject("MOBILE/Auth/Login/android.widget.EditText - Email"), 0): Tapped on element 'Object Repository/MOBILE/Auth/Login/android.widget.EditText - Email'

2022-05-17 11:29:55 - [MESSAGE][WARNING] - Timeout '0' is invalid. Using default page load timeout: '30'

2022-05-17 11:29:56 - [MESSAGE][PASSED] - Tapped on element 'Object Repository/MOBILE/Auth/Login/android.widget.EditText - Email'

2022-05-17 11:29:56 - [TEST_STEP][PASSED] - setText(findTestObject("MOBILE/Auth/Login/android.widget.EditText - Email"), findTestData("WEB/Login").getValue(1, i), 0): Text '' has been set to element 'Object Repository/MOBILE/Auth/Login/android.widget.EditText - Email'

2022-05-17 11:29:56 - [MESSAGE][WARNING] - Timeout '0' is invalid. Using default page load timeout: '30'

2022-05-17 11:29:57 - [MESSAGE][PASSED] - Text '' has been set to element 'Object Repository/MOBILE/Auth/Login/android.widget.EditText - Email'

2022-05-17 11:29:57 - [TEST_STEP][PASSED] - tap(findTestObject("MOBILE/Auth/Login/android.widget.EditText - Password"), 0): Tapped on element 'Object Repository/MOBILE/Auth/Login/android.widget.EditText - Password'

2022-05-17 11:29:57 - [MESSAGE][WARNING] - Timeout '0' is invalid. Using default page load timeout: '30'

2022-05-17 11:29:58 - [MESSAGE][PASSED] - Tapped on element 'Object Repository/MOBILE/Auth/Login/android.widget.EditText - Password'

2022-05-17 11:29:58 - [TEST_STEP][PASSED] - setText(findTestObject("MOBILE/Auth/Login/android.widget.EditText - Password"), findTestData("WEB/Login").getValue(2, i), 0): Text 'salsabila' has been set to element 'Object Repository/MOBILE/Auth/Login/android.widget.EditText - Password'

2022-05-17 11:29:58 - [MESSAGE][WARNING] - Timeout '0' is invalid. Using default page load timeout: '30'

2022-05-17 11:29:59 - [MESSAGE][PASSED] - Text 'salsabila' has been set to element 'Object Repository/MOBILE/Auth/Login/android.widget.EditText - Password'

2022-05-17 11:29:59 - [TEST_STEP][PASSED] - pressBack(): Press back button successfully

2022-05-17 11:30:00 - [MESSAGE][PASSED] - Press back button successfully

2022-05-17 11:30:00 - [TEST_STEP][PASSED] - tap(findTestObject("MOBILE/Auth/Login/android.widget.Button - Login Button"), 0): Tapped on element 'Object Repository/MOBILE/Auth/Login/android.widget.Button - Login Button'

2022-05-17 11:30:00 - [MESSAGE][WARNING] - Timeout '0' is invalid. Using default page load timeout: '30'

2022-05-17 11:30:02 - [MESSAGE][PASSED] - Tapped on element 'Object Repository/MOBILE/Auth/Login/android.widget.Button - Login Button'

2022-05-17 11:30:02 - [TEST_STEP][PASSED] - if (findTestData("WEB/Login").getValue(3, i) == "negative"): Element 'Object Repository/MOBILE/Auth/Login/android.widget.Button - Login Button' is visible

2022-05-17 11:30:03 - [TEST_STEP][PASSED] - verifyElementVisible(findTestObject("MOBILE/Auth/Login/android.widget.Button - Login Button"), 5, CONTINUE_ON_FAILURE): Element 'Object Repository/MOBILE/Auth/Login/android.widget.Button - Login Button' is visible

2022-05-17 11:30:04 - [MESSAGE][PASSED] - Element 'Object Repository/MOBILE/Auth/Login/android.widget.Button - Login Button' is visible

2022-05-17 11:30:04 - [TEST_STEP][PASSED] - pressBack(): Press back button successfully

2022-05-17 11:30:04 - [MESSAGE][PASSED] - Press back button successfully

2022-05-17 11:30:04 - [TEST_STEP][PASSED] - closeApplication(): Close app successfully

2022-05-17 11:30:04 - [MESSAGE][PASSED] - Close app successfully

2022-05-17 11:30:04 - [TEST_STEP][PASSED] - startExistingApplication("com.example.frontend_mobile"): Starting app with application ID: 'com.example.frontend_mobile'

2022-05-17 11:30:06 - [MESSAGE][INFO] - Appium server started on port 51,337

2022-05-17 11:30:17 - [MESSAGE][PASSED] - Starting app with application ID: 'com.example.frontend_mobile'

2022-05-17 11:30:17 - [TEST_STEP][PASSED] - delay(5, CONTINUE_ON_FAILURE): Delayed 5 second(s)

2022-05-17 11:30:22 - [MESSAGE][PASSED] - Delayed 5 second(s)

2022-05-17 11:30:22 - [TEST_STEP][PASSED] - tap(findTestObject("MOBILE/Auth/Login/android.widget.Button - Login"), 0): Tapped on element 'Object Repository/MOBILE/Auth/Login/android.widget.Button - Login'

2022-05-17 11:30:22 - [MESSAGE][WARNING] - Timeout '0' is invalid. Using default page load timeout: '30'

2022-05-17 11:30:27 - [MESSAGE][PASSED] - Tapped on element 'Object Repository/MOBILE/Auth/Login/android.widget.Button - Login'

2022-05-17 11:30:27 - [TEST_STEP][PASSED] - tap(findTestObject("MOBILE/Auth/Login/android.widget.EditText - Email"), 0): Tapped on element 'Object Repository/MOBILE/Auth/Login/android.widget.EditText - Email'

2022-05-17 11:30:27 - [MESSAGE][WARNING] - Timeout '0' is invalid. Using default page load timeout: '30'

2022-05-17 11:30:28 - [MESSAGE][PASSED] - Tapped on element 'Object Repository/MOBILE/Auth/Login/android.widget.EditText - Email'

2022-05-17 11:30:28 - [TEST_STEP][PASSED] - setText(findTestObject("MOBILE/Auth/Login/android.widget.EditText - Email"), findTestData("WEB/Login").getValue(1, i), 0): Text 'salsabila@gmail.com' has been set to element 'Object Repository/MOBILE/Auth/Login/android.widget.EditText - Email'

2022-05-17 11:30:28 - [MESSAGE][WARNING] - Timeout '0' is invalid. Using default page load timeout: '30'

2022-05-17 11:30:29 - [MESSAGE][PASSED] - Text 'salsabila@gmail.com' has been set to element 'Object Repository/MOBILE/Auth/Login/android.widget.EditText - Email'

2022-05-17 11:30:29 - [TEST_STEP][PASSED] - tap(findTestObject("MOBILE/Auth/Login/android.widget.EditText - Password"), 0): Tapped on element 'Object Repository/MOBILE/Auth/Login/android.widget.EditText - Password'

2022-05-17 11:30:29 - [MESSAGE][WARNING] - Timeout '0' is invalid. Using default page load timeout: '30'

2022-05-17 11:30:30 - [MESSAGE][PASSED] - Tapped on element 'Object Repository/MOBILE/Auth/Login/android.widget.EditText - Password'

2022-05-17 11:30:30 - [TEST_STEP][PASSED] - setText(findTestObject("MOBILE/Auth/Login/android.widget.EditText - Password"), findTestData("WEB/Login").getValue(2, i), 0): Text '' has been set to element 'Object Repository/MOBILE/Auth/Login/android.widget.EditText - Password'

2022-05-17 11:30:30 - [MESSAGE][WARNING] - Timeout '0' is invalid. Using default page load timeout: '30'

2022-05-17 11:30:31 - [MESSAGE][PASSED] - Text '' has been set to element 'Object Repository/MOBILE/Auth/Login/android.widget.EditText - Password'

2022-05-17 11:30:31 - [TEST_STEP][PASSED] - pressBack(): Press back button successfully

2022-05-17 11:30:32 - [MESSAGE][PASSED] - Press back button successfully

2022-05-17 11:30:32 - [TEST_STEP][PASSED] - tap(findTestObject("MOBILE/Auth/Login/android.widget.Button - Login Button"), 0): Tapped on element 'Object Repository/MOBILE/Auth/Login/android.widget.Button - Login Button'

2022-05-17 11:30:32 - [MESSAGE][WARNING] - Timeout '0' is invalid. Using default page load timeout: '30'

2022-05-17 11:30:33 - [MESSAGE][PASSED] - Tapped on element 'Object Repository/MOBILE/Auth/Login/android.widget.Button - Login Button'

2022-05-17 11:30:33 - [TEST_STEP][PASSED] - if (findTestData("WEB/Login").getValue(3, i) == "negative"): Element 'Object Repository/MOBILE/Auth/Login/android.widget.Button - Login Button' is visible

2022-05-17 11:30:33 - [TEST_STEP][PASSED] - verifyElementVisible(findTestObject("MOBILE/Auth/Login/android.widget.Button - Login Button"), 5, CONTINUE_ON_FAILURE): Element 'Object Repository/MOBILE/Auth/Login/android.widget.Button - Login Button' is visible

2022-05-17 11:30:34 - [MESSAGE][PASSED] - Element 'Object Repository/MOBILE/Auth/Login/android.widget.Button - Login Button' is visible

2022-05-17 11:30:34 - [TEST_STEP][PASSED] - pressBack(): Press back button successfully

2022-05-17 11:30:35 - [MESSAGE][PASSED] - Press back button successfully

2022-05-17 11:30:35 - [TEST_STEP][PASSED] - closeApplication(): Close app successfully

2022-05-17 11:30:35 - [MESSAGE][PASSED] - Close app successfully

2022-05-17 11:30:35 - [TEST_STEP][PASSED] - startExistingApplication("com.example.frontend_mobile"): Starting app with application ID: 'com.example.frontend_mobile'

2022-05-17 11:30:37 - [MESSAGE][INFO] - Appium server started on port 51,550

2022-05-17 11:30:48 - [MESSAGE][PASSED] - Starting app with application ID: 'com.example.frontend_mobile'

2022-05-17 11:30:48 - [TEST_STEP][PASSED] - delay(5, CONTINUE_ON_FAILURE): Delayed 5 second(s)

2022-05-17 11:30:53 - [MESSAGE][PASSED] - Delayed 5 second(s)

2022-05-17 11:30:53 - [TEST_STEP][PASSED] - tap(findTestObject("MOBILE/Auth/Login/android.widget.Button - Login"), 0): Tapped on element 'Object Repository/MOBILE/Auth/Login/android.widget.Button - Login'

2022-05-17 11:30:53 - [MESSAGE][WARNING] - Timeout '0' is invalid. Using default page load timeout: '30'

2022-05-17 11:30:56 - [MESSAGE][PASSED] - Tapped on element 'Object Repository/MOBILE/Auth/Login/android.widget.Button - Login'

2022-05-17 11:30:56 - [TEST_STEP][PASSED] - tap(findTestObject("MOBILE/Auth/Login/android.widget.EditText - Email"), 0): Tapped on element 'Object Repository/MOBILE/Auth/Login/android.widget.EditText - Email'

2022-05-17 11:30:56 - [MESSAGE][WARNING] - Timeout '0' is invalid. Using default page load timeout: '30'

2022-05-17 11:30:57 - [MESSAGE][PASSED] - Tapped on element 'Object Repository/MOBILE/Auth/Login/android.widget.EditText - Email'

2022-05-17 11:30:57 - [TEST_STEP][PASSED] - setText(findTestObject("MOBILE/Auth/Login/android.widget.EditText - Email"), findTestData("WEB/Login").getValue(1, i), 0): Text 'salsabila@gmail.com' has been set to element 'Object Repository/MOBILE/Auth/Login/android.widget.EditText - Email'

2022-05-17 11:30:57 - [MESSAGE][WARNING] - Timeout '0' is invalid. Using default page load timeout: '30'

2022-05-17 11:30:58 - [MESSAGE][PASSED] - Text 'salsabila@gmail.com' has been set to element 'Object Repository/MOBILE/Auth/Login/android.widget.EditText - Email'

2022-05-17 11:30:58 - [TEST_STEP][PASSED] - tap(findTestObject("MOBILE/Auth/Login/android.widget.EditText - Password"), 0): Tapped on element 'Object Repository/MOBILE/Auth/Login/android.widget.EditText - Password'

2022-05-17 11:30:58 - [MESSAGE][WARNING] - Timeout '0' is invalid. Using default page load timeout: '30'

2022-05-17 11:30:59 - [MESSAGE][PASSED] - Tapped on element 'Object Repository/MOBILE/Auth/Login/android.widget.EditText - Password'

2022-05-17 11:30:59 - [TEST_STEP][PASSED] - setText(findTestObject("MOBILE/Auth/Login/android.widget.EditText - Password"), findTestData("WEB/Login").getValue(2, i), 0): Text 'bila' has been set to element 'Object Repository/MOBILE/Auth/Login/android.widget.EditText - Password'

2022-05-17 11:30:59 - [MESSAGE][WARNING] - Timeout '0' is invalid. Using default page load timeout: '30'

2022-05-17 11:31:00 - [MESSAGE][PASSED] - Text 'bila' has been set to element 'Object Repository/MOBILE/Auth/Login/android.widget.EditText - Password'

2022-05-17 11:31:00 - [TEST_STEP][PASSED] - pressBack(): Press back button successfully

2022-05-17 11:31:01 - [MESSAGE][PASSED] - Press back button successfully

2022-05-17 11:31:01 - [TEST_STEP][PASSED] - tap(findTestObject("MOBILE/Auth/Login/android.widget.Button - Login Button"), 0): Tapped on element 'Object Repository/MOBILE/Auth/Login/android.widget.Button - Login Button'

2022-05-17 11:31:01 - [MESSAGE][WARNING] - Timeout '0' is invalid. Using default page load timeout: '30'

2022-05-17 11:31:02 - [MESSAGE][PASSED] - Tapped on element 'Object Repository/MOBILE/Auth/Login/android.widget.Button - Login Button'

2022-05-17 11:31:02 - [TEST_STEP][PASSED] - if (findTestData("WEB/Login").getValue(3, i) == "negative"): Element 'Object Repository/MOBILE/Auth/Login/android.widget.Button - Login Button' is visible

2022-05-17 11:31:02 - [TEST_STEP][PASSED] - verifyElementVisible(findTestObject("MOBILE/Auth/Login/android.widget.Button - Login Button"), 5, CONTINUE_ON_FAILURE): Element 'Object Repository/MOBILE/Auth/Login/android.widget.Button - Login Button' is visible

2022-05-17 11:31:03 - [MESSAGE][PASSED] - Element 'Object Repository/MOBILE/Auth/Login/android.widget.Button - Login Button' is visible

2022-05-17 11:31:03 - [TEST_STEP][PASSED] - pressBack(): Press back button successfully

2022-05-17 11:31:03 - [MESSAGE][PASSED] - Press back button successfully

2022-05-17 11:31:03 - [TEST_STEP][PASSED] - closeApplication(): Close app successfully

2022-05-17 11:31:03 - [MESSAGE][PASSED] - Close app successfully

2022-05-17 11:31:03 - [TEST_STEP][PASSED] - startExistingApplication("com.example.frontend_mobile"): Starting app with application ID: 'com.example.frontend_mobile'

2022-05-17 11:31:05 - [MESSAGE][INFO] - Appium server started on port 51,759

2022-05-17 11:31:17 - [MESSAGE][PASSED] - Starting app with application ID: 'com.example.frontend_mobile'

2022-05-17 11:31:17 - [TEST_STEP][PASSED] - delay(5, CONTINUE_ON_FAILURE): Delayed 5 second(s)

2022-05-17 11:31:22 - [MESSAGE][PASSED] - Delayed 5 second(s)

2022-05-17 11:31:22 - [TEST_STEP][PASSED] - tap(findTestObject("MOBILE/Auth/Login/android.widget.Button - Login"), 0): Tapped on element 'Object Repository/MOBILE/Auth/Login/android.widget.Button - Login'

2022-05-17 11:31:22 - [MESSAGE][WARNING] - Timeout '0' is invalid. Using default page load timeout: '30'

2022-05-17 11:31:22 - [MESSAGE][PASSED] - Tapped on element 'Object Repository/MOBILE/Auth/Login/android.widget.Button - Login'

2022-05-17 11:31:22 - [TEST_STEP][PASSED] - tap(findTestObject("MOBILE/Auth/Login/android.widget.EditText - Email"), 0): Tapped on element 'Object Repository/MOBILE/Auth/Login/android.widget.EditText - Email'

2022-05-17 11:31:22 - [MESSAGE][WARNING] - Timeout '0' is invalid. Using default page load timeout: '30'

2022-05-17 11:31:24 - [MESSAGE][PASSED] - Tapped on element 'Object Repository/MOBILE/Auth/Login/android.widget.EditText - Email'

2022-05-17 11:31:24 - [TEST_STEP][PASSED] - setText(findTestObject("MOBILE/Auth/Login/android.widget.EditText - Email"), findTestData("WEB/Login").getValue(1, i), 0): Text 'salsabila0123@gmail.com' has been set to element 'Object Repository/MOBILE/Auth/Login/android.widget.EditText - Email'

2022-05-17 11:31:24 - [MESSAGE][WARNING] - Timeout '0' is invalid. Using default page load timeout: '30'

2022-05-17 11:31:25 - [MESSAGE][PASSED] - Text 'salsabila0123@gmail.com' has been set to element 'Object Repository/MOBILE/Auth/Login/android.widget.EditText - Email'

2022-05-17 11:31:25 - [TEST_STEP][PASSED] - tap(findTestObject("MOBILE/Auth/Login/android.widget.EditText - Password"), 0): Tapped on element 'Object Repository/MOBILE/Auth/Login/android.widget.EditText - Password'

2022-05-17 11:31:25 - [MESSAGE][WARNING] - Timeout '0' is invalid. Using default page load timeout: '30'

2022-05-17 11:31:26 - [MESSAGE][PASSED] - Tapped on element 'Object Repository/MOBILE/Auth/Login/android.widget.EditText - Password'

2022-05-17 11:31:26 - [TEST_STEP][PASSED] - setText(findTestObject("MOBILE/Auth/Login/android.widget.EditText - Password"), findTestData("WEB/Login").getValue(2, i), 0): Text 'salsabila' has been set to element 'Object Repository/MOBILE/Auth/Login/android.widget.EditText - Password'

2022-05-17 11:31:26 - [MESSAGE][WARNING] - Timeout '0' is invalid. Using default page load timeout: '30'

2022-05-17 11:31:28 - [MESSAGE][PASSED] - Text 'salsabila' has been set to element 'Object Repository/MOBILE/Auth/Login/android.widget.EditText - Password'

2022-05-17 11:31:28 - [TEST_STEP][PASSED] - pressBack(): Press back button successfully

2022-05-17 11:31:28 - [MESSAGE][PASSED] - Press back button successfully

2022-05-17 11:31:28 - [TEST_STEP][PASSED] - tap(findTestObject("MOBILE/Auth/Login/android.widget.Button - Login Button"), 0): Tapped on element 'Object Repository/MOBILE/Auth/Login/android.widget.Button - Login Button'

2022-05-17 11:31:29 - [MESSAGE][WARNING] - Timeout '0' is invalid. Using default page load timeout: '30'

2022-05-17 11:31:29 - [MESSAGE][PASSED] - Tapped on element 'Object Repository/MOBILE/Auth/Login/android.widget.Button - Login Button'

2022-05-17 11:31:29 - [TEST_STEP][PASSED] - if (findTestData("WEB/Login").getValue(3, i) == "negative"): Element 'Object Repository/MOBILE/Auth/Login/android.widget.Button - Login Button' is visible

2022-05-17 11:31:29 - [TEST_STEP][PASSED] - verifyElementVisible(findTestObject("MOBILE/Auth/Login/android.widget.Button - Login Button"), 5, CONTINUE_ON_FAILURE): Element 'Object Repository/MOBILE/Auth/Login/android.widget.Button - Login Button' is visible

2022-05-17 11:31:30 - [MESSAGE][PASSED] - Element 'Object Repository/MOBILE/Auth/Login/android.widget.Button - Login Button' is visible

2022-05-17 11:31:30 - [TEST_STEP][PASSED] - pressBack(): Press back button successfully

2022-05-17 11:31:30 - [MESSAGE][PASSED] - Press back button successfully

2022-05-17 11:31:30 - [TEST_STEP][PASSED] - closeApplication(): Close app successfully

2022-05-17 11:31:31 - [MESSAGE][PASSED] - Close app successfully

2022-05-17 11:31:31 - [TEST_STEP][PASSED] - startExistingApplication("com.example.frontend_mobile"): Starting app with application ID: 'com.example.frontend_mobile'

2022-05-17 11:31:33 - [MESSAGE][INFO] - Appium server started on port 51,954

2022-05-17 11:31:47 - [MESSAGE][PASSED] - Starting app with application ID: 'com.example.frontend_mobile'

2022-05-17 11:31:47 - [TEST_STEP][PASSED] - delay(5, CONTINUE_ON_FAILURE): Delayed 5 second(s)

2022-05-17 11:31:52 - [MESSAGE][PASSED] - Delayed 5 second(s)

2022-05-17 11:31:52 - [TEST_STEP][FAILED] - tap(findTestObject("MOBILE/Auth/Login/android.widget.Button - Login"), 0): Object Object Repository/MOBILE/Auth/Login/android.widget.Button - Login not found

2022-05-17 11:31:52 - [MESSAGE][WARNING] - Timeout '0' is invalid. Using default page load timeout: '30'

2022-05-17 11:32:25 - [MESSAGE][FAILED] - Object Object Repository/MOBILE/Auth/Login/android.widget.Button - Login not found
[[ATTACHMENT|F:\\1. UNNES\\6. Semester 6\\2 - MSIB\\final-project-qe-alta4\\final-project-qe-alta\\Reports\\20220517_112256\\MOBILE\\MOBILE\\20220517_112256\\1652761944157.png]]

2022-05-17 11:32:25 - [TEST_STEP][FAILED] - tap(findTestObject("MOBILE/Auth/Login/android.widget.EditText - Email"), 0): Object Object Repository/MOBILE/Auth/Login/android.widget.EditText - Email not found

2022-05-17 11:32:25 - [MESSAGE][WARNING] - Timeout '0' is invalid. Using default page load timeout: '30'

2022-05-17 11:32:57 - [MESSAGE][FAILED] - Object Object Repository/MOBILE/Auth/Login/android.widget.EditText - Email not found
[[ATTACHMENT|F:\\1. UNNES\\6. Semester 6\\2 - MSIB\\final-project-qe-alta4\\final-project-qe-alta\\Reports\\20220517_112256\\MOBILE\\MOBILE\\20220517_112256\\1652761976383.png]]

2022-05-17 11:32:57 - [TEST_STEP][FAILED] - setText(findTestObject("MOBILE/Auth/Login/android.widget.EditText - Email"), findTestData("WEB/Login").getValue(1, i), 0): Object Object Repository/MOBILE/Auth/Login/android.widget.EditText - Email not found

2022-05-17 11:32:57 - [MESSAGE][WARNING] - Timeout '0' is invalid. Using default page load timeout: '30'

2022-05-17 11:33:28 - [MESSAGE][FAILED] - Object Object Repository/MOBILE/Auth/Login/android.widget.EditText - Email not found
[[ATTACHMENT|F:\\1. UNNES\\6. Semester 6\\2 - MSIB\\final-project-qe-alta4\\final-project-qe-alta\\Reports\\20220517_112256\\MOBILE\\MOBILE\\20220517_112256\\1652762007501.png]]

2022-05-17 11:33:28 - [TEST_STEP][FAILED] - tap(findTestObject("MOBILE/Auth/Login/android.widget.EditText - Password"), 0): Object Object Repository/MOBILE/Auth/Login/android.widget.EditText - Password not found

2022-05-17 11:33:28 - [MESSAGE][WARNING] - Timeout '0' is invalid. Using default page load timeout: '30'

2022-05-17 11:34:06 - [MESSAGE][FAILED] - Object Object Repository/MOBILE/Auth/Login/android.widget.EditText - Password not found
[[ATTACHMENT|F:\\1. UNNES\\6. Semester 6\\2 - MSIB\\final-project-qe-alta4\\final-project-qe-alta\\Reports\\20220517_112256\\MOBILE\\MOBILE\\20220517_112256\\1652762044621.png]]

2022-05-17 11:34:06 - [TEST_STEP][FAILED] - setText(findTestObject("MOBILE/Auth/Login/android.widget.EditText - Password"), findTestData("WEB/Login").getValue(2, i), 0): Object Object Repository/MOBILE/Auth/Login/android.widget.EditText - Password not found

2022-05-17 11:34:06 - [MESSAGE][WARNING] - Timeout '0' is invalid. Using default page load timeout: '30'

2022-05-17 11:34:39 - [MESSAGE][FAILED] - Object Object Repository/MOBILE/Auth/Login/android.widget.EditText - Password not found
[[ATTACHMENT|F:\\1. UNNES\\6. Semester 6\\2 - MSIB\\final-project-qe-alta4\\final-project-qe-alta\\Reports\\20220517_112256\\MOBILE\\MOBILE\\20220517_112256\\1652762077635.png]]

2022-05-17 11:34:43 - [TEST_STEP][PASSED] - pressBack(): Press back button successfully

2022-05-17 11:34:43 - [MESSAGE][PASSED] - Press back button successfully

2022-05-17 11:34:44 - [TEST_STEP][FAILED] - tap(findTestObject("MOBILE/Auth/Login/android.widget.Button - Login Button"), 0): Object Object Repository/MOBILE/Auth/Login/android.widget.Button - Login Button not found

2022-05-17 11:34:44 - [MESSAGE][WARNING] - Timeout '0' is invalid. Using default page load timeout: '30'

2022-05-17 11:35:16 - [MESSAGE][FAILED] - Object Object Repository/MOBILE/Auth/Login/android.widget.Button - Login Button not found
[[ATTACHMENT|F:\\1. UNNES\\6. Semester 6\\2 - MSIB\\final-project-qe-alta4\\final-project-qe-alta\\Reports\\20220517_112256\\MOBILE\\MOBILE\\20220517_112256\\1652762114987.png]]

2022-05-17 11:35:16 - [TEST_STEP][FAILED] - if (findTestData("WEB/Login").getValue(3, i) == "negative"): Element 'Object Repository/MOBILE/Auth/Login/android.widget.Button - Login Button' not found

2022-05-17 11:35:16 - [TEST_STEP][FAILED] - verifyElementVisible(findTestObject("MOBILE/Auth/Login/android.widget.Button - Login Button"), 5, CONTINUE_ON_FAILURE): Element 'Object Repository/MOBILE/Auth/Login/android.widget.Button - Login Button' not found

2022-05-17 11:35:22 - [MESSAGE][FAILED] - Element 'Object Repository/MOBILE/Auth/Login/android.widget.Button - Login Button' not found
[[ATTACHMENT|F:\\1. UNNES\\6. Semester 6\\2 - MSIB\\final-project-qe-alta4\\final-project-qe-alta\\Reports\\20220517_112256\\MOBILE\\MOBILE\\20220517_112256\\1652762121354.png]]

2022-05-17 11:35:22 - [TEST_STEP][PASSED] - pressBack(): Press back button successfully

2022-05-17 11:35:23 - [MESSAGE][PASSED] - Press back button successfully

2022-05-17 11:35:23 - [TEST_STEP][PASSED] - closeApplication(): Close app successfully

2022-05-17 11:35:23 - [MESSAGE][PASSED] - Close app successfully

2022-05-17 11:35:23 - [TEST_STEP][PASSED] - startExistingApplication("com.example.frontend_mobile"): Starting app with application ID: 'com.example.frontend_mobile'

2022-05-17 11:35:25 - [MESSAGE][INFO] - Appium server started on port 52,265

2022-05-17 11:35:39 - [MESSAGE][PASSED] - Starting app with application ID: 'com.example.frontend_mobile'

2022-05-17 11:35:39 - [TEST_STEP][PASSED] - delay(5, CONTINUE_ON_FAILURE): Delayed 5 second(s)

2022-05-17 11:35:44 - [MESSAGE][PASSED] - Delayed 5 second(s)

2022-05-17 11:35:44 - [TEST_STEP][PASSED] - tap(findTestObject("MOBILE/Auth/Login/android.widget.Button - Login"), 0): Tapped on element 'Object Repository/MOBILE/Auth/Login/android.widget.Button - Login'

2022-05-17 11:35:44 - [MESSAGE][WARNING] - Timeout '0' is invalid. Using default page load timeout: '30'

2022-05-17 11:35:46 - [MESSAGE][PASSED] - Tapped on element 'Object Repository/MOBILE/Auth/Login/android.widget.Button - Login'

2022-05-17 11:35:46 - [TEST_STEP][PASSED] - tap(findTestObject("MOBILE/Auth/Login/android.widget.EditText - Email"), 0): Tapped on element 'Object Repository/MOBILE/Auth/Login/android.widget.EditText - Email'

2022-05-17 11:35:46 - [MESSAGE][WARNING] - Timeout '0' is invalid. Using default page load timeout: '30'

2022-05-17 11:35:47 - [MESSAGE][PASSED] - Tapped on element 'Object Repository/MOBILE/Auth/Login/android.widget.EditText - Email'

2022-05-17 11:35:47 - [TEST_STEP][PASSED] - setText(findTestObject("MOBILE/Auth/Login/android.widget.EditText - Email"), findTestData("WEB/Login").getValue(1, i), 0): Text 'salsabila@gmail.com' has been set to element 'Object Repository/MOBILE/Auth/Login/android.widget.EditText - Email'

2022-05-17 11:35:47 - [MESSAGE][WARNING] - Timeout '0' is invalid. Using default page load timeout: '30'

2022-05-17 11:35:49 - [MESSAGE][PASSED] - Text 'salsabila@gmail.com' has been set to element 'Object Repository/MOBILE/Auth/Login/android.widget.EditText - Email'

2022-05-17 11:35:49 - [TEST_STEP][PASSED] - tap(findTestObject("MOBILE/Auth/Login/android.widget.EditText - Password"), 0): Tapped on element 'Object Repository/MOBILE/Auth/Login/android.widget.EditText - Password'

2022-05-17 11:35:49 - [MESSAGE][WARNING] - Timeout '0' is invalid. Using default page load timeout: '30'

2022-05-17 11:35:50 - [MESSAGE][PASSED] - Tapped on element 'Object Repository/MOBILE/Auth/Login/android.widget.EditText - Password'

2022-05-17 11:35:50 - [TEST_STEP][PASSED] - setText(findTestObject("MOBILE/Auth/Login/android.widget.EditText - Password"), findTestData("WEB/Login").getValue(2, i), 0): Text 'salsabila' has been set to element 'Object Repository/MOBILE/Auth/Login/android.widget.EditText - Password'

2022-05-17 11:35:50 - [MESSAGE][WARNING] - Timeout '0' is invalid. Using default page load timeout: '30'

2022-05-17 11:35:51 - [MESSAGE][PASSED] - Text 'salsabila' has been set to element 'Object Repository/MOBILE/Auth/Login/android.widget.EditText - Password'

2022-05-17 11:35:51 - [TEST_STEP][PASSED] - pressBack(): Press back button successfully

2022-05-17 11:35:51 - [MESSAGE][PASSED] - Press back button successfully

2022-05-17 11:35:51 - [TEST_STEP][PASSED] - tap(findTestObject("MOBILE/Auth/Login/android.widget.Button - Login Button"), 0): Tapped on element 'Object Repository/MOBILE/Auth/Login/android.widget.Button - Login Button'

2022-05-17 11:35:52 - [MESSAGE][WARNING] - Timeout '0' is invalid. Using default page load timeout: '30'

2022-05-17 11:35:52 - [MESSAGE][PASSED] - Tapped on element 'Object Repository/MOBILE/Auth/Login/android.widget.Button - Login Button'

2022-05-17 11:35:52 - [TEST_STEP][PASSED] - if (findTestData("WEB/Login").getValue(3, i) == "negative"): null

2022-05-17 11:35:52 - [TEST_STEP][PASSED] - else: Element 'Object Repository/MOBILE/Auth/Logout/android.widget.Button - Logout' is visible

2022-05-17 11:35:52 - [TEST_STEP][PASSED] - verifyElementVisible(findTestObject("MOBILE/Auth/Logout/android.widget.Button - Logout"), 5, CONTINUE_ON_FAILURE): Element 'Object Repository/MOBILE/Auth/Logout/android.widget.Button - Logout' is visible

2022-05-17 11:35:53 - [MESSAGE][PASSED] - Element 'Object Repository/MOBILE/Auth/Logout/android.widget.Button - Logout' is visible

2022-05-17 11:35:53 - [TEST_STEP][PASSED] - pressBack(): Press back button successfully

2022-05-17 11:35:53 - [MESSAGE][PASSED] - Press back button successfully

2022-05-17 11:35:53 - [TEST_STEP][PASSED] - closeApplication(): Close app successfully

2022-05-17 11:35:54 - [MESSAGE][PASSED] - Close app successfully]]></system-out>
         <system-err><![CDATA[2022-05-17 11:29:05 - [TEST_CASE][FAILED] - Test Cases/MOBILE/Auth/Login: Test Cases/MOBILE/Auth/Login FAILED.
Reason:
com.kms.katalon.core.exception.StepFailedException: Object Object Repository/MOBILE/Auth/Login/android.widget.Button - Login not found
	at com.kms.katalon.core.keyword.internal.KeywordMain.stepFailed(KeywordMain.groovy:39)
	at com.kms.katalon.core.mobile.keyword.internal.MobileKeywordMain.stepFailed(MobileKeywordMain.groovy:40)
	at com.kms.katalon.core.mobile.keyword.builtin.TapKeyword$_tap_closure1.doCall(TapKeyword.groovy:79)
	at com.kms.katalon.core.mobile.keyword.builtin.TapKeyword$_tap_closure1.call(TapKeyword.groovy)
	at com.kms.katalon.core.mobile.keyword.internal.MobileKeywordMain.runKeyword(MobileKeywordMain.groovy:21)
	at com.kms.katalon.core.mobile.keyword.builtin.TapKeyword.tap(TapKeyword.groovy:86)
	at com.kms.katalon.core.mobile.keyword.builtin.TapKeyword.execute(TapKeyword.groovy:68)
	at com.kms.katalon.core.keyword.internal.KeywordExecutor.executeKeywordForPlatform(KeywordExecutor.groovy:74)
	at com.kms.katalon.core.mobile.keyword.MobileBuiltInKeywords.tap(MobileBuiltInKeywords.groovy:1355)
	at com.kms.katalon.core.mobile.keyword.MobileBuiltInKeywords$tap$0.call(Unknown Source)
	at Login.run(Login:25)
	at com.kms.katalon.core.main.ScriptEngine.run(ScriptEngine.java:194)
	at com.kms.katalon.core.main.ScriptEngine.runScriptAsRawText(ScriptEngine.java:119)
	at com.kms.katalon.core.main.TestCaseExecutor.runScript(TestCaseExecutor.java:442)
	at com.kms.katalon.core.main.TestCaseExecutor.doExecute(TestCaseExecutor.java:433)
	at com.kms.katalon.core.main.TestCaseExecutor.processExecutionPhase(TestCaseExecutor.java:412)
	at com.kms.katalon.core.main.TestCaseExecutor.accessMainPhase(TestCaseExecutor.java:404)
	at com.kms.katalon.core.main.TestCaseExecutor.execute(TestCaseExecutor.java:281)
	at com.kms.katalon.core.main.TestSuiteExecutor.accessTestCaseMainPhase(TestSuiteExecutor.java:202)
	at com.kms.katalon.core.main.TestSuiteExecutor.accessTestSuiteMainPhase(TestSuiteExecutor.java:164)
	at com.kms.katalon.core.main.TestSuiteExecutor.execute(TestSuiteExecutor.java:105)
	at com.kms.katalon.core.main.TestCaseMain.startTestSuite(TestCaseMain.java:185)
	at com.kms.katalon.core.main.TestCaseMain$startTestSuite$0.call(Unknown Source)
	at TempTestSuite1652761376419.run(TempTestSuite1652761376419.groovy:36)]]></system-err>
      </testcase>
      <testcase name="Test Cases/MOBILE/Auth/Logout" time="30.849" classname="Test Cases/MOBILE/Auth/Logout" status="PASSED">
         <system-out><![CDATA[2022-05-17 11:35:54 - [TEST_CASE][PASSED] - Test Cases/MOBILE/Auth/Logout: Test Cases/MOBILE/Auth/Logout

2022-05-17 11:35:54 - [TEST_STEP][PASSED] - startExistingApplication("com.example.frontend_mobile"): Starting app with application ID: 'com.example.frontend_mobile'

2022-05-17 11:35:56 - [MESSAGE][INFO] - Appium server started on port 52,459

2022-05-17 11:36:07 - [MESSAGE][PASSED] - Starting app with application ID: 'com.example.frontend_mobile'

2022-05-17 11:36:07 - [TEST_STEP][PASSED] - callTestCase(findTestCase("MOBILE/Auth/Login_Success"), [:], CONTINUE_ON_FAILURE): Call Test Case 'Test Cases/MOBILE/Auth/Login_Success' successfully

2022-05-17 11:36:08 - [TEST_CASE][PASSED] - Test Cases/MOBILE/Auth/Login_Success: Test Cases/MOBILE/Auth/Login_Success

2022-05-17 11:36:08 - [TEST_STEP][PASSED] - delay(5, CONTINUE_ON_FAILURE): Delayed 5 second(s)

2022-05-17 11:36:13 - [MESSAGE][PASSED] - Delayed 5 second(s)

2022-05-17 11:36:13 - [TEST_STEP][PASSED] - tap(findTestObject("MOBILE/Auth/Register/android.widget.Button - Login 2"), 0): Tapped on element 'Object Repository/MOBILE/Auth/Register/android.widget.Button - Login 2'

2022-05-17 11:36:13 - [MESSAGE][WARNING] - Timeout '0' is invalid. Using default page load timeout: '30'

2022-05-17 11:36:15 - [MESSAGE][PASSED] - Tapped on element 'Object Repository/MOBILE/Auth/Register/android.widget.Button - Login 2'

2022-05-17 11:36:15 - [TEST_STEP][PASSED] - tap(findTestObject("MOBILE/Auth/Login/android.widget.EditText - Email"), 0): Tapped on element 'Object Repository/MOBILE/Auth/Login/android.widget.EditText - Email'

2022-05-17 11:36:15 - [MESSAGE][WARNING] - Timeout '0' is invalid. Using default page load timeout: '30'

2022-05-17 11:36:17 - [MESSAGE][PASSED] - Tapped on element 'Object Repository/MOBILE/Auth/Login/android.widget.EditText - Email'

2022-05-17 11:36:17 - [TEST_STEP][PASSED] - setText(findTestObject("MOBILE/Auth/Login/android.widget.EditText - Email"), "salsa@gmail.com", 0): Text 'salsa@gmail.com' has been set to element 'Object Repository/MOBILE/Auth/Login/android.widget.EditText - Email'

2022-05-17 11:36:17 - [MESSAGE][WARNING] - Timeout '0' is invalid. Using default page load timeout: '30'

2022-05-17 11:36:18 - [MESSAGE][PASSED] - Text 'salsa@gmail.com' has been set to element 'Object Repository/MOBILE/Auth/Login/android.widget.EditText - Email'

2022-05-17 11:36:18 - [TEST_STEP][PASSED] - tap(findTestObject("MOBILE/Auth/Login/android.widget.EditText - Password"), 0): Tapped on element 'Object Repository/MOBILE/Auth/Login/android.widget.EditText - Password'

2022-05-17 11:36:18 - [MESSAGE][WARNING] - Timeout '0' is invalid. Using default page load timeout: '30'

2022-05-17 11:36:19 - [MESSAGE][PASSED] - Tapped on element 'Object Repository/MOBILE/Auth/Login/android.widget.EditText - Password'

2022-05-17 11:36:19 - [TEST_STEP][PASSED] - setText(findTestObject("MOBILE/Auth/Login/android.widget.EditText - Password"), "salsa", 0): Text 'salsa' has been set to element 'Object Repository/MOBILE/Auth/Login/android.widget.EditText - Password'

2022-05-17 11:36:19 - [MESSAGE][WARNING] - Timeout '0' is invalid. Using default page load timeout: '30'

2022-05-17 11:36:20 - [MESSAGE][PASSED] - Text 'salsa' has been set to element 'Object Repository/MOBILE/Auth/Login/android.widget.EditText - Password'

2022-05-17 11:36:20 - [TEST_STEP][PASSED] - tap(findTestObject("MOBILE/Auth/Login/android.widget.Button - Login Button"), 0): Tapped on element 'Object Repository/MOBILE/Auth/Login/android.widget.Button - Login Button'

2022-05-17 11:36:20 - [MESSAGE][WARNING] - Timeout '0' is invalid. Using default page load timeout: '30'

2022-05-17 11:36:21 - [MESSAGE][PASSED] - Tapped on element 'Object Repository/MOBILE/Auth/Login/android.widget.Button - Login Button'

2022-05-17 11:36:21 - [TEST_STEP][PASSED] - verifyElementVisible(findTestObject("MOBILE/Auth/Login/android.widget.Button - Logout"), 0): Element 'Object Repository/MOBILE/Auth/Login/android.widget.Button - Logout' is visible

2022-05-17 11:36:21 - [MESSAGE][WARNING] - Timeout '0' is invalid. Using default page load timeout: '30'

2022-05-17 11:36:22 - [MESSAGE][PASSED] - Element 'Object Repository/MOBILE/Auth/Login/android.widget.Button - Logout' is visible

2022-05-17 11:36:22 - [MESSAGE][PASSED] - Call Test Case 'Test Cases/MOBILE/Auth/Login_Success' successfully

2022-05-17 11:36:22 - [TEST_STEP][PASSED] - tap(findTestObject("MOBILE/Auth/Login/android.widget.Button - Logout"), 5): Tapped on element 'Object Repository/MOBILE/Auth/Login/android.widget.Button - Logout'

2022-05-17 11:36:24 - [MESSAGE][PASSED] - Tapped on element 'Object Repository/MOBILE/Auth/Login/android.widget.Button - Logout'

2022-05-17 11:36:24 - [TEST_STEP][PASSED] - verifyElementVisible(findTestObject("MOBILE/Auth/Login/android.widget.Button - Login Button"), 0): Element 'Object Repository/MOBILE/Auth/Login/android.widget.Button - Login Button' is visible

2022-05-17 11:36:24 - [MESSAGE][WARNING] - Timeout '0' is invalid. Using default page load timeout: '30'

2022-05-17 11:36:24 - [MESSAGE][PASSED] - Element 'Object Repository/MOBILE/Auth/Login/android.widget.Button - Login Button' is visible

2022-05-17 11:36:24 - [TEST_STEP][PASSED] - closeApplication(): Close app successfully

2022-05-17 11:36:25 - [MESSAGE][PASSED] - Close app successfully]]></system-out>
         <system-err><![CDATA[]]></system-err>
      </testcase>
      <system-out><![CDATA[2022-05-17 11:23:01 - [TEST_SUITE][FAILED] - MOBILE: Test Cases/MOBILE/Auth/Register FAILED.
Reason:
com.kms.katalon.core.exception.StepFailedException: Failed to set text into element (Root cause: org.openqa.selenium.StaleElementReferenceException: androidx.test.uiautomator.StaleObjectException
For documentation on this error, please visit: https://www.seleniumhq.org/exceptions/stale_element_reference.html
Build info: version: '3.141.59', revision: 'e82be7d358', time: '2018-11-14T08:25:53'
System info: host: 'SALSABILA', ip: '192.168.200.173', os.name: 'Windows 10', os.arch: 'amd64', os.version: '10.0', java.version: '1.8.0_282'
Driver info: com.kms.katalon.core.appium.driver.SwipeableAndroidDriver
Capabilities {appActivity: .Settings, appPackage: com.android.settings, autoGrantPermissions: true, automationName: uiautomator2, chromedriverPort: 50696, databaseEnabled: false, desired: {appActivity: .Settings, appPackage: com.android.settings, autoGrantPermissions: true, automationName: uiautomator2, chromedriverPort: 50696, deviceName: Xiaomi M2003J15SC (Android 11), newCommandTimeout: 1800, platform: ANDROID, platformName: android, platformVersion: 11, systemPort: 8298, udid: aeebca410407}, deviceApiLevel: 30, deviceManufacturer: Xiaomi, deviceModel: M2003J15SC, deviceName: aeebca410407, deviceScreenDensity: 352, deviceScreenSize: 1080x2340, deviceUDID: aeebca410407, javascriptEnabled: true, locationContextEnabled: false, networkConnectionEnabled: true, newCommandTimeout: 1800, pixelRatio: 2.2, platform: ANDROID, platformName: Android, platformVersion: 11, statBarHeight: 100, systemPort: 8298, takesScreenshot: true, udid: aeebca410407, viewportRect: {height: 2036, left: 0, top: 100, width: 1080}, warnings: {}, webStorageEnabled: false}
Session ID: 31949ba7-45ce-44bc-aeff-fdd414e1a41a
	at org.openqa.selenium.remote.http.W3CHttpResponseCodec.createException(W3CHttpResponseCodec.java:187)
	at org.openqa.selenium.remote.http.W3CHttpResponseCodec.decode(W3CHttpResponseCodec.java:122)
	at org.openqa.selenium.remote.http.W3CHttpResponseCodec.decode(W3CHttpResponseCodec.java:49)
	at org.openqa.selenium.remote.HttpCommandExecutor.execute(HttpCommandExecutor.java:158)
	at io.appium.java_client.remote.AppiumCommandExecutor.execute(AppiumCommandExecutor.java:239)
	at org.openqa.selenium.remote.RemoteWebDriver.execute(RemoteWebDriver.java:552)
	at io.appium.java_client.DefaultGenericMobileDriver.execute(DefaultGenericMobileDriver.java:42)
	at io.appium.java_client.AppiumDriver.execute(AppiumDriver.java:1)
	at io.appium.java_client.android.AndroidDriver.execute(AndroidDriver.java:1)
	at com.kms.katalon.core.appium.driver.SwipeableAndroidDriver.execute(SwipeableAndroidDriver.java:1)
	at org.openqa.selenium.remote.RemoteWebElement.execute(RemoteWebElement.java:285)
	at io.appium.java_client.DefaultGenericMobileElement.execute(DefaultGenericMobileElement.java:45)
	at io.appium.java_client.MobileElement.execute(MobileElement.java:1)
	at io.appium.java_client.android.AndroidElement.execute(AndroidElement.java:1)
	at org.openqa.selenium.remote.RemoteWebElement.sendKeys(RemoteWebElement.java:106)
	at com.kms.katalon.core.mobile.keyword.builtin.SetTextKeyword$_setText_closure1.doCall(SetTextKeyword.groovy:80)
	at com.kms.katalon.core.mobile.keyword.builtin.SetTextKeyword$_setText_closure1.call(SetTextKeyword.groovy)
	at com.kms.katalon.core.mobile.keyword.internal.MobileKeywordMain.runKeyword(MobileKeywordMain.groovy:21)
	at com.kms.katalon.core.mobile.keyword.builtin.SetTextKeyword.setText(SetTextKeyword.groovy:83)
	at com.kms.katalon.core.mobile.keyword.builtin.SetTextKeyword.execute(SetTextKeyword.groovy:66)
	at com.kms.katalon.core.keyword.internal.KeywordExecutor.executeKeywordForPlatform(KeywordExecutor.groovy:74)
	at com.kms.katalon.core.mobile.keyword.MobileBuiltInKeywords.setText(MobileBuiltInKeywords.groovy:1270)
	at com.kms.katalon.core.mobile.keyword.MobileBuiltInKeywords$setText$5.call(Unknown Source)
	at Register.run(Register:32)
	at com.kms.katalon.core.main.ScriptEngine.run(ScriptEngine.java:194)
	at com.kms.katalon.core.main.ScriptEngine.runScriptAsRawText(ScriptEngine.java:119)
	at com.kms.katalon.core.main.TestCaseExecutor.runScript(TestCaseExecutor.java:442)
	at com.kms.katalon.core.main.TestCaseExecutor.doExecute(TestCaseExecutor.java:433)
	at com.kms.katalon.core.main.TestCaseExecutor.processExecutionPhase(TestCaseExecutor.java:412)
	at com.kms.katalon.core.main.TestCaseExecutor.accessMainPhase(TestCaseExecutor.java:404)
	at com.kms.katalon.core.main.TestCaseExecutor.execute(TestCaseExecutor.java:281)
	at com.kms.katalon.core.main.TestSuiteExecutor.accessTestCaseMainPhase(TestSuiteExecutor.java:202)
	at com.kms.katalon.core.main.TestSuiteExecutor.accessTestSuiteMainPhase(TestSuiteExecutor.java:164)
	at com.kms.katalon.core.main.TestSuiteExecutor.execute(TestSuiteExecutor.java:105)
	at com.kms.katalon.core.main.TestCaseMain.startTestSuite(TestCaseMain.java:185)
	at com.kms.katalon.core.main.TestCaseMain$startTestSuite$0.call(Unknown Source)
	at TempTestSuite1652761376419.run(TempTestSuite1652761376419.groovy:36)
)
	at com.kms.katalon.core.keyword.internal.KeywordMain.stepFailed(KeywordMain.groovy:39)
	at com.kms.katalon.core.mobile.keyword.internal.MobileKeywordMain.stepFailed(MobileKeywordMain.groovy:40)
	at com.kms.katalon.core.mobile.keyword.internal.MobileKeywordMain.runKeyword(MobileKeywordMain.groovy:23)
	at com.kms.katalon.core.mobile.keyword.builtin.SetTextKeyword.setText(SetTextKeyword.groovy:83)
	at com.kms.katalon.core.mobile.keyword.builtin.SetTextKeyword.execute(SetTextKeyword.groovy:66)
	at com.kms.katalon.core.keyword.internal.KeywordExecutor.executeKeywordForPlatform(KeywordExecutor.groovy:74)
	at com.kms.katalon.core.mobile.keyword.MobileBuiltInKeywords.setText(MobileBuiltInKeywords.groovy:1270)
	at com.kms.katalon.core.mobile.keyword.MobileBuiltInKeywords$setText$5.call(Unknown Source)
	at Register.run(Register:32)
	at com.kms.katalon.core.main.ScriptEngine.run(ScriptEngine.java:194)
	at com.kms.katalon.core.main.ScriptEngine.runScriptAsRawText(ScriptEngine.java:119)
	at com.kms.katalon.core.main.TestCaseExecutor.runScript(TestCaseExecutor.java:442)
	at com.kms.katalon.core.main.TestCaseExecutor.doExecute(TestCaseExecutor.java:433)
	at com.kms.katalon.core.main.TestCaseExecutor.processExecutionPhase(TestCaseExecutor.java:412)
	at com.kms.katalon.core.main.TestCaseExecutor.accessMainPhase(TestCaseExecutor.java:404)
	at com.kms.katalon.core.main.TestCaseExecutor.execute(TestCaseExecutor.java:281)
	at com.kms.katalon.core.main.TestSuiteExecutor.accessTestCaseMainPhase(TestSuiteExecutor.java:202)
	at com.kms.katalon.core.main.TestSuiteExecutor.accessTestSuiteMainPhase(TestSuiteExecutor.java:164)
	at com.kms.katalon.core.main.TestSuiteExecutor.execute(TestSuiteExecutor.java:105)
	at com.kms.katalon.core.main.TestCaseMain.startTestSuite(TestCaseMain.java:185)
	at com.kms.katalon.core.main.TestCaseMain$startTestSuite$0.call(Unknown Source)
	at TempTestSuite1652761376419.run(TempTestSuite1652761376419.groovy:36)
Caused by: org.openqa.selenium.StaleElementReferenceException: androidx.test.uiautomator.StaleObjectException
For documentation on this error, please visit: https://www.seleniumhq.org/exceptions/stale_element_reference.html
Build info: version: '3.141.59', revision: 'e82be7d358', time: '2018-11-14T08:25:53'
System info: host: 'SALSABILA', ip: '192.168.200.173', os.name: 'Windows 10', os.arch: 'amd64', os.version: '10.0', java.version: '1.8.0_282'
Driver info: com.kms.katalon.core.appium.driver.SwipeableAndroidDriver
Capabilities {appActivity: .Settings, appPackage: com.android.settings, autoGrantPermissions: true, automationName: uiautomator2, chromedriverPort: 50696, databaseEnabled: false, desired: {appActivity: .Settings, appPackage: com.android.settings, autoGrantPermissions: true, automationName: uiautomator2, chromedriverPort: 50696, deviceName: Xiaomi M2003J15SC (Android 11), newCommandTimeout: 1800, platform: ANDROID, platformName: android, platformVersion: 11, systemPort: 8298, udid: aeebca410407}, deviceApiLevel: 30, deviceManufacturer: Xiaomi, deviceModel: M2003J15SC, deviceName: aeebca410407, deviceScreenDensity: 352, deviceScreenSize: 1080x2340, deviceUDID: aeebca410407, javascriptEnabled: true, locationContextEnabled: false, networkConnectionEnabled: true, newCommandTimeout: 1800, pixelRatio: 2.2, platform: ANDROID, platformName: Android, platformVersion: 11, statBarHeight: 100, systemPort: 8298, takesScreenshot: true, udid: aeebca410407, viewportRect: {height: 2036, left: 0, top: 100, width: 1080}, warnings: {}, webStorageEnabled: false}
Session ID: 31949ba7-45ce-44bc-aeff-fdd414e1a41a
	at org.openqa.selenium.remote.http.W3CHttpResponseCodec.createException(W3CHttpResponseCodec.java:187)
	at org.openqa.selenium.remote.http.W3CHttpResponseCodec.decode(W3CHttpResponseCodec.java:122)
	at org.openqa.selenium.remote.http.W3CHttpResponseCodec.decode(W3CHttpResponseCodec.java:49)
	at org.openqa.selenium.remote.HttpCommandExecutor.execute(HttpCommandExecutor.java:158)
	at io.appium.java_client.remote.AppiumCommandExecutor.execute(AppiumCommandExecutor.java:239)
	at org.openqa.selenium.remote.RemoteWebDriver.execute(RemoteWebDriver.java:552)
	at io.appium.java_client.DefaultGenericMobileDriver.execute(DefaultGenericMobileDriver.java:42)
	at io.appium.java_client.AppiumDriver.execute(AppiumDriver.java:1)
	at io.appium.java_client.android.AndroidDriver.execute(AndroidDriver.java:1)
	at com.kms.katalon.core.appium.driver.SwipeableAndroidDriver.execute(SwipeableAndroidDriver.java:1)
	at org.openqa.selenium.remote.RemoteWebElement.execute(RemoteWebElement.java:285)
	at io.appium.java_client.DefaultGenericMobileElement.execute(DefaultGenericMobileElement.java:45)
	at io.appium.java_client.MobileElement.execute(MobileElement.java:1)
	at io.appium.java_client.android.AndroidElement.execute(AndroidElement.java:1)
	at org.openqa.selenium.remote.RemoteWebElement.sendKeys(RemoteWebElement.java:106)
	at com.kms.katalon.core.mobile.keyword.builtin.SetTextKeyword$_setText_closure1.doCall(SetTextKeyword.groovy:80)
	at com.kms.katalon.core.mobile.keyword.builtin.SetTextKeyword$_setText_closure1.call(SetTextKeyword.groovy)
	at com.kms.katalon.core.mobile.keyword.internal.MobileKeywordMain.runKeyword(MobileKeywordMain.groovy:21)
	... 19 more]]></system-out>
      <system-err><![CDATA[2022-05-17 11:23:01 - [TEST_SUITE][FAILED] - MOBILE: Test Cases/MOBILE/Auth/Register FAILED.
Reason:
com.kms.katalon.core.exception.StepFailedException: Failed to set text into element (Root cause: org.openqa.selenium.StaleElementReferenceException: androidx.test.uiautomator.StaleObjectException
For documentation on this error, please visit: https://www.seleniumhq.org/exceptions/stale_element_reference.html
Build info: version: '3.141.59', revision: 'e82be7d358', time: '2018-11-14T08:25:53'
System info: host: 'SALSABILA', ip: '192.168.200.173', os.name: 'Windows 10', os.arch: 'amd64', os.version: '10.0', java.version: '1.8.0_282'
Driver info: com.kms.katalon.core.appium.driver.SwipeableAndroidDriver
Capabilities {appActivity: .Settings, appPackage: com.android.settings, autoGrantPermissions: true, automationName: uiautomator2, chromedriverPort: 50696, databaseEnabled: false, desired: {appActivity: .Settings, appPackage: com.android.settings, autoGrantPermissions: true, automationName: uiautomator2, chromedriverPort: 50696, deviceName: Xiaomi M2003J15SC (Android 11), newCommandTimeout: 1800, platform: ANDROID, platformName: android, platformVersion: 11, systemPort: 8298, udid: aeebca410407}, deviceApiLevel: 30, deviceManufacturer: Xiaomi, deviceModel: M2003J15SC, deviceName: aeebca410407, deviceScreenDensity: 352, deviceScreenSize: 1080x2340, deviceUDID: aeebca410407, javascriptEnabled: true, locationContextEnabled: false, networkConnectionEnabled: true, newCommandTimeout: 1800, pixelRatio: 2.2, platform: ANDROID, platformName: Android, platformVersion: 11, statBarHeight: 100, systemPort: 8298, takesScreenshot: true, udid: aeebca410407, viewportRect: {height: 2036, left: 0, top: 100, width: 1080}, warnings: {}, webStorageEnabled: false}
Session ID: 31949ba7-45ce-44bc-aeff-fdd414e1a41a
	at org.openqa.selenium.remote.http.W3CHttpResponseCodec.createException(W3CHttpResponseCodec.java:187)
	at org.openqa.selenium.remote.http.W3CHttpResponseCodec.decode(W3CHttpResponseCodec.java:122)
	at org.openqa.selenium.remote.http.W3CHttpResponseCodec.decode(W3CHttpResponseCodec.java:49)
	at org.openqa.selenium.remote.HttpCommandExecutor.execute(HttpCommandExecutor.java:158)
	at io.appium.java_client.remote.AppiumCommandExecutor.execute(AppiumCommandExecutor.java:239)
	at org.openqa.selenium.remote.RemoteWebDriver.execute(RemoteWebDriver.java:552)
	at io.appium.java_client.DefaultGenericMobileDriver.execute(DefaultGenericMobileDriver.java:42)
	at io.appium.java_client.AppiumDriver.execute(AppiumDriver.java:1)
	at io.appium.java_client.android.AndroidDriver.execute(AndroidDriver.java:1)
	at com.kms.katalon.core.appium.driver.SwipeableAndroidDriver.execute(SwipeableAndroidDriver.java:1)
	at org.openqa.selenium.remote.RemoteWebElement.execute(RemoteWebElement.java:285)
	at io.appium.java_client.DefaultGenericMobileElement.execute(DefaultGenericMobileElement.java:45)
	at io.appium.java_client.MobileElement.execute(MobileElement.java:1)
	at io.appium.java_client.android.AndroidElement.execute(AndroidElement.java:1)
	at org.openqa.selenium.remote.RemoteWebElement.sendKeys(RemoteWebElement.java:106)
	at com.kms.katalon.core.mobile.keyword.builtin.SetTextKeyword$_setText_closure1.doCall(SetTextKeyword.groovy:80)
	at com.kms.katalon.core.mobile.keyword.builtin.SetTextKeyword$_setText_closure1.call(SetTextKeyword.groovy)
	at com.kms.katalon.core.mobile.keyword.internal.MobileKeywordMain.runKeyword(MobileKeywordMain.groovy:21)
	at com.kms.katalon.core.mobile.keyword.builtin.SetTextKeyword.setText(SetTextKeyword.groovy:83)
	at com.kms.katalon.core.mobile.keyword.builtin.SetTextKeyword.execute(SetTextKeyword.groovy:66)
	at com.kms.katalon.core.keyword.internal.KeywordExecutor.executeKeywordForPlatform(KeywordExecutor.groovy:74)
	at com.kms.katalon.core.mobile.keyword.MobileBuiltInKeywords.setText(MobileBuiltInKeywords.groovy:1270)
	at com.kms.katalon.core.mobile.keyword.MobileBuiltInKeywords$setText$5.call(Unknown Source)
	at Register.run(Register:32)
	at com.kms.katalon.core.main.ScriptEngine.run(ScriptEngine.java:194)
	at com.kms.katalon.core.main.ScriptEngine.runScriptAsRawText(ScriptEngine.java:119)
	at com.kms.katalon.core.main.TestCaseExecutor.runScript(TestCaseExecutor.java:442)
	at com.kms.katalon.core.main.TestCaseExecutor.doExecute(TestCaseExecutor.java:433)
	at com.kms.katalon.core.main.TestCaseExecutor.processExecutionPhase(TestCaseExecutor.java:412)
	at com.kms.katalon.core.main.TestCaseExecutor.accessMainPhase(TestCaseExecutor.java:404)
	at com.kms.katalon.core.main.TestCaseExecutor.execute(TestCaseExecutor.java:281)
	at com.kms.katalon.core.main.TestSuiteExecutor.accessTestCaseMainPhase(TestSuiteExecutor.java:202)
	at com.kms.katalon.core.main.TestSuiteExecutor.accessTestSuiteMainPhase(TestSuiteExecutor.java:164)
	at com.kms.katalon.core.main.TestSuiteExecutor.execute(TestSuiteExecutor.java:105)
	at com.kms.katalon.core.main.TestCaseMain.startTestSuite(TestCaseMain.java:185)
	at com.kms.katalon.core.main.TestCaseMain$startTestSuite$0.call(Unknown Source)
	at TempTestSuite1652761376419.run(TempTestSuite1652761376419.groovy:36)
)
	at com.kms.katalon.core.keyword.internal.KeywordMain.stepFailed(KeywordMain.groovy:39)
	at com.kms.katalon.core.mobile.keyword.internal.MobileKeywordMain.stepFailed(MobileKeywordMain.groovy:40)
	at com.kms.katalon.core.mobile.keyword.internal.MobileKeywordMain.runKeyword(MobileKeywordMain.groovy:23)
	at com.kms.katalon.core.mobile.keyword.builtin.SetTextKeyword.setText(SetTextKeyword.groovy:83)
	at com.kms.katalon.core.mobile.keyword.builtin.SetTextKeyword.execute(SetTextKeyword.groovy:66)
	at com.kms.katalon.core.keyword.internal.KeywordExecutor.executeKeywordForPlatform(KeywordExecutor.groovy:74)
	at com.kms.katalon.core.mobile.keyword.MobileBuiltInKeywords.setText(MobileBuiltInKeywords.groovy:1270)
	at com.kms.katalon.core.mobile.keyword.MobileBuiltInKeywords$setText$5.call(Unknown Source)
	at Register.run(Register:32)
	at com.kms.katalon.core.main.ScriptEngine.run(ScriptEngine.java:194)
	at com.kms.katalon.core.main.ScriptEngine.runScriptAsRawText(ScriptEngine.java:119)
	at com.kms.katalon.core.main.TestCaseExecutor.runScript(TestCaseExecutor.java:442)
	at com.kms.katalon.core.main.TestCaseExecutor.doExecute(TestCaseExecutor.java:433)
	at com.kms.katalon.core.main.TestCaseExecutor.processExecutionPhase(TestCaseExecutor.java:412)
	at com.kms.katalon.core.main.TestCaseExecutor.accessMainPhase(TestCaseExecutor.java:404)
	at com.kms.katalon.core.main.TestCaseExecutor.execute(TestCaseExecutor.java:281)
	at com.kms.katalon.core.main.TestSuiteExecutor.accessTestCaseMainPhase(TestSuiteExecutor.java:202)
	at com.kms.katalon.core.main.TestSuiteExecutor.accessTestSuiteMainPhase(TestSuiteExecutor.java:164)
	at com.kms.katalon.core.main.TestSuiteExecutor.execute(TestSuiteExecutor.java:105)
	at com.kms.katalon.core.main.TestCaseMain.startTestSuite(TestCaseMain.java:185)
	at com.kms.katalon.core.main.TestCaseMain$startTestSuite$0.call(Unknown Source)
	at TempTestSuite1652761376419.run(TempTestSuite1652761376419.groovy:36)
Caused by: org.openqa.selenium.StaleElementReferenceException: androidx.test.uiautomator.StaleObjectException
For documentation on this error, please visit: https://www.seleniumhq.org/exceptions/stale_element_reference.html
Build info: version: '3.141.59', revision: 'e82be7d358', time: '2018-11-14T08:25:53'
System info: host: 'SALSABILA', ip: '192.168.200.173', os.name: 'Windows 10', os.arch: 'amd64', os.version: '10.0', java.version: '1.8.0_282'
Driver info: com.kms.katalon.core.appium.driver.SwipeableAndroidDriver
Capabilities {appActivity: .Settings, appPackage: com.android.settings, autoGrantPermissions: true, automationName: uiautomator2, chromedriverPort: 50696, databaseEnabled: false, desired: {appActivity: .Settings, appPackage: com.android.settings, autoGrantPermissions: true, automationName: uiautomator2, chromedriverPort: 50696, deviceName: Xiaomi M2003J15SC (Android 11), newCommandTimeout: 1800, platform: ANDROID, platformName: android, platformVersion: 11, systemPort: 8298, udid: aeebca410407}, deviceApiLevel: 30, deviceManufacturer: Xiaomi, deviceModel: M2003J15SC, deviceName: aeebca410407, deviceScreenDensity: 352, deviceScreenSize: 1080x2340, deviceUDID: aeebca410407, javascriptEnabled: true, locationContextEnabled: false, networkConnectionEnabled: true, newCommandTimeout: 1800, pixelRatio: 2.2, platform: ANDROID, platformName: Android, platformVersion: 11, statBarHeight: 100, systemPort: 8298, takesScreenshot: true, udid: aeebca410407, viewportRect: {height: 2036, left: 0, top: 100, width: 1080}, warnings: {}, webStorageEnabled: false}
Session ID: 31949ba7-45ce-44bc-aeff-fdd414e1a41a
	at org.openqa.selenium.remote.http.W3CHttpResponseCodec.createException(W3CHttpResponseCodec.java:187)
	at org.openqa.selenium.remote.http.W3CHttpResponseCodec.decode(W3CHttpResponseCodec.java:122)
	at org.openqa.selenium.remote.http.W3CHttpResponseCodec.decode(W3CHttpResponseCodec.java:49)
	at org.openqa.selenium.remote.HttpCommandExecutor.execute(HttpCommandExecutor.java:158)
	at io.appium.java_client.remote.AppiumCommandExecutor.execute(AppiumCommandExecutor.java:239)
	at org.openqa.selenium.remote.RemoteWebDriver.execute(RemoteWebDriver.java:552)
	at io.appium.java_client.DefaultGenericMobileDriver.execute(DefaultGenericMobileDriver.java:42)
	at io.appium.java_client.AppiumDriver.execute(AppiumDriver.java:1)
	at io.appium.java_client.android.AndroidDriver.execute(AndroidDriver.java:1)
	at com.kms.katalon.core.appium.driver.SwipeableAndroidDriver.execute(SwipeableAndroidDriver.java:1)
	at org.openqa.selenium.remote.RemoteWebElement.execute(RemoteWebElement.java:285)
	at io.appium.java_client.DefaultGenericMobileElement.execute(DefaultGenericMobileElement.java:45)
	at io.appium.java_client.MobileElement.execute(MobileElement.java:1)
	at io.appium.java_client.android.AndroidElement.execute(AndroidElement.java:1)
	at org.openqa.selenium.remote.RemoteWebElement.sendKeys(RemoteWebElement.java:106)
	at com.kms.katalon.core.mobile.keyword.builtin.SetTextKeyword$_setText_closure1.doCall(SetTextKeyword.groovy:80)
	at com.kms.katalon.core.mobile.keyword.builtin.SetTextKeyword$_setText_closure1.call(SetTextKeyword.groovy)
	at com.kms.katalon.core.mobile.keyword.internal.MobileKeywordMain.runKeyword(MobileKeywordMain.groovy:21)
	... 19 more]]></system-err>
   </testsuite>
</testsuites>
