<?xml version="1.0" encoding="UTF-8"?>
<testsuites name="02_Products" time="11.898" tests="8" failures="0" errors="0">
   <testsuite name="02_Products" tests="8" failures="0" errors="0" time="11.898" skipped="0" timestamp="2022-05-07 12:58:46" hostname="salsa - SALSABILA" id="Test Suites/REST_API/02_Products">
      <properties>
         <property name="deviceName" value=""/>
         <property name="devicePlatform" value=""/>
         <property name="logFolder" value="F:\\1. UNNES\\6. Semester 6\\2 - MSIB\\final-project-qe-alta4\\final-project-qe-alta\\Reports\\20220507_125841\\REST_API\\02_Products\\20220507_125841"/>
         <property name="logFiles" value="F:\\1. UNNES\\6. Semester 6\\2 - MSIB\\final-project-qe-alta4\\final-project-qe-alta\\Reports\\20220507_125841\\REST_API\\02_Products\\20220507_125841\\execution0.log"/>
         <property name="attachments" value=""/>
         <property name="hostName" value="salsa - SALSABILA"/>
         <property name="hostAddress" value="192.168.106.173"/>
         <property name="os" value="Windows 10 64bit"/>
         <property name="katalonVersion" value="8.2.5.208"/>
      </properties>
      <testcase name="Test Cases/REST_API/TC08_GetAllProduct" time="3.33" classname="Test Cases/REST_API/TC08_GetAllProduct" status="PASSED">
         <system-out><![CDATA[2022-05-07 12:58:46 - [TEST_CASE][PASSED] - Test Cases/REST_API/TC08_GetAllProduct: Test Cases/REST_API/TC08_GetAllProduct

2022-05-07 12:58:47 - [TEST_STEP][PASSED] - Response = sendRequest(findTestObject("REST_API/02_Products/GetAllProduct")): Send request successfully

2022-05-07 12:58:49 - [MESSAGE][INFO] - HAR: F:\1. UNNES\6. Semester 6\2 - MSIB\final-project-qe-alta4\final-project-qe-alta\Reports\20220507_125841\REST_API\02_Products\20220507_125841\requests\main\0.har

2022-05-07 12:58:49 - [MESSAGE][PASSED] - Send request successfully

2022-05-07 12:58:49 - [TEST_STEP][PASSED] - verifyResponseStatusCode(Response, 200): Verify response status code successfully

2022-05-07 12:58:49 - [MESSAGE][PASSED] - Verify response status code successfully

2022-05-07 12:58:49 - [TEST_STEP][PASSED] - verifyElementPropertyValue(Response, "data[0].ID", 368): Verify element property value successfully

2022-05-07 12:58:49 - [MESSAGE][PASSED] - Verify element property value successfully]]></system-out>
         <system-err><![CDATA[]]></system-err>
      </testcase>
      <testcase name="Test Cases/REST_API/TC09_GetProductById" time="1.11" classname="Test Cases/REST_API/TC09_GetProductById" status="PASSED">
         <system-out><![CDATA[2022-05-07 12:58:49 - [TEST_CASE][PASSED] - Test Cases/REST_API/TC09_GetProductById: Test Cases/REST_API/TC09_GetProductById

2022-05-07 12:58:50 - [TEST_STEP][PASSED] - Response = sendRequest(findTestObject("REST_API/02_Products/GetProductById")): Send request successfully

2022-05-07 12:58:50 - [MESSAGE][INFO] - HAR: F:\1. UNNES\6. Semester 6\2 - MSIB\final-project-qe-alta4\final-project-qe-alta\Reports\20220507_125841\REST_API\02_Products\20220507_125841\requests\main\1.har

2022-05-07 12:58:51 - [MESSAGE][PASSED] - Send request successfully

2022-05-07 12:58:51 - [TEST_STEP][PASSED] - verifyResponseStatusCode(Response, 200): Verify response status code successfully

2022-05-07 12:58:51 - [MESSAGE][PASSED] - Verify response status code successfully

2022-05-07 12:58:51 - [TEST_STEP][PASSED] - verifyElementPropertyValue(Response, "data.ID", 293): Verify element property value successfully

2022-05-07 12:58:51 - [MESSAGE][PASSED] - Verify element property value successfully]]></system-out>
         <system-err><![CDATA[]]></system-err>
      </testcase>
      <testcase name="Test Cases/REST_API/TC10_GetProductByInvalidId" time="1.191" classname="Test Cases/REST_API/TC10_GetProductByInvalidId" status="PASSED">
         <system-out><![CDATA[2022-05-07 12:58:51 - [TEST_CASE][PASSED] - Test Cases/REST_API/TC10_GetProductByInvalidId: Test Cases/REST_API/TC10_GetProductByInvalidId

2022-05-07 12:58:51 - [TEST_STEP][PASSED] - Response = sendRequest(findTestObject("REST_API/02_Products/GetProductById_InvalidID")): Send request successfully

2022-05-07 12:58:52 - [MESSAGE][INFO] - HAR: F:\1. UNNES\6. Semester 6\2 - MSIB\final-project-qe-alta4\final-project-qe-alta\Reports\20220507_125841\REST_API\02_Products\20220507_125841\requests\main\2.har

2022-05-07 12:58:52 - [MESSAGE][PASSED] - Send request successfully

2022-05-07 12:58:52 - [TEST_STEP][PASSED] - verifyResponseStatusCode(Response, 404): Verify response status code successfully

2022-05-07 12:58:52 - [MESSAGE][PASSED] - Verify response status code successfully

2022-05-07 12:58:52 - [TEST_STEP][PASSED] - verifyElementPropertyValue(Response, "error", "record not found"): Verify element property value successfully

2022-05-07 12:58:52 - [MESSAGE][PASSED] - Verify element property value successfully]]></system-out>
         <system-err><![CDATA[]]></system-err>
      </testcase>
      <testcase name="Test Cases/REST_API/TC11_CreateProduct" time="0.963" classname="Test Cases/REST_API/TC11_CreateProduct" status="PASSED">
         <system-out><![CDATA[2022-05-07 12:58:52 - [TEST_CASE][PASSED] - Test Cases/REST_API/TC11_CreateProduct: Test Cases/REST_API/TC11_CreateProduct

2022-05-07 12:58:52 - [TEST_STEP][PASSED] - Response = sendRequest(findTestObject("REST_API/02_Products/CreateProduct")): Send request successfully

2022-05-07 12:58:53 - [MESSAGE][INFO] - HAR: F:\1. UNNES\6. Semester 6\2 - MSIB\final-project-qe-alta4\final-project-qe-alta\Reports\20220507_125841\REST_API\02_Products\20220507_125841\requests\main\3.har

2022-05-07 12:58:53 - [MESSAGE][PASSED] - Send request successfully

2022-05-07 12:58:53 - [TEST_STEP][PASSED] - verifyResponseStatusCode(Response, 200): Verify response status code successfully

2022-05-07 12:58:53 - [MESSAGE][PASSED] - Verify response status code successfully

2022-05-07 12:58:53 - [TEST_STEP][PASSED] - verifyElementPropertyValue(Response, "data.Name", "Tensi Darah Elektrik"): Verify element property value successfully

2022-05-07 12:58:53 - [MESSAGE][PASSED] - Verify element property value successfully]]></system-out>
         <system-err><![CDATA[]]></system-err>
      </testcase>
      <testcase name="Test Cases/REST_API/TC12_CreateProductDecimalPrice" time="1.024" classname="Test Cases/REST_API/TC12_CreateProductDecimalPrice" status="PASSED">
         <system-out><![CDATA[2022-05-07 12:58:53 - [TEST_CASE][PASSED] - Test Cases/REST_API/TC12_CreateProductDecimalPrice: Test Cases/REST_API/TC12_CreateProductDecimalPrice

2022-05-07 12:58:53 - [TEST_STEP][PASSED] - Response = sendRequest(findTestObject("REST_API/02_Products/CreateProduct_DecimalPrice")): Send request successfully

2022-05-07 12:58:54 - [MESSAGE][INFO] - HAR: F:\1. UNNES\6. Semester 6\2 - MSIB\final-project-qe-alta4\final-project-qe-alta\Reports\20220507_125841\REST_API\02_Products\20220507_125841\requests\main\4.har

2022-05-07 12:58:54 - [MESSAGE][PASSED] - Send request successfully

2022-05-07 12:58:54 - [TEST_STEP][PASSED] - verifyResponseStatusCode(Response, 400): Verify response status code successfully

2022-05-07 12:58:54 - [MESSAGE][PASSED] - Verify response status code successfully

2022-05-07 12:58:54 - [TEST_STEP][PASSED] - verifyElementPropertyValue(Response, "error", "json: cannot unmarshal number 2400.00 into Go struct field ProductCreate.price of type uint"): Verify element property value successfully

2022-05-07 12:58:54 - [MESSAGE][PASSED] - Verify element property value successfully]]></system-out>
         <system-err><![CDATA[]]></system-err>
      </testcase>
      <testcase name="Test Cases/REST_API/TC13_CreateProductEmptyName" time="1.353" classname="Test Cases/REST_API/TC13_CreateProductEmptyName" status="PASSED">
         <system-out><![CDATA[2022-05-07 12:58:54 - [TEST_CASE][PASSED] - Test Cases/REST_API/TC13_CreateProductEmptyName: Test Cases/REST_API/TC13_CreateProductEmptyName

2022-05-07 12:58:54 - [TEST_STEP][PASSED] - Response = sendRequest(findTestObject("REST_API/02_Products/CreateProduct_EmptyName")): Send request successfully

2022-05-07 12:58:55 - [MESSAGE][INFO] - HAR: F:\1. UNNES\6. Semester 6\2 - MSIB\final-project-qe-alta4\final-project-qe-alta\Reports\20220507_125841\REST_API\02_Products\20220507_125841\requests\main\5.har

2022-05-07 12:58:55 - [MESSAGE][PASSED] - Send request successfully

2022-05-07 12:58:55 - [TEST_STEP][PASSED] - verifyResponseStatusCode(Response, 500): Verify response status code successfully

2022-05-07 12:58:55 - [MESSAGE][PASSED] - Verify response status code successfully

2022-05-07 12:58:55 - [TEST_STEP][PASSED] - verifyElementPropertyValue(Response, "error", "ERROR: new row for relation "products" violates check constraint "products_name_check" (SQLSTATE 23514)"): Verify element property value successfully

2022-05-07 12:58:55 - [MESSAGE][PASSED] - Verify element property value successfully]]></system-out>
         <system-err><![CDATA[]]></system-err>
      </testcase>
      <testcase name="Test Cases/REST_API/TC14_DeleteProductById" time="1.357" classname="Test Cases/REST_API/TC14_DeleteProductById" status="PASSED">
         <system-out><![CDATA[2022-05-07 12:58:55 - [TEST_CASE][PASSED] - Test Cases/REST_API/TC14_DeleteProductById: Test Cases/REST_API/TC14_DeleteProductById

2022-05-07 12:58:56 - [TEST_STEP][PASSED] - Response = sendRequest(findTestObject("REST_API/02_Products/DeleteProductById")): Send request successfully

2022-05-07 12:58:56 - [MESSAGE][INFO] - HAR: F:\1. UNNES\6. Semester 6\2 - MSIB\final-project-qe-alta4\final-project-qe-alta\Reports\20220507_125841\REST_API\02_Products\20220507_125841\requests\main\6.har

2022-05-07 12:58:56 - [MESSAGE][PASSED] - Send request successfully

2022-05-07 12:58:56 - [TEST_STEP][PASSED] - verifyResponseStatusCode(Response, 200): Verify response status code successfully

2022-05-07 12:58:56 - [MESSAGE][PASSED] - Verify response status code successfully

2022-05-07 12:58:56 - [TEST_STEP][PASSED] - verifyElementPropertyValue(Response, "data", null): Verify element property value successfully

2022-05-07 12:58:57 - [MESSAGE][PASSED] - Verify element property value successfully]]></system-out>
         <system-err><![CDATA[]]></system-err>
      </testcase>
      <testcase name="Test Cases/REST_API/TC15_UpdateProductById" time="0.931" classname="Test Cases/REST_API/TC15_UpdateProductById" status="PASSED">
         <system-out><![CDATA[2022-05-07 12:58:57 - [TEST_CASE][PASSED] - Test Cases/REST_API/TC15_UpdateProductById: Test Cases/REST_API/TC15_UpdateProductById

2022-05-07 12:58:57 - [TEST_STEP][PASSED] - Response = sendRequest(findTestObject("REST_API/02_Products/UpdateProductById")): Send request successfully

2022-05-07 12:58:57 - [MESSAGE][INFO] - HAR: F:\1. UNNES\6. Semester 6\2 - MSIB\final-project-qe-alta4\final-project-qe-alta\Reports\20220507_125841\REST_API\02_Products\20220507_125841\requests\main\7.har

2022-05-07 12:58:57 - [MESSAGE][PASSED] - Send request successfully

2022-05-07 12:58:57 - [TEST_STEP][PASSED] - verifyResponseStatusCode(Response, 405): Verify response status code successfully

2022-05-07 12:58:57 - [MESSAGE][PASSED] - Verify response status code successfully]]></system-out>
         <system-err><![CDATA[]]></system-err>
      </testcase>
      <system-out><![CDATA[2022-05-07 12:58:46 - [TEST_SUITE][PASSED] - 02_Products: Test Cases/REST_API/TC15_UpdateProductById]]></system-out>
      <system-err><![CDATA[]]></system-err>
   </testsuite>
</testsuites>
