<?xml version="1.0" encoding="UTF-8"?>
<testsuites name="REST_API" time="37.399" tests="42" failures="0" errors="0">
   <testsuite name="REST_API" tests="42" failures="0" errors="0" time="37.399" skipped="0" timestamp="2022-05-16 19:15:49" hostname="salsa - SALSABILA" id="Test Suites/REST_API/REST_API">
      <properties>
         <property name="deviceName" value=""/>
         <property name="devicePlatform" value=""/>
         <property name="logFolder" value="F:\\1. UNNES\\6. Semester 6\\2 - MSIB\\final-project-qe-alta4\\final-project-qe-alta\\Reports\\20220516_191543\\REST_API\\REST_API\\20220516_191544"/>
         <property name="logFiles" value="F:\\1. UNNES\\6. Semester 6\\2 - MSIB\\final-project-qe-alta4\\final-project-qe-alta\\Reports\\20220516_191543\\REST_API\\REST_API\\20220516_191544\\execution0.log"/>
         <property name="attachments" value=""/>
         <property name="hostName" value="salsa - SALSABILA"/>
         <property name="hostAddress" value="192.168.8.131"/>
         <property name="os" value="Windows 10 64bit"/>
         <property name="katalonVersion" value="8.2.5.208"/>
      </properties>
      <testcase name="Test Cases/REST_API/01_Categories/TC01_GetAllCategories" time="2.926" classname="Test Cases/REST_API/01_Categories/TC01_GetAllCategories" status="PASSED">
         <system-out><![CDATA[2022-05-16 19:15:49 - [TEST_CASE][PASSED] - Test Cases/REST_API/01_Categories/TC01_GetAllCategories: Test Cases/REST_API/01_Categories/TC01_GetAllCategories

2022-05-16 19:15:50 - [TEST_STEP][PASSED] - Response = sendRequest(findTestObject("REST_API/01_Categories/GetAllCategories")): Send request successfully

2022-05-16 19:15:52 - [MESSAGE][INFO] - HAR: F:\1. UNNES\6. Semester 6\2 - MSIB\final-project-qe-alta4\final-project-qe-alta\Reports\20220516_191543\REST_API\REST_API\20220516_191544\requests\main\0.har

2022-05-16 19:15:52 - [MESSAGE][PASSED] - Send request successfully

2022-05-16 19:15:52 - [TEST_STEP][PASSED] - verifyResponseStatusCode(Response, 200): Verify response status code successfully

2022-05-16 19:15:52 - [MESSAGE][PASSED] - Verify response status code successfully

2022-05-16 19:15:52 - [TEST_STEP][PASSED] - verifyElementPropertyValue(Response, "data[0].ID", 1): Verify element property value successfully

2022-05-16 19:15:52 - [MESSAGE][PASSED] - Verify element property value successfully]]></system-out>
         <system-err><![CDATA[]]></system-err>
      </testcase>
      <testcase name="Test Cases/REST_API/01_Categories/TC02_CreateCategory" time="1.06" classname="Test Cases/REST_API/01_Categories/TC02_CreateCategory" status="PASSED">
         <system-out><![CDATA[2022-05-16 19:15:52 - [TEST_CASE][PASSED] - Test Cases/REST_API/01_Categories/TC02_CreateCategory: Test Cases/REST_API/01_Categories/TC02_CreateCategory

2022-05-16 19:15:53 - [TEST_STEP][PASSED] - Response = sendRequest(findTestObject("REST_API/01_Categories/CreateCategory")): Send request successfully

2022-05-16 19:15:53 - [MESSAGE][INFO] - HAR: F:\1. UNNES\6. Semester 6\2 - MSIB\final-project-qe-alta4\final-project-qe-alta\Reports\20220516_191543\REST_API\REST_API\20220516_191544\requests\main\1.har

2022-05-16 19:15:53 - [MESSAGE][PASSED] - Send request successfully

2022-05-16 19:15:53 - [TEST_STEP][PASSED] - verifyResponseStatusCode(Response, 200): Verify response status code successfully

2022-05-16 19:15:53 - [MESSAGE][PASSED] - Verify response status code successfully

2022-05-16 19:15:53 - [TEST_STEP][PASSED] - verifyElementPropertyValue(Response, "data.Name", "health"): Verify element property value successfully

2022-05-16 19:15:53 - [MESSAGE][PASSED] - Verify element property value successfully]]></system-out>
         <system-err><![CDATA[]]></system-err>
      </testcase>
      <testcase name="Test Cases/REST_API/01_Categories/TC03_CreateCategoryInvalidName" time="0.884" classname="Test Cases/REST_API/01_Categories/TC03_CreateCategoryInvalidName" status="PASSED">
         <system-out><![CDATA[2022-05-16 19:15:53 - [TEST_CASE][PASSED] - Test Cases/REST_API/01_Categories/TC03_CreateCategoryInvalidName: Test Cases/REST_API/01_Categories/TC03_CreateCategoryInvalidName

2022-05-16 19:15:54 - [TEST_STEP][PASSED] - Response = sendRequest(findTestObject("REST_API/01_Categories/CreateCategory_InvalidName")): Send request successfully

2022-05-16 19:15:54 - [MESSAGE][INFO] - HAR: F:\1. UNNES\6. Semester 6\2 - MSIB\final-project-qe-alta4\final-project-qe-alta\Reports\20220516_191543\REST_API\REST_API\20220516_191544\requests\main\2.har

2022-05-16 19:15:54 - [MESSAGE][PASSED] - Send request successfully

2022-05-16 19:15:54 - [TEST_STEP][PASSED] - verifyResponseStatusCode(Response, 400): Verify response status code successfully

2022-05-16 19:15:54 - [MESSAGE][PASSED] - Verify response status code successfully

2022-05-16 19:15:54 - [TEST_STEP][PASSED] - verifyElementPropertyValue(Response, "error", "invalid character 'h' looking for beginning of value"): Verify element property value successfully

2022-05-16 19:15:54 - [MESSAGE][PASSED] - Verify element property value successfully]]></system-out>
         <system-err><![CDATA[]]></system-err>
      </testcase>
      <testcase name="Test Cases/REST_API/01_Categories/TC04_CreateCategoryEmptyName" time="0.856" classname="Test Cases/REST_API/01_Categories/TC04_CreateCategoryEmptyName" status="PASSED">
         <system-out><![CDATA[2022-05-16 19:15:54 - [TEST_CASE][PASSED] - Test Cases/REST_API/01_Categories/TC04_CreateCategoryEmptyName: Test Cases/REST_API/01_Categories/TC04_CreateCategoryEmptyName

2022-05-16 19:15:55 - [TEST_STEP][PASSED] - Response = sendRequest(findTestObject("REST_API/01_Categories/CreateCategory_EmptyName")): Send request successfully

2022-05-16 19:15:55 - [MESSAGE][INFO] - HAR: F:\1. UNNES\6. Semester 6\2 - MSIB\final-project-qe-alta4\final-project-qe-alta\Reports\20220516_191543\REST_API\REST_API\20220516_191544\requests\main\3.har

2022-05-16 19:15:55 - [MESSAGE][PASSED] - Send request successfully

2022-05-16 19:15:55 - [TEST_STEP][PASSED] - verifyResponseStatusCode(Response, 500): Verify response status code successfully

2022-05-16 19:15:55 - [MESSAGE][PASSED] - Verify response status code successfully

2022-05-16 19:15:55 - [TEST_STEP][PASSED] - verifyElementPropertyValue(Response, "error", "ERROR: new row for relation "categories" violates check constraint "categories_name_check" (SQLSTATE 23514)"): Verify element property value successfully

2022-05-16 19:15:55 - [MESSAGE][PASSED] - Verify element property value successfully]]></system-out>
         <system-err><![CDATA[]]></system-err>
      </testcase>
      <testcase name="Test Cases/REST_API/01_Categories/TC05_CreateCategory_EmptyData" time="0.721" classname="Test Cases/REST_API/01_Categories/TC05_CreateCategory_EmptyData" status="PASSED">
         <system-out><![CDATA[2022-05-16 19:15:55 - [TEST_CASE][PASSED] - Test Cases/REST_API/01_Categories/TC05_CreateCategory_EmptyData: Test Cases/REST_API/01_Categories/TC05_CreateCategory_EmptyData

2022-05-16 19:15:55 - [TEST_STEP][PASSED] - Response = sendRequest(findTestObject("REST_API/01_Categories/CreateCategory_EmptyData")): Send request successfully

2022-05-16 19:15:56 - [MESSAGE][INFO] - HAR: F:\1. UNNES\6. Semester 6\2 - MSIB\final-project-qe-alta4\final-project-qe-alta\Reports\20220516_191543\REST_API\REST_API\20220516_191544\requests\main\4.har

2022-05-16 19:15:56 - [MESSAGE][PASSED] - Send request successfully

2022-05-16 19:15:56 - [TEST_STEP][PASSED] - verifyResponseStatusCode(Response, 400): Verify response status code successfully

2022-05-16 19:15:56 - [MESSAGE][PASSED] - Verify response status code successfully

2022-05-16 19:15:56 - [TEST_STEP][PASSED] - verifyElementPropertyValue(Response, "error", "EOF"): Verify element property value successfully

2022-05-16 19:15:56 - [MESSAGE][PASSED] - Verify element property value successfully]]></system-out>
         <system-err><![CDATA[]]></system-err>
      </testcase>
      <testcase name="Test Cases/REST_API/02_Products/TC01_GetAllProduct" time="1.318" classname="Test Cases/REST_API/02_Products/TC01_GetAllProduct" status="PASSED">
         <system-out><![CDATA[2022-05-16 19:15:56 - [TEST_CASE][PASSED] - Test Cases/REST_API/02_Products/TC01_GetAllProduct: Test Cases/REST_API/02_Products/TC01_GetAllProduct

2022-05-16 19:15:56 - [TEST_STEP][PASSED] - Response = sendRequest(findTestObject("REST_API/02_Products/GetAllProduct")): Send request successfully

2022-05-16 19:15:57 - [MESSAGE][INFO] - HAR: F:\1. UNNES\6. Semester 6\2 - MSIB\final-project-qe-alta4\final-project-qe-alta\Reports\20220516_191543\REST_API\REST_API\20220516_191544\requests\main\5.har

2022-05-16 19:15:57 - [MESSAGE][PASSED] - Send request successfully

2022-05-16 19:15:57 - [TEST_STEP][PASSED] - verifyResponseStatusCode(Response, 200): Verify response status code successfully

2022-05-16 19:15:57 - [MESSAGE][PASSED] - Verify response status code successfully]]></system-out>
         <system-err><![CDATA[]]></system-err>
      </testcase>
      <testcase name="Test Cases/REST_API/02_Products/TC02_GetProductById" time="0.876" classname="Test Cases/REST_API/02_Products/TC02_GetProductById" status="PASSED">
         <system-out><![CDATA[2022-05-16 19:15:57 - [TEST_CASE][PASSED] - Test Cases/REST_API/02_Products/TC02_GetProductById: Test Cases/REST_API/02_Products/TC02_GetProductById

2022-05-16 19:15:57 - [TEST_STEP][PASSED] - Response = sendRequest(findTestObject("REST_API/02_Products/GetProductById")): Send request successfully

2022-05-16 19:15:58 - [MESSAGE][INFO] - HAR: F:\1. UNNES\6. Semester 6\2 - MSIB\final-project-qe-alta4\final-project-qe-alta\Reports\20220516_191543\REST_API\REST_API\20220516_191544\requests\main\6.har

2022-05-16 19:15:58 - [MESSAGE][PASSED] - Send request successfully

2022-05-16 19:15:58 - [TEST_STEP][PASSED] - verifyResponseStatusCode(Response, 200): Verify response status code successfully

2022-05-16 19:15:58 - [MESSAGE][PASSED] - Verify response status code successfully

2022-05-16 19:15:58 - [TEST_STEP][PASSED] - verifyElementPropertyValue(Response, "data.ID", 1468): Verify element property value successfully

2022-05-16 19:15:58 - [MESSAGE][PASSED] - Verify element property value successfully]]></system-out>
         <system-err><![CDATA[]]></system-err>
      </testcase>
      <testcase name="Test Cases/REST_API/02_Products/TC03_GetProductByInvalidId" time="1.05" classname="Test Cases/REST_API/02_Products/TC03_GetProductByInvalidId" status="PASSED">
         <system-out><![CDATA[2022-05-16 19:15:58 - [TEST_CASE][PASSED] - Test Cases/REST_API/02_Products/TC03_GetProductByInvalidId: Test Cases/REST_API/02_Products/TC03_GetProductByInvalidId

2022-05-16 19:15:59 - [TEST_STEP][PASSED] - Response = sendRequest(findTestObject("REST_API/02_Products/GetProductById_InvalidID")): Send request successfully

2022-05-16 19:15:59 - [MESSAGE][INFO] - HAR: F:\1. UNNES\6. Semester 6\2 - MSIB\final-project-qe-alta4\final-project-qe-alta\Reports\20220516_191543\REST_API\REST_API\20220516_191544\requests\main\7.har

2022-05-16 19:15:59 - [MESSAGE][PASSED] - Send request successfully

2022-05-16 19:15:59 - [TEST_STEP][PASSED] - verifyResponseStatusCode(Response, 404): Verify response status code successfully

2022-05-16 19:15:59 - [MESSAGE][PASSED] - Verify response status code successfully

2022-05-16 19:15:59 - [TEST_STEP][PASSED] - verifyElementPropertyValue(Response, "error", "record not found"): Verify element property value successfully

2022-05-16 19:15:59 - [MESSAGE][PASSED] - Verify element property value successfully]]></system-out>
         <system-err><![CDATA[]]></system-err>
      </testcase>
      <testcase name="Test Cases/REST_API/02_Products/TC04_CreateProduct" time="0.939" classname="Test Cases/REST_API/02_Products/TC04_CreateProduct" status="PASSED">
         <system-out><![CDATA[2022-05-16 19:15:59 - [TEST_CASE][PASSED] - Test Cases/REST_API/02_Products/TC04_CreateProduct: Test Cases/REST_API/02_Products/TC04_CreateProduct

2022-05-16 19:15:59 - [TEST_STEP][PASSED] - Response = sendRequest(findTestObject("REST_API/02_Products/CreateProduct")): Send request successfully

2022-05-16 19:16:00 - [MESSAGE][INFO] - HAR: F:\1. UNNES\6. Semester 6\2 - MSIB\final-project-qe-alta4\final-project-qe-alta\Reports\20220516_191543\REST_API\REST_API\20220516_191544\requests\main\8.har

2022-05-16 19:16:00 - [MESSAGE][PASSED] - Send request successfully

2022-05-16 19:16:00 - [TEST_STEP][PASSED] - verifyResponseStatusCode(Response, 200): Verify response status code successfully

2022-05-16 19:16:00 - [MESSAGE][PASSED] - Verify response status code successfully

2022-05-16 19:16:00 - [TEST_STEP][PASSED] - verifyElementPropertyValue(Response, "data.Name", "Tensi Darah Elektrik"): Verify element property value successfully

2022-05-16 19:16:00 - [MESSAGE][PASSED] - Verify element property value successfully]]></system-out>
         <system-err><![CDATA[]]></system-err>
      </testcase>
      <testcase name="Test Cases/REST_API/02_Products/TC05_CreateProductDecimalPrice" time="0.866" classname="Test Cases/REST_API/02_Products/TC05_CreateProductDecimalPrice" status="PASSED">
         <system-out><![CDATA[2022-05-16 19:16:00 - [TEST_CASE][PASSED] - Test Cases/REST_API/02_Products/TC05_CreateProductDecimalPrice: Test Cases/REST_API/02_Products/TC05_CreateProductDecimalPrice

2022-05-16 19:16:00 - [TEST_STEP][PASSED] - Response = sendRequest(findTestObject("REST_API/02_Products/CreateProduct_DecimalPrice")): Send request successfully

2022-05-16 19:16:01 - [MESSAGE][INFO] - HAR: F:\1. UNNES\6. Semester 6\2 - MSIB\final-project-qe-alta4\final-project-qe-alta\Reports\20220516_191543\REST_API\REST_API\20220516_191544\requests\main\9.har

2022-05-16 19:16:01 - [MESSAGE][PASSED] - Send request successfully

2022-05-16 19:16:01 - [TEST_STEP][PASSED] - verifyResponseStatusCode(Response, 400): Verify response status code successfully

2022-05-16 19:16:01 - [MESSAGE][PASSED] - Verify response status code successfully

2022-05-16 19:16:01 - [TEST_STEP][PASSED] - verifyElementPropertyValue(Response, "error", "json: cannot unmarshal number 2400.00 into Go struct field ProductCreate.price of type uint"): Verify element property value successfully

2022-05-16 19:16:01 - [MESSAGE][PASSED] - Verify element property value successfully]]></system-out>
         <system-err><![CDATA[]]></system-err>
      </testcase>
      <testcase name="Test Cases/REST_API/02_Products/TC06_CreateProductEmptyName" time="0.887" classname="Test Cases/REST_API/02_Products/TC06_CreateProductEmptyName" status="PASSED">
         <system-out><![CDATA[2022-05-16 19:16:01 - [TEST_CASE][PASSED] - Test Cases/REST_API/02_Products/TC06_CreateProductEmptyName: Test Cases/REST_API/02_Products/TC06_CreateProductEmptyName

2022-05-16 19:16:01 - [TEST_STEP][PASSED] - Response = sendRequest(findTestObject("REST_API/02_Products/CreateProduct_EmptyName")): Send request successfully

2022-05-16 19:16:02 - [MESSAGE][INFO] - HAR: F:\1. UNNES\6. Semester 6\2 - MSIB\final-project-qe-alta4\final-project-qe-alta\Reports\20220516_191543\REST_API\REST_API\20220516_191544\requests\main\10.har

2022-05-16 19:16:02 - [MESSAGE][PASSED] - Send request successfully

2022-05-16 19:16:02 - [TEST_STEP][PASSED] - verifyResponseStatusCode(Response, 500): Verify response status code successfully

2022-05-16 19:16:02 - [MESSAGE][PASSED] - Verify response status code successfully

2022-05-16 19:16:02 - [TEST_STEP][PASSED] - verifyElementPropertyValue(Response, "error", "ERROR: new row for relation "products" violates check constraint "products_name_check" (SQLSTATE 23514)"): Verify element property value successfully

2022-05-16 19:16:02 - [MESSAGE][PASSED] - Verify element property value successfully]]></system-out>
         <system-err><![CDATA[]]></system-err>
      </testcase>
      <testcase name="Test Cases/REST_API/02_Products/TC07_CreateProductInvalidCategory" time="0.778" classname="Test Cases/REST_API/02_Products/TC07_CreateProductInvalidCategory" status="PASSED">
         <system-out><![CDATA[2022-05-16 19:16:02 - [TEST_CASE][PASSED] - Test Cases/REST_API/02_Products/TC07_CreateProductInvalidCategory: Test Cases/REST_API/02_Products/TC07_CreateProductInvalidCategory

2022-05-16 19:16:02 - [TEST_STEP][PASSED] - Response = sendRequest(findTestObject("REST_API/02_Products/CreateProduct_InvalidCategory")): Send request successfully

2022-05-16 19:16:02 - [MESSAGE][INFO] - HAR: F:\1. UNNES\6. Semester 6\2 - MSIB\final-project-qe-alta4\final-project-qe-alta\Reports\20220516_191543\REST_API\REST_API\20220516_191544\requests\main\11.har

2022-05-16 19:16:02 - [MESSAGE][PASSED] - Send request successfully

2022-05-16 19:16:02 - [TEST_STEP][PASSED] - verifyResponseStatusCode(Response, 400): Verify response status code successfully

2022-05-16 19:16:02 - [MESSAGE][PASSED] - Verify response status code successfully

2022-05-16 19:16:02 - [TEST_STEP][PASSED] - verifyElementPropertyValue(Response, "error", "json: cannot unmarshal string into Go struct field ProductCreate.categories of type uint"): Verify element property value successfully

2022-05-16 19:16:02 - [MESSAGE][PASSED] - Verify element property value successfully]]></system-out>
         <system-err><![CDATA[]]></system-err>
      </testcase>
      <testcase name="Test Cases/REST_API/03_Auth/TC01_Register" time="0.731" classname="Test Cases/REST_API/03_Auth/TC01_Register" status="PASSED">
         <system-out><![CDATA[2022-05-16 19:16:02 - [TEST_CASE][PASSED] - Test Cases/REST_API/03_Auth/TC01_Register: Test Cases/REST_API/03_Auth/TC01_Register

2022-05-16 19:16:03 - [TEST_STEP][PASSED] - Response = sendRequest(findTestObject("REST_API/03_Auth/Register")): Send request successfully

2022-05-16 19:16:03 - [MESSAGE][INFO] - HAR: F:\1. UNNES\6. Semester 6\2 - MSIB\final-project-qe-alta4\final-project-qe-alta\Reports\20220516_191543\REST_API\REST_API\20220516_191544\requests\main\12.har

2022-05-16 19:16:03 - [MESSAGE][PASSED] - Send request successfully

2022-05-16 19:16:03 - [TEST_STEP][PASSED] - verifyResponseStatusCode(Response, 200): Verify response status code successfully

2022-05-16 19:16:03 - [MESSAGE][PASSED] - Verify response status code successfully

2022-05-16 19:16:03 - [TEST_STEP][PASSED] - verifyElementPropertyValue(Response, "data.Fullname", "Alex Under"): Verify element property value successfully

2022-05-16 19:16:03 - [MESSAGE][PASSED] - Verify element property value successfully]]></system-out>
         <system-err><![CDATA[]]></system-err>
      </testcase>
      <testcase name="Test Cases/REST_API/03_Auth/TC02_RegisterEmptyEmail" time="0.771" classname="Test Cases/REST_API/03_Auth/TC02_RegisterEmptyEmail" status="PASSED">
         <system-out><![CDATA[2022-05-16 19:16:03 - [TEST_CASE][PASSED] - Test Cases/REST_API/03_Auth/TC02_RegisterEmptyEmail: Test Cases/REST_API/03_Auth/TC02_RegisterEmptyEmail

2022-05-16 19:16:04 - [TEST_STEP][PASSED] - Response = sendRequest(findTestObject("REST_API/03_Auth/Register_EmptyEmail")): Send request successfully

2022-05-16 19:16:04 - [MESSAGE][INFO] - HAR: F:\1. UNNES\6. Semester 6\2 - MSIB\final-project-qe-alta4\final-project-qe-alta\Reports\20220516_191543\REST_API\REST_API\20220516_191544\requests\main\13.har

2022-05-16 19:16:04 - [MESSAGE][PASSED] - Send request successfully

2022-05-16 19:16:04 - [TEST_STEP][PASSED] - verifyResponseStatusCode(Response, 400): Verify response status code successfully

2022-05-16 19:16:04 - [MESSAGE][PASSED] - Verify response status code successfully

2022-05-16 19:16:04 - [TEST_STEP][PASSED] - verifyElementPropertyValue(Response, "error", "email is required"): Verify element property value successfully

2022-05-16 19:16:04 - [MESSAGE][PASSED] - Verify element property value successfully]]></system-out>
         <system-err><![CDATA[]]></system-err>
      </testcase>
      <testcase name="Test Cases/REST_API/03_Auth/TC03_RegisterEmptyName" time="0.811" classname="Test Cases/REST_API/03_Auth/TC03_RegisterEmptyName" status="PASSED">
         <system-out><![CDATA[2022-05-16 19:16:04 - [TEST_CASE][PASSED] - Test Cases/REST_API/03_Auth/TC03_RegisterEmptyName: Test Cases/REST_API/03_Auth/TC03_RegisterEmptyName

2022-05-16 19:16:04 - [TEST_STEP][PASSED] - Response = sendRequest(findTestObject("REST_API/03_Auth/Register_EmptyName")): Send request successfully

2022-05-16 19:16:05 - [MESSAGE][INFO] - HAR: F:\1. UNNES\6. Semester 6\2 - MSIB\final-project-qe-alta4\final-project-qe-alta\Reports\20220516_191543\REST_API\REST_API\20220516_191544\requests\main\14.har

2022-05-16 19:16:05 - [MESSAGE][PASSED] - Send request successfully

2022-05-16 19:16:05 - [TEST_STEP][PASSED] - verifyResponseStatusCode(Response, 400): Verify response status code successfully

2022-05-16 19:16:05 - [MESSAGE][PASSED] - Verify response status code successfully

2022-05-16 19:16:05 - [TEST_STEP][PASSED] - verifyElementPropertyValue(Response, "error", "fullname is required"): Verify element property value successfully

2022-05-16 19:16:05 - [MESSAGE][PASSED] - Verify element property value successfully]]></system-out>
         <system-err><![CDATA[]]></system-err>
      </testcase>
      <testcase name="Test Cases/REST_API/03_Auth/TC04_RegisterEmptyPassword" time="0.82" classname="Test Cases/REST_API/03_Auth/TC04_RegisterEmptyPassword" status="PASSED">
         <system-out><![CDATA[2022-05-16 19:16:05 - [TEST_CASE][PASSED] - Test Cases/REST_API/03_Auth/TC04_RegisterEmptyPassword: Test Cases/REST_API/03_Auth/TC04_RegisterEmptyPassword

2022-05-16 19:16:05 - [TEST_STEP][PASSED] - Response = sendRequest(findTestObject("REST_API/03_Auth/Register_EmptyPassword")): Send request successfully

2022-05-16 19:16:06 - [MESSAGE][INFO] - HAR: F:\1. UNNES\6. Semester 6\2 - MSIB\final-project-qe-alta4\final-project-qe-alta\Reports\20220516_191543\REST_API\REST_API\20220516_191544\requests\main\15.har

2022-05-16 19:16:06 - [MESSAGE][PASSED] - Send request successfully

2022-05-16 19:16:06 - [TEST_STEP][PASSED] - verifyResponseStatusCode(Response, 400): Verify response status code successfully

2022-05-16 19:16:06 - [MESSAGE][PASSED] - Verify response status code successfully

2022-05-16 19:16:06 - [TEST_STEP][PASSED] - verifyElementPropertyValue(Response, "error", "password is required"): Verify element property value successfully

2022-05-16 19:16:06 - [MESSAGE][PASSED] - Verify element property value successfully]]></system-out>
         <system-err><![CDATA[]]></system-err>
      </testcase>
      <testcase name="Test Cases/REST_API/03_Auth/TC05_RegisterWithRegisteredEmail" time="0.794" classname="Test Cases/REST_API/03_Auth/TC05_RegisterWithRegisteredEmail" status="PASSED">
         <system-out><![CDATA[2022-05-16 19:16:06 - [TEST_CASE][PASSED] - Test Cases/REST_API/03_Auth/TC05_RegisterWithRegisteredEmail: Test Cases/REST_API/03_Auth/TC05_RegisterWithRegisteredEmail

2022-05-16 19:16:06 - [TEST_STEP][PASSED] - Response = sendRequest(findTestObject("REST_API/03_Auth/Register_RegisteredEmail")): Send request successfully

2022-05-16 19:16:06 - [MESSAGE][INFO] - HAR: F:\1. UNNES\6. Semester 6\2 - MSIB\final-project-qe-alta4\final-project-qe-alta\Reports\20220516_191543\REST_API\REST_API\20220516_191544\requests\main\16.har

2022-05-16 19:16:06 - [MESSAGE][PASSED] - Send request successfully

2022-05-16 19:16:06 - [TEST_STEP][PASSED] - verifyResponseStatusCode(Response, 400): Verify response status code successfully

2022-05-16 19:16:06 - [MESSAGE][PASSED] - Verify response status code successfully

2022-05-16 19:16:06 - [TEST_STEP][PASSED] - verifyElementPropertyValue(Response, "error", "ERROR: duplicate key value violates unique constraint "users_email_key" (SQLSTATE 23505)"): Verify element property value successfully

2022-05-16 19:16:06 - [MESSAGE][PASSED] - Verify element property value successfully]]></system-out>
         <system-err><![CDATA[]]></system-err>
      </testcase>
      <testcase name="Test Cases/REST_API/03_Auth/TC06_Login" time="0.753" classname="Test Cases/REST_API/03_Auth/TC06_Login" status="PASSED">
         <system-out><![CDATA[2022-05-16 19:16:06 - [TEST_CASE][PASSED] - Test Cases/REST_API/03_Auth/TC06_Login: Test Cases/REST_API/03_Auth/TC06_Login

2022-05-16 19:16:07 - [TEST_STEP][PASSED] - Response = sendRequest(findTestObject("REST_API/03_Auth/Login")): Send request successfully

2022-05-16 19:16:07 - [MESSAGE][INFO] - HAR: F:\1. UNNES\6. Semester 6\2 - MSIB\final-project-qe-alta4\final-project-qe-alta\Reports\20220516_191543\REST_API\REST_API\20220516_191544\requests\main\17.har

2022-05-16 19:16:07 - [MESSAGE][PASSED] - Send request successfully

2022-05-16 19:16:07 - [TEST_STEP][PASSED] - verifyResponseStatusCode(Response, 200): Verify response status code successfully

2022-05-16 19:16:07 - [MESSAGE][PASSED] - Verify response status code successfully

2022-05-16 19:16:07 - [TEST_STEP][PASSED] - verifyElementPropertyValue(Response, "data", "eyJhbGciOiJIUzI1NiIsInR5cCI6IkpXVCJ9.eyJGdWxsbmFtZSI6IiAiLCJFbWFpbCI6InNhbHNhYmlsYUBnbWFpbC5jb20ifQ.bFDWh__G0S0QFNpiprotKPnDgDwgZS6ZOiS8Z7108AQ"): Verify element property value successfully

2022-05-16 19:16:07 - [MESSAGE][PASSED] - Verify element property value successfully]]></system-out>
         <system-err><![CDATA[]]></system-err>
      </testcase>
      <testcase name="Test Cases/REST_API/03_Auth/TC07_LoginEmptyEmail" time="0.789" classname="Test Cases/REST_API/03_Auth/TC07_LoginEmptyEmail" status="PASSED">
         <system-out><![CDATA[2022-05-16 19:16:07 - [TEST_CASE][PASSED] - Test Cases/REST_API/03_Auth/TC07_LoginEmptyEmail: Test Cases/REST_API/03_Auth/TC07_LoginEmptyEmail

2022-05-16 19:16:08 - [TEST_STEP][PASSED] - Response = sendRequest(findTestObject("REST_API/03_Auth/Login_EmptyEmail")): Send request successfully

2022-05-16 19:16:08 - [MESSAGE][INFO] - HAR: F:\1. UNNES\6. Semester 6\2 - MSIB\final-project-qe-alta4\final-project-qe-alta\Reports\20220516_191543\REST_API\REST_API\20220516_191544\requests\main\18.har

2022-05-16 19:16:08 - [MESSAGE][PASSED] - Send request successfully

2022-05-16 19:16:08 - [TEST_STEP][PASSED] - verifyResponseStatusCode(Response, 400): Verify response status code successfully

2022-05-16 19:16:08 - [MESSAGE][PASSED] - Verify response status code successfully

2022-05-16 19:16:08 - [TEST_STEP][PASSED] - verifyElementPropertyValue(Response, "error", "email is required"): Verify element property value successfully

2022-05-16 19:16:08 - [MESSAGE][PASSED] - Verify element property value successfully]]></system-out>
         <system-err><![CDATA[]]></system-err>
      </testcase>
      <testcase name="Test Cases/REST_API/03_Auth/TC09_LoginInvalidEmail" time="0.742" classname="Test Cases/REST_API/03_Auth/TC09_LoginInvalidEmail" status="PASSED">
         <system-out><![CDATA[2022-05-16 19:16:08 - [TEST_CASE][PASSED] - Test Cases/REST_API/03_Auth/TC09_LoginInvalidEmail: Test Cases/REST_API/03_Auth/TC09_LoginInvalidEmail

2022-05-16 19:16:08 - [TEST_STEP][PASSED] - Response = sendRequest(findTestObject("REST_API/03_Auth/Login_UnregisteredEmail")): Send request successfully

2022-05-16 19:16:09 - [MESSAGE][INFO] - HAR: F:\1. UNNES\6. Semester 6\2 - MSIB\final-project-qe-alta4\final-project-qe-alta\Reports\20220516_191543\REST_API\REST_API\20220516_191544\requests\main\19.har

2022-05-16 19:16:09 - [MESSAGE][PASSED] - Send request successfully

2022-05-16 19:16:09 - [TEST_STEP][PASSED] - verifyResponseStatusCode(Response, 400): Verify response status code successfully

2022-05-16 19:16:09 - [MESSAGE][PASSED] - Verify response status code successfully

2022-05-16 19:16:09 - [TEST_STEP][PASSED] - verifyElementPropertyValue(Response, "error", "record not found"): Verify element property value successfully

2022-05-16 19:16:09 - [MESSAGE][PASSED] - Verify element property value successfully]]></system-out>
         <system-err><![CDATA[]]></system-err>
      </testcase>
      <testcase name="Test Cases/REST_API/03_Auth/TC08_LoginEmptyPassword" time="0.859" classname="Test Cases/REST_API/03_Auth/TC08_LoginEmptyPassword" status="PASSED">
         <system-out><![CDATA[2022-05-16 19:16:09 - [TEST_CASE][PASSED] - Test Cases/REST_API/03_Auth/TC08_LoginEmptyPassword: Test Cases/REST_API/03_Auth/TC08_LoginEmptyPassword

2022-05-16 19:16:09 - [TEST_STEP][PASSED] - Response = sendRequest(findTestObject("REST_API/03_Auth/Login_EmptyPassword")): Send request successfully

2022-05-16 19:16:10 - [MESSAGE][INFO] - HAR: F:\1. UNNES\6. Semester 6\2 - MSIB\final-project-qe-alta4\final-project-qe-alta\Reports\20220516_191543\REST_API\REST_API\20220516_191544\requests\main\20.har

2022-05-16 19:16:10 - [MESSAGE][PASSED] - Send request successfully

2022-05-16 19:16:10 - [TEST_STEP][PASSED] - verifyResponseStatusCode(Response, 400): Verify response status code successfully

2022-05-16 19:16:10 - [MESSAGE][PASSED] - Verify response status code successfully

2022-05-16 19:16:10 - [TEST_STEP][PASSED] - verifyElementPropertyValue(Response, "error", "password is required"): Verify element property value successfully

2022-05-16 19:16:10 - [MESSAGE][PASSED] - Verify element property value successfully]]></system-out>
         <system-err><![CDATA[]]></system-err>
      </testcase>
      <testcase name="Test Cases/REST_API/03_Auth/TC10_LoginUnregisteredPassword" time="0.788" classname="Test Cases/REST_API/03_Auth/TC10_LoginUnregisteredPassword" status="PASSED">
         <system-out><![CDATA[2022-05-16 19:16:10 - [TEST_CASE][PASSED] - Test Cases/REST_API/03_Auth/TC10_LoginUnregisteredPassword: Test Cases/REST_API/03_Auth/TC10_LoginUnregisteredPassword

2022-05-16 19:16:10 - [TEST_STEP][PASSED] - Response = sendRequest(findTestObject("REST_API/03_Auth/Login_InvalidPassword")): Send request successfully

2022-05-16 19:16:10 - [MESSAGE][INFO] - HAR: F:\1. UNNES\6. Semester 6\2 - MSIB\final-project-qe-alta4\final-project-qe-alta\Reports\20220516_191543\REST_API\REST_API\20220516_191544\requests\main\21.har

2022-05-16 19:16:10 - [MESSAGE][PASSED] - Send request successfully

2022-05-16 19:16:10 - [TEST_STEP][PASSED] - verifyResponseStatusCode(Response, 400): Verify response status code successfully

2022-05-16 19:16:10 - [MESSAGE][PASSED] - Verify response status code successfully

2022-05-16 19:16:10 - [TEST_STEP][PASSED] - verifyElementPropertyValue(Response, "error", "email or password is invalid"): Verify element property value successfully

2022-05-16 19:16:10 - [MESSAGE][PASSED] - Verify element property value successfully]]></system-out>
         <system-err><![CDATA[]]></system-err>
      </testcase>
      <testcase name="Test Cases/REST_API/04_Transactions/TC01_GetAllTransactions" time="0.819" classname="Test Cases/REST_API/04_Transactions/TC01_GetAllTransactions" status="PASSED">
         <system-out><![CDATA[2022-05-16 19:16:10 - [TEST_CASE][PASSED] - Test Cases/REST_API/04_Transactions/TC01_GetAllTransactions: Test Cases/REST_API/04_Transactions/TC01_GetAllTransactions

2022-05-16 19:16:11 - [TEST_STEP][PASSED] - Response = sendRequest(findTestObject("REST_API/04_Transactions/GetAllTransactions")): Send request successfully

2022-05-16 19:16:11 - [MESSAGE][INFO] - HAR: F:\1. UNNES\6. Semester 6\2 - MSIB\final-project-qe-alta4\final-project-qe-alta\Reports\20220516_191543\REST_API\REST_API\20220516_191544\requests\main\22.har

2022-05-16 19:16:11 - [MESSAGE][PASSED] - Send request successfully

2022-05-16 19:16:11 - [TEST_STEP][PASSED] - verifyResponseStatusCode(Response, 200): Verify response status code successfully

2022-05-16 19:16:11 - [MESSAGE][PASSED] - Verify response status code successfully]]></system-out>
         <system-err><![CDATA[]]></system-err>
      </testcase>
      <testcase name="Test Cases/REST_API/04_Transactions/TC02_CreateTransactions" time="0.666" classname="Test Cases/REST_API/04_Transactions/TC02_CreateTransactions" status="PASSED">
         <system-out><![CDATA[2022-05-16 19:16:11 - [TEST_CASE][PASSED] - Test Cases/REST_API/04_Transactions/TC02_CreateTransactions: Test Cases/REST_API/04_Transactions/TC02_CreateTransactions

2022-05-16 19:16:12 - [TEST_STEP][PASSED] - Response = sendRequest(findTestObject("REST_API/04_Transactions/CreateTransactions")): Send request successfully

2022-05-16 19:16:12 - [MESSAGE][INFO] - HAR: F:\1. UNNES\6. Semester 6\2 - MSIB\final-project-qe-alta4\final-project-qe-alta\Reports\20220516_191543\REST_API\REST_API\20220516_191544\requests\main\23.har

2022-05-16 19:16:12 - [MESSAGE][PASSED] - Send request successfully

2022-05-16 19:16:12 - [TEST_STEP][PASSED] - verifyResponseStatusCode(Response, 200): Verify response status code successfully

2022-05-16 19:16:12 - [MESSAGE][PASSED] - Verify response status code successfully

2022-05-16 19:16:12 - [TEST_STEP][PASSED] - verifyElementPropertyValue(Response, "data[0].Product.ID", 1468): Verify element property value successfully

2022-05-16 19:16:12 - [MESSAGE][PASSED] - Verify element property value successfully]]></system-out>
         <system-err><![CDATA[]]></system-err>
      </testcase>
      <testcase name="Test Cases/REST_API/04_Transactions/TC03_CreateTransactionsInvalidId" time="0.693" classname="Test Cases/REST_API/04_Transactions/TC03_CreateTransactionsInvalidId" status="PASSED">
         <system-out><![CDATA[2022-05-16 19:16:12 - [TEST_CASE][PASSED] - Test Cases/REST_API/04_Transactions/TC03_CreateTransactionsInvalidId: Test Cases/REST_API/04_Transactions/TC03_CreateTransactionsInvalidId

2022-05-16 19:16:12 - [TEST_STEP][PASSED] - Response = sendRequest(findTestObject("REST_API/04_Transactions/CreateTransactions_InvalidProductID")): Send request successfully

2022-05-16 19:16:13 - [MESSAGE][INFO] - HAR: F:\1. UNNES\6. Semester 6\2 - MSIB\final-project-qe-alta4\final-project-qe-alta\Reports\20220516_191543\REST_API\REST_API\20220516_191544\requests\main\24.har

2022-05-16 19:16:13 - [MESSAGE][PASSED] - Send request successfully

2022-05-16 19:16:13 - [TEST_STEP][PASSED] - verifyResponseStatusCode(Response, 400): Verify response status code successfully

2022-05-16 19:16:13 - [MESSAGE][PASSED] - Verify response status code successfully

2022-05-16 19:16:13 - [TEST_STEP][PASSED] - verifyElementPropertyValue(Response, "error", "invalid character 's' after object key:value pair"): Verify element property value successfully

2022-05-16 19:16:13 - [MESSAGE][PASSED] - Verify element property value successfully]]></system-out>
         <system-err><![CDATA[]]></system-err>
      </testcase>
      <testcase name="Test Cases/REST_API/04_Transactions/TC04_CreateTransactionsInvalidQuantity" time="0.757" classname="Test Cases/REST_API/04_Transactions/TC04_CreateTransactionsInvalidQuantity" status="PASSED">
         <system-out><![CDATA[2022-05-16 19:16:13 - [TEST_CASE][PASSED] - Test Cases/REST_API/04_Transactions/TC04_CreateTransactionsInvalidQuantity: Test Cases/REST_API/04_Transactions/TC04_CreateTransactionsInvalidQuantity

2022-05-16 19:16:13 - [TEST_STEP][PASSED] - Response = sendRequest(findTestObject("REST_API/04_Transactions/CreateTransactions_InvalidQuantity")): Send request successfully

2022-05-16 19:16:13 - [MESSAGE][INFO] - HAR: F:\1. UNNES\6. Semester 6\2 - MSIB\final-project-qe-alta4\final-project-qe-alta\Reports\20220516_191543\REST_API\REST_API\20220516_191544\requests\main\25.har

2022-05-16 19:16:13 - [MESSAGE][PASSED] - Send request successfully

2022-05-16 19:16:13 - [TEST_STEP][PASSED] - verifyResponseStatusCode(Response, 400): Verify response status code successfully

2022-05-16 19:16:13 - [MESSAGE][PASSED] - Verify response status code successfully

2022-05-16 19:16:13 - [TEST_STEP][PASSED] - verifyElementPropertyValue(Response, "error", "invalid character 'I' looking for beginning of value"): Verify element property value successfully

2022-05-16 19:16:13 - [MESSAGE][PASSED] - Verify element property value successfully]]></system-out>
         <system-err><![CDATA[]]></system-err>
      </testcase>
      <testcase name="Test Cases/REST_API/04_Transactions/TC05_CreateTransactionsEmptyData" time="0.648" classname="Test Cases/REST_API/04_Transactions/TC05_CreateTransactionsEmptyData" status="PASSED">
         <system-out><![CDATA[2022-05-16 19:16:13 - [TEST_CASE][PASSED] - Test Cases/REST_API/04_Transactions/TC05_CreateTransactionsEmptyData: Test Cases/REST_API/04_Transactions/TC05_CreateTransactionsEmptyData

2022-05-16 19:16:14 - [TEST_STEP][PASSED] - Response = sendRequest(findTestObject("REST_API/04_Transactions/CreateTransactions_EmptyData")): Send request successfully

2022-05-16 19:16:14 - [MESSAGE][INFO] - HAR: F:\1. UNNES\6. Semester 6\2 - MSIB\final-project-qe-alta4\final-project-qe-alta\Reports\20220516_191543\REST_API\REST_API\20220516_191544\requests\main\26.har

2022-05-16 19:16:14 - [MESSAGE][PASSED] - Send request successfully

2022-05-16 19:16:14 - [TEST_STEP][PASSED] - verifyResponseStatusCode(Response, 400): Verify response status code successfully

2022-05-16 19:16:14 - [MESSAGE][PASSED] - Verify response status code successfully

2022-05-16 19:16:14 - [TEST_STEP][PASSED] - verifyElementPropertyValue(Response, "error", "EOF"): Verify element property value successfully

2022-05-16 19:16:14 - [MESSAGE][PASSED] - Verify element property value successfully]]></system-out>
         <system-err><![CDATA[]]></system-err>
      </testcase>
      <testcase name="Test Cases/REST_API/04_Transactions/TC06_GetAllTransactionsInvalidToken" time="0.738" classname="Test Cases/REST_API/04_Transactions/TC06_GetAllTransactionsInvalidToken" status="PASSED">
         <system-out><![CDATA[2022-05-16 19:16:14 - [TEST_CASE][PASSED] - Test Cases/REST_API/04_Transactions/TC06_GetAllTransactionsInvalidToken: Test Cases/REST_API/04_Transactions/TC06_GetAllTransactionsInvalidToken

2022-05-16 19:16:14 - [TEST_STEP][PASSED] - Response = sendRequest(findTestObject("REST_API/04_Transactions/GetAllTransactions_InvalidToken")): Send request successfully

2022-05-16 19:16:15 - [MESSAGE][INFO] - HAR: F:\1. UNNES\6. Semester 6\2 - MSIB\final-project-qe-alta4\final-project-qe-alta\Reports\20220516_191543\REST_API\REST_API\20220516_191544\requests\main\27.har

2022-05-16 19:16:15 - [MESSAGE][PASSED] - Send request successfully

2022-05-16 19:16:15 - [TEST_STEP][PASSED] - verifyResponseStatusCode(Response, 401): Verify response status code successfully

2022-05-16 19:16:15 - [MESSAGE][PASSED] - Verify response status code successfully

2022-05-16 19:16:15 - [TEST_STEP][PASSED] - verifyElementPropertyValue(Response, "error", "signature is invalid"): Verify element property value successfully

2022-05-16 19:16:15 - [MESSAGE][PASSED] - Verify element property value successfully]]></system-out>
         <system-err><![CDATA[]]></system-err>
      </testcase>
      <testcase name="Test Cases/REST_API/04_Transactions/TC07_CreateTransactionsInvalidToken" time="0.87" classname="Test Cases/REST_API/04_Transactions/TC07_CreateTransactionsInvalidToken" status="PASSED">
         <system-out><![CDATA[2022-05-16 19:16:15 - [TEST_CASE][PASSED] - Test Cases/REST_API/04_Transactions/TC07_CreateTransactionsInvalidToken: Test Cases/REST_API/04_Transactions/TC07_CreateTransactionsInvalidToken

2022-05-16 19:16:15 - [TEST_STEP][PASSED] - Response = sendRequest(findTestObject("REST_API/04_Transactions/CreateTransactions_InvalidToken")): Send request successfully

2022-05-16 19:16:16 - [MESSAGE][INFO] - HAR: F:\1. UNNES\6. Semester 6\2 - MSIB\final-project-qe-alta4\final-project-qe-alta\Reports\20220516_191543\REST_API\REST_API\20220516_191544\requests\main\28.har

2022-05-16 19:16:16 - [MESSAGE][PASSED] - Send request successfully

2022-05-16 19:16:16 - [TEST_STEP][PASSED] - verifyResponseStatusCode(Response, 401): Verify response status code successfully

2022-05-16 19:16:16 - [MESSAGE][PASSED] - Verify response status code successfully

2022-05-16 19:16:16 - [TEST_STEP][PASSED] - verifyElementPropertyValue(Response, "error", "signature is invalid"): Verify element property value successfully

2022-05-16 19:16:16 - [MESSAGE][PASSED] - Verify element property value successfully]]></system-out>
         <system-err><![CDATA[]]></system-err>
      </testcase>
      <testcase name="Test Cases/REST_API/04_Transactions/TC08_CreateTransactionsEmptyToken" time="0.771" classname="Test Cases/REST_API/04_Transactions/TC08_CreateTransactionsEmptyToken" status="PASSED">
         <system-out><![CDATA[2022-05-16 19:16:16 - [TEST_CASE][PASSED] - Test Cases/REST_API/04_Transactions/TC08_CreateTransactionsEmptyToken: Test Cases/REST_API/04_Transactions/TC08_CreateTransactionsEmptyToken

2022-05-16 19:16:16 - [TEST_STEP][PASSED] - Response = sendRequest(findTestObject("REST_API/04_Transactions/CreateTransactions_EmptyToken")): Send request successfully

2022-05-16 19:16:16 - [MESSAGE][INFO] - HAR: F:\1. UNNES\6. Semester 6\2 - MSIB\final-project-qe-alta4\final-project-qe-alta\Reports\20220516_191543\REST_API\REST_API\20220516_191544\requests\main\29.har

2022-05-16 19:16:16 - [MESSAGE][PASSED] - Send request successfully

2022-05-16 19:16:16 - [TEST_STEP][PASSED] - verifyResponseStatusCode(Response, 401): Verify response status code successfully

2022-05-16 19:16:16 - [MESSAGE][PASSED] - Verify response status code successfully

2022-05-16 19:16:16 - [TEST_STEP][PASSED] - verifyElementPropertyValue(Response, "error", "unauthorized"): Verify element property value successfully

2022-05-16 19:16:16 - [MESSAGE][PASSED] - Verify element property value successfully]]></system-out>
         <system-err><![CDATA[]]></system-err>
      </testcase>
      <testcase name="Test Cases/REST_API/05_Ratings/TC01_GetProductRatings" time="0.83" classname="Test Cases/REST_API/05_Ratings/TC01_GetProductRatings" status="PASSED">
         <system-out><![CDATA[2022-05-16 19:16:16 - [TEST_CASE][PASSED] - Test Cases/REST_API/05_Ratings/TC01_GetProductRatings: Test Cases/REST_API/05_Ratings/TC01_GetProductRatings

2022-05-16 19:16:17 - [TEST_STEP][PASSED] - Response = sendRequest(findTestObject("REST_API/05_Ratings/GetProductRatings")): Send request successfully

2022-05-16 19:16:17 - [MESSAGE][INFO] - HAR: F:\1. UNNES\6. Semester 6\2 - MSIB\final-project-qe-alta4\final-project-qe-alta\Reports\20220516_191543\REST_API\REST_API\20220516_191544\requests\main\30.har

2022-05-16 19:16:17 - [MESSAGE][PASSED] - Send request successfully

2022-05-16 19:16:17 - [TEST_STEP][PASSED] - verifyResponseStatusCode(Response, 200): Verify response status code successfully

2022-05-16 19:16:17 - [MESSAGE][PASSED] - Verify response status code successfully

2022-05-16 19:16:17 - [TEST_STEP][PASSED] - verifyElementPropertyValue(Response, "data", 5): Verify element property value successfully

2022-05-16 19:16:17 - [MESSAGE][PASSED] - Verify element property value successfully]]></system-out>
         <system-err><![CDATA[]]></system-err>
      </testcase>
      <testcase name="Test Cases/REST_API/05_Ratings/TC02_GiveRatingToProduct" time="0.788" classname="Test Cases/REST_API/05_Ratings/TC02_GiveRatingToProduct" status="PASSED">
         <system-out><![CDATA[2022-05-16 19:16:17 - [TEST_CASE][PASSED] - Test Cases/REST_API/05_Ratings/TC02_GiveRatingToProduct: Test Cases/REST_API/05_Ratings/TC02_GiveRatingToProduct

2022-05-16 19:16:18 - [TEST_STEP][PASSED] - Response = sendRequest(findTestObject("REST_API/05_Ratings/GiveRatingToProduct")): Send request successfully

2022-05-16 19:16:18 - [MESSAGE][INFO] - HAR: F:\1. UNNES\6. Semester 6\2 - MSIB\final-project-qe-alta4\final-project-qe-alta\Reports\20220516_191543\REST_API\REST_API\20220516_191544\requests\main\31.har

2022-05-16 19:16:18 - [MESSAGE][PASSED] - Send request successfully

2022-05-16 19:16:18 - [TEST_STEP][PASSED] - verifyResponseStatusCode(Response, 200): Verify response status code successfully

2022-05-16 19:16:18 - [MESSAGE][PASSED] - Verify response status code successfully

2022-05-16 19:16:18 - [TEST_STEP][PASSED] - verifyElementPropertyValue(Response, "data.Ratings", 5): Verify element property value successfully

2022-05-16 19:16:18 - [MESSAGE][PASSED] - Verify element property value successfully]]></system-out>
         <system-err><![CDATA[]]></system-err>
      </testcase>
      <testcase name="Test Cases/REST_API/05_Ratings/TC03_GiveRatingtoProductInvalidRating" time="0.714" classname="Test Cases/REST_API/05_Ratings/TC03_GiveRatingtoProductInvalidRating" status="PASSED">
         <system-out><![CDATA[2022-05-16 19:16:18 - [TEST_CASE][PASSED] - Test Cases/REST_API/05_Ratings/TC03_GiveRatingtoProductInvalidRating: Test Cases/REST_API/05_Ratings/TC03_GiveRatingtoProductInvalidRating

2022-05-16 19:16:18 - [TEST_STEP][PASSED] - Response = sendRequest(findTestObject("REST_API/05_Ratings/GiveRatingToProduct_InvalidRating")): Send request successfully

2022-05-16 19:16:19 - [MESSAGE][INFO] - HAR: F:\1. UNNES\6. Semester 6\2 - MSIB\final-project-qe-alta4\final-project-qe-alta\Reports\20220516_191543\REST_API\REST_API\20220516_191544\requests\main\32.har

2022-05-16 19:16:19 - [MESSAGE][PASSED] - Send request successfully

2022-05-16 19:16:19 - [TEST_STEP][PASSED] - verifyResponseStatusCode(Response, 500): Verify response status code successfully

2022-05-16 19:16:19 - [MESSAGE][PASSED] - Verify response status code successfully

2022-05-16 19:16:19 - [TEST_STEP][PASSED] - verifyElementPropertyValue(Response, "error", "ERROR: new row for relation "ratings" violates check constraint "ratings_count_check" (SQLSTATE 23514)"): Verify element property value successfully

2022-05-16 19:16:19 - [MESSAGE][PASSED] - Verify element property value successfully]]></system-out>
         <system-err><![CDATA[]]></system-err>
      </testcase>
      <testcase name="Test Cases/REST_API/05_Ratings/TC04_GiveRatingToProductEmptyToken" time="0.821" classname="Test Cases/REST_API/05_Ratings/TC04_GiveRatingToProductEmptyToken" status="PASSED">
         <system-out><![CDATA[2022-05-16 19:16:19 - [TEST_CASE][PASSED] - Test Cases/REST_API/05_Ratings/TC04_GiveRatingToProductEmptyToken: Test Cases/REST_API/05_Ratings/TC04_GiveRatingToProductEmptyToken

2022-05-16 19:16:19 - [TEST_STEP][PASSED] - Response = sendRequest(findTestObject("REST_API/05_Ratings/GiveRatingToProduct_EmptyToken")): Send request successfully

2022-05-16 19:16:20 - [MESSAGE][INFO] - HAR: F:\1. UNNES\6. Semester 6\2 - MSIB\final-project-qe-alta4\final-project-qe-alta\Reports\20220516_191543\REST_API\REST_API\20220516_191544\requests\main\33.har

2022-05-16 19:16:20 - [MESSAGE][PASSED] - Send request successfully

2022-05-16 19:16:20 - [TEST_STEP][PASSED] - verifyResponseStatusCode(Response, 401): Verify response status code successfully

2022-05-16 19:16:20 - [MESSAGE][PASSED] - Verify response status code successfully

2022-05-16 19:16:20 - [TEST_STEP][PASSED] - verifyElementPropertyValue(Response, "error", "unauthorized"): Verify element property value successfully

2022-05-16 19:16:20 - [MESSAGE][PASSED] - Verify element property value successfully]]></system-out>
         <system-err><![CDATA[]]></system-err>
      </testcase>
      <testcase name="Test Cases/REST_API/05_Ratings/TC05_GiveRatingToProductInvalidToken" time="0.719" classname="Test Cases/REST_API/05_Ratings/TC05_GiveRatingToProductInvalidToken" status="PASSED">
         <system-out><![CDATA[2022-05-16 19:16:20 - [TEST_CASE][PASSED] - Test Cases/REST_API/05_Ratings/TC05_GiveRatingToProductInvalidToken: Test Cases/REST_API/05_Ratings/TC05_GiveRatingToProductInvalidToken

2022-05-16 19:16:20 - [TEST_STEP][PASSED] - Response = sendRequest(findTestObject("REST_API/05_Ratings/GiveRatingToProduct_InvalidToken")): Send request successfully

2022-05-16 19:16:20 - [MESSAGE][INFO] - HAR: F:\1. UNNES\6. Semester 6\2 - MSIB\final-project-qe-alta4\final-project-qe-alta\Reports\20220516_191543\REST_API\REST_API\20220516_191544\requests\main\34.har

2022-05-16 19:16:20 - [MESSAGE][PASSED] - Send request successfully

2022-05-16 19:16:20 - [TEST_STEP][PASSED] - verifyResponseStatusCode(Response, 401): Verify response status code successfully

2022-05-16 19:16:20 - [MESSAGE][PASSED] - Verify response status code successfully

2022-05-16 19:16:20 - [TEST_STEP][PASSED] - verifyElementPropertyValue(Response, "error", "signature is invalid"): Verify element property value successfully

2022-05-16 19:16:20 - [MESSAGE][PASSED] - Verify element property value successfully]]></system-out>
         <system-err><![CDATA[]]></system-err>
      </testcase>
      <testcase name="Test Cases/REST_API/06_Comments/TC01_GetProductComments" time="0.716" classname="Test Cases/REST_API/06_Comments/TC01_GetProductComments" status="PASSED">
         <system-out><![CDATA[2022-05-16 19:16:20 - [TEST_CASE][PASSED] - Test Cases/REST_API/06_Comments/TC01_GetProductComments: Test Cases/REST_API/06_Comments/TC01_GetProductComments

2022-05-16 19:16:21 - [TEST_STEP][PASSED] - Response = sendRequest(findTestObject("REST_API/06_Comments/GetProductComments")): Send request successfully

2022-05-16 19:16:21 - [MESSAGE][INFO] - HAR: F:\1. UNNES\6. Semester 6\2 - MSIB\final-project-qe-alta4\final-project-qe-alta\Reports\20220516_191543\REST_API\REST_API\20220516_191544\requests\main\35.har

2022-05-16 19:16:21 - [MESSAGE][PASSED] - Send request successfully

2022-05-16 19:16:21 - [TEST_STEP][PASSED] - verifyResponseStatusCode(Response, 200): Verify response status code successfully

2022-05-16 19:16:21 - [MESSAGE][PASSED] - Verify response status code successfully

2022-05-16 19:16:21 - [TEST_STEP][PASSED] - verifyElementPropertyValue(Response, "data[0].Content", "mantap"): Verify element property value successfully

2022-05-16 19:16:21 - [MESSAGE][PASSED] - Verify element property value successfully]]></system-out>
         <system-err><![CDATA[]]></system-err>
      </testcase>
      <testcase name="Test Cases/REST_API/06_Comments/TC02_WriteCommentToProduct" time="0.799" classname="Test Cases/REST_API/06_Comments/TC02_WriteCommentToProduct" status="PASSED">
         <system-out><![CDATA[2022-05-16 19:16:21 - [TEST_CASE][PASSED] - Test Cases/REST_API/06_Comments/TC02_WriteCommentToProduct: Test Cases/REST_API/06_Comments/TC02_WriteCommentToProduct

2022-05-16 19:16:21 - [TEST_STEP][PASSED] - Response = sendRequest(findTestObject("REST_API/06_Comments/WriteCommentToProduct")): Send request successfully

2022-05-16 19:16:22 - [MESSAGE][INFO] - HAR: F:\1. UNNES\6. Semester 6\2 - MSIB\final-project-qe-alta4\final-project-qe-alta\Reports\20220516_191543\REST_API\REST_API\20220516_191544\requests\main\36.har

2022-05-16 19:16:22 - [MESSAGE][PASSED] - Send request successfully

2022-05-16 19:16:22 - [TEST_STEP][PASSED] - verifyResponseStatusCode(Response, 200): Verify response status code successfully

2022-05-16 19:16:22 - [MESSAGE][PASSED] - Verify response status code successfully

2022-05-16 19:16:22 - [TEST_STEP][PASSED] - verifyElementPropertyValue(Response, "data.Content", "mantap"): Verify element property value successfully

2022-05-16 19:16:22 - [MESSAGE][PASSED] - Verify element property value successfully]]></system-out>
         <system-err><![CDATA[]]></system-err>
      </testcase>
      <testcase name="Test Cases/REST_API/06_Comments/TC03_WriteCommentToProductEmptyComments" time="0.787" classname="Test Cases/REST_API/06_Comments/TC03_WriteCommentToProductEmptyComments" status="PASSED">
         <system-out><![CDATA[2022-05-16 19:16:22 - [TEST_CASE][PASSED] - Test Cases/REST_API/06_Comments/TC03_WriteCommentToProductEmptyComments: Test Cases/REST_API/06_Comments/TC03_WriteCommentToProductEmptyComments

2022-05-16 19:16:22 - [TEST_STEP][PASSED] - Response = sendRequest(findTestObject("REST_API/06_Comments/WriteCommentToProduct_EmptyComments")): Send request successfully

2022-05-16 19:16:23 - [MESSAGE][INFO] - HAR: F:\1. UNNES\6. Semester 6\2 - MSIB\final-project-qe-alta4\final-project-qe-alta\Reports\20220516_191543\REST_API\REST_API\20220516_191544\requests\main\37.har

2022-05-16 19:16:23 - [MESSAGE][PASSED] - Send request successfully

2022-05-16 19:16:23 - [TEST_STEP][PASSED] - verifyResponseStatusCode(Response, 500): Verify response status code successfully

2022-05-16 19:16:23 - [MESSAGE][PASSED] - Verify response status code successfully

2022-05-16 19:16:23 - [TEST_STEP][PASSED] - verifyElementPropertyValue(Response, "error", "ERROR: new row for relation "comments" violates check constraint "comments_content_check" (SQLSTATE 23514)"): Verify element property value successfully

2022-05-16 19:16:23 - [MESSAGE][PASSED] - Verify element property value successfully]]></system-out>
         <system-err><![CDATA[]]></system-err>
      </testcase>
      <testcase name="Test Cases/REST_API/06_Comments/TC04_WriteCommentToProductEmptyToken" time="0.793" classname="Test Cases/REST_API/06_Comments/TC04_WriteCommentToProductEmptyToken" status="PASSED">
         <system-out><![CDATA[2022-05-16 19:16:23 - [TEST_CASE][PASSED] - Test Cases/REST_API/06_Comments/TC04_WriteCommentToProductEmptyToken: Test Cases/REST_API/06_Comments/TC04_WriteCommentToProductEmptyToken

2022-05-16 19:16:23 - [TEST_STEP][PASSED] - Response = sendRequest(findTestObject("REST_API/06_Comments/WriteCommentToProduct_EmptyToken")): Send request successfully

2022-05-16 19:16:23 - [MESSAGE][INFO] - HAR: F:\1. UNNES\6. Semester 6\2 - MSIB\final-project-qe-alta4\final-project-qe-alta\Reports\20220516_191543\REST_API\REST_API\20220516_191544\requests\main\38.har

2022-05-16 19:16:23 - [MESSAGE][PASSED] - Send request successfully

2022-05-16 19:16:23 - [TEST_STEP][PASSED] - verifyResponseStatusCode(Response, 401): Verify response status code successfully

2022-05-16 19:16:23 - [MESSAGE][PASSED] - Verify response status code successfully

2022-05-16 19:16:23 - [TEST_STEP][PASSED] - verifyElementPropertyValue(Response, "error", "unauthorized"): Verify element property value successfully

2022-05-16 19:16:23 - [MESSAGE][PASSED] - Verify element property value successfully]]></system-out>
         <system-err><![CDATA[]]></system-err>
      </testcase>
      <testcase name="Test Cases/REST_API/06_Comments/TC05_WriteCommentToPRoductInvalidComment" time="0.936" classname="Test Cases/REST_API/06_Comments/TC05_WriteCommentToPRoductInvalidComment" status="PASSED">
         <system-out><![CDATA[2022-05-16 19:16:23 - [TEST_CASE][PASSED] - Test Cases/REST_API/06_Comments/TC05_WriteCommentToPRoductInvalidComment: Test Cases/REST_API/06_Comments/TC05_WriteCommentToPRoductInvalidComment

2022-05-16 19:16:24 - [TEST_STEP][PASSED] - Response = sendRequest(findTestObject("REST_API/06_Comments/WriteCommentToProduct_InvalidComments")): Send request successfully

2022-05-16 19:16:24 - [MESSAGE][INFO] - HAR: F:\1. UNNES\6. Semester 6\2 - MSIB\final-project-qe-alta4\final-project-qe-alta\Reports\20220516_191543\REST_API\REST_API\20220516_191544\requests\main\39.har

2022-05-16 19:16:24 - [MESSAGE][PASSED] - Send request successfully

2022-05-16 19:16:24 - [TEST_STEP][PASSED] - verifyResponseStatusCode(Response, 500): Verify response status code successfully

2022-05-16 19:16:24 - [MESSAGE][PASSED] - Verify response status code successfully

2022-05-16 19:16:24 - [TEST_STEP][PASSED] - verifyElementPropertyValue(Response, "error", "ERROR: new row for relation "comments" violates check constraint "comments_content_check" (SQLSTATE 23514)"): Verify element property value successfully

2022-05-16 19:16:24 - [MESSAGE][PASSED] - Verify element property value successfully]]></system-out>
         <system-err><![CDATA[]]></system-err>
      </testcase>
      <testcase name="Test Cases/REST_API/06_Comments/TC06_WriteCommentToProductInvalidToken" time="0.729" classname="Test Cases/REST_API/06_Comments/TC06_WriteCommentToProductInvalidToken" status="PASSED">
         <system-out><![CDATA[2022-05-16 19:16:24 - [TEST_CASE][PASSED] - Test Cases/REST_API/06_Comments/TC06_WriteCommentToProductInvalidToken: Test Cases/REST_API/06_Comments/TC06_WriteCommentToProductInvalidToken

2022-05-16 19:16:25 - [TEST_STEP][PASSED] - Response = sendRequest(findTestObject("REST_API/06_Comments/WriteCommentToProduct_InvalidToken")): Send request successfully

2022-05-16 19:16:25 - [MESSAGE][INFO] - HAR: F:\1. UNNES\6. Semester 6\2 - MSIB\final-project-qe-alta4\final-project-qe-alta\Reports\20220516_191543\REST_API\REST_API\20220516_191544\requests\main\40.har

2022-05-16 19:16:25 - [MESSAGE][PASSED] - Send request successfully

2022-05-16 19:16:25 - [TEST_STEP][PASSED] - verifyResponseStatusCode(Response, 401): Verify response status code successfully

2022-05-16 19:16:25 - [MESSAGE][PASSED] - Verify response status code successfully

2022-05-16 19:16:25 - [TEST_STEP][PASSED] - verifyElementPropertyValue(Response, "error", "signature is invalid"): Verify element property value successfully

2022-05-16 19:16:25 - [MESSAGE][PASSED] - Verify element property value successfully]]></system-out>
         <system-err><![CDATA[]]></system-err>
      </testcase>
      <testcase name="Test Cases/REST_API/04_Transactions/TC09_GetAllTransactionsEmptyToken" time="0.997" classname="Test Cases/REST_API/04_Transactions/TC09_GetAllTransactionsEmptyToken" status="PASSED">
         <system-out><![CDATA[2022-05-16 19:16:25 - [TEST_CASE][PASSED] - Test Cases/REST_API/04_Transactions/TC09_GetAllTransactionsEmptyToken: Test Cases/REST_API/04_Transactions/TC09_GetAllTransactionsEmptyToken

2022-05-16 19:16:26 - [TEST_STEP][PASSED] - Response = sendRequest(findTestObject("REST_API/04_Transactions/GetAllTransactions_EmptyToken")): Send request successfully

2022-05-16 19:16:26 - [MESSAGE][INFO] - HAR: F:\1. UNNES\6. Semester 6\2 - MSIB\final-project-qe-alta4\final-project-qe-alta\Reports\20220516_191543\REST_API\REST_API\20220516_191544\requests\main\41.har

2022-05-16 19:16:26 - [MESSAGE][PASSED] - Send request successfully

2022-05-16 19:16:26 - [TEST_STEP][PASSED] - verifyResponseStatusCode(Response, 401): Verify response status code successfully

2022-05-16 19:16:26 - [MESSAGE][PASSED] - Verify response status code successfully

2022-05-16 19:16:26 - [TEST_STEP][PASSED] - verifyElementPropertyValue(Response, "error", "unauthorized"): Verify element property value successfully

2022-05-16 19:16:26 - [MESSAGE][PASSED] - Verify element property value successfully]]></system-out>
         <system-err><![CDATA[]]></system-err>
      </testcase>
      <system-out><![CDATA[2022-05-16 19:15:49 - [TEST_SUITE][PASSED] - REST_API: Test Cases/REST_API/04_Transactions/TC09_GetAllTransactionsEmptyToken]]></system-out>
      <system-err><![CDATA[]]></system-err>
   </testsuite>
</testsuites>
